--d2f0a6e--2022-12-06--Sergejs Visockis
0	9	metadata-provider-app
0	48	metadata-provider-app
0	12	metadata-provider-app
0	34	metadata-provider-app
0	91	metadata-provider-app
0	6	metadata-provider-app
0	6	metadata-provider-app
0	6	metadata-provider-app
0	6	metadata-provider-app
0	6	metadata-provider-app
0	6	metadata-provider-app
0	6	metadata-provider-app
0	6	metadata-provider-app
0	6	metadata-provider-app
0	6	metadata-provider-app
0	6	metadata-provider-app
0	6	metadata-provider-app
0	6	metadata-provider-app
0	43	metadata-provider-app
0	50	metadata-provider-app
0	76	metadata-provider-app
0	39	metadata-provider-app
0	47	metadata-provider-app
0	40	metadata-provider-app
0	38	metadata-provider-app
0	40	metadata-provider-app
0	60	metadata-provider-app
0	66	metadata-provider-app
0	50	metadata-provider-app
0	9	metadata-provider-app
0	23	metadata-provider-app
0	9	metadata-deployer
0	55	metadata-deployer
0	12	metadata-deployer
0	3	metadata-deployer
0	227	metadata-deployer
0	41	metadata-deployer
0	14	metadata-deployer
9	0	metadata-provider-app
48	0	metadata-provider-app
12	0	metadata-provider-app
34	0	metadata-provider-app
91	0	metadata-provider-app
6	0	metadata-provider-app
6	0	metadata-provider-app
6	0	metadata-provider-app
6	0	metadata-provider-app
6	0	metadata-provider-app
6	0	metadata-provider-app
6	0	metadata-provider-app
6	0	metadata-provider-app
6	0	metadata-provider-app
6	0	metadata-provider-app
6	0	metadata-provider-app
6	0	metadata-provider-app
6	0	metadata-provider-app
43	0	metadata-provider-app
50	0	metadata-provider-app
76	0	metadata-provider-app
39	0	metadata-provider-app
47	0	metadata-provider-app
40	0	metadata-provider-app
38	0	metadata-provider-app
40	0	metadata-provider-app
60	0	metadata-provider-app
66	0	metadata-provider-app
50	0	metadata-provider-app
9	0	metadata-provider-app
23	0	metadata-provider-app
9	0	metadata-deployer
55	0	metadata-deployer
12	0	metadata-deployer
3	0	metadata-deployer
227	0	metadata-deployer
41	0	metadata-deployer
14	0	metadata-deployer

--989f907--2022-07-02--Sergejs Visockis

--292f648--2022-06-15--Sergejs Visockis

--8f6c829--2022-06-15--Sergejs Visockis
11	18	metadata-provider-app
0	21	metadata-provider-app
9	0	metadata-provider-app

--743c84d--2022-06-11--Sergejs Visockis

--8f8d059--2022-06-11--Sergejs Visockis
1	1	metadata-provider-app

--a93dbfd--2022-06-11--Sergejs Visockis
1	1	metadata-provider-app

--45a510f--2022-06-11--Sergejs Visockis

--77d067b--2022-06-11--Sergejs Visockis
29	49	metadata-deployer

--0a0b809--2022-06-11--Sergejs Visockis
29	49	metadata-deployer

--64dd906--2022-05-20--Sergejs Visockis
1	1	metadata-provider-app

--f8ee13f--2022-05-07--Sergejs Visockis
7	1	metadata-provider-app
0	7	metadata-provider-app
7	1	metadata-deployer
1	9	metadata-deployer

--1ff5e3e--2022-05-04--Sergejs Visockis
1	2	metadata-provider-app

--eba92e9--2022-04-02--Sergejs Visockis
2	1	metadata-provider-app
2	1	metadata-provider-app
2	1	metadata-provider-app
2	1	metadata-provider-app
2	1	metadata-provider-app
2	1	metadata-provider-app
2	1	metadata-provider-app
2	1	metadata-provider-app
2	1	metadata-provider-app
2	1	metadata-provider-app
2	1	metadata-provider-app

--f22f7f1--2022-03-05--Sergei Visotsky

--db5c4da--2022-03-05--Sergei Visotsky

--9451023--2022-03-05--Sergei Visotsky
0	10	metadata-provider-app
0	2	metadata-provider-app
0	17	metadata-deployer
0	1	metadata-deployer

--eeed707--2022-02-20--Sergei Visotsky
2	2	metadata-provider-app
1	1	metadata-deployer

--a3e00bb--2022-02-05--Sergei Visotsky
-	-	.mvn/wrapper/maven-wrapper.jar

--b6706fc--2022-01-29--Sergei Visotsky

--8db9bf7--2022-01-23--Sergei Visotsky

--640c9d4--2022-01-23--Sergei Visotsky
3	0	metadata-provider-app
58	0	metadata-provider-app
28	0	metadata-provider-app
34	0	metadata-provider-app
98	0	metadata-provider-app
6	0	metadata-provider-app
6	0	metadata-provider-app
6	0	metadata-provider-app
6	0	metadata-provider-app
6	0	metadata-provider-app
22	0	metadata-provider-app
22	0	metadata-provider-app
6	0	metadata-provider-app
22	0	metadata-provider-app
6	0	metadata-provider-app
6	0	metadata-provider-app
6	0	metadata-provider-app
32	0	metadata-provider-app
42	0	metadata-provider-app
49	0	metadata-provider-app
75	0	metadata-provider-app
38	0	metadata-provider-app
46	0	metadata-provider-app
21	0	metadata-provider-app
55	0	metadata-provider-app
53	0	metadata-provider-app
55	0	metadata-provider-app
59	0	metadata-provider-app
65	0	metadata-provider-app
68	0	metadata-provider-app
19	0	metadata-provider-app
0	3	metadata-provider-app
0	58	metadata-provider-app
0	28	metadata-provider-app
0	34	metadata-provider-app
0	98	metadata-provider-app
0	6	metadata-provider-app
0	6	metadata-provider-app
0	6	metadata-provider-app
0	6	metadata-provider-app
0	6	metadata-provider-app
0	22	metadata-provider-app
0	22	metadata-provider-app
0	6	metadata-provider-app
0	22	metadata-provider-app
0	6	metadata-provider-app
0	6	metadata-provider-app
0	6	metadata-provider-app
0	32	metadata-provider-app
0	42	metadata-provider-app
0	49	metadata-provider-app
0	75	metadata-provider-app
0	38	metadata-provider-app
0	46	metadata-provider-app
0	21	metadata-provider-app
0	55	metadata-provider-app
0	53	metadata-provider-app
0	55	metadata-provider-app
0	59	metadata-provider-app
0	65	metadata-provider-app
0	68	metadata-provider-app
0	19	metadata-provider-app

--c09e148--2022-01-23--Sergei Visotsky
3	0	metadata-provider-app
48	0	metadata-provider-app
12	0	metadata-provider-app
34	0	metadata-provider-app
98	0	metadata-provider-app
6	0	metadata-provider-app
6	0	metadata-provider-app
6	0	metadata-provider-app
6	0	metadata-provider-app
6	0	metadata-provider-app
6	0	metadata-provider-app
6	0	metadata-provider-app
6	0	metadata-provider-app
6	0	metadata-provider-app
6	0	metadata-provider-app
6	0	metadata-provider-app
6	0	metadata-provider-app
16	0	metadata-provider-app
42	0	metadata-provider-app
49	0	metadata-provider-app
75	0	metadata-provider-app
38	0	metadata-provider-app
46	0	metadata-provider-app
21	0	metadata-provider-app
39	0	metadata-provider-app
37	0	metadata-provider-app
39	0	metadata-provider-app
59	0	metadata-provider-app
65	0	metadata-provider-app
52	0	metadata-provider-app
30	0	metadata-provider-app
0	3	metadata-provider-app
0	48	metadata-provider-app
0	12	metadata-provider-app
0	34	metadata-provider-app
0	98	metadata-provider-app
0	6	metadata-provider-app
0	6	metadata-provider-app
0	6	metadata-provider-app
0	6	metadata-provider-app
0	6	metadata-provider-app
0	6	metadata-provider-app
0	6	metadata-provider-app
0	6	metadata-provider-app
0	6	metadata-provider-app
0	6	metadata-provider-app
0	6	metadata-provider-app
0	6	metadata-provider-app
0	16	metadata-provider-app
0	42	metadata-provider-app
0	49	metadata-provider-app
0	75	metadata-provider-app
0	38	metadata-provider-app
0	46	metadata-provider-app
0	21	metadata-provider-app
0	39	metadata-provider-app
0	37	metadata-provider-app
0	39	metadata-provider-app
0	59	metadata-provider-app
0	65	metadata-provider-app
0	52	metadata-provider-app
0	30	metadata-provider-app

--5750d06--2022-01-23--Sergei Visotsky
0	16	metadata-deployer
0	10	metadata-provider-app
0	16	metadata-provider-app
0	16	metadata-provider-app
0	16	metadata-provider-app
0	16	metadata-provider-app
0	16	metadata-provider-app
0	16	metadata-provider-app
0	16	metadata-provider-app
0	16	metadata-provider-app
0	16	metadata-provider-app

--e300bbb--2022-01-23--Sergei Visotsky
15	4	metadata-provider-app

--b480151--2022-01-19--Sergei Visotsky

--24b2558--2022-01-19--Sergei Visotsky

--2e845be--2022-01-19--Sergei Visotsky

--618cb10--2022-01-19--Sergei Visotsky

--a2cf746--2022-01-19--Sergei Visotsky
0	4	metadata-provider-app
5	1	metadata-provider-app

--daad411--2022-01-19--Sergei Visotsky
4	0	metadata-provider-app

--8a89460--2022-01-19--Sergei Visotsky
4	0	metadata-provider-app

--6450541--2022-01-16--Sergei Visotsky
3	2	metadata-deployer

--976ce57--2022-01-14--Sergei Visotsky
1	1	metadata-provider-app

--08d8f94--2022-01-09--Sergei Visotsky
0	34	metadata-provider-app
3	0	metadata-provider-app

--41ba3fe--2022-01-09--Sergei Visotsky
0	7	metadata-provider-app
1	0	metadata-provider-app

--281b99f--2022-01-09--Sergei Visotsky
1	1	metadata-deployer
4	4	metadata-deployer
1	1	metadata-provider-app

--70e8f7f--2022-01-09--Sergei Visotsky

--3f772e8--2022-01-09--Sergei Visotsky

--a42de34--2021-11-09--Sergei Visotsky
3	0	metadata-deployer
4	4	metadata-deployer
3	0	metadata-provider-app
4	4	metadata-provider-app

--ca9995e--2022-01-09--Sergei Visotsky

--dafa053--2022-01-02--Sergei Visotsky

--60a6699--2021-12-12--Sergei Visotsky
0	8	metadata-provider-app

--3c4f39d--2021-11-16--Sergei Visotsky

--e1aad06--2021-11-09--Sergei Visotsky
3	0	metadata-deployer
4	4	metadata-deployer
3	0	metadata-provider-app
4	4	metadata-provider-app

--9ed42c7--2021-11-02--Sergei Visotsky

--fff15e2--2021-10-23--Sergei Visotsky

--66b51cb--2021-10-23--Sergei Visotsky

--55d4e12--2021-10-20--Sergei Visotsky
2	2	metadata-provider-app

--87ab76f--2021-10-13--Sergei Visotsky
247	0	metadata-deployer
41	0	metadata-deployer
4	0	metadata-deployer
7	0	metadata-provider-app
1	1	metadata-provider-app
2	0	metadata-provider-app

--07c2cb6--2021-10-11--Sergei Visotsky
34	0	metadata-provider-app

--451e89b--2021-10-09--Sergei Visotsky
7	0	metadata-provider-app
6	0	metadata-provider-app
65	0	metadata-provider-app
2	10	metadata-provider-app

--9632e29--2021-10-08--Sergei Visotsky
0	1	metadata-provider-app

--7e18933--2021-10-05--Sergei Visotsky
7	0	metadata-provider-app
6	0	metadata-provider-app
42	0	metadata-provider-app

--d414832--2021-10-03--Sergei Visotsky

--dc4166f--2021-10-03--Sergei Visotsky

--d6d91da--2021-10-03--Sergei Visotsky
9	9	metadata-provider-app
1	1	metadata-provider-app
1	1	metadata-provider-app
1	1	metadata-provider-app
1	1	metadata-provider-app
1	1	metadata-provider-app
1	1	metadata-provider-app
1	1	metadata-provider-app
1	1	metadata-provider-app
1	1	metadata-provider-app
1	1	metadata-provider-app
1	1	metadata-provider-app
1	1	metadata-provider-app
4	4	metadata-provider-app
1	1	metadata-provider-app
2	2	metadata-provider-app
1	1	metadata-provider-app
2	2	metadata-provider-app
1	1	metadata-provider-app
1	1	metadata-provider-app
3	3	metadata-provider-app
3	3	metadata-provider-app

--6dc2565--2021-10-02--Sergei Visotsky
6	0	metadata-provider-app
6	0	metadata-provider-app
6	0	metadata-provider-app
6	0	metadata-provider-app
22	0	metadata-provider-app
22	0	metadata-provider-app
6	0	metadata-provider-app
22	0	metadata-provider-app
6	0	metadata-provider-app
6	0	metadata-provider-app
32	0	metadata-provider-app
0	6	metadata-provider-app
0	6	metadata-provider-app
0	6	metadata-provider-app
0	6	metadata-provider-app
0	22	metadata-provider-app
0	22	metadata-provider-app
0	6	metadata-provider-app
0	22	metadata-provider-app
0	6	metadata-provider-app
0	6	metadata-provider-app
0	32	metadata-provider-app
1	1	metadata-provider-app
2	2	metadata-provider-app
1	1	metadata-provider-app
1	1	metadata-provider-app
1	1	metadata-provider-app
1	1	metadata-provider-app
1	1	metadata-provider-app
1	1	metadata-provider-app
2	2	metadata-provider-app
1	1	metadata-provider-app

--0b26a14--2021-10-02--Sergei Visotsky

--0204225--2021-10-02--Sergei Visotsky
0	3	metadata-deployer
0	3	metadata-provider-app
0	3	metadata-provider-app
0	3	metadata-provider-app
0	3	metadata-provider-app
0	3	metadata-provider-app
0	3	metadata-provider-app
0	3	metadata-provider-app
0	3	metadata-provider-app
0	3	metadata-provider-app
0	3	metadata-provider-app
0	3	metadata-provider-app
0	3	metadata-provider-app
0	3	metadata-provider-app
0	3	metadata-provider-app
0	3	metadata-provider-app

--4e19204--2021-10-02--Sergei Visotsky
6	0	metadata-provider-app
4	0	metadata-provider-app
21	0	metadata-provider-app

--d2ac229--2021-09-29--Sergei Visotsky
21	0	metadata-provider-app
6	0	metadata-provider-app
6	0	metadata-provider-app
6	0	metadata-provider-app
6	0	metadata-provider-app
75	0	metadata-provider-app
38	0	metadata-provider-app
42	0	metadata-provider-app

--4a0f12a--2021-09-25--Sergei Visotsky
57	0	metadata-provider-app
0	2	metadata-provider-app
0	2	metadata-provider-app
0	2	metadata-provider-app
0	2	metadata-provider-app
5	22	metadata-provider-app
1	3	metadata-provider-app

--9e439ba--2021-09-23--Sergei Visotsky

--64d4932--2021-09-23--Sergei Visotsky
2	2	metadata-deployer
0	35	metadata-provider-app
35	0	metadata-provider-app
2	2	metadata-provider-app
0	80	metadata-provider-app
1	1	metadata-provider-app
80	0	metadata-provider-app

--e5e2541--2021-09-23--Sergei Visotsky
9	0	metadata-provider-app
9	0	metadata-provider-app
76	0	metadata-provider-app

--fb70de4--2021-09-13--Sergei Visotsky
3	3	metadata-provider-app
3	3	metadata-provider-app
3	3	metadata-provider-app
3	3	metadata-provider-app
3	3	metadata-provider-app

--ab1affd--2021-09-12--Sergei Visotsky

--50e8160--2021-09-11--Sergei Visotsky

--2a92be4--2021-09-10--Sergei Visotsky
3	3	metadata-deployer
0	31	metadata-deployer
31	0	metadata-deployer
3	3	metadata-provider-app
0	32	metadata-provider-app
0	37	metadata-provider-app
0	9	metadata-provider-app
0	35	metadata-provider-app
0	25	metadata-provider-app
0	25	metadata-provider-app
0	25	metadata-provider-app
0	54	metadata-provider-app
0	80	metadata-provider-app
0	60	metadata-provider-app
0	58	metadata-provider-app
0	60	metadata-provider-app
31	0	metadata-provider-app
37	0	metadata-provider-app
9	0	metadata-provider-app
35	0	metadata-provider-app
25	0	metadata-provider-app
25	0	metadata-provider-app
25	0	metadata-provider-app
54	0	metadata-provider-app
80	0	metadata-provider-app
60	0	metadata-provider-app
58	0	metadata-provider-app
60	0	metadata-provider-app

--e0e7932--2021-09-07--Sergei Visotsky
9	0	metadata-provider-app
54	0	metadata-provider-app
2	1	metadata-provider-app

--7fb8183--2021-09-05--Sergei Visotsky

--c35bab4--2021-09-04--Sergei Visotsky
0	1	metadata-deployer
0	1	metadata-provider-app

--65c16b3--2021-09-03--Sergei Visotsky

--4c13f7c--2021-09-03--Sergei Visotsky

--248f63e--2021-09-02--Sergei Visotsky

--85ae67a--2021-09-02--Sergei Visotsky
56	0	metadata-deployer
31	0	metadata-deployer
11	0	metadata-deployer
17	0	metadata-deployer
10	0	metadata-deployer
67	0	metadata-provider-app
32	0	metadata-provider-app
37	0	metadata-provider-app
35	0	metadata-provider-app
25	0	metadata-provider-app
25	0	metadata-provider-app
25	0	metadata-provider-app
79	0	metadata-provider-app
60	0	metadata-provider-app
58	0	metadata-provider-app
60	0	metadata-provider-app
14	0	metadata-provider-app

--a22b110--2021-09-02--Sergei Visotsky
