
--635ff467--2023-03-15--Sandesh
4	0	echo
0	6	echo
0	4	echo
0	6	echo
0	6	echo
0	6	echo
3	0	echo
3	0	echo
0	3	echo
0	6	echo

--8edb2b7c--2023-02-10--ovidiupopa07
5	0	echo
50	0	echo
36	0	echo
472	0	echo

--86c1864e--2023-02-08--Sergio Quintero
10	0	echo
101	0	echo
1	1	echo

--7ae0247c--2023-01-20--ovidiupopa07
1	1	echo

--827532fb--2022-12-14--Chris Phillips
20	7	echo
29	0	echo

--450a9001--2022-12-14--armory-abedonik
12	12	echo
47	0	echo
21	1	echo

--1cf45513--2022-12-14--armory-abedonik
12	12	echo
47	0	echo
21	1	echo

--28d0b16a--2022-12-14--armory-abedonik
12	12	echo
47	0	echo
21	1	echo

--1c7e8e3a--2022-12-09--David Byron
1	1	echo
1	0	echo

--d65934c1--2022-12-07--Sandesh
0	10	echo

--8ddbbfb5--2022-12-06--Sergio Quintero
17	2	echo
219	0	echo
61	0	echo
50	0	echo
1	1	echo
277	0	echo
158	0	echo
157	0	echo
158	0	echo
164	0	echo
157	0	echo
75	0	echo

--6d1e3f97--2022-12-06--Sergio Quintero
17	2	echo
219	0	echo
61	0	echo
50	0	echo
1	1	echo
269	0	echo
158	0	echo
157	0	echo
158	0	echo
164	0	echo
157	0	echo
75	0	echo

--a454509e--2022-11-30--Sergio Quintero
16	140	echo
217	0	echo
61	0	echo
50	0	echo
2	1	echo
1	1	echo
245	0	echo
158	0	echo
157	0	echo
158	0	echo
164	0	echo
157	0	echo
75	0	echo

--097f24ad--2022-10-19--Omar
4	11	echo
14	0	echo
4	11	echo
3	11	echo
25	1	echo

--fa6d39a9--2022-10-19--Omar
4	1	echo
6	2	echo

--50c72564--2022-10-19--Alexandra Spillane
14	1	echo
20	0	echo

--34eacf66--2022-08-13--Marcin Flis
6	1	echo
8	2	echo
8	2	echo

--fe7fae81--2022-08-02--Cameron Motevasselani
1	1	echo

--a72e2383--2022-05-27--Jørgen Jervidalo
9	1	echo
2	1	echo
2	1	echo
9	1	echo
2	1	echo
2	1	echo
82	0	echo
12	2	echo
132	0	echo
13	2	echo
123	0	echo
472	0	echo
184	0	echo

--1b6791bc--2022-04-28--linjmeyer
3	1	echo

--fadb965b--2022-04-28--Jørgen Jervidalo
19	0	echo
26	9	echo
22	14	echo
20	24	echo
6	8	echo
6	9	echo
9	1	echo

--8b659dea--2022-04-27--kskewes-sf
2	16	echo

--b2c7da26--2022-04-27--kskewes-sf
15	9	echo

--3ef917b7--2022-04-21--kskewes-sf
16	0	echo

--4a9d4a4c--2022-04-14--Sandesh
1	0	echo
1	1	echo
1	0	echo

--1241b7bf--2022-04-01--David Byron
1	1	echo

--2490dac8--2022-03-22--kskewes-sf
48	9	echo
36	12	echo
56	14	echo

--a9b95f7a--2022-03-18--kskewes-sf
3	1	echo
5	1	echo
2	1	echo

--eac8fd7a--2022-03-17--kskewes-sf
14	13	echo
31	32	echo
11	12	echo

--24774bd2--2022-03-14--David Byron
2	1	echo

--a186b52d--2022-03-11--kskewes-sf
42	2	echo
26	1	echo
52	6	echo

--0e4e085d--2022-03-10--Sandesh
1	1	echo

--b7001105--2022-02-23--kskewes-sf
3	7	echo
3	7	echo
3	7	echo

--d58aa270--2022-01-18--Cameron Motevasselani
15	10	echo

--016f3209--2022-01-18--Cameron Motevasselani
15	10	echo

--72aa9909--2022-01-18--Cameron Motevasselani
15	10	echo

--703d6202--2022-01-05--Robert Blackman
25	10	echo
4	1	echo

--46b20b00--2021-12-09--Thibault Deutsch
25	0	echo
28	0	echo
25	0	echo

--d0ad1363--2021-12-07--Edgar Garcia
5	5	echo
3	3	echo
2	2	echo
3	3	echo
6	6	echo
2	2	echo
3	3	echo
8	8	echo
3	3	echo
3	3	echo
4	4	echo
3	3	echo
1	1	echo
2	2	echo
4	4	echo
1	1	echo
7	7	echo
1	1	echo
2	2	echo

--2787ab96--2021-12-07--edgarulg
5	5	echo
3	3	echo
2	2	echo
3	3	echo
6	6	echo
2	2	echo
3	3	echo
8	8	echo
3	3	echo
3	3	echo
4	4	echo
3	3	echo
1	1	echo
2	2	echo
4	4	echo
1	1	echo
7	7	echo
1	1	echo
2	2	echo

--63e89355--2021-12-06--madhu kar reddy
1	0	echo

--a2cdad7e--2021-12-04--Cameron Fieber
1	1	echo

--1895d36d--2021-12-04--guido9j
2	0	echo
65	0	echo

--3ce32114--2021-12-01--Chris Dyer
3	0	echo
39	0	echo
76	0	echo

--7dc77926--2021-12-01--Chris Thielen
2	20	echo
14	0	echo
4	21	echo
3	20	echo
5	13	echo

--ebaaac9b--2021-09-29--Dan Everton
1	1	echo

--a448d686--2021-04-30--Jørgen Jervidalo
5	1	echo

--57b8ed75--2021-04-29--Cameron Motevasselani
0	1	echo

--5f682215--2021-04-16--Stephen Garlick
1	1	echo
46	5	echo
19	0	echo
1	14	echo

--382506aa--2021-03-22--David Byron
1	1	echo

--06b0bd43--2021-03-22--Daniel Peach
2	2	echo
2	2	echo
2	2	echo
1	1	echo

--da69028b--2021-03-19--Daniel Peach
7	4	echo
5	2	echo

--65109f5d--2021-03-19--Daniel Peach
3	3	echo
3	3	echo
2	2	echo
1	1	echo
6	6	echo
2	2	echo
3	3	echo
6	6	echo
3	3	echo
3	3	echo
4	4	echo
3	3	echo
1	1	echo
2	2	echo
5	5	echo
1	1	echo
5	5	echo
1	1	echo
1	1	echo

--b42e5474--2021-03-18--David Byron
1	0	echo
2	1	echo

--46d88a3f--2021-03-11--Cameron Fieber
26	16	echo
13	12	echo

--444c4769--2021-02-24--Jeffrey Coe
2	24	echo
2	5	echo
59	4	echo
2	4	echo

--c773adc6--2021-02-18--German Muzquiz
5	0	echo
3	1	echo
36	9	echo
9	1	echo

--4a0d3f2e--2021-02-08--Edgar Garcia
1	0	echo
64	0	echo
2	2	echo
243	4	echo

--8898b687--2021-02-03--Chris Smalley
2	1	echo
158	11	echo
75	4	echo
48	0	echo

--762ac1e4--2021-01-19--Emily Burns
0	2	echo
1	1	echo

--41fefe34--2021-01-18--Adam Jordens
1	1	echo

--d7014f5d--2021-01-13--Gavin Bunney
7	0	echo
15	3	echo
33	1	echo

--bdb9322d--2020-12-15--Daniel Peach
386	0	echo
0	386	echo
70	0	echo
0	70	echo
5	5	echo
56	0	echo
346	0	echo

--a0206b93--2020-11-10--Cameron Fieber
1	1	echo

--b7db2998--2020-11-02--Mark Vulfson
10	7	echo

--e614e5c0--2020-11-02--Mark Vulfson
2	9	echo
1	5	echo

--7042076d--2020-11-02--Mark Vulfson
2	0	echo
1	1	echo
9	2	echo
8	0	echo
5	1	echo
23	17	echo
6	0	echo
51	0	echo

--e1dfa748--2020-11-02--Mark Vulfson
2	3	echo
0	43	echo
0	7	echo
0	9	echo

--18bac3cb--2020-10-27--Mark Vulfson
1	0	echo

--b2b85f21--2020-10-16--Mark Vulfson
12	5	echo
1	1	echo

--2b1ade61--2020-10-08--Luis Pollo
1	1	echo

--84ca6939--2020-10-07--Michael Plump
1	6	echo
1	6	echo
1	6	echo
1	4	echo
4	4	echo
1	1	echo
4	4	echo
1	0	echo
2	2	echo

--ad0753be--2020-10-05--jcavanagh
1	1	echo

--38415b6b--2020-10-02--Sairam Rekapalli
1	3	echo
12	3	echo
0	23	echo
0	66	echo
0	44	echo
4	2	echo
0	24	echo
0	44	echo

--123b552d--2020-10-02--Adam Jordens
1	1	echo

--b11f7d98--2020-10-01--Luis Pollo
3	2	echo

--7c2b9011--2020-10-01--Rob Zienert
32	8	echo
46	0	echo
31	6	echo
0	41	echo
4	4	echo
3	3	echo
5	27	echo
1	1	echo

--544c3fcf--2020-09-30--Rob Zienert
248	0	echo
158	0	echo
0	136	echo
1	1	echo
5	1	echo
1	1	echo
1	1	echo
5	1	echo
1	1	echo
1	1	echo
0	157	echo

--ffd09fb0--2020-09-29--Emily Burns
2	1	echo
2	1	echo
1	0	echo

--5f81ffa7--2020-09-15--jcavanagh
2	1	echo
27	0	echo
2	0	echo
119	0	echo
108	0	echo
9	0	echo

--cadb9b76--2020-09-15--Daniel Peach
3	0	echo
17	0	echo
45	0	echo
16	0	echo
36	0	echo
1	0	echo

--5d1a77e6--2020-09-08--Daniel Peach
1	0	echo

--81866045--2020-09-08--Jeffrey Coe
1	0	echo
61	0	echo
29	0	echo
90	0	echo
104	0	echo
33	0	echo
27	0	echo
67	0	echo
35	0	echo
34	0	echo
127	0	echo
151	0	echo
8	0	echo
18	0	echo
14	0	echo

--1efb50d5--2020-08-27--Cameron Fieber
1	1	echo

--5071645b--2020-08-24--Sairam Rekapalli
1	1	echo
2	2	echo
3	5	echo

--b51fb4ce--2020-08-18--Cameron Fieber
-	-	gradle/wrapper/gradle-wrapper.jar
1	1	echo
1	1	echo
3	18	echo

--5763f3e5--2020-08-12--Michael Plump
1	1	echo
0	9	echo
2	3	echo
3	3	echo
0	8	echo

--ac99c3b2--2020-08-13--KeisukeYamashita
1	1	echo

--ef1d1d1b--2020-08-03--Mark Vulfson
3	1	echo
60	0	echo
85	34	echo
54	9	echo

--bfaf9910--2020-07-29--Michael Plump
2	1	echo
1	2	echo
2	6	echo
2	1	echo
46	23	echo
4	2	echo
2	1	echo
1	1	echo

--b344d337--2020-07-29--Daniel Peach
14	0	echo

--b951dbf9--2020-07-20--Daniel Peach
8	0	echo
46	0	echo
0	86	echo
111	0	echo
39	2	echo
2	0	echo

--50c86c35--2020-07-15--Daniel Peach
43	0	echo
0	75	echo
2	7	echo
41	0	echo
27	0	echo
3	1	echo
10	0	echo
2	0	echo
90	0	echo

--398b9c1c--2020-07-10--Chris Thielen
16	5	echo
59	0	echo

--885722e4--2020-07-09--Cameron Fieber
0	1	echo
1	7	echo
0	60	echo
0	61	echo
0	58	echo
3	2	echo
9	4	echo
0	1	echo
0	6	echo
1	1	echo

--4297d024--2020-07-09--Chris Thielen
1	0	echo
21	13	echo

--951ee55d--2020-07-08--Cameron Fieber
3	4	echo

--9960af8b--2020-07-06--Cameron Fieber
1	1	echo

--715693a0--2020-06-25--Cristhian Castaneda
1	0	echo
5	1	echo
48	1	echo

--c7d5e268--2020-06-24--Chris Smalley
1	1	echo
4	0	echo

--b01121f5--2020-06-24--Cameron Fieber
1	1	echo
1	1	echo
2	0	echo

--58f0ae2f--2020-06-23--Eric Zimanyi
13	10	echo

--e02bc72a--2020-06-22--Chris Smalley
2	0	echo
2	0	echo
2	0	echo

--f233237c--2020-06-22--Eric Zimanyi
1	1	echo
1	1	echo
1	1	echo
1	1	echo
1	1	echo
1	1	echo
1	1	echo

--e748fc17--2020-06-22--Glauco Vinicius
1	1	echo

--7db22caa--2020-06-22--Glauco Vinicius
1	1	echo

--a734671e--2020-06-19--Eric Zimanyi
2	0	echo
55	0	echo
2	2	echo
96	0	echo
1	1	echo

--7e822c1d--2020-06-19--Michael Plump
53	0	echo
82	0	echo
112	0	echo

--9288187b--2020-06-18--Michael Plump
10	0	echo
0	97	echo
87	0	echo
142	0	echo
26	0	echo
72	0	echo
45	0	echo
16	256	echo
0	27	echo
26	0	echo
0	469	echo
384	0	echo
131	0	echo
272	0	echo

--ead9b91f--2020-06-18--Qijia
1	1	echo
1	1	echo
4	2	echo

--0b42fe52--2020-06-12--Chris Smalley
8	3	echo

--00887c9f--2020-06-11--Mark Vulfson
3	3	echo
2	5	echo
1	1	echo

--c9639420--2020-06-10--Mark Vulfson
4	2	echo
1	1	echo

--ae409fed--2020-06-09--asgard-r
1	1	echo

--7aebc7a3--2020-06-05--Mark Vulfson
14	0	echo
1	1	echo
27	7	echo
12	10	echo
1	1	echo
1	1	echo
1	1	echo

--c376c832--2020-06-05--Mark Vulfson
1	0	echo
15	2	echo
4	2	echo

--ad45925f--2020-06-01--Mark Vulfson
2	13	echo
0	45	echo

--36e42809--2020-06-01--Luis Pollo
19	8	echo

--3184b228--2020-05-29--Eric Zimanyi
1	1	echo

--499bbfb3--2020-05-21--Rob Zienert
3	1	echo
3	1	echo
2	0	echo

--91110c53--2020-05-21--Cameron Fieber
1	1	echo

--0281645a--2020-05-19--Sairam Rekapalli
8	4	echo

--e3cb5770--2020-05-18--Rob Zienert
0	1	echo
1	2	echo

--8dc1c7a5--2020-05-18--Sairam Rekapalli
7	2	echo
7	2	echo
8	5	echo
8	22	echo

--1c281293--2020-05-15--Rob Zienert
11	2	echo

--0d3379ee--2020-05-14--Sairam Rekapalli
4	0	echo

--63c8e615--2020-05-07--Rob Zienert
4	0	echo

--33aabf9d--2020-05-07--Cameron Fieber
1	1	echo
-	-	gradle/wrapper/gradle-wrapper.jar
1	1	echo
2	0	echo
1	0	echo

--dbc0c3be--2020-05-06--Mark Vulfson
10	5	echo
7	6	echo

--2acb88c3--2020-05-06--Rob Zienert
1	3	echo

--c2883921--2020-05-06--Chris Smalley
2	2	echo
2	2	echo

--669a9f34--2020-05-06--Rob Zienert
10	1	echo
43	0	echo
90	0	echo

--46127ea5--2020-05-06--Mark Vulfson
25	1	echo

--dbe6de93--2020-05-05--Cameron Fieber
15	0	echo
8	0	echo

--2ca86610--2020-04-29--Paul Salaberria
1	1	echo

--673e9976--2020-04-25--atyutyunnik
13	2	echo
45	0	echo

--27ce07b5--2020-04-23--Eric Zimanyi
1	1	echo
1	1	echo
2	3	echo
1	2	echo
3	3	echo

--a74933c0--2020-04-23--Maggie Neterval
18	0	echo
0	3	echo

--06e0a74a--2020-04-21--Travis Tomsu
1	0	echo

--b538e943--2020-04-20--Freddy Chen
2	0	echo

--37f1dab0--2020-04-20--Chris Smalley
3	2	echo

--90183cf0--2020-04-20--Chris Smalley
10	0	echo
3	2	echo
49	0	echo

--6978a4bf--2020-04-19--Chris Smalley
1	1	echo
1	0	echo
21	0	echo
22	0	echo
26	0	echo
77	0	echo
46	0	echo
28	0	echo
12	0	echo
4	4	echo
1	0	echo
43	0	echo
1	0	echo

--32e6a8c5--2020-04-19--Cameron Fieber
4	5	echo
4	3	echo
7	12	echo
5	1	echo
4	22	echo
0	11	echo
1	1	echo
1	2	echo
-	-	gradle/wrapper/gradle-wrapper.jar
1	1	echo
15	20	echo
4	1	echo

--50952036--2020-04-14--Eric Zimanyi
1	0	echo

--a0a50c79--2020-04-09--Freddy Chen
96	0	echo
5	16	echo

--a8842d40--2020-04-08--Michael Plump
1	1	echo

--81fa6db3--2020-04-08--Michael Plump
10	1	echo

--1580d65c--2020-04-02--Freddy Chen
1	1	echo

--5e2b673d--2020-04-01--Cameron Motevasselani
1	1	echo

--af61e42c--2020-03-27--Michael Plump
2	0	echo

--cdb20b66--2020-03-26--Michael Plump
6	1	echo
6	1	echo
7	2	echo
8	3	echo
1	1	echo

--9e27efc0--2020-03-25--Clay McCoy
1	14	echo
2	3	echo
2	3	echo
2	3	echo
2	2	echo
1	1	echo
1	1	echo
3	3	echo
2	3	echo
2	3	echo
2	3	echo
1	1	echo
11	11	echo
5	5	echo
1	2	echo
2	2	echo
3	6	echo

--5856d633--2020-03-25--Eric Zimanyi
32	3	echo

--1ccacfde--2020-03-25--Deepak
2	2	echo
6	1	echo

--44dd9716--2020-03-23--Michael Plump
1	1	echo
1	1	echo
1	1	echo
1	1	echo

--67455b09--2020-03-23--Michael Plump
1	1	echo
1	1	echo
1	1	echo
1	1	echo

--a5a4e70e--2020-03-19--ivanphdz
1	1	echo

--81596a72--2020-03-13--Chris Smalley
28	0	echo
0	28	echo
22	0	echo
60	0	echo
31	0	echo
3	3	echo
0	17	echo
0	27	echo
0	18	echo
0	4	echo

--e5c3ad00--2020-03-11--Travis Tomsu
2	2	echo
1	1	echo

--51ebe94f--2020-03-09--dreynaud
1	1	echo
3	3	echo
3	3	echo
18	22	echo
23	9	echo

--ecf2274c--2020-03-06--Michael Plump
1	1	echo

--a6f5d720--2020-03-03--Cameron Motevasselani
17	3	echo
6	0	echo
0	4	echo
0	45	echo

--71b5be0b--2020-03-03--Clay McCoy
1	0	echo
1	1	echo
1	1	echo

--f3c57e61--2020-03-02--Brandon Powell
1	1	echo
1	1	echo
1	1	echo
1	1	echo

--784909ea--2020-02-29--Chris Smalley
3	9	echo
7	0	echo
32	0	echo
29	0	echo
41	0	echo
0	77	echo
1	0	echo
2	1	echo
2	2	echo
4	3	echo
52	0	echo
28	0	echo
4	3	echo
3	0	echo
0	23	echo
1	0	echo
0	35	echo
0	38	echo
1	1	echo
2	1	echo
2	1	echo
2	1	echo
3	3	echo
1	1	echo
3	2	echo
1	1	echo
1	1	echo
3	2	echo
1	1	echo
3	3	echo
1	1	echo
1	1	echo
1	1	echo
1	1	echo
1	1	echo
3	2	echo
1	1	echo
4	3	echo
1	1	echo
3	2	echo
2	1	echo
1	1	echo
1	1	echo
1	1	echo
1	1	echo
3	3	echo
3	3	echo
4	3	echo
3	2	echo
2	1	echo
2	1	echo
3	2	echo
2	1	echo
3	2	echo
2	1	echo
2	1	echo
2	1	echo
2	2	echo
4	3	echo
1	1	echo
1	1	echo
1	1	echo
3	3	echo
1	1	echo
2	2	echo
1	0	echo
7	26	echo
2	1	echo
2	5	echo
2	0	echo
5	6	echo
3	2	echo
3	2	echo
1	1	echo
2	1	echo
2	1	echo
2	3	echo
2	2	echo
3	4	echo
1	1	echo
3	4	echo
3	4	echo
3	4	echo
1	1	echo
1	1	echo
1	1	echo
2	1	echo
15	14	echo
2	1	echo

--9c42a73d--2020-02-26--Brandon Powell
1	0	echo
1	0	echo
1	0	echo
1	0	echo

--3687474d--2020-02-26--Michael Plump
7	0	echo

--7c8a3367--2020-02-25--Luis Fernando Pollo
3	1	echo

--5610eeb3--2020-02-24--Michael Plump
5	6	echo
3	3	echo
2	2	echo
3	4	echo
3	4	echo

--afd73ca5--2020-02-19--Mark Vulfson
4	8	echo
52	8	echo
52	0	echo
18	58	echo
37	9	echo
22	15	echo

--cf741612--2020-02-19--Travis Tomsu
7	7	echo

--c27d6634--2020-02-18--Fernando Freire
16	0	echo
20	0	echo
93	1	echo

--e13aa378--2020-02-16--Luis Fernando Pollo
1	1	echo
17	1	echo

--df52a3a3--2020-02-14--Mark Vulfson
1	0	echo
8	1	echo
3	2	echo
1	1	echo

--520f3c0d--2020-02-12--Luis Fernando Pollo
1	1	echo

--a959f4fb--2020-02-12--Luis Fernando Pollo
1	1	echo
15	9	echo
2	3	echo
1	0	echo
7	7	echo
34	0	echo

--dc322e23--2020-02-10--Rob Zienert
1	1	echo

--ae4ae264--2020-02-05--dreynaud
0	68	echo
2	2	echo
10	6	echo
4	0	echo
2	2	echo

--5e6da374--2020-02-03--Travis Tomsu
28	0	echo
0	28	echo

--0a9e9b91--2020-02-03--Travis Tomsu
28	0	echo

--b2255259--2020-02-03--Travis Tomsu
28	0	echo

--620e97c9--2020-01-27--Pierre Delagrave
2	7	echo
1	1	echo
1	2	echo

--6a9d6469--2020-01-16--David Brougham
1	1	echo

--1a2d70aa--2020-01-16--David Brougham
1	1	echo
4	0	echo
0	4	echo
0	4	echo

--5f839e01--2020-01-16--David Brougham
1	1	echo
1	1	echo

--10722e6a--2020-01-15--David Brougham
3	1	echo

--83c10cc1--2020-01-22--Chris Smalley
1	0	echo
2	0	echo
6	1	echo
2	1	echo

--50d4d4e0--2020-01-22--keke
1	2	echo

--ae5ee913--2020-01-19--Luis Fernando Pollo
-	-	docs/interactive_notifications.png
24	20	echo
47	1	echo
28	0	echo
40	38	echo
55	0	echo
46	1	echo
146	0	echo
44	0	echo
28	5	echo
1	1	echo
2	2	echo
78	0	echo
62	4	echo
9	0	echo
180	0	echo
17	16	echo
2	2	echo
38	8	echo
81	17	echo
166	0	echo
20	0	echo
3	4	echo
159	0	echo
59	0	echo
53	10	echo
1	0	echo

--e3df630d--2020-01-16--Ethan Rogers
1	1	echo

--fe8b8e76--2020-01-16--Ethan Rogers
1	1	echo

--7ac622ca--2020-01-15--Michael Plump
8	0	echo
2	2	echo
1	1	echo
8	0	echo

--5facca41--2020-01-13--Travis Tomsu
2	1	echo
1	0	echo

--19195499--2020-01-10--Travis Tomsu
2	0	echo
21	1	echo

--cdffa2b8--2020-01-08--Jorge Dias
1	1	echo
1	1	echo
13	13	echo

--8fbe3abf--2020-01-08--Cameron Fieber
2	1	echo

--e2754152--2020-01-07--Pierre Delagrave
7	2	echo
1	1	echo
2	2	echo

--29c2b6a9--2019-12-16--Eric Zimanyi
2	3	echo
3	14	echo

--a6284a20--2019-12-12--Fernando Guerra
4	2	echo
23	0	echo

--138686cd--2019-12-12--Fernando Guerra
4	2	echo
23	0	echo

--408c86e1--2019-12-11--Mark Vulfson
2	0	echo

--a8d0c895--2019-12-10--Scott Frederick
2	7	echo
1	1	echo
1	1	echo

--ed8e277f--2019-12-09--Travis Tomsu
2	2	echo

--26e47d67--2019-12-04--Eric Zimanyi
12	12	echo
21	22	echo
8	7	echo
17	15	echo

--fc87475b--2019-12-04--Maarten Dirkse
1	1	echo

--0d84ad5e--2019-12-02--Travis Tomsu
11	0	echo

--9088a800--2019-11-26--Mark Vulfson
2	0	echo

--2cbf1d2b--2019-11-25--Chris Smalley
12	0	echo
18	2	echo
0	147	echo
0	53	echo
0	26	echo
0	75	echo
0	102	echo
0	38	echo
0	28	echo
140	0	echo
50	0	echo
43	0	echo
139	0	echo
23	0	echo
43	0	echo
23	0	echo
66	0	echo
44	0	echo
28	0	echo
1	1	echo
2	2	echo
2	1	echo
70	63	echo

--2533c9c7--2019-11-22--Chris Smalley
6	0	echo
61	0	echo
1	0	echo
5	1	echo
10	0	echo
4	1	echo
2	1	echo

--eaa49072--2019-11-22--Travis Tomsu
35	7	echo
69	0	echo

--ac270b21--2019-11-21--Travis Tomsu
1	1	echo
44	0	echo
2	2	echo
69	0	echo
6	0	echo

--ee4162ca--2019-11-20--Travis Tomsu
4	1	echo
2	2	echo
1	1	echo

--598015b0--2019-11-02--linjmeyer
38	5	echo
26	1	echo

--e9e72b09--2019-10-31--ivanphdz
5	0	echo
6	0	echo
2	1	echo
2	0	echo
1	1	echo
4	0	echo
2	0	echo
5	0	echo
1	0	echo
8	0	echo
7	0	echo
2	0	echo
62	3	echo

--13e4baa4--2019-10-25--Cameron Fieber
1	1	echo

--17ba2c2e--2019-10-24--Jeyrs Chabu
1	1	echo

--5999150d--2019-10-24--Cameron Fieber
1	1	echo

--484aae73--2019-10-23--Cameron Fieber
1	1	echo

--c61fd8d1--2019-10-23--Mark Vulfson
1	0	echo

--e603af62--2019-10-23--Mark Vulfson
4	0	echo

--22d572d7--2019-10-18--Mark Vulfson
19	0	echo

--2c29c10f--2019-10-16--Michael Plump
0	9	echo

--d430a98b--2019-10-16--Michael Plump
0	9	echo

--2e7c07c7--2019-10-15--Mark Vulfson
2	2	echo

--fcbaacbe--2019-10-15--Mark Vulfson
9	0	echo

--db530988--2019-10-11--Jeyrs Chabu
1	1	echo

--4349d8bf--2019-10-11--Jeyrs Chabu
154	146	echo
1	7	echo

--22a5b3bf--2019-10-10--German Muzquiz
1	0	echo

--d41d723b--2019-10-08--Jorge Dias
21	3	echo
47	1	echo

--a8f89092--2019-10-03--Maggie Neterval
2	0	echo

--c3d4e5bb--2019-10-02--Emily Burns
18	6	echo
34	39	echo
38	43	echo
48	53	echo
28	33	echo
24	0	echo

--52f4b42d--2019-09-27--Luis Fernando Pollo
7	1	echo
133	0	echo

--92560320--2019-09-28--Ryuzo Yamamoto
0	3	echo

--b15d07f6--2019-09-25--Travis Tomsu
12	3	echo
3	2	echo

--ad0fd078--2019-09-25--Travis Tomsu
1	0	echo
2	1	echo
163	90	echo
74	19	echo

--84d7e5fc--2019-09-24--Jammy Louie
1	0	echo

--4e1ea669--2019-09-19--Scott Frederick
4	1	echo

--8413e629--2019-09-16--Travis Tomsu
0	2	echo
18	2	echo
72	38	echo
14	0	echo
14	0	echo

--7aae2141--2019-09-13--Michael Plump
0	7	echo
0	38	echo
0	96	echo

--31136d55--2019-09-12--Clay McCoy
7	0	echo
38	0	echo
96	0	echo

--500d45b4--2019-09-12--Travis Tomsu
19	4	echo
10	0	echo

--239e6914--2019-09-12--Travis Tomsu
18	4	echo

--f5456515--2019-09-11--Travis Tomsu
0	2	echo

--5e46d040--2019-09-03--Travis Tomsu
0	1	echo
0	47	echo
0	83	echo
4	3	echo
35	20	echo
115	37	echo
3	2	echo
0	54	echo
162	0	echo
0	1	echo
1	0	echo
2	3	echo

--16b5ab48--2019-08-22--Stacie Graves
1	0	echo
47	0	echo
83	0	echo
25	0	echo
65	0	echo
97	0	echo
26	0	echo
54	0	echo
2	0	echo
3	1	echo

--ff2268c2--2019-09-10--Michael Plump
8	7	echo

--a489e9ea--2019-09-06--Cameron Fieber
3	0	echo

--32ef1e94--2019-09-06--Cameron Fieber
2	0	echo

--7e330631--2019-09-03--Mark Vulfson
2	0	echo
42	15	echo
6	0	echo
4	0	echo
4	0	echo

--ed001d96--2019-09-03--Scott Frederick
1	0	echo
4	15	echo

--c511d0e2--2019-08-28--Jørgen Jervidalo
6	2	echo
6	2	echo
43	2	echo
6	2	echo
6	2	echo
6	2	echo
6	2	echo
6	2	echo
8	2	echo
34	1	echo
7	1	echo
7	1	echo
8	2	echo
7	1	echo
1	0	echo

--f294aabc--2019-08-28--Mark Vulfson
37	7	echo
-	-	docs/echo.png

--b176126e--2019-08-27--Justin Lee
1	1	echo

--8572a8f9--2019-08-20--Pierre Delagrave
0	15	echo
6	0	echo
5	10	echo
8	0	echo
0	16	echo

--6d0bff81--2019-08-20--Emily Burns
1	1	echo

--3cf78b59--2019-08-14--Matt Duftler
13	13	echo

--02795ff8--2019-08-10--jmrodriguez-clv
3	3	echo

--fbf1be4b--2019-08-09--Kevin Woo
80	0	echo
0	1	echo
33	0	echo

--a610ec44--2019-08-09--Eric Zimanyi
2	2	echo

--5c4db5b6--2019-07-31--Loïs Postula
4	2	echo
4	0	echo
54	17	echo
7	2	echo

--8062c4e2--2019-07-31--Paul
5	2	echo

--00bf6aed--2019-07-29--Justin Lee
34	26	echo
107	0	echo
85	0	echo
32	0	echo
46	1	echo

--0213877d--2019-07-26--Eric Zimanyi
0	14	echo
12	6	echo

--f0d13bfa--2019-07-24--Cameron Fieber
6	0	echo
2	0	echo
1	1	echo
1	1	echo
1	1	echo
1	1	echo
1	1	echo
1	1	echo
1	1	echo
1	1	echo

--acc6e930--2019-07-17--aravindmd
1	1	echo

--68fab6f2--2019-07-10--aravindmd
7	4	echo

--fb5dd1d3--2019-07-10--Eric Zimanyi
12	7	echo
1	0	echo
7	1	echo

--1319e942--2019-07-08--Esteban Garcia
2	2	echo

--2995b04c--2019-07-07--Nastya Smirnova
3	0	echo
0	5	echo

--d33e5112--2019-07-05--Mark Vulfson
1	1	echo

--1676f88d--2019-07-05--Rob Zienert
3	3	echo

--918768f3--2019-07-03--Paul
5	1	echo
36	0	echo

--1708ec0b--2019-07-02--Mark Vulfson
1	0	echo

--ea067606--2019-07-02--Mark Vulfson
10	6	echo
112	103	echo
1	1	echo

--6c18cca8--2019-07-02--Esteban Garcia
1	1	echo

--6f6b500e--2019-06-28--Paul
1	0	echo

--98a92a02--2019-06-28--Michael Plump
10	0	echo
8	0	echo
6	0	echo
3	0	echo
6	0	echo
12	0	echo
6	0	echo
1	1	echo

--ae15a4da--2019-06-20--Eric Zimanyi
4	2	echo

--7c951416--2019-06-19--Paul
9	1	echo

--88790647--2019-06-18--Maggie Neterval
1	2	echo

--19b5d152--2019-06-17--Mark Vulfson
32	28	echo
49	0	echo
1	1	echo
0	13	echo
1	1	echo
2	1	echo

--d69a577c--2019-06-11--Paul
4	16	echo

--e68a464b--2019-06-11--Paul
4	16	echo

--720ccd59--2019-06-11--Stacie Graves
4	16	echo

--9658aff7--2019-06-07--Cameron Fieber
2	2	echo

--4ec8fc65--2019-06-07--Cameron Fieber
2	2	echo

--9eb9166d--2019-06-05--Emily Burns
6	1	echo

--471a5d41--2019-05-30--Rob Zienert
6	1	echo
13	1	echo
42	0	echo

--d845cea0--2019-05-28--Mark Vulfson
125	10	echo
1	1	echo
8	0	echo
4	1	echo
42	52	echo
0	62	echo
1	1	echo
4	0	echo
171	0	echo
8	0	echo
5	3	echo
2	0	echo

--61314fc1--2019-05-06--Mark Vulfson
124	10	echo
1	1	echo
8	0	echo
4	1	echo
42	52	echo
0	62	echo
1	1	echo
4	0	echo
171	0	echo
8	0	echo
5	3	echo
2	0	echo

--d2a4076e--2019-05-24--Mark Vulfson
8	2	echo
49	0	echo

--4b6bfcc1--2019-05-23--Mark Vulfson
1	1	echo

--3b7c583e--2019-05-23--Mark Vulfson
0	2	echo

--e714ea31--2019-05-23--Mark Vulfson
2	0	echo

--19b04d1f--2019-05-22--Mark Vulfson
7	7	echo

--aa3aae39--2019-05-22--Mark Vulfson
8	0	echo

--0ab259a0--2019-05-22--Mark Vulfson
1	1	echo

--43edb977--2019-05-22--Mark Vulfson
1	1	echo
2	0	echo
10	6	echo

--b75d76ab--2019-05-21--Mark Vulfson
112	24	echo
0	182	echo
4	1	echo
171	0	echo
8	0	echo

--f2ee1abe--2019-05-06--Mark Vulfson
30	4	echo
4	1	echo
182	0	echo
37	51	echo
0	62	echo
1	1	echo
1	0	echo
5	3	echo

--ae23f031--2019-05-21--Mark Vulfson
0	1	echo
4	3	echo
0	1	echo
8	0	echo
0	12	echo
3	1	echo
1	1	echo
1	18	echo
158	75	echo
14	19	echo
1	1	echo
1	1	echo
1	1	echo
2	2	echo
1	1	echo

--9ea33ebb--2019-05-21--Ethan Rogers
7	1	echo
3	3	echo

--1a1dc7c1--2019-05-17--Ethan Rogers
7	1	echo
4	1	echo

--0bacac7d--2019-05-17--Cameron Fieber
2	6	echo
12	1	echo
3	0	echo
1	1	echo

--b55709ff--2019-05-16--Mark Vulfson
5	1	echo
18	0	echo
2	2	echo

--d175913a--2019-05-14--Chris Berry
2	1	echo
0	1	echo
0	63	echo
0	27	echo
0	59	echo
0	32	echo
0	117	echo
0	27	echo

--d71c9d1a--2019-05-13--Eric Zimanyi
2	2	echo

--7229e797--2019-05-13--Jon Schneider
13	0	echo
3	8	echo
69	0	echo
62	0	echo

--243b8a03--2019-05-11--Jørgen Jervidalo
17	4	echo

--1f237546--2019-05-10--Mark Vulfson
16	17	echo
1	1	echo

--87d4c463--2019-05-08--Mark Vulfson
3	3	echo

--5b1e44c3--2019-05-06--Mark Vulfson
1	3	echo

--9d174d1a--2019-04-30--Eric Zimanyi
4	0	echo
3	0	echo
6	4	echo
65	0	echo

--f22f92a7--2019-04-29--Rob Zienert
5	5	echo
2	2	echo
10	11	echo
1	2	echo
9	9	echo
1	2	echo
1	4	echo
2	4	echo
16	13	echo
3	4	echo
12	7	echo
2	4	echo
8	6	echo
17	18	echo
3	3	echo
20	19	echo
26	24	echo
1	2	echo
4	5	echo
10	13	echo
26	46	echo
56	70	echo
5	9	echo
7	4	echo
1	3	echo
1	2	echo
2	3	echo
19	18	echo
10	12	echo
20	17	echo
11	12	echo
2	0	echo
0	2	echo
7	7	echo
0	1	echo
2	1	echo
17	13	echo
7	9	echo
3	1	echo
17	14	echo
2	3	echo
24	30	echo
47	40	echo
43	39	echo
16	12	echo
13	9	echo
13	11	echo
1	2	echo
0	2	echo
8	14	echo
96	81	echo
27	18	echo
26	18	echo
18	16	echo
31	19	echo
37	27	echo
23	25	echo
39	31	echo
66	49	echo
27	21	echo
7	11	echo
24	22	echo
16	14	echo
19	13	echo
19	19	echo
10	7	echo
60	49	echo
22	20	echo
3	2	echo
4	5	echo
1	1	echo
2	5	echo
32	37	echo
16	11	echo
2	3	echo
9	5	echo
70	55	echo
62	59	echo
1	3	echo
1	2	echo
1	2	echo
3	6	echo
1	3	echo
21	26	echo
6	6	echo
71	50	echo
4	6	echo
2	4	echo
1	2	echo
1	2	echo
1	2	echo
3	3	echo
2	2	echo
2	0	echo
4	2	echo
5	9	echo
35	28	echo
9	10	echo
39	32	echo
15	26	echo
6	9	echo
4	9	echo
20	21	echo
17	13	echo
63	40	echo
3	2	echo
4	6	echo
20	20	echo
2	7	echo
9	12	echo
9	8	echo
4	11	echo
1	3	echo
43	32	echo
5	10	echo
1	2	echo
35	35	echo
4	7	echo
2	3	echo
11	10	echo
43	35	echo
23	20	echo
34	26	echo
24	16	echo
14	14	echo
1	1	echo
1	2	echo
7	11	echo
51	36	echo
6	12	echo
18	14	echo
7	8	echo
3	8	echo
8	10	echo

--f88d436d--2019-04-29--Jason Chu
2	2	echo
1	1	echo

--4ed5978e--2019-04-26--Cameron Fieber
1	0	echo

--606f1083--2019-04-24--Cameron Fieber
38	50	echo
8	3	echo
2	2	echo
21	19	echo
3	4	echo
19	15	echo
2	2	echo
1	1	echo
1	1	echo
1	1	echo
3	3	echo
1	1	echo
2	2	echo
1	1	echo
2	2	echo
2	2	echo
2	2	echo
3	3	echo
3	3	echo
29	25	echo
1	1	echo
2	2	echo
2	2	echo
2	2	echo
9	6	echo
1	1	echo
12	12	echo
9	3	echo
1	1	echo
13	6	echo
1	1	echo
2	2	echo
16	13	echo
7	4	echo
11	11	echo
0	0	echo
9	3	echo
31	35	echo
4	2	echo
2	2	echo
4	4	echo
2	1	echo
4	4	echo
4	5	echo
1	1	echo
1	2	echo
2	2	echo
1	1	echo
-	-	gradle/wrapper/gradle-wrapper.jar
1	2	echo
17	1	echo
17	1	echo

--d6e85e3c--2019-04-23--dreynaud
7	3	echo

--3648172d--2019-04-23--Cameron Fieber
--d52a17a8--2019-04-23--dreynaud
2	0	echo
1	0	echo
3	1	echo
21	0	echo

--797b9e2c--2019-04-23--Cameron Fieber
2	2	echo
1	1	echo

--25ffc7f6--2019-04-23--Cameron Fieber
--1879ce24--2019-04-23--Eric Zimanyi
11	3	echo
58	0	echo
99	0	echo
53	0	echo
50	0	echo
82	0	echo
36	0	echo
7	0	echo

--d96013b2--2019-04-23--Adam Jordens
52	2	echo
100	13	echo

--b669f4c2--2019-04-22--Cameron Fieber
1	0	echo
5	0	echo
6	6	echo
2	0	echo
4	2	echo
4	0	echo
1	1	echo
5	3	echo
6	0	echo
1	1	echo
2	1	echo
4	2	echo
4	0	echo
2	2	echo
2	1	echo
1	0	echo
1	1	echo

--0686df5b--2019-04-22--Cameron Fieber
--68b5a32f--2019-04-22--Cameron Fieber
34	47	echo
3	3	echo
21	19	echo
3	5	echo
17	15	echo
27	25	echo
5	6	echo
9	12	echo
3	3	echo
13	6	echo
15	13	echo
7	3	echo
27	35	echo
3	5	echo
1	2	echo

--def0e5e2--2019-04-22--Cameron Fieber
-	-	gradle/wrapper/gradle-wrapper.jar
1	2	echo
17	1	echo
17	1	echo

--5f8be2bf--2019-04-22--dreynaud
32	20	echo
1	2	echo
1	23	echo
21	0	echo

--f36d55a7--2019-04-22--dreynaud
30	4	echo
6	0	echo
6	0	echo
6	0	echo
7	0	echo
21	0	echo
7	0	echo
20	9	echo
7	0	echo
1	2	echo
45	0	echo
284	0	echo
12	8	echo
14	10	echo
34	0	echo
16	12	echo
9	7	echo
4	3	echo
0	143	echo
0	153	echo

--01a53fb2--2019-04-19--Rob Fletcher
1	1	echo

--31a6c6ba--2019-04-18--Eric Zimanyi
1	1	echo

--5d16e86c--2019-04-18--Eric Zimanyi
1	26	echo
15	6	echo
1	9	echo
90	0	echo
40	55	echo
29	0	echo
13	9	echo
11	3	echo
3	27	echo

--d3f21ca1--2019-04-17--dreynaud
4	0	echo
73	27	echo
6	2	echo
1	0	echo
36	1	echo

--b0a4ccbe--2019-04-16--Rob Zienert
4	0	echo

--a1c60972--2019-04-15--Mark Vulfson
3	2	echo

--5dd362c0--2019-04-12--Emily Burns
1	1	echo

--4ad60920--2019-04-12--Emily Burns
2	0	echo
43	0	echo
33	0	echo
34	0	echo
2	1	echo
9	0	echo
2	0	echo
14	0	echo
3	0	echo
3	0	echo
2	0	echo
2	0	echo
3	0	echo
2	0	echo
2	0	echo
2	0	echo
5	1	echo
76	16	echo
27	3	echo
72	5	echo
3	0	echo
25	25	echo
11	9	echo
162	0	echo
16	3	echo
2	1	echo
3	0	echo

--b5e7bd9f--2019-04-12--Mark Vulfson
2	0	echo
2	0	echo
3	0	echo
3	0	echo
2	0	echo
2	0	echo
3	0	echo
2	0	echo
2	0	echo
2	0	echo
2	0	echo
3	0	echo

--a33710df--2019-04-11--Mark Vulfson
16	3	echo
2	1	echo

--5c68be0c--2019-04-10--Mark Vulfson
25	25	echo

--975e2409--2019-04-10--Emily Burns
8	0	echo

--d86fe79d--2019-04-09--Matt Duftler
2	1	echo

--44c15327--2019-04-08--Emily Burns
36	18	echo

--ee850033--2019-04-08--Emily Burns
43	0	echo
33	0	echo
34	0	echo
9	0	echo
71	5	echo
162	0	echo

--e4039822--2019-03-29--Jørgen Jervidalo
3	1	echo
27	3	echo

--4091f1de--2019-03-26--Jacob Kiefer
2	1	echo
6	0	echo
56	14	echo
3	0	echo
11	9	echo

--8a4ff045--2019-03-25--Emily Burns
1	1	echo

--4d7f4609--2019-03-12--Emily Burns
0	1	echo
2	1	echo

--61e9deec--2019-03-12--Emily Burns
1	3	echo

--7e0c768e--2019-03-06--Emily Burns
2	0	echo
2	2	echo
2	2	echo
1	1	echo
1	1	echo
1	1	echo
3	3	echo
1	1	echo
2	2	echo
1	1	echo
2	2	echo
2	2	echo
2	2	echo
1	1	echo
2	2	echo
2	2	echo
2	2	echo
1	1	echo
2	2	echo
7	4	echo
11	11	echo
0	0	echo
1	1	echo
1	1	echo
4	4	echo

--d35d1ae5--2019-03-06--Emily Burns
1	4	echo
1	0	echo
3	3	echo
3	2	echo
2	2	echo
2	1	echo
3	1	echo

--04c22889--2019-03-18--Mark Vulfson
16	4	echo
61	0	echo
4	6	echo
12	2	echo
0	46	echo

--8b72f6eb--2019-03-18--Jon Schneider
15	3	echo

--e15b1453--2019-03-18--Jon Schneider
5	2	echo

--15d0edb2--2019-03-18--Jon Schneider
2	1	echo
1	1	echo
6	4	echo
2	0	echo

--d3e732c8--2019-03-15--Eric Zimanyi
1	1	echo

--a520a8e5--2019-03-14--gojenkuser
4	0	echo

--3bfcd3f4--2019-03-14--Eric Zimanyi
1	1	echo

--9c1e03b7--2019-03-13--Eric Zimanyi
30	4	echo
8	15	echo
8	26	echo

--720f5142--2019-03-12--Eric Zimanyi
0	16	echo
0	8	echo
22	83	echo
12	0	echo
10	3	echo
9	0	echo
112	0	echo
0	62	echo
6	5	echo
0	39	echo
0	130	echo
0	27	echo
0	56	echo
0	35	echo
3	4	echo
3	11	echo
14	9	echo
3	4	echo
3	4	echo
4	12	echo
3	4	echo
3	4	echo
0	64	echo
1	5	echo
1	5	echo
1	5	echo
1	5	echo
1	5	echo
1	11	echo
5	13	echo
5	10	echo
7	3	echo
0	108	echo
17	27	echo
4	8	echo
4	5	echo

--fd6dae55--2019-03-12--Emily Burns
3	4	echo
2	2	echo
1	0	echo
2	2	echo
1	1	echo
1	1	echo
1	1	echo
3	3	echo
1	1	echo
2	2	echo
1	1	echo
2	2	echo
2	2	echo
2	2	echo
3	3	echo
3	3	echo
2	2	echo
1	1	echo
2	2	echo
2	2	echo
2	2	echo
1	1	echo
2	2	echo
5	5	echo
11	11	echo
0	0	echo
1	1	echo
4	2	echo
4	4	echo
4	4	echo

--51d0d67f--2019-03-11--Jammy Louie
9	0	echo
38	0	echo
10	1	echo
87	0	echo
143	0	echo
163	0	echo

--064e5587--2019-03-08--Mark Vulfson
5	2	echo

--e82f316b--2019-03-08--Mark Vulfson
1	0	echo
5	2	echo
83	53	echo
0	27	echo
0	46	echo
23	0	echo
322	0	echo
194	0	echo
0	48	echo
51	0	echo
46	0	echo
115	0	echo
54	0	echo
57	0	echo
0	61	echo
0	323	echo
0	210	echo
0	93	echo
0	62	echo
105	0	echo
38	0	echo
1	2	echo
0	172	echo
116	0	echo
0	182	echo
160	0	echo
13	29	echo
1	0	echo
2	1	echo
150	0	echo
25	0	echo
14	0	echo
73	0	echo
141	0	echo
52	0	echo

--185c00bb--2019-03-06--Eric Zimanyi
3	2	echo
7	3	echo
130	0	echo
37	6	echo
8	13	echo
14	17	echo
20	20	echo
9	1	echo
20	16	echo
15	12	echo
0	153	echo
64	0	echo
13	9	echo
6	3	echo
6	3	echo
6	3	echo
5	2	echo
0	93	echo

--5cbc9cad--2019-03-05--Eric Zimanyi
2	1	echo
68	0	echo
4	1	echo
22	10	echo
37	9	echo
0	85	echo
85	3	echo
0	123	echo

--51a781f5--2019-03-04--Brandon Powell
1	1	echo
1	1	echo

--0f540076--2019-02-28--Eric Zimanyi
1	0	echo
41	0	echo
8	0	echo

--00f11ec9--2019-02-27--Emily Burns
2	0	echo

--d46411b9--2019-02-27--Emily Burns
21	0	echo
73	0	echo
27	0	echo
43	0	echo
39	0	echo
11	0	echo
19	5	echo
18	0	echo
12	2	echo
3	2	echo
11	2	echo
8	3	echo
3	1	echo
2	1	echo
5	1	echo
13	11	echo
1	0	echo
9	2	echo
2	1	echo

--255d4bde--2019-02-25--Roberto Perez Alcolea
2	0	echo

--f8e89256--2019-02-14--Eric Zimanyi
3	0	echo

--62bb8082--2019-02-08--Eric Zimanyi
8	1	echo
10	0	echo

--bf6c6215--2019-02-07--Jon Schneider
1	0	echo
59	0	echo
1	0	echo
65	0	echo

--0a6e6a33--2019-01-31--dreynaud
11	1	echo
10	0	echo
19	16	echo
6	5	echo

--bbe97f4f--2019-01-24--Travis Tomsu
4	5	echo
81	0	echo
1	1	echo
0	80	echo
2	2	echo
2	2	echo
2	2	echo

--c2e6a11e--2019-01-23--Ethan Rogers
0	3	echo
0	2	echo
0	4	echo

--97ee8dd1--2019-01-23--Ethan Rogers
13	82	echo
372	0	echo
44	0	echo
87	0	echo
68	0	echo
41	0	echo
83	0	echo
335	159	echo

--49a1ceb2--2019-01-23--Emily Burns
0	8	echo
0	1	echo
0	8	echo
0	1	echo
0	9	echo
0	1	echo
0	8	echo
0	1	echo
0	8	echo
0	1	echo
0	253	echo

--8062b890--2019-01-22--Andreas Bergmeier
2	2	echo
2	0	echo

--c61036fe--2019-01-22--Andreas Bergmeier
2	2	echo
2	0	echo

--d0198c35--2019-01-17--Brant Burnett
2	1	echo
9	0	echo

--5c90172a--2019-01-17--Travis Tomsu
26	6	echo
1	0	echo
1	1	echo
2	1	echo
3	0	echo
4	4	echo
3	0	echo

--11675834--2019-01-10--Andreas Bergmeier
46	6	echo
220	0	echo

--53721406--2019-01-09--Emily Burns
1	1	echo

--7b282a8f--2019-01-08--Jon Schneider
10	1	echo
9	20	echo
1	1	echo
2	1	echo
4	4	echo

--ef06b600--2019-01-08--Nicolas Cohen
4	4	echo

--4082601c--2019-01-08--Scott
10	1	echo

--ca2afd6c--2019-01-04--Eric Zimanyi
19	2	echo
51	1	echo

--20656002--2019-01-04--Eric Zimanyi
2	2	echo
1	1	echo
1	1	echo

--85414d2f--2018-12-20--Xavi León
12	1	echo
42	1	echo

--1da5c2ef--2018-12-19--Travis Tomsu
8	7	echo
49	40	echo
2	1	echo
11	5	echo
11	5	echo
49	0	echo
0	104	echo
112	0	echo
82	4	echo

--216a9d5b--2018-12-19--Eric Zimanyi
2	2	echo

--a568cf94--2018-12-17--Eric Zimanyi
1	0	echo
20	0	echo
6	0	echo

--e055b952--2018-12-17--Eric Zimanyi
1	0	echo
20	0	echo
6	0	echo

--d73becbb--2018-12-17--Eric Zimanyi
1	0	echo

--e9e4a304--2018-12-14--Chris Berry
1	1	echo
2	1	echo

--033c62e5--2018-12-14--Gard Rimestad
2	1	echo
1	0	echo

--2e5d2b60--2018-12-13--Adam Jordens
22	5	echo
8	6	echo

--c9c1ae94--2018-11-30--Dibyo Mukherjee
1	1	echo

--cf79e30c--2018-11-27--Jacob Kiefer
4	15	echo

--b97ecb39--2018-11-26--Eric Zimanyi
18	3	echo

--9f8ef99d--2018-11-26--Eric Zimanyi
4	2	echo

--2455045e--2018-11-13--Eric Zimanyi
37	3	echo
4	1	echo

--fcdb3834--2018-11-13--Jacob Kiefer
15	4	echo

--79fe18de--2018-11-12--Jacob Kiefer
14	3	echo

--1aba4b92--2018-11-12--Travis Tomsu
1	1	echo

--46f9abd4--2018-11-12--Emily Burns
12	2	echo

--57aa5bad--2018-11-09--Eric Zimanyi
8	6	echo
62	0	echo
39	0	echo
27	0	echo
56	0	echo
34	0	echo
0	1	echo
57	2	echo
8	0	echo
3	1	echo

--2baad689--2018-11-08--Emily Burns
1	1	echo

--dd0e45f4--2018-11-07--dreynaud
2	2	echo

--589523ad--2018-11-06--dreynaud
2	3	echo
5	5	echo
0	1	echo
29	26	echo
3	3	echo
0	7	echo
100	50	echo
15	10	echo
30	100	echo
34	44	echo
1	1	echo
1	1	echo
6	8	echo
5	6	echo
1	1	echo
5	2	echo

--0d4e4075--2018-11-06--Eric Zimanyi
15	5	echo
0	16	echo
0	8	echo
0	108	echo
0	59	echo
0	55	echo
0	63	echo
0	56	echo
0	66	echo
0	21	echo
0	55	echo
0	61	echo
16	0	echo
8	0	echo
108	0	echo
66	0	echo
32	0	echo
55	0	echo
63	0	echo
56	0	echo
60	0	echo
21	0	echo
55	0	echo
61	0	echo
35	0	echo
2	0	echo
52	0	echo
7	3	echo
12	5	echo
37	0	echo
85	0	echo
30	0	echo
48	0	echo
25	0	echo
154	0	echo
243	0	echo
299	0	echo
253	0	echo
109	0	echo
0	154	echo
0	243	echo
0	299	echo
0	253	echo
0	109	echo
37	0	echo
123	0	echo
81	0	echo
6	0	echo

--2878804a--2018-11-06--dreynaud
0	5	echo
2	1	echo

--46d0e5b5--2018-11-05--Michael Graff
1	1	echo
1	0	echo

--1a6ec0fa--2018-11-05--Cameron Fieber
1	1	echo

--70549736--2018-11-02--Emily Burns
1	1	echo

--521d0e15--2018-11-02--Greg Comstock
166	41	echo
1	1	echo

--85476c1c--2018-11-02--Emily Burns
2	2	echo
1	1	echo

--35da2408--2018-11-02--Greg Comstock
166	41	echo

--f8bf1ba2--2018-10-30--Jacob Kiefer
3	0	echo
5	2	echo
39	22	echo
32	3	echo

--e3c23a10--2018-10-29--Travis Tomsu
2	0	echo

--ce295b0b--2018-10-29--Eric Wiseblatt
3	1	echo

--f38642e7--2018-10-26--Michael Graff
10	4	echo
11	0	echo

--84679131--2018-10-26--Michael Graff
6	2	echo

--07ccdbf7--2018-10-25--Emily Burns
7	17	echo

--8e8fc02b--2018-10-25--Michael Graff
3	0	echo
9	4	echo
36	0	echo
103	0	echo
40	14	echo
89	0	echo
4	3	echo
10	3	echo
33	7	echo

--ccdff9fe--2018-10-25--Stephen Chen
0	3	echo
1	0	echo

--bcc1b5f2--2018-10-25--Stephen Chen
9	4	echo
2	6	echo
7	6	echo
13	0	echo
6	5	echo
2	1	echo

--924a74aa--2018-10-24--Eric Zimanyi
1	0	echo
16	15	echo
1	1	echo
1	1	echo
1	1	echo
1	1	echo
1	0	echo

--2b3c92d5--2018-10-24--Albert Manyà
34	0	echo
32	0	echo
0	34	echo
2	2	echo
4	4	echo
3	2	echo

--5db2c64e--2018-10-24--Eric Zimanyi
4	6	echo
80	0	echo
105	0	echo
125	0	echo
153	0	echo
96	0	echo
108	0	echo
89	0	echo
118	0	echo
0	114	echo
0	131	echo
0	155	echo
0	120	echo
0	117	echo
55	0	echo
38	101	echo
0	124	echo
154	0	echo
0	165	echo
243	0	echo
0	248	echo
299	0	echo
0	306	echo
253	0	echo
0	257	echo
109	0	echo
0	115	echo
6	5	echo
5	5	echo
2	2	echo

--fdffce05--2018-10-23--Eric Zimanyi
2	1	echo
1	0	echo

--eec27734--2018-10-23--Jacob Kiefer
3	0	echo
5	2	echo
38	23	echo
31	2	echo

--8b473a74--2018-10-18--Eric Zimanyi
2	2	echo
1	1	echo
2	3	echo
8	8	echo
12	12	echo
14	14	echo
9	9	echo
5	5	echo
1	2	echo
1	1	echo
1	1	echo
2	2	echo

--8a2954ef--2018-10-18--Eric Zimanyi
2	3	echo
3	3	echo
3	3	echo
3	3	echo
3	3	echo
3	3	echo
5	5	echo
3	3	echo
2	3	echo
2	3	echo
2	3	echo
2	3	echo
2	3	echo

--e89e3f94--2018-10-18--Travis CI User
1	1	echo

--1d3b2aaf--2018-10-17--Eric Zimanyi
0	49	echo
0	72	echo
0	86	echo
0	54	echo
0	40	echo
60	0	echo
77	0	echo
72	0	echo
55	0	echo
41	0	echo

--05ba834e--2018-10-11--Albert Manyà
2	1	echo
58	0	echo
23	0	echo
34	0	echo
35	0	echo
48	0	echo
133	0	echo
154	0	echo
193	0	echo

--3bf9d135--2018-10-04--Eric Zimanyi
12	14	echo
23	27	echo

--89a9ca71--2018-10-04--Eric Zimanyi
4	0	echo
1	14	echo
6	6	echo
10	10	echo
12	12	echo
7	7	echo
3	3	echo

--be9a0475--2018-10-05--Rob Zienert
7	4	echo
55	0	echo
61	0	echo
10	11	echo

--27055156--2018-10-04--dreynaud
15	2	echo
70	9	echo

--71e4980c--2018-10-03--Eric Zimanyi
47	28	echo

--d20259cd--2018-10-02--Travis Tomsu
4	1	echo

--7bc937f7--2018-10-02--Eric Zimanyi
1	0	echo
10	2	echo
27	0	echo
41	0	echo
46	0	echo
8	0	echo
0	9	echo
0	9	echo
0	9	echo
122	0	echo
5	12	echo
15	2	echo
5	10	echo
23	10	echo
10	0	echo

--c1ef92ef--2018-10-01--Joon Lim
0	8	echo
8	0	echo

--8f659bd8--2018-10-01--yejingtao
1	1	echo

--0039d283--2018-09-27--dreynaud
2	2	echo
5	5	echo
2	2	echo

--b20d3d01--2018-09-26--dreynaud
2	2	echo
2	2	echo

--cf245767--2018-09-25--Dibyo Mukherjee
0	2	echo
0	52	echo
1	22	echo
0	2	echo

--be814336--2018-09-13--Rob Fletcher
19	16	echo
12	12	echo

--df176c3b--2018-09-17--Joon Lim
8	0	echo
0	8	echo

--473c2e44--2018-09-14--Eric Zimanyi
7	18	echo
14	26	echo
8	18	echo
7	18	echo
24	1	echo
9	19	echo

--7d71d105--2018-09-06--Adam Jordens
1	1	echo

--fb0b5939--2018-08-30--Joon Lim
2	2	echo
2	2	echo

--e6aeff32--2018-08-27--Emily Burns
2	2	echo
2	2	echo
6	6	echo
9	2	echo
1	1	echo
13	13	echo
10	10	echo
2	2	echo
1	1	echo

--dc8353cd--2018-08-27--dreynaud
1	1	echo
3	2	echo

--33cb5382--2018-08-27--Joon Lim
18	0	echo
8	0	echo
2	1	echo

--7994121d--2018-08-24--Emily Burns
16	34	echo

--8d5dd535--2018-08-25--Eric Zimanyi
1	1	echo

--61a56e33--2018-08-24--Emily Burns
1	1	echo

--86cbcd72--2018-08-24--Emily Burns
61	13	echo
3	2	echo

--6b667400--2018-08-23--Emily Burns
9	3	echo
4	2	echo
1	1	echo

--f2903638--2018-08-23--Emily Burns
17	1	echo
5	16	echo
22	0	echo
7	1	echo
34	3	echo
5	5	echo

--c721c98a--2018-08-22--Emily Burns
34	16	echo

--b5ca4162--2018-08-21--dreynaud
19	10	echo
27	13	echo

--ef6b0f48--2018-08-21--Travis Tomsu
6	0	echo
43	0	echo
24	0	echo
30	6	echo
54	0	echo
36	9	echo
104	0	echo
98	0	echo
7	16	echo

--0ba293d6--2018-08-17--Emily Burns
8	3	echo
2	2	echo

--2c19966c--2018-08-17--Emily Burns
1	1	echo

--7473b0de--2018-08-16--Eric Zimanyi
0	28	echo
0	31	echo
0	35	echo
0	64	echo
0	38	echo
0	51	echo
0	36	echo
0	26	echo
0	27	echo
23	0	echo
36	0	echo
41	0	echo
76	0	echo
44	0	echo
59	0	echo
38	0	echo
30	0	echo
31	0	echo
2	2	echo

--c52ac8a6--2018-08-16--Stephen Chen
1	1	echo
1	0	echo
10	0	echo

--2513d5e5--2018-08-16--Lars Wander
1	0	echo
10	0	echo

--cde9cff9--2018-08-15--Eric Zimanyi
1	1	echo

--cd067ac2--2018-08-15--Emily Burns
1	1	echo
1	0	echo
0	36	echo
4	16	echo
0	2	echo
3	2	echo
9	2	echo
1	1	echo

--e1ec4eef--2018-08-15--Travis Tomsu
1	1	echo

--e7a7e1ec--2018-08-14--Jeyrs Chabu
39	75	echo
4	1	echo

--ebec533f--2018-08-14--Emily Burns
1	0	echo
7	1	echo
4	2	echo

--3d2a707b--2018-08-09--Rob Zienert
10	2	echo

--1b15a736--2018-08-09--Asher Feldman
10	4	echo

--0412f0e7--2018-08-06--Emily Burns
6	1	echo

--4a2c66f6--2018-08-01--Cameron Fieber
1	1	echo

--21a0eb52--2018-07-27--Emily Burns
16	0	echo
8	0	echo
12	3	echo
9	0	echo
4	2	echo
7	2	echo
5	1	echo

--ac8866f3--2018-07-26--Emily Burns
8	6	echo
8	2	echo

--5aabf3e2--2018-07-26--Eric Zimanyi
25	12	echo
1	1	echo

--56a9f634--2018-07-26--Eric Zimanyi
25	12	echo
1	1	echo

--75be52c9--2018-07-26--Eric Zimanyi
25	12	echo
1	1	echo

--c0b624e2--2018-07-26--Eric Zimanyi
25	12	echo
1	1	echo

--06a90f51--2018-07-25--desagar
4	0	echo
2	1	echo
5	0	echo
2	0	echo

--1494eb58--2018-07-24--Ethan Rogers
75	0	echo

--3f036027--2018-07-22--Ethan Rogers
102	0	echo
6	0	echo

--b469e794--2018-07-20--Adam Jordens
1	1	echo

--3bc090a6--2018-07-20--dreynaud
4	0	echo
3	1	echo
10	1	echo

--357b5a23--2018-07-13--Eric Zimanyi
1	1	echo

--2830b0ae--2018-07-13--Cameron Fieber
1	1	echo

--9121a901--2018-07-12--Cameron Fieber
1	0	echo
1	1	echo

--1f13a5ef--2018-07-03--Adam Jordens
2	2	echo
21	9	echo

--daf496e4--2018-07-02--Kevin Woo
1	1	echo

--617c5678--2018-07-02--Kevin Woo
1	1	echo
17	0	echo

--bd72a014--2018-07-02--Kevin Woo
1	1	echo
17	0	echo

--07012c19--2018-06-29--Emily Burns
2	1	echo

--512dc3cc--2018-06-27--Youying Lin
2	2	echo

--1c919a35--2018-06-27--Emily Burns
2	5	echo
117	0	echo
0	1	echo
4	10	echo
1	2	echo

--8229c755--2018-06-25--Adam Jordens
2	0	echo

--0c19f490--2018-06-25--Emily Burns
0	59	echo
6	55	echo
1	0	echo
1	16	echo

--844aaee5--2018-06-25--Youying Lin
0	1	echo
2	2	echo
60	0	echo
3	1	echo
27	0	echo
102	0	echo
61	0	echo
31	0	echo
101	0	echo
116	0	echo
4	4	echo

--33818a6c--2018-06-25--Joon Lim
2	1	echo
1	1	echo
1	0	echo
14	5	echo
9	10	echo
1	1	echo
9	8	echo
2	1	echo
11	10	echo
19	13	echo
48	0	echo

--6a5dff57--2018-06-22--Adam Jordens
2	2	echo
1	0	echo
13	1	echo
5	4	echo
5	2	echo
0	54	echo
54	0	echo

--a35efa72--2018-06-19--Rob Zienert
1	1	echo

--01795eb0--2018-06-19--Rob Zienert
1	1	echo

--549bfc0a--2018-06-18--Lars Wander
13	1	echo

--ad32e054--2018-06-18--Lars Wander
13	1	echo

--816e304c--2018-06-18--Eric Zimanyi
3	18	echo
2	1	echo
2	1	echo
2	1	echo
1	1	echo
2	1	echo
4	1	echo
7	7	echo
11	11	echo
13	13	echo
7	7	echo
4	3	echo
2	2	echo
1	1	echo
1	1	echo
5	4	echo
2	1	echo

--87177e70--2018-06-15--Eric Zimanyi
38	14	echo
10	10	echo
18	7	echo
8	7	echo

--b2ff3c53--2018-06-13--Yifan Liu
2	0	echo
71	0	echo
37	0	echo
44	0	echo
21	0	echo
28	0	echo
23	0	echo
56	0	echo
100	0	echo
10	0	echo
15	0	echo
9	0	echo

--90f3469f--2018-06-11--Eric Zimanyi
2	0	echo
2	0	echo

--b5e2a2a4--2018-06-06--dreynaud
2	0	echo
20	0	echo

--0cd5c82a--2018-06-06--dreynaud
3	5	echo
17	1	echo
28	1	echo
1	1	echo
1	1	echo
40	50	echo
62	0	echo
37	114	echo
12	5	echo
142	0	echo

--d02dfac8--2018-05-30--Eric Zimanyi
10	0	echo
6	0	echo

--fbbda3d5--2018-05-29--dreynaud
2	2	echo
1	0	echo
7	7	echo
2	9	echo
3	8	echo
2	8	echo
2	8	echo
3	8	echo
2	9	echo
13	23	echo
1	0	echo
1	0	echo
13	10	echo
15	17	echo
15	7	echo
6	5	echo
1	0	echo

--06d09c19--2018-05-28--dreynaud
66	43	echo
26	8	echo

--b9324e72--2018-05-24--Rob Zienert
2	0	echo
4	0	echo
12	5	echo
6	6	echo

--39bdbeb5--2018-05-23--Rob Zienert
1	1	echo
0	101	echo
1	1	echo
0	37	echo

--91589acd--2018-05-22--Joel Wilsson
1	1	echo
2	2	echo
38	13	echo

--ba804f9b--2018-05-21--Rob Zienert
101	0	echo
4	2	echo
37	0	echo

--30c92087--2018-05-17--Lars Wander
1	1	echo

--68aa8e11--2018-05-08--Joon Lim
22	2	echo

--6d206b0f--2018-05-02--Matt Duftler
2	0	echo

--7eafd1ea--2018-04-30--Jeyrs Chabu
2	1	echo
71	0	echo
39	0	echo
1	1	echo
3	1	echo
4	1	echo
111	0	echo
59	0	echo
65	0	echo
2	1	echo
4	1	echo
4	1	echo
4	1	echo

--5c52996b--2018-04-20--Jon Schneider
1	1	echo
3	2	echo
-	-	gradle/wrapper/gradle-wrapper.jar
1	2	echo
42	30	echo
4	10	echo

--6d1dcde0--2018-04-20--Rob Zienert
4	2	echo

--26a8697a--2018-04-20--Rob Zienert
49	12	echo
6	2	echo

--97641bb9--2018-04-19--Sergey Reshetnyak
1	1	echo

--0718fddd--2018-04-17--Rob Zienert
2	5	echo
2	5	echo
1	4	echo
1	1	echo
1	1	echo

--4a9f9c04--2018-04-06--Emily Burns
1	1	echo
0	1	echo
0	133	echo
21	0	echo
132	0	echo
12	1	echo

--393f1a66--2018-04-05--Emily Burns
1	2	echo
2	2	echo
1	2	echo
3	7	echo
4	2	echo
2	2	echo

--c980168a--2018-04-04--Jeyrs Chabu
99	0	echo
4	0	echo

--b7a377f2--2018-04-04--Lars Wander
4	0	echo

--a51be9ad--2018-04-03--Adam Jordens
0	1	echo

--06b6c5b4--2018-03-28--Joel Wilsson
116	0	echo
208	0	echo

--755eea3a--2018-03-23--Emily Burns
12	0	echo
1	2	echo

--1d4edfd6--2018-03-22--Emily Burns
23	0	echo
37	0	echo
118	0	echo
59	0	echo
93	0	echo
51	0	echo
273	0	echo
123	0	echo
12	0	echo
103	0	echo
31	0	echo
36	0	echo
42	0	echo
32	0	echo
21	0	echo
21	0	echo
35	0	echo
139	0	echo
43	0	echo
40	0	echo
34	0	echo
21	0	echo
21	0	echo
27	0	echo
29	0	echo
98	0	echo
164	0	echo
41	0	echo
107	0	echo
20	0	echo
64	0	echo
93	0	echo
39	0	echo
97	0	echo
198	0	echo
9	0	echo
7	0	echo
0	35	echo
0	36	echo
0	42	echo
0	32	echo
0	37	echo
0	118	echo
0	64	echo
0	93	echo
0	20	echo
0	20	echo
0	35	echo
0	139	echo
0	43	echo
0	40	echo
0	59	echo
0	93	echo
0	51	echo
0	273	echo
0	125	echo
0	34	echo
0	39	echo
0	97	echo
0	198	echo
0	20	echo
0	20	echo
0	27	echo
0	29	echo
0	98	echo
0	12	echo
0	9	echo
0	7	echo
0	164	echo
0	105	echo
0	41	echo
0	107	echo
3	1	echo
1	1	echo

--d44b09e6--2018-03-21--Lars Wander
13	7	echo

--90ef035c--2018-03-15--Jørgen Jervidalo
1	1	echo
2	0	echo
4	3	echo
20	2	echo

--aaa50a85--2018-03-12--Rob Zienert
2	0	echo

--f92a9ca3--2018-03-09--Chris Berry
2	2	echo
1	1	echo

--be7fd9ee--2018-02-20--Lars Wander
2	1	echo
2	1	echo
2	1	echo
2	1	echo
2	1	echo
7	4	echo
5	2	echo

--bd3965e0--2018-02-19--Emily Burns
2	1	echo
2	1	echo
2	1	echo
2	1	echo
2	1	echo
7	4	echo
5	2	echo

--6d3dd4fe--2018-02-16--Emily Burns
1	1	echo

--e1574c9f--2018-02-16--Emily Burns
5	2	echo

--c519bfc1--2018-02-16--Lars Wander
7	2	echo

--4d5fd21c--2018-02-15--Emily Burns
1	1	echo
2	0	echo
8	2	echo
3	1	echo
55	0	echo
63	0	echo
56	0	echo
1	0	echo
2	0	echo
37	0	echo
118	0	echo
59	0	echo
93	0	echo
51	0	echo
273	0	echo
117	0	echo
34	0	echo
1	0	echo
4	0	echo
3	0	echo
12	0	echo
105	0	echo
1	1	echo
1	0	echo

--ad4fedb9--2018-02-14--Jeyrs Chabu
39	10	echo
26	0	echo

--40a56008--2018-02-14--Emily Burns
2	0	echo
9	0	echo
23	17	echo
9	8	echo

--e9908160--2018-02-14--Daniel Peach
3	0	echo

--d952aabb--2018-02-05--Emily Burns
2	1	echo
34	0	echo
1	0	echo
2	0	echo
46	0	echo
104	0	echo
48	0	echo
61	0	echo
238	0	echo
123	0	echo
34	0	echo
1	0	echo
4	0	echo
3	0	echo
9	0	echo
12	0	echo

--533339b0--2018-02-08--Daniel Williams
1	1	echo

--213d632e--2018-02-08--Lars Wander
95	0	echo
1	2	echo
8	2	echo

--ef25db93--2018-02-05--Daniel Peach
1	1	echo

--5a2568a8--2018-02-01--Lars Wander
1	0	echo
25	19	echo
1	0	echo
2	1	echo

--f1244be0--2018-01-29--David Xia
1	21	echo

--b136cab9--2018-01-25--Lars Wander
8	6	echo
37	1	echo
4	3	echo
9	0	echo
7	0	echo
23	10	echo

--3a70d71a--2018-01-25--David Xia
24	30	echo
122	0	echo
9	4	echo

--32e5f410--2018-01-24--David Xia
0	165	echo
0	254	echo
0	312	echo
0	282	echo
166	0	echo
255	0	echo
313	0	echo
283	0	echo

--d2ca66b9--2018-01-17--Jacob Kiefer
9	27	echo
8	1	echo
1	1	echo
15	15	echo
2	1	echo

--dfe3a4e3--2018-01-12--Joel Wilsson
1	0	echo
25	4	echo
9	0	echo
3	3	echo

--fb85c993--2017-12-21--Jacob Kiefer
1	0	echo
17	11	echo
8	0	echo
2	2	echo
2	1	echo
4	4	echo
105	24	echo
6	5	echo
4	0	echo
14	7	echo

--0a408e93--2017-12-20--Andrew Backes
3	1	echo

--683f5458--2017-12-18--Andrew Backes
2	0	echo
3	3	echo

--d74b0b98--2017-12-18--Trevin Teacutter
1	1	echo
1	1	echo

--c73d40b0--2017-12-15--Lars Wander
8	3	echo

--7a48d028--2017-12-14--Kevin Woo
6	1	echo

--f938d2c2--2017-12-13--Lars Wander
10	6	echo
15	5	echo
45	0	echo
89	0	echo
62	0	echo
27	0	echo
7	15	echo
5	0	echo

--56d5941d--2017-12-11--Lars Wander
2	0	echo

--48d67b3f--2017-12-06--Chris Berry
13	2	echo
45	0	echo
8	1	echo
4	0	echo

--e2c3da1c--2017-12-05--Trevin Teacutter
3	1	echo
4	1	echo

--3ce0a9fb--2017-11-30--Brandon Nelson
1	1	echo

--b0ccfef6--2017-11-29--Rob Zienert
2	0	echo
1	0	echo

--12a333dc--2017-11-29--Lars Wander
28	0	echo
2	0	echo
2	21	echo
11	0	echo
2	0	echo

--35b5f357--2017-11-29--Jacob Kiefer
5	23	echo
2	1	echo
5	4	echo

--ee04b56c--2017-11-28--Jacob Kiefer
8	24	echo
3	2	echo
5	4	echo

--7d9cc09e--2017-11-28--Brandon Nelson
2	1	echo

--a1462306--2017-11-27--Costi Muraru
27	7	echo
15	5	echo
46	0	echo
41	0	echo
0	45	echo
2	2	echo
26	0	echo
15	12	echo
28	0	echo
7	6	echo
120	0	echo

--f0e5efe1--2017-11-27--Lars Wander
3	0	echo
91	0	echo
51	0	echo
2	25	echo
13	2	echo
0	2	echo
28	12	echo
15	3	echo
0	87	echo
1	0	echo
5	0	echo
27	0	echo
51	0	echo
17	1	echo

--684b6e48--2017-11-22--Brandon Nelson
13	0	echo

--ca99dc65--2017-11-17--Justin Reynolds
1	3	echo

--7e39b2f0--2017-11-13--Justin Reynolds
83	9	echo
1	0	echo

--bf3a4b1d--2017-11-01--Jacob Kiefer
1	1	echo
4	0	echo
2	2	echo
1	1	echo
1	1	echo
1	1	echo
13	8	echo
2	3	echo
1	1	echo
33	19	echo
13	2	echo

--16e00f4a--2017-10-27--Chris Berry
4	1	echo
3	3	echo
3	3	echo
2	1	echo

--c1f7d0f0--2017-10-27--Chris Berry
30	23	echo
10	5	echo
38	0	echo

--ce92da84--2017-10-26--Lars Wander
8	0	echo

--d98bac26--2017-10-25--Asher Feldman
1	0	echo
2	0	echo
3	1	echo
2	0	echo
3	1	echo
4	1	echo
1	0	echo
2	0	echo
2	0	echo
3	1	echo

--83395bc4--2017-10-25--Jacob Kiefer
5	0	echo
4	0	echo
5	1	echo

--591a5207--2017-10-24--Chris Berry
10	5	echo
28	1	echo

--9e0ae6ab--2017-10-24--Rob Fletcher
27	6	echo
14	4	echo
58	1	echo

--4292a48c--2017-10-23--Jacob Kiefer
1	7	echo
4	0	echo
4	0	echo
40	0	echo
22	10	echo
1	0	echo

--c26b451f--2017-10-20--Rob Fletcher
3	4	echo
1	0	echo

--9cc224fe--2017-10-18--Rob Fletcher
22	2	echo

--29eaab96--2017-10-17--Rob Fletcher
5	2	echo
0	4	echo

--709d0152--2017-10-16--Rob Fletcher
2	2	echo
7	1	echo
1	0	echo

--52cd83b1--2017-10-16--Lars Wander
1	1	echo

--be5b8458--2017-10-13--Rob Zienert
57	15	echo
2	2	echo

--0e8a8f64--2017-10-13--Lars Wander
1	1	echo
1	22	echo
4	12	echo

--0069b7df--2017-10-13--Lars Wander
3	3	echo
1	1	echo
6	6	echo

--892d8641--2017-10-02--Rob Fletcher
0	32	echo
18	0	echo
5	4	echo
1	0	echo
55	0	echo
63	0	echo
115	0	echo

--c0961b7d--2017-10-02--Jacob Kiefer
1	1	echo
3	3	echo
26	2	echo
18	2	echo

--cdf1a9f1--2017-09-27--Jacob Kiefer
1	1	echo
1	1	echo
2	2	echo

--2715ebab--2017-09-21--Jacob Kiefer
10	10	echo
1	1	echo
33	0	echo
0	33	echo
4	4	echo
13	13	echo
5	5	echo
4	4	echo
3	3	echo
3	3	echo
5	5	echo
2	2	echo
3	3	echo

--faea1357--2017-09-18--Chris Berry
13	9	echo

--414695a6--2017-09-18--Jacob Kiefer
3	0	echo
21	2	echo
37	11	echo
3	1	echo

--e0bf692e--2017-09-08--Lars Wander
1	1	echo
2	2	echo
2	3	echo
4	4	echo

--79e06f1f--2017-09-01--Jacob Kiefer
1	1	echo
1	0	echo
4	0	echo
10	1	echo
1	2	echo
2	0	echo
2	1	echo
2	0	echo
18	5	echo
87	0	echo
106	0	echo

--7865051d--2017-08-31--Chris Berry
7	6	echo
7	6	echo
9	7	echo
7	6	echo
7	6	echo
55	45	echo

--9aedf00d--2017-08-31--Chris Phillips
15	7	echo
38	0	echo

--1b158faf--2017-08-28--Jacob Kiefer
36	0	echo
62	9	echo
38	0	echo
33	0	echo
126	0	echo
145	0	echo
45	25	echo
2	0	echo
1	1	echo
1	1	echo
27	7	echo
1	1	echo
3	3	echo
14	19	echo
0	38	echo
3	1	echo
0	33	echo
160	0	echo
41	0	echo
41	7	echo
13	2	echo

--a6e6ec50--2017-08-24--Chris Berry
1	0	echo
2	2	echo
17	4	echo
2	1	echo
4	2	echo
1	1	echo
1	1	echo
1	1	echo
1	1	echo
1	1	echo
3	3	echo

--77879d6a--2017-08-22--Jacob Kiefer
3	0	echo
29	0	echo
36	0	echo
33	0	echo
32	0	echo
69	0	echo
51	0	echo
20	0	echo
20	0	echo
35	0	echo
98	0	echo
39	0	echo
39	0	echo
97	0	echo
147	0	echo
20	0	echo
20	0	echo
26	0	echo
38	0	echo
22	0	echo
33	0	echo
95	0	echo
3	0	echo
1	1	echo

--aabc2f6c--2017-08-21--Adam Jordens
1	1	echo

--893573a6--2017-08-18--Cameron Fieber
1	1	echo
0	32	echo
8	7	echo
27	13	echo
7	0	echo
0	9	echo
1	0	echo
0	1	echo
7	0	echo
0	9	echo
1	0	echo
0	1	echo
7	0	echo
0	10	echo
1	0	echo
0	1	echo
7	0	echo
0	9	echo
1	0	echo
0	1	echo
7	0	echo
0	8	echo
1	0	echo
0	1	echo
15	0	echo
0	15	echo
10	0	echo
0	12	echo
25	0	echo
0	25	echo
25	0	echo
0	25	echo
9	0	echo
0	9	echo
17	0	echo
0	17	echo
15	0	echo
0	15	echo
27	0	echo
0	27	echo
27	0	echo
0	27	echo
9	0	echo
0	9	echo
14	0	echo
0	14	echo
9	0	echo
0	11	echo
23	0	echo
0	24	echo
23	0	echo
0	10	echo
9	0	echo
0	9	echo
4	0	echo
0	7	echo
4	0	echo
0	7	echo
243	0	echo
10	7	echo
125	0	echo
7	5	echo
20	8	echo
1	0	echo
0	1	echo
1	0	echo
0	1	echo
2	0	echo
0	9	echo

--922f709d--2017-08-01--Travis Tomsu
3	6	echo
32	0	echo
2	0	echo
1	1	echo
9	0	echo

--3ad66b84--2017-08-07--Adam Jordens
1	1	echo
1	1	echo
1	1	echo
1	1	echo

--98465e52--2017-07-15--Adam Jordens
1	1	echo

--a11055bc--2017-07-11--Adam Jordens
1	1	echo

--34335c64--2017-07-10--Rob Zienert
1	1	echo
1	0	echo
0	1	echo
2	1	echo
4	2	echo
3	2	echo
3	1	echo
4	2	echo
3	2	echo
4	2	echo

--79919c3d--2017-07-10--Travis Tomsu
14	0	echo
2	2	echo

--fc4b5ab1--2017-07-10--Adam Jordens
1	1	echo

--515436cd--2017-06-21--Gard Rimestad
6	0	echo
35	0	echo

--88c60826--2017-06-19--Isaac Mosquera
1	1	echo
1	1	echo
1	1	echo

--a8cecd0a--2017-06-19--Isaac Mosquera
3	8	echo
1	0	echo
75	0	echo
2	1	echo
24	0	echo
43	0	echo

--7e127d45--2017-05-31--Travis Tomsu
1	1	echo

--b53c0e85--2017-05-30--Isaac Mosquera
1	0	echo
13	4	echo
38	0	echo
22	0	echo
47	0	echo

--f798c242--2017-05-16--Cameron Fieber
1	1	echo

--3cefd3b0--2017-05-11--Cameron Fieber
1	1	echo

--cae72ffc--2017-05-08--Andrew Backes
62	10	echo
2	0	echo
86	0	echo

--03d9a6fd--2017-04-05--Tomás Lin
--30cd0f7b--2017-03-09--Jørgen Jervidalo
9	5	echo
14	8	echo
2	0	echo

--170a4516--2017-03-22--Jacob Kiefer
4	0	echo

--83ce0b7f--2017-03-01--Jacob Kiefer
14	0	echo

--be873788--2017-02-27--Travis Tomsu
27	7	echo

--b6dad225--2017-02-22--Travis Tomsu
0	2	echo

--a6b5fa3b--2017-02-20--Tomás Lin
--5d092dee--2017-02-14--Rob Umberger
1	0	echo
76	10	echo
4	2	echo
20	2	echo

--cc717761--2017-02-14--Chris Berry
--cb6b31fa--2017-02-10--anotherchrisberry
0	2	echo
0	14	echo

--fce46ca6--2017-02-14--Jacob Kiefer
1	1	echo

--36db1302--2017-02-13--Travis Tomsu
1	1	echo
2	1	echo

--4e28b0bb--2017-02-07--Travis Tomsu
4	3	echo
9	0	echo
2	1	echo
11	0	echo

--349f4cd2--2017-02-03--Jacob Kiefer
2	0	echo

--b194bbfd--2017-01-25--Travis Tomsu
--0d662ce4--2017-01-18--Travis Tomsu
1	0	echo
3	0	echo
1	0	echo
10	5	echo
1	0	echo
35	1	echo
29	0	echo
12	9	echo
7	7	echo
2	2	echo
23	3	echo
7	8	echo

--772d5bee--2017-01-19--Gard Rimestad
9	4	echo
19	0	echo

--a01fc25a--2017-01-18--Jacob Kiefer
3	0	echo

--93c7c183--2017-01-18--Lars Wander
1	1	echo

--6088e330--2017-01-12--Tomás Lin
--e19d3af6--2017-01-12--duftler
2	1	echo

--65158b26--2017-01-12--Matt Duftler
22	8	echo
2	0	echo

--4747e75a--2017-01-11--Travis Tomsu
--a70e91a5--2017-01-11--Travis Tomsu
3	2	echo
13	8	echo

--39fa6f3a--2017-01-11--Travis Tomsu
11	4	echo

--52e65f85--2017-01-10--Lars Wander
30	0	echo

--06302cfe--2017-01-06--Eric Wiseblatt
--db5b3cca--2016-12-22--Eric Wiseblatt
1	1	echo

--4da563d2--2016-12-27--Matt Duftler
1	0	echo
17	7	echo
4	7	echo
14	4	echo
4	2	echo

--ea41457f--2016-12-20--Cameron Fieber
--89908016--2016-12-16--Cameron Fieber
1	1	echo
3	83	echo

--22ee9eb0--2016-12-16--Rob Zienert
--04cb310b--2016-12-16--Rob Zienert
1	1	echo

--3ef46bda--2016-12-15--Matt Duftler
1	1	echo
3	3	echo
22	5	echo
3	3	echo

--3957a1f6--2016-12-13--Matt Duftler
25	0	echo
17	2	echo
17	0	echo
15	0	echo
27	0	echo
10	0	echo
9	0	echo
14	0	echo
11	0	echo
24	0	echo
10	0	echo
9	0	echo

--cafb7a5c--2016-11-21--Matt Duftler
2	2	echo

--6d1ebdfe--2016-11-18--Matt Duftler
4	4	echo

--e0b08be9--2016-11-17--Matt Duftler
8	0	echo
9	1	echo

--7f420d72--2016-11-10--Rob Zienert
--0603b720--2016-11-10--Rob Zienert
1	1	echo

--261645c3--2016-11-09--Cameron Fieber
4	4	echo

--d902fe4c--2016-11-03--Travis Tomsu
--016183b6--2016-11-03--Travis Tomsu
5	2	echo
2	2	echo

--5fb33f44--2016-11-01--Rob Zienert
--7f1fe31d--2016-10-24--Rob Zienert
36	4	echo
5	5	echo
213	0	echo
197	0	echo

--8ef5fd0c--2016-11-01--Travis Tomsu
--39d10812--2016-10-31--Travis Tomsu
1	1	echo

--4725accd--2016-10-28--Travis Tomsu
7	6	echo
1	0	echo
5	0	echo
14	1	echo
9	9	echo
7	7	echo
2	2	echo

--3f0cd5c4--2016-10-28--Matt Duftler
8	2	echo

--c258a467--2016-10-27--Matt Duftler
1	1	echo

--7729d6f7--2016-10-26--Eric Wiseblatt
--6490bca2--2016-08-12--Eric Wiseblatt
1	1	echo
1	0	echo

--f3a57b59--2016-10-17--Rob Fletcher
--fdec61b4--2016-10-14--Rob Fletcher
3	0	echo

--8f9ce275--2016-10-12--Cameron Fieber
--1893ca86--2016-10-12--Cameron Fieber
24	3	echo
1	1	echo

--d618d840--2016-10-11--Rob Fletcher
--4cd83d15--2016-10-11--Rob Fletcher
1	1	echo
2	2	echo
4	3	echo
1	1	echo

--17035207--2016-10-10--Rob Fletcher
--b4500afc--2016-10-07--Rob Fletcher
2	2	echo
79	69	echo
4	0	echo
4	0	echo
4	0	echo
118	0	echo
86	0	echo

--6c34f31d--2016-10-07--Chris Berry
--482a7ac1--2016-10-07--anotherchrisberry
2	2	echo
25	0	echo

--37eda9f5--2016-09-19--Jeyrs Chabu
--25fee652--2016-09-19--jeyrs
0	3	echo

--7c40b0a7--2016-08-12--Chris Berry
--45d3a2cc--2016-08-12--anotherchrisberry
3	0	echo
1	1	echo

--e23664f9--2016-07-06--Cameron Fieber
--abc2e229--2016-07-06--robertsigler
1	0	echo

--4bbf2cf7--2016-06-30--Cameron Fieber
--192219b3--2016-06-30--Cameron Fieber
14	1	echo

--d665d737--2016-06-30--Cameron Fieber
--c6b23149--2016-06-27--Cameron Fieber
1	1	echo

--0036a3f7--2016-06-24--Tomás Lin
--87e0e60f--2016-06-24--tomaslin
3	3	echo

--7538d78f--2016-06-24--Tomás Lin
--d055bb58--2016-06-23--tomaslin
5	0	echo
10	6	echo
7	2	echo
8	0	echo
53	6	echo
9	9	echo
6	6	echo
2	2	echo

--da850be0--2016-06-21--Adam Jordens
--9b1915c9--2016-06-21--Adam Jordens
3	0	echo
3	1	echo
54	0	echo
64	0	echo
34	0	echo

--db61cafb--2016-06-15--Tomás Lin
--4e9e6114--2016-06-02--tomaslin
1	1	echo
6	6	echo
4	4	echo
4	4	echo

--d333f800--2016-06-10--Brendan Farrell
11	1	echo
38	0	echo
6	2	echo

--4880ea3f--2016-05-31--Lars Wander
--6a385bf2--2016-05-31--Lars Wander
3	2	echo

--f4554122--2016-05-25--Lars Wander
--7363bbd1--2016-05-25--Lars Wander
2	1	echo

--094df73c--2016-05-24--Lars Wander
3	1	echo

--cb7e7aeb--2016-05-02--Chris Berry
--1453eabd--2016-04-06--netwolfuk
1	0	echo
1	0	echo
26	0	echo
13	5	echo
4	0	echo
1	1	echo
138	0	echo
22	7	echo
6	6	echo
2	2	echo
17	6	echo

--30773013--2016-04-19--Tomás Lin
--2361cbce--2016-04-19--Greg Turnquist
2	2	echo
24	1	echo

--d32c562d--2016-04-18--Chris Berry
--06658fdd--2016-04-17--anotherchrisberry
19	4	echo
44	0	echo
1	1	echo
1	1	echo

--16507ecf--2016-04-13--anotherchrisberry
1	1	echo
6	15	echo
0	25	echo
2	4	echo
11	4	echo

--607b7401--2016-04-13--Matt Duftler
7	4	echo
8	6	echo
2	1	echo
18	6	echo

--eea403e3--2016-03-28--Tomás Lin
--8dd65713--2016-03-28--tomaslin
7	1	echo

--78500ab1--2016-03-10--Eric Wiseblatt
--6116aa2a--2016-03-07--peterpd
2	0	echo

--cf0b4849--2016-03-07--Lars Wander
--0ec87f6e--2016-03-05--Lars Wander
15	15	echo
17	0	echo
14	14	echo
1	1	echo
13	4	echo
3	8	echo
113	0	echo
2	3	echo
72	61	echo
169	0	echo
15	6	echo
6	6	echo
2	2	echo

--b7979da2--2016-03-07--Tomás Lin
--e01b5ada--2016-03-06--Rob Fletcher
8	0	echo
1	0	echo

--7deecc2c--2016-03-04--Rob Fletcher
--35113db3--2016-03-02--Lars Wander
0	88	echo
61	0	echo
20	0	echo
44	0	echo
23	0	echo
0	151	echo
118	0	echo
114	0	echo
108	0	echo
3	71	echo
170	0	echo
14	14	echo

--b20939b7--2016-03-02--Rob Fletcher
--dc310de4--2016-03-02--Rob Fletcher
1	1	echo
2	2	echo

--53dc118f--2016-03-02--Rob Fletcher
--9d50a96c--2016-03-02--Rob Fletcher
6	2	echo
7	4	echo
8	4	echo
7	3	echo
0	29	echo
0	1	echo
0	1	echo
0	1	echo
0	1	echo
0	1	echo

--f73292c6--2016-03-01--Rob Fletcher
--c5df09fe--2016-03-01--Rob Fletcher
5	0	echo
1	0	echo
6	0	echo
1	0	echo
6	0	echo
1	0	echo
5	0	echo
1	0	echo

--41a424e8--2016-03-01--Rob Fletcher
--3fcc58d4--2016-03-01--Rob Fletcher
29	0	echo
1	0	echo

--9bcfb535--2016-03-01--Rob Fletcher
--8ed6b8c6--2016-03-01--Rob Fletcher
1	1	echo
1	1	echo

--cb6f5fb3--2016-02-24--Tomás Lin
--a2abbf84--2016-02-24--tomaslin
1	1	echo
1	1	echo
1	1	echo
1	1	echo
1	1	echo
2	2	echo
1	1	echo
1	1	echo

--03c7ce19--2016-02-05--Tomás Lin
--68716749--2016-02-05--tomaslin
2	2	echo
3	4	echo

--866b9a73--2016-02-05--Tomás Lin
--17906dee--2016-02-05--tomaslin
13	5	echo

--c7ca1974--2016-02-05--tomaslin
1	1	echo

--8bb344c2--2016-02-04--Tomás Lin
--082fb39b--2016-02-04--tomaslin
--a0841f0e--2016-02-01--tomaslin
28	0	echo
2	0	echo
11	2	echo
32	13	echo
81	9	echo
14	4	echo
6	6	echo
2	2	echo
10	1	echo

--3bcfa3b5--2016-02-01--Tomás Lin
--c89a4a14--2016-02-01--Nicolas Gramlich
1	1	echo

--810d1026--2016-01-30--Adam Jordens
--e2058886--2016-01-28--edisonH
2	2	echo

--e4f9f437--2016-01-26--Sean Korten
1	0	echo

--0d79d032--2016-01-25--Tomás Lin
--50cbd915--2016-01-25--tomaslin
2	2	echo

--0f899ff6--2016-01-21--Tomás Lin
--60999d55--2016-01-21--Cameron Fieber
1	1	echo

--11d76b6e--2016-01-12--Tomás Lin
--52e6ea53--2016-01-12--Tomás Lin
--96c48206--2016-01-12--Tomás Lin
--02a324fc--2016-01-11--tomaslin
1	0	echo
23	0	echo
48	0	echo
46	0	echo
1	1	echo

--ab024ae8--2016-01-11--Tomás Lin
--6f836684--2016-01-07--Tomás Lin
--8bcdafcb--2016-01-07--tomaslin
1	1	echo
0	40	echo
1	1	echo

--e3a139c3--2016-01-06--Chris Berry
--33bceee1--2016-01-06--Chris Berry
1	1	echo

--b6695830--2015-12-22--Cameron Fieber
--5b237023--2015-12-22--Cameron Fieber
2	8	echo
1	1	echo
0	7	echo
0	7	echo

--56e9f736--2015-12-21--Tomás Lin
--b6b12af8--2015-12-21--tomaslin
1	1	echo

--ecc243b2--2015-12-21--tomaslin
5	8	echo

--6f60674a--2015-12-21--Tomás Lin
--ea59a7f3--2015-12-21--tomaslin
1	0	echo
8	1	echo

--0ede0c79--2015-12-16--Rob Fletcher
1	0	echo
1	0	echo
1	0	echo
1	0	echo

--f433e6c0--2015-12-07--Tomás Lin
--74c68622--2015-12-07--tomaslin
1	1	echo

--0ddb8c5e--2015-12-03--Tomás Lin
--e5af9385--2015-12-03--Tomás Lin
1	1	echo

--eca30167--2015-11-28--Matt Duftler
--1fcbb55b--2015-11-28--Cameron Fieber
1	1	echo
1	1	echo

--b047e9e1--2015-11-24--Tomás Lin
--196f7a80--2015-11-24--Tomás Lin
--53d4b257--2015-11-24--Tomás Lin
--1a6aea3c--2015-11-24--Tomás Lin
--dc0826ea--2015-11-24--tomaslin
1	1	echo

--fe4a3784--2015-11-24--Cameron Fieber
--58ea5750--2015-11-24--Cameron Fieber
1	1	echo

--028649d4--2015-11-24--Cameron Fieber
--cec58ea3--2015-11-24--Cameron Fieber
2	1	echo
5	0	echo
2	2	echo
4	0	echo

--43267641--2015-11-23--tomaslin
1	1	echo

--30536dd2--2015-11-23--Cameron Fieber
--c156ce80--2015-11-23--Cameron Fieber
5	1	echo

--a683be33--2015-11-21--Cameron Fieber
--cae5a034--2015-11-21--Cameron Fieber
1	1	echo

--df3d05b8--2015-11-20--Tomás Lin
--6685082b--2015-11-20--Tomás Lin
--fced9986--2015-11-20--tomaslin
0	30	echo
0	44	echo
0	111	echo
0	52	echo
0	43	echo
0	59	echo
0	85	echo
52	0	echo
1	2	echo
1	1	echo

--37f5d900--2015-11-20--Cameron Fieber
16	0	echo
24	0	echo
17	0	echo

--618ddb86--2015-11-19--tomaslin
21	14	echo
44	0	echo
26	0	echo
20	7	echo
162	0	echo

--108bddb9--2015-11-19--Cameron Fieber
3	3	echo

--cd2ea55a--2015-11-17--Cameron Fieber
--4b514f7e--2015-11-17--David Peterka
1	1	echo

--39765ca5--2015-11-17--Cameron Fieber
--ed9d3f89--2015-11-16--Cameron Fieber
10	3	echo

--26d880d7--2015-11-15--Cameron Fieber
1	1	echo

--e57bb9ca--2015-11-15--Tomás Lin
1	1	echo

--7c9ab222--2015-11-15--Tomás Lin
20	140	echo

--bb1d9ddd--2015-11-15--Cameron Fieber
1	1	echo

--2882d1c0--2015-11-15--Matt Duftler
--8635b869--2015-11-15--David Stenglein
1	2	echo

--e1b4dd73--2015-11-14--Eric Wiseblatt
--c6ba437e--2015-11-14--David Peterka
1	1	echo

--74a2781b--2015-11-14--Matt Duftler
--c320db4e--2015-11-14--Tomás Lin
--3bc45f4f--2015-11-14--Greg Turnquist
2	1	echo
55	0	echo
95	0	echo
25	0	echo
56	0	echo
29	0	echo

--c9400787--2015-11-14--Tomás Lin
1	1	echo

--8e17baf8--2015-11-14--David Peterka
2	1	echo

--46c84d20--2015-11-14--Cameron Fieber
2	2	echo

--0da54516--2015-11-13--Tomás Lin
--f029ff7b--2015-11-13--tomaslin
0	3	echo
0	3	echo
1	2	echo
0	3	echo
0	3	echo
0	1	echo
0	3	echo
0	3	echo
0	3	echo

--33cabb8a--2015-11-13--Tomás Lin
1	10	echo

--6c3328c9--2015-11-13--Cameron Fieber
--7aacf6f8--2015-11-13--Cameron Fieber
9	1	echo

--81e10e2c--2015-11-13--David Peterka
23	2	echo
11	0	echo
8	0	echo
14	0	echo
3	0	echo

--b11d72bb--2015-11-13--Cameron Fieber
17	52	echo
0	53	echo
3	5	echo
3	5	echo
0	2	echo
1	3	echo
0	2	echo
3	4	echo
14	0	echo
3	5	echo
8	9	echo
9	3	echo
3	5	echo
0	2	echo
5	16	echo
0	17	echo
0	121	echo
0	33	echo
-	-	gradle/wrapper/gradle-wrapper.jar
2	18	echo
3	7	echo

--b15b89f3--2015-11-11--Tomas Lin
--2bd035f9--2015-11-11--tomaslin
15	4	echo
2	0	echo
2	0	echo
2	0	echo

--668fc7ef--2015-11-10--Tomas Lin
4	15	echo

--f9fa3347--2015-11-09--Tomas Lin
15	4	echo

--055919e9--2015-11-09--Matt Duftler
--27dca27d--2015-11-09--duftler
4	0	echo

--f55242b1--2015-11-08--Bob T Builder
1	1	echo

--6ca04081--2015-11-08--Tomas Lin
0	5	echo

--415946fc--2015-10-27--Cameron Fieber
--d14026c0--2015-10-27--Cameron Fieber
7	6	echo

--62946607--2015-10-27--Greg Turnquist
2	14	echo

--fea3ba2b--2015-10-22--Cameron Fieber
--4a34b365--2015-10-20--Eric Wiseblatt
13	8	echo

--cfdf0b9e--2015-10-13--Bob T Builder
1	1	echo

--4c508510--2015-10-13--tomaslin
0	26	echo
0	86	echo
0	42	echo
0	170	echo
0	51	echo
0	114	echo
0	307	echo
0	28	echo
0	49	echo
0	72	echo
0	2	echo
1	1	echo

--fd5a4d05--2015-09-22--Bob T Builder
1	1	echo

--9cd3e167--2015-09-22--Tomas Lin
--06e4a011--2015-09-22--tomaslin
2	0	echo
2	0	echo
2	0	echo
2	0	echo

--7930cd05--2015-09-18--Bob T Builder
1	1	echo

--055f4e6e--2015-09-17--tomaslin
2	3	echo

--31a70cd7--2015-09-16--Bob T Builder
1	1	echo

--0093e268--2015-09-15--Tomas Lin
1	1	echo

--5da776d8--2015-09-15--Bob T Builder
1	1	echo

--9ffc5182--2015-09-15--Tomas Lin
1	1	echo

--fa1c1ea7--2015-09-15--Bob T Builder
1	1	echo

--cf16267f--2015-09-15--Bob T Builder
1	1	echo

--c13d16ce--2015-09-15--Tomas Lin
--5e7ff902--2015-09-15--tomaslin
26	0	echo
74	0	echo
53	0	echo
28	0	echo
1	0	echo
1	1	echo

--ff930b4c--2015-09-12--Bob T Builder
1	1	echo

--8b39c213--2015-09-11--Cameron Fieber
1	1	echo

--ba2d2e8f--2015-09-09--Bob T Builder
1	1	echo

--61de56b3--2015-09-09--tomaslin
1	1	echo

--eaa99e9f--2015-08-28--Bob T Builder
1	1	echo

--32285482--2015-08-27--Adam Jordens
0	2	echo
3	2	echo
0	1	echo
0	67	echo

--66d1a44c--2015-08-27--Bob T Builder
1	1	echo

--c4212bf1--2015-08-27--tomaslin
1	1	echo
1	1	echo
1	1	echo

--64c7de10--2015-08-26--Cameron Fieber
--18288ee7--2015-08-26--Steven Kim
10	0	echo

--123a779c--2015-08-25--Bob T Builder
1	1	echo

--01e47a5a--2015-08-25--Tomas Lin
--58848968--2015-08-25--tomaslin
1	1	echo

--217c7a23--2015-08-25--tomaslin
3	0	echo
79	77	echo
19	7	echo
70	60	echo
46	35	echo
0	5	echo
3	0	echo
3	0	echo

--6fee2037--2015-08-25--tomaslin
--62371760--2015-08-21--Bob T Builder
1	1	echo

--43368c71--2015-08-21--Adam Jordens
3	3	echo

--fc656572--2015-08-21--Bob T Builder
1	1	echo

--27c7ed50--2015-08-20--Adam Jordens
26	0	echo

--c3667def--2015-08-20--Bob T Builder
1	1	echo

--e18f0f8e--2015-08-20--Adam Jordens
--8db7652b--2015-08-20--tomaslin
--4de6e42b--2015-08-20--Bob T Builder
1	1	echo

--4072993d--2015-08-20--tomaslin
1	1	echo

--413db09d--2015-08-19--Adam Jordens
3	11	echo

--28f738f4--2015-08-19--Adam Jordens
4	2	echo
2	2	echo
0	14	echo
0	38	echo
68	0	echo
64	0	echo
272	0	echo
1	0	echo
8	82	echo
119	0	echo
16	1	echo
1	0	echo
8	114	echo
147	0	echo
1	0	echo
10	14	echo
33	0	echo
112	0	echo
47	0	echo
50	0	echo
64	0	echo
213	0	echo
81	0	echo
191	0	echo
140	0	echo
1	0	echo
1	1	echo

--468be374--2015-08-19--Bob T Builder
1	1	echo

--c816415d--2015-08-19--Adam Jordens
191	12	echo
10	10	echo
1	1	echo

--9ed2ad3a--2015-08-19--Bob T Builder
1	1	echo

--851e84ee--2015-08-19--tomaslin
2	0	echo

--8d6e6e07--2015-08-19--Bob T Builder
1	1	echo

--26532322--2015-08-19--Rob Fletcher
3	0	echo
12	13	echo

--52adde7f--2015-08-19--tomaslin
1	1	echo

--b74d5cf1--2015-08-18--Bob T Builder
1	1	echo

--0f730cd4--2015-08-18--Rob Fletcher
1	1	echo
1	1	echo

--a7c39a08--2015-08-14--Bob T Builder
1	1	echo

--f57b182b--2015-08-14--Adam Jordens
--a44a1beb--2015-08-13--Adam Jordens
2	2	echo
2	0	echo
34	0	echo
82	0	echo
1897	0	echo
3	1	echo
60	0	echo
3	3	echo
14	0	echo
35	0	echo
0	27	echo
1	1	echo
31	0	echo
59	0	echo
208	0	echo
41	0	echo
76	0	echo
24	0	echo
59	0	echo
0	0	echo
262	0	echo
44	0	echo
42	0	echo
51	0	echo
71415	0	echo
1	0	echo
1	1	echo
1	1	echo

--c77d3305--2015-08-09--tomaslin
1	1	echo

--442efb5e--2015-08-04--Bob T Builder
1	1	echo

--b4ba6fbe--2015-08-04--Adam Jordens
1	1	echo
1	1	echo
0	66	echo
71	0	echo

--81efb6d5--2015-08-03--tomaslin
25	5	echo
2	2	echo
1	1	echo

--cfa4a92f--2015-08-03--tomaslin
2	2	echo
29	3	echo
23	35	echo
53	52	echo
29	28	echo

--1aa31733--2015-08-03--tomaslin
66	0	echo
0	66	echo

--2ad27c23--2015-07-28--Bob T Builder
1	1	echo

--d6b0d498--2015-07-28--Tomas Lin
8	0	echo

--1a505c50--2015-07-27--Bob T Builder
1	1	echo

--4ea989be--2015-07-27--Tomas Lin
--ecc1e512--2015-07-27--Tomas Lin
8	8	echo
27	0	echo
0	27	echo
2	2	echo
1	1	echo
1	1	echo
1	1	echo
1	1	echo

--ae155f1f--2015-07-09--Bob T Builder
1	1	echo

--1cf61868--2015-07-09--Tomas Lin
0	57	echo
0	27	echo

--deaeb9ce--2015-07-09--Tomas Lin
--62153332--2015-07-09--Tomas Lin
3	2	echo
29	108	echo
34	29	echo
28	19	echo
34	35	echo
15	10	echo

--d295e7c4--2015-07-08--Tomas Lin
2	0	echo
2	0	echo
2	0	echo
2	2	echo
2	0	echo
2	0	echo
2	0	echo
2	0	echo
1	0	echo
2	0	echo
2	0	echo
7	0	echo

--1b69543e--2015-07-08--Tomas Lin
2	2	echo
2	2	echo
2	2	echo
16	0	echo
16	0	echo
2	2	echo
2	2	echo
16	0	echo
16	0	echo
2	2	echo
4	4	echo
2	2	echo
2	2	echo
2	2	echo
2	2	echo
4	4	echo
4	4	echo
4	4	echo
4	4	echo
4	4	echo
4	4	echo
2	2	echo
2	2	echo
2	2	echo
4	4	echo
2	2	echo
2	2	echo
2	2	echo
3	3	echo
16	0	echo
2	0	echo
1	1	echo
2	0	echo
2	0	echo
2	0	echo
1	1	echo
16	0	echo
2	0	echo
2	0	echo
2	0	echo
16	0	echo
2	0	echo
2	0	echo
16	0	echo
1	1	echo
1	1	echo
16	0	echo
16	0	echo
1	1	echo
16	0	echo
2	0	echo
2	0	echo
16	0	echo
16	0	echo
3	3	echo
2	2	echo
2	2	echo
2	2	echo
4	4	echo
2	2	echo
2	2	echo
4	4	echo
1	1	echo
16	0	echo
2	2	echo

--3ae594bc--2015-07-08--Tomas Lin
0	62	echo
0	40	echo

--55558f3a--2015-07-08--Tomas Lin
31	0	echo
62	0	echo
28	0	echo
40	0	echo
55	0	echo
38	0	echo
54	0	echo
64	0	echo
41	0	echo
75	0	echo
21	0	echo
25	0	echo
71	0	echo
25	0	echo
38	0	echo
30	0	echo
25	0	echo
134	0	echo
98	0	echo
87	0	echo
8	0	echo
61	0	echo
71	0	echo
44	0	echo
36	0	echo
5	0	echo
7	0	echo
12	0	echo
10	0	echo
1	0	echo
75	0	echo
73	0	echo
27	0	echo
1	0	echo
1	0	echo
1	0	echo
1	1	echo

--a3eb20bc--2015-07-07--Bob T Builder
1	1	echo

--a697fc2d--2015-07-07--Tomas Lin
0	5	echo

--7243027c--2015-07-02--Bob T Builder
1	1	echo

--e6435466--2015-07-02--Tomas Lin
1	1	echo

--031ec58e--2015-07-02--Tomas Lin
--94587fb0--2015-07-02--Bob T Builder
1	1	echo

--977f5b6c--2015-07-02--Tomas Lin
12	7	echo

--2373cee9--2015-06-26--duftler
2	1	echo

--c1d60f42--2015-04-28--Cameron Fieber
--d08f3c85--2015-04-27--duftler
13	0	echo

--833f6fca--2015-04-26--duftler
37	1	echo

--fb574e3a--2015-04-22--Tomas Lin
5	0	echo

--aed6f021--2015-04-20--Bob T Builder
1	1	echo

--aa30a53a--2015-04-20--Bob T Builder
1	1	echo

--b489b031--2015-04-13--Bob T Builder
1	1	echo

--bec9ddc4--2015-04-13--Bob T Builder
1	1	echo

--65e69bad--2015-04-13--Tomas Lin
0	26	echo
0	78	echo
0	6	echo
0	45	echo
0	37	echo

--9be3308f--2015-04-06--Bob T Builder
1	1	echo

--da4631a2--2015-04-06--Bob T Builder
1	1	echo

--4d526a90--2015-04-06--Bob T Builder
1	1	echo

--ce1b34f4--2015-04-06--Bob T Builder
1	1	echo

--61a37392--2015-04-06--Tomas Lin
1	1	echo
1	1	echo

--298bfac7--2015-04-06--Tomas Lin
--f133a813--2015-04-06--Tomas Lin
--fdfc8bb6--2015-04-03--Tomas Lin
3	2	echo
13	14	echo

--1aeb72c6--2015-04-01--Tomas Lin
2	0	echo
14	22	echo
0	11	echo

--b7bed5c8--2015-04-01--Bob T Builder
1	1	echo

--9f01e95e--2015-04-01--Bob T Builder
1	1	echo

--43c7de93--2015-04-01--Adam Jordens
3	7	echo
2	2	echo
1	1	echo
1	1	echo
7	0	echo
4	1	echo
22	7	echo
0	11	echo
1	1	echo

--e4d38fb5--2015-03-27--Tomas Lin
1	11	echo
2	5	echo
18	7	echo
3	5	echo

--d77d30f4--2015-03-26--Tomas Lin
1	1	echo
15	4	echo
2	1	echo

--e5f2aa8e--2015-03-25--Tomas Lin
--cfe9a711--2015-03-25--Bob T Builder
1	1	echo

--9ba85e1d--2015-03-25--Bob T Builder
1	1	echo

--46d64a1c--2015-03-25--Tomas Lin
0	6	echo
6	5	echo
4	7	echo

--1f22e274--2015-03-25--Tomas Lin
25	0	echo
18	30	echo
2	2	echo
0	82	echo

--406a3ad3--2015-03-25--Tomas Lin
6	6	echo
1	0	echo
7	0	echo

--5d778642--2015-03-24--Tomas Lin
3	1	echo
22	1	echo

--c489eb2a--2015-03-25--Bob T Builder
1	1	echo

--50e24b57--2015-03-25--Bob T Builder
1	1	echo

--35b78c6b--2015-03-24--Tomas Lin
--05b6d449--2015-03-24--Rob Fletcher
1	1	echo

--8d47d19c--2015-03-24--Tomas Lin
38	0	echo
28	0	echo
58	0	echo
0	26	echo
0	60	echo
1	1	echo
6	0	echo
1	1	echo

--eb493ae1--2015-03-24--Tomas Lin
0	49	echo
0	73	echo

--1f73337d--2015-03-19--Bob T Builder
1	1	echo

--f6c99b0c--2015-03-19--Bob T Builder
1	1	echo

--fbe81151--2015-03-19--Tomas Lin
1	1	echo
2	4	echo

--75b003d1--2015-03-19--Tomas Lin
4	2	echo

--b56c183a--2015-02-19--Tomas Lin
2	2	echo

--22da7648--2015-02-19--Tomas Lin
1	1	echo

--eb37e75e--2015-02-19--Tomas Lin
11	0	echo

--ffc0c557--2015-02-19--Tomas Lin
1	1	echo
4	1	echo

--6834d95d--2015-01-20--Bob T Builder
1	1	echo

--c0226bd8--2015-01-20--Bob T Builder
1	1	echo

--7f7284e5--2015-01-20--Tomas Lin
5	0	echo
15	6	echo

--5f9d3c24--2015-01-20--Tomas Lin
1	1	echo

--d50b018b--2015-01-20--Bob T Builder
1	1	echo

--11377eee--2015-01-20--Bob T Builder
1	1	echo

--7c84b774--2015-01-20--Tomas Lin
1	1	echo

--49172e78--2015-01-20--Bob T Builder
1	1	echo

--6f34c3be--2015-01-20--Tomas Lin
1	1	echo

--39346415--2015-01-20--Bob T Builder
1	1	echo

--0ca0af72--2015-01-20--Tomas Lin
--57b18744--2015-01-20--Tomas Lin
1	1	echo

--033b40a8--2015-01-20--Bob T Builder
1	1	echo

--59159004--2015-01-20--Bob T Builder
1	1	echo

--340f301d--2015-01-19--Tomas Lin
0	2	echo

--75b16ce2--2015-01-19--Tomas Lin
--511b4ab2--2015-01-19--Tomas Lin
2	2	echo
6	5	echo
13	2	echo
23	8	echo
24	6	echo
0	11	echo
11	0	echo

--edb0281b--2014-12-12--Bob T Builder
1	1	echo

--a05deafa--2014-12-12--Bob T Builder
1	1	echo

--ca666635--2014-12-12--Tomas Lin
3	3	echo
2	2	echo
0	1	echo
7	9	echo

--4d6522e6--2014-12-11--Tomas Lin
1	0	echo
26	0	echo
84	0	echo
7	2	echo
43	0	echo
2	26	echo
71	0	echo

--1367753b--2014-11-05--Daniel Woods
2	1	echo

--3f117ecd--2014-11-05--Daniel Woods
1	1	echo

--21dc7551--2014-11-04--Dan Woods
--a7d0ca0f--2014-11-04--Daniel Woods
9	0	echo
0	5	echo
2	18	echo

--ac3639bd--2014-10-24--Tomas Lin
0	27	echo
0	33	echo
0	30	echo
0	59	echo
0	57	echo
0	41	echo
0	81	echo
0	117	echo
1	1	echo

--b9678644--2014-10-23--Bob T Builder
1	1	echo

--564e7a31--2014-10-23--Bob T Builder
1	1	echo

--6b703492--2014-10-23--Tomas Lin
10	5	echo

--4b25351c--2014-10-20--Bob T Builder
1	1	echo

--de0e94a2--2014-10-20--Bob T Builder
1	1	echo

--6b7e77b2--2014-10-20--Tomas Lin
2	1	echo
1	2	echo

--116c32c8--2014-10-20--Bob T Builder
1	1	echo

--b23f8549--2014-10-20--Bob T Builder
1	1	echo

--3e78db97--2014-10-20--Tomas Lin
0	2	echo

--d2f00b5b--2014-10-16--Bob T Builder
1	1	echo

--dff9b16e--2014-10-16--Bob T Builder
1	1	echo

--5657ec17--2014-10-16--Tomas Lin
1	1	echo

--0c4aa5ac--2014-10-16--Bob T Builder
1	1	echo

--f4796c73--2014-10-16--Bob T Builder
1	1	echo

--f174aa45--2014-10-16--Tomas Lin
0	4	echo
14	1	echo

--2488fb72--2014-10-16--Tomas Lin
--e88fd99e--2014-10-16--Tomas Lin
4	11	echo
3	8	echo
9	6	echo

--6c1bfd43--2014-10-15--Tomas Lin
1	1	echo

--e3c66c63--2014-10-15--Tomas Lin
1	1	echo
27	0	echo
33	0	echo
30	0	echo
66	0	echo
66	0	echo
41	0	echo
78	0	echo
104	0	echo
1	0	echo
1	1	echo

--e72aa6cb--2014-10-10--Bob T Builder
1	1	echo

--365b22f7--2014-10-10--Bob T Builder
1	1	echo

--51f0d37e--2014-10-09--Bob T Builder
1	1	echo

--74ff326d--2014-10-09--Bob T Builder
1	1	echo

--3747e417--2014-10-09--Tomas Lin
--4a5e1a83--2014-10-08--Tomas Lin
--72a24f50--2014-10-03--Tomas Lin
26	0	echo
49	0	echo
60	0	echo
73	0	echo
1	1	echo
1	1	echo

--68342f2e--2014-10-03--Bob T Builder
1	1	echo

--10466c10--2014-10-03--Bob T Builder
1	1	echo

--391ea559--2014-10-03--Tomas Lin
1	0	echo

--36707de9--2014-10-03--Tomas Lin
9	6	echo

--d3aad47e--2014-10-02--Bob T Builder
1	1	echo

--21f3c1ad--2014-10-02--Bob T Builder
1	1	echo

--50dc17cc--2014-10-01--Tomas Lin
3	3	echo

--1557dde4--2014-10-01--Bob T Builder
1	1	echo

--fbf878b5--2014-10-01--Bob T Builder
1	1	echo

--c57ad764--2014-09-30--Tomas Lin
4	1	echo

--23b65458--2014-09-30--Bob T Builder
1	1	echo

--49f4b3e3--2014-09-30--Bob T Builder
1	1	echo

--cb091ef8--2014-09-30--Tomas Lin
5	1	echo
1	0	echo
2	0	echo

--09b4c1a9--2014-09-15--Bob T Builder
1	1	echo

--0629c912--2014-09-15--Bob T Builder
1	1	echo

--266cfb28--2014-09-15--Tomas Lin
7	1	echo
2	0	echo

--c93b3c6b--2014-08-27--Tomas Lin
--f80a70e4--2014-08-27--Tomas Lin
11	2	echo
21	5	echo
13	10	echo
89	29	echo
3	0	echo

--74574d6b--2014-08-26--Bob T Builder
1	1	echo

--1b1cdb67--2014-08-26--Bob T Builder
1	1	echo

--46e2c344--2014-08-26--Tomas Lin
2	1	echo

--d1790bbf--2014-08-26--Tomas Lin
1	1	echo
4	7	echo
2	1	echo
22	2	echo

--e3102e0a--2014-08-26--Tomas Lin
51	3	echo

--b6ec22b2--2014-08-26--Tomas Lin
4	4	echo

--27e34142--2014-08-26--Tomas Lin
91	10	echo

--8a0b3d02--2014-08-26--Tomas Lin
2	2	echo
2	2	echo

--daaa877e--2014-08-26--Tomas Lin
0	4	echo

--96e1a26a--2014-08-26--Tomas Lin
1	1	echo
9	3	echo
21	11	echo
11	7	echo
49	5	echo

--d990fb17--2014-08-25--Tomas Lin
3	3	echo

--47a51114--2014-08-25--Tomas Lin
8	3	echo

--d4da1e4a--2014-08-25--Tomas Lin
1	1	echo

--30c9165c--2014-08-25--Bob T Builder
1	1	echo

--e9667aaf--2014-08-25--Bob T Builder
1	1	echo

--133dc05b--2014-08-25--Tomas Lin
--17aacc01--2014-08-25--Tomas Lin
1	0	echo
12	11	echo
106	0	echo

--abb72e0c--2014-08-25--Bob T Builder
1	1	echo

--f39463a1--2014-08-25--Bob T Builder
1	1	echo

--a36535d5--2014-08-25--Tomas Lin
18	13	echo
53	6	echo

--3f5079e6--2014-08-22--Tomas Lin
11	0	echo
1	1	echo
6	2	echo
16	5	echo
19	6	echo
2	2	echo
15	10	echo
1	0	echo

--4772e3f7--2014-08-22--Tomas Lin
18	11	echo
49	10	echo
51	13	echo

--5a93579b--2014-08-21--Tomas Lin
2	0	echo
1	1	echo

--30a1ac53--2014-08-21--Tomas Lin
--31689639--2014-08-21--Tomas Lin
16	0	echo
2	2	echo
31	6	echo
16	0	echo
34	19	echo
19	1	echo
96	0	echo
16	0	echo
1	0	echo
1	0	echo
16	0	echo
16	0	echo

--935a3fe2--2014-08-20--Tomas Lin
2	2	echo

--cafb4cac--2014-08-20--Bob T Builder
1	1	echo

--446ff566--2014-08-20--Bob T Builder
1	1	echo

--46d753cb--2014-08-20--Tomas Lin
--8e73728a--2014-08-20--Tomas Lin
0	4	echo

--d93d96bf--2014-08-20--Bob T Builder
1	1	echo

--e83d904d--2014-08-20--Bob T Builder
1	1	echo

--3de3d51d--2014-08-20--Bob T Builder
1	1	echo

--85462b1d--2014-08-20--Bob T Builder
1	1	echo

--d386009a--2014-08-19--Bob T Builder
1	1	echo

--1ed50cd1--2014-08-19--Bob T Builder
1	1	echo

--0c48448d--2014-08-19--Tomas Lin
0	1	echo
2	3	echo

--3d3d8532--2014-08-18--Tomas Lin
0	1	echo
2	1	echo
1	1	echo
31	17	echo
32	0	echo
1	0	echo

--c2483309--2014-08-13--Tomas Lin
1	1	echo

--5a45b576--2014-08-13--Tomas Lin
1	1	echo

--c2f315d2--2014-08-13--Tomas Lin
1	1	echo

--94e5db39--2014-08-13--Tomas Lin
1	1	echo

--0c7300fd--2014-08-13--Tomas Lin
3	2	echo

--c4d0f003--2014-08-13--Bob T Builder
1	1	echo

--0e4bf234--2014-08-13--Bob T Builder
1	1	echo

--3db7a6aa--2014-08-13--Tomas Lin
12	24	echo
17	1	echo
16	0	echo
7	0	echo
2	2	echo
1	1	echo

--3bd3e458--2014-08-13--Tomas Lin
21	0	echo
25	0	echo
22	0	echo
47	0	echo

--e9a10e85--2014-08-12--Tomas Lin
42	0	echo

--5f95180b--2014-08-12--Tomas Lin
1	0	echo
58	73	echo
1	0	echo
3	0	echo
1	1	echo
1	1	echo
13	1	echo

--eac80f8b--2014-08-12--Tomas Lin
2	1	echo
2	2	echo

--845a40a1--2014-08-12--Tomas Lin
105	0	echo
33	0	echo
-	-	gradle/wrapper/gradle-wrapper.jar
2	2	echo

--8338a0aa--2014-08-12--Tomas Lin
49	0	echo
50	0	echo
40	0	echo
67	0	echo
54	0	echo
40	0	echo
9	0	echo
9	0	echo
0	50	echo
0	40	echo
0	67	echo
0	54	echo
0	55	echo
0	10	echo
0	9	echo

--4a3f1372--2014-08-12--Tomas Lin
8	0	echo
31	0	echo
48	0	echo
68	0	echo
46	0	echo

--0ef115cc--2014-08-12--Tomas Lin
9	0	echo
93	0	echo
52	0	echo
45	0	echo
102	0	echo
37	0	echo
0	52	echo
0	93	echo
0	45	echo
0	92	echo
0	37	echo

--b676f902--2014-08-11--Tomas Lin
5	0	echo
28	0	echo
25	0	echo
26	0	echo

--7c87a532--2014-07-29--Tomas Lin
1	1	echo

--35cb9eb4--2014-07-29--Tomas Lin
1	1	echo

--52e519e4--2014-07-29--Tomas Lin
8	10	echo

--946a1694--2014-06-23--Tomas Lin
9	0	echo
9	0	echo
201	0	echo
31	0	echo
110	0	echo
53	0	echo
17	0	echo
-	-	gradle/wrapper/gradle-wrapper.jar
6	0	echo
164	0	echo
90	0	echo
18	0	echo
50	0	echo
52	0	echo
40	0	echo
67	0	echo
54	0	echo
55	0	echo
93	0	echo
45	0	echo
10	0	echo
9	0	echo
92	0	echo
37	0	echo
