
--88a7216--2023-03-02--Sandesh
2	0	fiat
0	4	fiat
0	6	fiat
0	6	fiat

--6e69c81--2023-02-17--Sandesh
0	1	fiat

--7f84ae1--2023-02-07--Jørgen Jervidalo
3	0	fiat
8	1	fiat

--b304eb8--2023-02-07--ovidiupopa07
2	2	fiat
41	2	fiat

--6d4bcfc--2023-02-07--ovidiupopa07
2	2	fiat
39	2	fiat

--6123b32--2023-01-23--Sandesh
1	0	fiat
3	15	fiat

--8c622d1--2023-01-19--Matt Sicker
21	43	fiat

--b50d621--2022-12-08--Sandesh
0	9	fiat

--52351b0--2022-11-18--David Byron
1	1	fiat

--7885764--2022-11-17--David Byron
1	1	fiat

--9ad1d22--2022-11-17--David Byron
1	1	fiat

--55dbe27--2022-09-14--kskewes-sf
1	1	fiat

--b42440c--2022-09-13--David Byron
1	1	fiat

--5ebf6b8--2022-09-02--Apoorv Mahajan
7	0	fiat
56	0	fiat
14	4	fiat
18	1	fiat
16	2	fiat
79	3	fiat
47	0	fiat
4	2	fiat
24	2	fiat

--0acc9f9--2022-08-31--Tina
12	0	fiat
2	1	fiat
6	0	fiat
35	0	fiat
12	1	fiat
4	0	fiat
56	0	fiat
88	0	fiat
10	0	fiat

--d741969--2022-08-14--Marcin Flis
8	2	fiat
8	2	fiat
8	2	fiat

--87932d8--2022-08-02--Cameron Motevasselani
1	1	fiat

--611cd94--2022-08-02--armory-abedonik
3	0	fiat
39	0	fiat

--e77eba1--2022-08-01--Matt Sicker
4	0	fiat
48	0	fiat
35	5	fiat
52	0	fiat
20	38	fiat
8	0	fiat
22	1	fiat
14	0	fiat
37	0	fiat
26	1	fiat
1	0	fiat
2	0	fiat
10	0	fiat
44	0	fiat
20	0	fiat
12	0	fiat
53	0	fiat

--ce8faf8--2022-07-26--armory-abedonik
2	2	fiat
1	1	fiat

--906ecd7--2022-07-26--chriskotula
21	0	fiat
81	0	fiat
240	0	fiat
76	0	fiat
9	169	fiat
78	0	fiat
81	0	fiat
2	10	fiat

--9e7b7a0--2022-06-24--Matt Sicker
2	0	fiat
1	0	fiat
14	0	fiat
38	0	fiat
4	2	fiat
11	2	fiat
1	0	fiat
3	0	fiat
20	0	fiat
2	0	fiat

--6c22e4c--2022-05-20--kskewes-sf
12	1	fiat

--8972abd--2022-05-12--Pere
18	0	fiat
14	0	fiat

--d383865--2022-04-27--kskewes-sf
2	16	fiat

--843977c--2022-04-27--kskewes-sf
15	9	fiat

--23cf00d--2022-04-26--David Byron
1	1	fiat

--3a2a347--2022-04-21--kskewes-sf
16	0	fiat

--c879f34--2022-04-14--Sandesh
1	0	fiat

--3cf7254--2022-04-08--Cameron Motevasselani
1	1	fiat

--9f4120c--2022-04-01--David Byron
1	1	fiat

--1af69f4--2022-04-01--David Byron
1	0	fiat
21	1	fiat

--58bd47a--2022-04-01--David Byron
1	0	fiat
21	1	fiat

--54fab39--2022-04-02--Nathan Essex
8	14	fiat

--9050e3d--2022-04-02--Nathan Essex
9	0	fiat
24	4	fiat

--dd191f0--2022-04-01--Matt Sicker
3	0	fiat
16	0	fiat
22	6	fiat
26	5	fiat

--25cb9f4--2022-03-22--kskewes-sf
48	9	fiat
36	12	fiat
56	14	fiat

--a8bd0ee--2022-03-18--kskewes-sf
3	1	fiat
5	1	fiat
2	1	fiat

--0dcab33--2022-03-17--kskewes-sf
14	13	fiat
31	32	fiat
11	12	fiat

--cb79e23--2022-03-11--kskewes-sf
5	5	fiat

--e1b6bd7--2022-03-10--David Byron
2	2	fiat

--3959ceb--2022-03-10--David Byron
42	2	fiat
26	1	fiat
47	2	fiat

--ca45708--2022-03-10--Sandesh
1	1	fiat

--8306933--2022-03-02--David Byron
3	0	fiat

--ea88218--2022-03-01--Cameron Motevasselani
8	8	fiat
2	2	fiat

--665b5fe--2022-03-01--Thomas Schaaf
7	3	fiat
5	14	fiat
0	27	fiat

--f53d60e--2022-02-23--kskewes-sf
3	7	fiat
3	7	fiat
3	7	fiat

--b423f22--2022-01-19--Cameron Motevasselani
15	10	fiat

--a748d82--2021-12-07--Edgar Garcia
4	4	fiat
5	5	fiat
1	1	fiat
1	1	fiat
4	4	fiat
6	6	fiat
1	1	fiat

--494bc87--2021-12-07--edgarulg
4	4	fiat
5	5	fiat
1	1	fiat
1	1	fiat
4	4	fiat
6	6	fiat
1	1	fiat

--461f759--2021-12-05--Dan Everton
12	9	fiat
32	24	fiat
14	18	fiat
16	16	fiat
15	15	fiat
99	237	fiat
18	19	fiat
4	1	fiat

--31b3d20--2021-12-04--Cameron Fieber
1	1	fiat

--f884afb--2021-12-04--Repon Kumar Roy
1	1	fiat

--7aa8adb--2021-12-04--Patrik Greco
0	4	fiat

--717679d--2021-12-04--Rob Zienert
1	1	fiat

--b8f739f--2021-11-15--David Byron
2	0	fiat
4	3	fiat
0	7	fiat

--0966862--2021-09-14--Nathan Essex
1	0	fiat
9	0	fiat
141	120	fiat
77	67	fiat

--67f3e83--2021-08-13--Cameron Motevasselani
3	3	fiat
5	5	fiat
1	1	fiat
1	1	fiat
4	4	fiat
5	5	fiat
2	2	fiat

--a96dbf1--2021-08-13--Cameron Motevasselani
1	0	fiat

--04b7148--2021-08-13--Cameron Motevasselani
1	0	fiat

--b846508--2021-08-13--Cameron Motevasselani
8	5	fiat
5	2	fiat
0	1	fiat

--ba8b456--2021-03-19--Daniel Peach
8	5	fiat
5	2	fiat
0	1	fiat

--ab2f52a--2021-07-29--Dan Everton
4	0	fiat
1	0	fiat
54	8	fiat
601	178	fiat
0	50	fiat
28	0	fiat
0	47	fiat
44	0	fiat
69	0	fiat
71	0	fiat
67	0	fiat
27	0	fiat
9	0	fiat
75	0	fiat
19	0	fiat
19	0	fiat
0	544	fiat
0	104	fiat
739	0	fiat
121	0	fiat
71	0	fiat
10	1	fiat
10	2	fiat

--b42ac29--2021-07-29--Dan Everton
1	1	fiat
3	1	fiat
3	1	fiat
2	2	fiat
3	1	fiat
41	22	fiat
6	4	fiat
46	4	fiat
13	10	fiat
16	16	fiat
2	2	fiat
2	2	fiat
3	3	fiat
2	1	fiat
8	5	fiat
3	3	fiat
5	1	fiat
10	10	fiat
3	3	fiat
1	1	fiat

--6d62aec--2021-03-22--Daniel Peach
3	3	fiat
5	5	fiat
1	1	fiat
1	1	fiat
3	3	fiat
4	4	fiat
5	5	fiat
1	1	fiat

--7ecd979--2021-03-19--Daniel Peach
8	5	fiat
5	2	fiat
0	1	fiat

--f878cb5--2021-03-11--Dan Everton
8	0	fiat
11	0	fiat
2	3	fiat
31	1	fiat
4	0	fiat
62	6	fiat

--754bb07--2021-03-08--Chris Smalley
8	2	fiat
4	2	fiat

--07dc0f2--2021-03-09--Dan Everton
54	48	fiat

--1be70ba--2021-03-04--Dan Everton
2	0	fiat
14	17	fiat
3	0	fiat
3	0	fiat
3	0	fiat
47	0	fiat
56	0	fiat
59	0	fiat
325	0	fiat
50	0	fiat
47	0	fiat
4	0	fiat
69	0	fiat
1	0	fiat
488	0	fiat
104	0	fiat
8	0	fiat
4	1	fiat
1	1	fiat
46	0	fiat
1	5	fiat
13	0	fiat
20	0	fiat
26	1	fiat
0	6	fiat
1	0	fiat
42	0	fiat
3	0	fiat

--44c931d--2021-03-03--Dan Everton
12	4	fiat
1	1	fiat
9	6	fiat
13	7	fiat
1	1	fiat
0	49	fiat
52	0	fiat

--086e192--2021-02-23--Dan Everton
19	130	fiat
0	1	fiat

--e8a17cb--2021-02-11--Cameron Fieber
1	0	fiat

--3ffc4b2--2021-02-09--Adam Jordens
12	0	fiat

--08c1659--2021-02-05--Adam Jordens
3	1	fiat

--5c9c60a--2021-02-05--Adam Jordens
6	6	fiat
3	2	fiat
12	20	fiat
7	5	fiat
47	0	fiat
4	3	fiat
2	1	fiat
32	0	fiat
4	1	fiat
5	5	fiat
1	1	fiat
10	6	fiat
12	2	fiat

--a975d7b--2021-01-30--Alexandra Spillane
2	1	fiat
15	1	fiat

--e15ef30--2021-01-19--Adam Jordens
1	1	fiat

--29c1697--2020-11-10--Cameron Fieber
1	1	fiat

--d9023b6--2020-10-06--Chris Smalley
2	2	fiat
1	1	fiat

--911c97c--2020-10-06--Chris Smalley
14	0	fiat
33	33	fiat
2	1	fiat
1	1	fiat
7	7	fiat

--fde193e--2020-09-30--Chris Smalley
4	4	fiat
1	1	fiat

--f2bc5c6--2020-09-25--Chris Smalley
14	0	fiat

--ea55b70--2020-09-24--Chris Smalley
2	0	fiat
35	9	fiat
45	3	fiat

--347296f--2020-09-24--Patrik Greco
0	1	fiat
0	5	fiat

--6d76e12--2020-09-14--Fabrice
17	2	fiat

--b5e7279--2020-09-10--Michael Plump
1	6	fiat
1	6	fiat
1	6	fiat
1	4	fiat
1	1	fiat
1	0	fiat

--9bfa0fd--2020-09-09--Cameron Fieber
1	1	fiat

--6aeed13--2020-09-08--Cameron Fieber
19	0	fiat

--2050fc5--2020-09-08--Cameron Fieber
61	13	fiat
16	9	fiat

--a51a845--2020-09-08--Cameron Fieber
36	10	fiat

--bdb09ab--2020-09-08--Patrik Greco
1	0	fiat
5	0	fiat

--ca87f8b--2020-09-02--Cameron Fieber
1	1	fiat

--a505a79--2020-09-02--Cameron Fieber
10	5	fiat
10	2	fiat
18	0	fiat
14	0	fiat
9	11	fiat
50	0	fiat
126	34	fiat
6	0	fiat
110	12	fiat
4	1	fiat
17	5	fiat
0	23	fiat
1	0	fiat

--46a2f47--2020-08-27--Cameron Fieber
1	1	fiat

--b421b06--2020-08-26--Cameron Fieber
1	0	fiat
33	0	fiat
1	6	fiat

--61f1e36--2020-08-25--Cameron Fieber
1	0	fiat
63	17	fiat
29	15	fiat

--0ac386f--2020-08-19--Cameron Fieber
32	18	fiat
16	7	fiat
5	2	fiat

--0e4b470--2020-08-18--Cameron Fieber
-	-	gradle/wrapper/gradle-wrapper.jar
1	1	fiat
1	1	fiat
3	18	fiat

--a6eda9c--2020-08-12--Michael Plump
1	1	fiat
0	8	fiat
4	3	fiat
3	3	fiat
0	8	fiat

--e2a09da--2020-08-04--Karl
3	1	fiat

--9596559--2020-07-29--Michael Plump
3	1	fiat
5	2	fiat
1	1	fiat

--b60d8dc--2020-07-10--Cameron Fieber
7	40	fiat
6	17	fiat
1	1	fiat

--4a617eb--2020-07-09--Cameron Fieber
4	5	fiat

--6f42644--2020-07-06--Cameron Fieber
1	1	fiat

--2574263--2020-07-02--keke
1	0	fiat

--fbd1b08--2020-06-25--Glauco Vinicius
1	1	fiat

--092df3f--2020-06-24--Cameron Fieber
1	1	fiat
1	1	fiat
2	0	fiat

--daf58f5--2020-06-23--Daniel Peach
39	37	fiat
2	2	fiat
38	3	fiat
1	0	fiat
19	13	fiat
2	0	fiat
2	0	fiat
2	2	fiat
2	0	fiat
41	13	fiat
2	0	fiat
2	0	fiat
1	0	fiat
54	27	fiat
3	1	fiat
3	0	fiat
21	14	fiat
10	0	fiat

--c7b9e99--2020-05-21--Sairam Rekapalli
2	0	fiat
8	5	fiat
1	0	fiat
14	5	fiat
9	23	fiat
3	3	fiat

--9dd58e6--2020-05-21--Cameron Fieber
-	-	gradle/wrapper/gradle-wrapper.jar
1	1	fiat
2	0	fiat
1	0	fiat

--c722764--2020-05-20--Rob Zienert
0	1	fiat
0	26	fiat
2	2	fiat

--4c9aa59--2020-05-20--Cameron Fieber
3	3	fiat
0	1	fiat
8	7	fiat

--e3c7a66--2020-05-14--Eric Zimanyi
1	1	fiat
6	0	fiat
0	2	fiat

--eac2cf6--2020-05-14--Cameron Fieber
2	0	fiat
8	0	fiat

--8fa8bdb--2020-05-13--Sairam Rekapalli
1	0	fiat
9	19	fiat

--e638e6b--2020-05-07--Cameron Fieber
0	2	fiat
1	0	fiat
1	0	fiat

--a28ad96--2020-05-07--Cameron Fieber
1	1	fiat
-	-	gradle/wrapper/gradle-wrapper.jar
1	1	fiat
15	20	fiat
4	1	fiat

--32141f6--2020-05-05--Cameron Fieber
13	0	fiat
8	0	fiat

--0d58386--2020-05-05--Cameron Fieber
47	0	fiat
2	43	fiat
11	0	fiat

--60d60bd--2020-04-28--Daniel Peach
1	0	fiat
1	0	fiat
2	1	fiat
5	1	fiat
1	0	fiat

--5465523--2020-04-20--Michael Plump
4	4	fiat

--528e8c9--2020-04-18--Cameron Fieber
1	1	fiat

--c485eac--2020-04-17--Cameron Fieber
1	1	fiat

--d6c92c1--2020-04-17--Cameron Fieber
4	5	fiat
1	0	fiat
3	2	fiat
7	12	fiat
5	1	fiat
4	24	fiat
0	12	fiat
1	1	fiat
1	2	fiat
1	1	fiat
9	1	fiat

--855e8f9--2020-04-16--Chris Smalley
0	6	fiat

--6b8d16d--2020-04-14--Eric Zimanyi
1	0	fiat

--63633cb--2020-04-08--Michael Plump
7	19	fiat
1	0	fiat

--42a30bf--2020-04-08--Michael Plump
1	1	fiat

--5529c57--2020-04-08--Michael Plump
10	1	fiat

--18b642f--2020-04-06--Cameron Fieber
1	1	fiat

--b9b0cbd--2020-04-03--Repon Kumar Roy
3	0	fiat
46	0	fiat
61	0	fiat

--b47aef4--2020-04-03--Michael Plump
6	1	fiat
6	1	fiat
7	2	fiat
9	3	fiat
6	4	fiat
1	1	fiat

--27e720b--2020-04-02--Cameron Fieber
12	2	fiat

--aaebd07--2020-04-01--Cameron Motevasselani
1	1	fiat

--531885e--2020-03-27--Michael Plump
2	0	fiat

--9acb48a--2020-03-25--Chris Smalley
29	0	fiat
7	9	fiat

--735bd15--2020-03-25--Eric Zimanyi
32	3	fiat

--000688d--2020-03-24--Cameron Fieber
3	0	fiat
1	1	fiat
7	0	fiat
5	3	fiat

--2f2c948--2020-03-19--Cameron Fieber
27	1	fiat
1	1	fiat
57	7	fiat

--64021e9--2020-03-16--Cameron Fieber
2	1	fiat
1	1	fiat
28	0	fiat
27	0	fiat
49	0	fiat
10	49	fiat
93	0	fiat
8	0	fiat
27	0	fiat
49	0	fiat
15	77	fiat
27	0	fiat
48	0	fiat
5	40	fiat
0	72	fiat
49	0	fiat
3	3	fiat
0	4	fiat
0	1	fiat
44	14	fiat
6	1	fiat
0	43	fiat
65	0	fiat
0	7	fiat
0	10	fiat
15	13	fiat

--a1cb3cc--2020-03-14--Cameron Fieber
1	1	fiat

--6b01722--2020-03-13--Chris Smalley
1	1	fiat

--b8f09de--2020-03-13--Chris Smalley
0	32	fiat
0	20	fiat
0	4	fiat

--04d4cf0--2020-03-13--Chris Smalley
1	0	fiat

--0e67816--2020-03-13--Chris Smalley
1	1	fiat
3	3	fiat

--1f120fc--2020-03-13--Chris Smalley
28	0	fiat
0	26	fiat
1	1	fiat
1	1	fiat
1	1	fiat

--48e6a47--2020-03-12--Chris Smalley
0	48	fiat
2	2	fiat
2	2	fiat
24	27	fiat
14	0	fiat

--68efd02--2020-03-11--Chris Smalley
1	0	fiat

--f396f37--2020-03-11--Chris Smalley
22	3	fiat

--68c04cf--2020-03-11--Chris Smalley
1	1	fiat

--a4d9cfb--2020-03-11--Chris Smalley
48	0	fiat
1	1	fiat
1	1	fiat
24	12	fiat
17	0	fiat

--d647af7--2020-03-11--Chris Smalley
2	3	fiat

--b74a10c--2020-03-11--Chris Smalley
1	0	fiat

--474b2a5--2020-03-10--Chris Smalley
1	1	fiat

--4c4f132--2020-03-10--Chris Smalley
1	1	fiat

--9306b5a--2020-03-10--Chris Smalley
2	2	fiat

--738be15--2020-03-10--Cameron Fieber
1	1	fiat
-	-	gradle/wrapper/gradle-wrapper.jar
1	1	fiat
20	15	fiat
1	4	fiat

--a9103d1--2020-03-10--Cameron Fieber
1	1	fiat
-	-	gradle/wrapper/gradle-wrapper.jar
1	1	fiat
15	20	fiat
4	1	fiat

--c3828db--2020-03-10--Cameron Fieber
2	1	fiat
1	1	fiat
1	0	fiat
1	0	fiat

--3150665--2020-03-09--Chris Smalley
1	1	fiat

--26e9969--2020-03-09--Chris Smalley
2	2	fiat

--a5296ca--2020-03-09--Chris Smalley
0	27	fiat
12	3	fiat

--a96e173--2020-03-09--Chris Smalley
1	1	fiat
1	1	fiat
27	0	fiat
1	1	fiat

--894ddd4--2020-03-09--Chris Smalley
1	1	fiat
2	2	fiat

--ff9e2b7--2020-03-09--Chris Smalley
26	0	fiat
3	9	fiat
30	0	fiat
0	19	fiat

--50cbc68--2020-03-06--Michael Plump
1	1	fiat

--2e3501c--2020-03-06--Chris Smalley
7	0	fiat
32	15	fiat
48	0	fiat

--f5317aa--2020-03-04--Michael Plump
3	3	fiat

--5777e9d--2020-03-02--Brandon Powell
1	1	fiat
1	1	fiat
1	1	fiat
1	1	fiat

--2a76731--2020-03-02--Brandon Powell
1	0	fiat
1	0	fiat
1	0	fiat
1	0	fiat

--cd0c591--2020-02-28--Michael Plump
1	8	fiat

--3f18692--2020-02-28--Pedro Gonçalves
1	1	fiat
3	3	fiat
2	2	fiat

--c58ef48--2020-02-27--Michael Plump
7	0	fiat

--b8e775a--2020-02-26--Mark Vulfson
3	2	fiat
1	1	fiat

--366f60f--2020-02-26--Pedro Gonçalves
--7aed69f--2020-02-26--Pedro Gonçalves
1	1	fiat
2	1	fiat
3	3	fiat
3	3	fiat
2	2	fiat

--f1fb551--2020-02-24--Michael Plump
12	6	fiat
2	2	fiat
2	2	fiat
3	3	fiat
3	3	fiat

--c4513b9--2020-02-18--Sanjeev Thatiparthi
2	1	fiat
22	6	fiat

--ef1e3df--2020-02-14--Adam Jordens
--52d41f7--2020-02-10--Chris Smalley
10	0	fiat
64	0	fiat
1	1	fiat
3	0	fiat
4	4	fiat
1	1	fiat
3	3	fiat
9	0	fiat
11	0	fiat
2	2	fiat

--8ed1a5a--2020-02-10--Rob Zienert
1	0	fiat

--b400e85--2020-02-03--Travis Tomsu
7	2	fiat

--83cddbb--2020-01-27--Pierre Delagrave
1	1	fiat

--1e03ebc--2020-01-24--Pierre Delagrave
1	1	fiat
2	2	fiat
1	1	fiat
1	3	fiat
1	1	fiat

--695585e--2020-01-16--Kathryn Lewis
1	1	fiat

--fd07128--2020-01-15--Michael Plump
7	0	fiat
1	1	fiat
1	1	fiat
7	0	fiat

--d372f97--2020-01-13--Adam Jordens
1	1	fiat

--4dd258e--2020-01-07--Pierre Delagrave
1	1	fiat
2	2	fiat
1	1	fiat
3	1	fiat
2	2	fiat

--a6fc5bb--2019-12-30--Michael Plump
1	1	fiat

--8f307b9--2019-12-18--Adam Jordens
23	0	fiat
1	6	fiat

--13c4bcf--2019-12-16--Chris Smalley
8	1	fiat
2	10	fiat

--cd2f2bd--2019-12-14--Michael Plump
2	2	fiat

--e3935c9--2019-12-11--Cameron Fieber
5	4	fiat

--a40265e--2019-12-11--Chris Smalley
1	0	fiat
21	2	fiat

--8466926--2019-12-11--Chris Smalley
21	1	fiat

--d798ec0--2019-12-10--Scott Frederick
1	1	fiat
2	2	fiat
1	1	fiat
1	3	fiat
1	1	fiat

--9950fb2--2019-12-09--Chris Smalley
10	0	fiat

--17ed589--2019-12-06--Chris Smalley
38	0	fiat
28	0	fiat
1	1	fiat
0	12	fiat
14	2	fiat
36	0	fiat
8	5	fiat
2	4	fiat
12	0	fiat

--e9a380f--2019-12-05--Chris Smalley
61	0	fiat
0	61	fiat
2	2	fiat
39	0	fiat
13	33	fiat

--74bb3e5--2019-12-02--Travis Tomsu
11	0	fiat

--2bf1472--2019-11-22--Xavi León
2	1	fiat
2	0	fiat
2	2	fiat

--a8ed1e8--2019-11-15--AbdulRahmanAlHamali
2	6	fiat
9	5	fiat

--d61aef0--2019-11-05--AbdulRahmanAlHamali
2	2	fiat
1	1	fiat

--157872f--2019-11-04--Cameron Fieber
3	1	fiat
13	4	fiat

--ab3a13a--2019-11-04--Adam Jordens
2	0	fiat
0	3	fiat

--2807538--2019-10-29--Cameron Fieber
1	1	fiat

--b2f7e67--2019-10-28--Cameron Fieber
6	0	fiat

--83ebd89--2019-10-28--Cameron Fieber
2	1	fiat
37	0	fiat
2	1	fiat
9	5	fiat
3	2	fiat

--37ac06d--2019-10-28--AbdulRahmanAlHamali
122	0	fiat
78	0	fiat
8	0	fiat

--161c7b2--2019-10-25--Cameron Fieber
11	0	fiat

--6460ffd--2019-10-24--Cameron Fieber
11	12	fiat
1	3	fiat
1	1	fiat

--60a8606--2019-10-23--AbdulRahmanAlHamali
48	0	fiat
14	0	fiat
17	0	fiat
2	1	fiat
4	2	fiat
1	1	fiat
3	0	fiat
2	0	fiat
51	14	fiat
86	3	fiat

--966b739--2019-10-23--Mark Vulfson
4	0	fiat

--37654d2--2019-10-18--Mark Vulfson
19	0	fiat

--4afff61--2019-10-18--Jørgen Jervidalo
1	0	fiat
4	2	fiat
4	2	fiat
3	1	fiat

--b850012--2019-10-14--Cameron Fieber
3	4	fiat
29	22	fiat
15	6	fiat
23	20	fiat
35	0	fiat
56	0	fiat
0	94	fiat
94	0	fiat
0	46	fiat
53	0	fiat
0	147	fiat
123	0	fiat
0	49	fiat
57	0	fiat
43	0	fiat
0	86	fiat
86	0	fiat
58	0	fiat
3	1	fiat
45	0	fiat
45	0	fiat
21	29	fiat
6	2	fiat
0	130	fiat
130	0	fiat
14	13	fiat
2	3	fiat
109	0	fiat
8	5	fiat

--6941f94--2019-10-10--German Muzquiz
1	0	fiat

--623dae5--2019-09-26--Chris Smalley
5	1	fiat
35	4	fiat

--1b5a3d2--2019-09-26--Chris Smalley
29	6	fiat
7	0	fiat
63	0	fiat
9	17	fiat
37	0	fiat

--7e297c5--2019-09-12--Mark Vulfson
2	2	fiat
1	1	fiat
1	1	fiat
1	1	fiat

--8cdc9fc--2019-09-03--Mark Vulfson
2	2	fiat

--b233ae2--2019-08-20--Pierre Delagrave
0	14	fiat
6	0	fiat
1	7	fiat
7	0	fiat
0	13	fiat

--bc580ba--2019-08-09--Eric Zimanyi
2	2	fiat

--c525982--2019-07-26--Eric Zimanyi
0	14	fiat
9	6	fiat

--3e20188--2019-07-25--Michael Plump
10	0	fiat
8	0	fiat
6	0	fiat
3	0	fiat
6	0	fiat
12	0	fiat
6	0	fiat

--a2062b2--2019-07-24--Cameron Fieber
6	0	fiat
1	1	fiat
1	1	fiat

--22a82c0--2019-07-16--Emily Burns
1	0	fiat

--61c1bbb--2019-07-07--Nastya Smirnova
3	0	fiat
0	5	fiat

--f228238--2019-07-03--Maggie Neterval
3	1	fiat

--bd52240--2019-07-01--Maggie Neterval
3	0	fiat

--ffefe34--2019-06-18--Mark Vulfson
35	30	fiat
49	0	fiat
1	0	fiat

--f6893a0--2019-06-17--dreynaud
7	1	fiat

--4172c68--2019-06-07--Cameron Fieber
3	3	fiat

--1cf3baa--2019-06-07--Cameron Fieber
4	2	fiat
1	1	fiat

--1d0ef72--2019-06-06--Cameron Fieber
10	4	fiat
80	76	fiat
1	1	fiat

--381db2c--2019-05-28--Nicolas Cohen
7	0	fiat
3	0	fiat
4	0	fiat
2	0	fiat
3	0	fiat

--ed2db48--2019-05-22--Nicolas Cohen
7	0	fiat
3	0	fiat
4	0	fiat
2	0	fiat
3	0	fiat

--737003b--2019-05-20--Cameron Fieber
2	5	fiat
2	2	fiat
1	2	fiat
2	0	fiat

--bdc3367--2019-05-13--Eric Zimanyi
2	2	fiat

--6d9fbd8--2019-05-10--Jammy Louie
2	2	fiat
1	1	fiat

--6596a33--2019-05-09--Eric Zimanyi
8	1	fiat

--fa5915a--2019-05-01--Adam Jordens
10	5	fiat
10	7	fiat

--4e4c282--2019-05-01--Adam Jordens
10	0	fiat

--967153b--2019-05-01--Adam Jordens
10	0	fiat

--c40d36b--2019-04-30--Adam Jordens
37	16	fiat

--1df3824--2019-04-29--Adam Jordens
42	12	fiat

--87a0d24--2019-04-29--Rob Zienert
7	7	fiat
2	2	fiat
8	10	fiat
15	10	fiat
17	12	fiat
19	22	fiat
9	9	fiat
130	114	fiat
11	9	fiat
17	11	fiat
2	1	fiat
27	24	fiat
1	2	fiat
2	3	fiat
0	1	fiat
23	16	fiat
1	2	fiat
23	34	fiat
1	3	fiat
4	1	fiat
2	5	fiat
10	12	fiat
1	2	fiat
6	5	fiat
13	15	fiat
0	1	fiat
8	14	fiat
12	18	fiat
139	124	fiat
11	23	fiat
2	2	fiat
56	69	fiat
4	5	fiat
30	32	fiat
1	3	fiat
13	13	fiat
0	1	fiat
9	11	fiat
7	13	fiat
5	7	fiat
59	68	fiat
1	2	fiat
3	3	fiat
10	9	fiat
6	18	fiat
169	159	fiat
17	20	fiat
4	12	fiat
33	35	fiat
4	4	fiat
14	13	fiat
3	6	fiat
0	2	fiat
1	2	fiat
5	12	fiat
1	2	fiat
35	36	fiat
1	2	fiat
4	9	fiat
7	12	fiat
6	5	fiat
85	84	fiat
5	7	fiat
15	19	fiat
4	12	fiat
3	11	fiat
13	13	fiat
79	70	fiat
1	2	fiat
1	2	fiat
27	32	fiat
3	3	fiat
7	13	fiat
2	4	fiat

--0c80f7b--2019-04-29--Pere
46	6	fiat
72	0	fiat

--9c66f50--2019-04-29--Dibyo Mukherjee
0	1	fiat
41	2	fiat
58	1	fiat
2	1	fiat
3	0	fiat

--47ea27d--2019-04-26--Dibyo Mukherjee
1	1	fiat

--4ec93db--2019-04-26--Dibyo Mukherjee
1	1	fiat

--a912798--2019-04-26--Cameron Fieber
1	0	fiat

--bb8a3b6--2019-04-24--Cameron Fieber
26	37	fiat
15	26	fiat
8	34	fiat
2	3	fiat
36	32	fiat
1	1	fiat
3	2	fiat
11	39	fiat
5	18	fiat
8	1	fiat
1	4	fiat
1	3	fiat
1	2	fiat
9	19	fiat
4	7	fiat
4	6	fiat
5	2	fiat
5	2	fiat
1	1	fiat
9	4	fiat
2	2	fiat
7	10	fiat
1	1	fiat
3	3	fiat
5	19	fiat
6	10	fiat
2	2	fiat
5	13	fiat
2	3	fiat
2	8	fiat
15	13	fiat
1	1	fiat
1	2	fiat
1	0	fiat
6	6	fiat
19	18	fiat
3	2	fiat
7	19	fiat
5	5	fiat
1	1	fiat
4	4	fiat
5	2	fiat
13	4	fiat
2	1	fiat
0	1	fiat
3	2	fiat
3	4	fiat
0	14	fiat
2	3	fiat
-	-	gradle/wrapper/gradle-wrapper.jar
1	1	fiat
17	1	fiat
17	1	fiat

--57207a6--2019-04-24--Cameron Fieber
1	1	fiat

--d26254a--2019-04-23--Cameron Fieber
2	2	fiat
1	1	fiat

--fa1f056--2019-04-23--Cameron Fieber
1	1	fiat

--fb79831--2019-04-23--Cameron Fieber
--d912d40--2019-04-23--Brandon Powell
1	0	fiat
1	0	fiat
1	0	fiat
1	0	fiat
1	0	fiat
1	0	fiat
1	0	fiat
1	0	fiat
1	1	fiat

--849ab8a--2019-04-23--Rob Zienert
3	0	fiat

--df017c7--2019-04-22--Cameron Fieber
8	2	fiat
1	0	fiat
1	1	fiat
0	14	fiat
1	1	fiat

--cfa2357--2019-04-22--Cameron Fieber
--4651b4b--2019-04-22--Adam Jordens
1	1	fiat

--6afcf62--2019-04-22--Dibyo Mukherjee
2	1	fiat
1	1	fiat
1	2	fiat
2	1	fiat

--bdbae49--2019-04-22--Cameron Fieber
1	1	fiat

--3f8fa98--2019-04-22--Cameron Fieber
--29f9990--2019-04-19--Adam Jordens
10	3	fiat
4	0	fiat

--f69e7c8--2019-04-18--Adam Jordens
1	1	fiat

--4e85f1b--2019-04-18--Cameron Fieber
13	3	fiat
13	22	fiat
8	37	fiat
2	3	fiat
36	32	fiat
1	1	fiat
3	2	fiat
11	39	fiat
4	12	fiat
8	1	fiat
1	4	fiat
1	3	fiat
1	2	fiat
10	20	fiat
4	7	fiat
4	6	fiat
4	1	fiat
1	1	fiat
1	1	fiat
1	1	fiat
1	7	fiat
1	1	fiat
0	1	fiat
1	17	fiat
0	1	fiat
1	1	fiat
0	1	fiat

--69350e0--2019-04-18--Cameron Fieber
--6b10574--2019-04-18--Dibyo Mukherjee
43	23	fiat

--81cb1f0--2019-04-18--Adam Jordens
39	0	fiat
10	13	fiat
7	1	fiat

--38a59e2--2019-04-17--Adam Jordens
1	5	fiat

--972c3f3--2019-04-16--Cameron Fieber
16	50	fiat
23	24	fiat
12	16	fiat
9	3	fiat
7	9	fiat
6	9	fiat
10	11	fiat
15	12	fiat
20	16	fiat
-	-	gradle/wrapper/gradle-wrapper.jar
1	1	fiat
17	1	fiat
17	1	fiat

--61cdc5c--2019-04-12--Cameron Fieber
--03d8217--2019-04-12--Cameron Fieber
2	1	fiat

--1a04e08--2019-04-12--Cameron Fieber
--d3fafaf--2019-04-12--Cameron Fieber
1	1	fiat

--28db241--2019-04-11--Emily Burns
1	1	fiat

--9645925--2019-04-11--Adam Jordens
16	1	fiat
7	0	fiat

--2734743--2019-04-10--Emily Burns
1	1	fiat

--c37b283--2019-04-10--Dibyo Mukherjee
9	0	fiat
17	0	fiat

--c311a3d--2019-04-10--Dibyo Mukherjee
1	5	fiat
25	0	fiat
7	0	fiat

--737cc74--2019-04-01--Rob Fletcher
1	0	fiat

--54aacf5--2019-04-01--Rob Fletcher
0	36	fiat

--af66546--2019-03-26--Dibyo Mukherjee
1	1	fiat

--8c4679f--2019-03-26--Dibyo Mukherjee
1	0	fiat
6	0	fiat

--6c09171--2019-03-25--Dibyo Mukherjee
1	3	fiat

--b256f87--2019-03-13--Rob Zienert
0	1	fiat

--eb19e22--2019-03-13--Rob Zienert
1	0	fiat

--32b74ca--2019-03-12--Rob Zienert
1	1	fiat

--bdebc70--2019-03-11--Rob Zienert
1	1	fiat

--99268cc--2019-03-11--Rob Zienert
1	1	fiat

--3a8a981--2019-03-11--Rob Zienert
1	1	fiat
0	1	fiat

--35738da--2019-03-14--Rob Zienert
2	2	fiat

--d481c73--2019-03-13--Rob Zienert
0	1	fiat
0	1	fiat

--13d0078--2019-03-13--Rob Zienert
1	3	fiat

--30cb454--2019-03-13--Rob Zienert
11	0	fiat
1	1	fiat
5	3	fiat

--72e6321--2019-03-12--Rob Zienert
0	1	fiat
4	4	fiat
7	0	fiat

--ccc04a3--2019-03-12--Rob Zienert
1	1	fiat
1	1	fiat

--c888310--2019-03-11--Rob Zienert
1	1	fiat

--a4f053b--2019-03-11--Rob Zienert
5	1	fiat

--e0289ae--2019-03-11--Rob Zienert
3	1	fiat
2	2	fiat
5	2	fiat
1	1	fiat
2	2	fiat
1	1	fiat
2	2	fiat
5	19	fiat
2	2	fiat
2	3	fiat
2	8	fiat
1	1	fiat
1	2	fiat
6	6	fiat
3	2	fiat
2	2	fiat
5	5	fiat
1	1	fiat

--9e5e707--2019-03-26--Chris Berry
10	3	fiat

--9c40dd4--2019-03-22--Jørgen Jervidalo
2	0	fiat
8	1	fiat
59	0	fiat
2	1	fiat
49	0	fiat
28	0	fiat
66	0	fiat
26	3	fiat
6	0	fiat
7	2	fiat
2	1	fiat

--f89e60f--2019-03-18--Xavi León
27	9	fiat
59	18	fiat
6	15	fiat

--241e275--2019-03-13--Rob Zienert
0	1	fiat
0	1	fiat

--6771c5d--2019-03-13--Rob Zienert
1	3	fiat

--23cf89c--2019-03-13--Rob Zienert
11	0	fiat
1	1	fiat
5	3	fiat

--9ae7c05--2019-03-13--Dibyo Mukherjee
22	36	fiat

--4ea2d71--2019-03-13--Dibyo Mukherjee
22	36	fiat

--94acd82--2019-03-12--Rob Zienert
0	1	fiat
4	4	fiat
7	0	fiat

--01547ca--2019-03-12--Rob Zienert
1	1	fiat
1	1	fiat

--e2efff0--2019-03-11--Rob Zienert
1	1	fiat

--54b8e4a--2019-03-11--Rob Zienert
5	1	fiat

--ef6450d--2019-03-11--Rob Zienert
3	1	fiat
2	2	fiat
5	2	fiat
1	1	fiat
2	2	fiat
1	1	fiat
2	2	fiat
5	19	fiat
2	2	fiat
2	3	fiat
2	8	fiat
1	1	fiat
1	2	fiat
6	6	fiat
3	2	fiat
2	5	fiat
5	5	fiat
1	1	fiat
3	3	fiat

--521c973--2019-03-07--Brandon Powell
1	1	fiat
1	1	fiat

--b6dc1da--2019-02-21--Eric Zimanyi
1	4	fiat
0	6	fiat
0	6	fiat

--32220f5--2019-02-05--Adam Jordens
2	0	fiat
6	6	fiat

--3625eab--2019-01-31--Eric Zimanyi
6	5	fiat
5	7	fiat
2	7	fiat
2	2	fiat

--59e1559--2019-01-31--Gard Rimestad
30	0	fiat
19	2	fiat
7	1	fiat
39	3	fiat

--cbb4443--2019-01-25--Dibyo Mukherjee
2	2	fiat

--226456f--2019-01-10--Guoqing Geng
1	1	fiat

--4c92e21--2018-12-07--Gard Rimestad
1	1	fiat

--dadc01a--2018-12-06--Gard Rimestad
9	0	fiat
7	2	fiat
20	0	fiat
2	0	fiat
4	0	fiat
15	1	fiat
65	0	fiat

--6014fe2--2018-11-30--Dibyo Mukherjee
1	1	fiat

--62daf3f--2018-11-16--Dibyo Mukherjee
51	15	fiat
45	0	fiat

--83a7ef2--2018-11-15--Dibyo Mukherjee
13	24	fiat

--d609f7e--2018-11-12--Adam Jordens
13	24	fiat

--8968304--2018-11-09--Dibyo Mukherjee
24	13	fiat

--02b6889--2018-11-09--Dibyo Mukherjee
24	13	fiat

--89c6612--2018-11-05--Cameron Fieber
1	1	fiat

--950261b--2018-10-30--Dibyo Mukherjee
2	2	fiat

--93a8379--2018-10-25--Cameron Fieber
1	1	fiat
1	1	fiat
-	-	gradle/wrapper/gradle-wrapper.jar
1	1	fiat

--06655eb--2018-10-25--Dibyo Mukherjee
12	2	fiat
8	4	fiat
1	0	fiat
3	0	fiat

--e176a3b--2018-10-25--Travis Tomsu
10	7	fiat
3	5	fiat
6	5	fiat
14	0	fiat
5	4	fiat

--b1fd0b3--2018-10-11--Daniel Peach
1	1	fiat

--142f6bb--2018-10-05--dreynaud
0	1	fiat

--ede4a83--2018-10-04--Sujatha Muthuswamy
1	1	fiat

--a214c5c--2018-10-02--Travis Tomsu
4	1	fiat

--9d56881--2018-10-02--Eric Zimanyi
10	0	fiat
6	0	fiat

--5063d38--2018-10-02--Dibyo Mukherjee
2	0	fiat
10	1	fiat
94	0	fiat

--4fb1da6--2018-09-28--Adam Jordens
4	2	fiat
5	0	fiat
5	0	fiat

--4045c08--2018-09-06--Adam Jordens
1	1	fiat

--012bea7--2018-08-30--Robert Farr
3	1	fiat
171	41	fiat
11	0	fiat
26	0	fiat

--58c8150--2018-08-29--Adam Jordens
1	1	fiat

--2c8212d--2018-08-29--Dibyo Mukherjee
1	1	fiat

--49acfd7--2018-08-29--Dibyo Mukherjee
1	1	fiat

--3fc0363--2018-08-28--Adam Jordens
40	0	fiat
49	14	fiat

--397706a--2018-08-02--Adam Jordens
9	2	fiat
29	18	fiat
30	4	fiat
15	7	fiat

--8a72a11--2018-08-01--Cameron Fieber
10	0	fiat
73	9	fiat
22	1	fiat

--ffcd505--2018-07-20--Adam Jordens
1	1	fiat
8	0	fiat
20	0	fiat

--ae34dd1--2018-07-16--Adam Jordens
8	3	fiat

--92bd5be--2018-07-16--Rob Zienert
1	1	fiat
28	0	fiat
10	0	fiat
5	2	fiat

--edd1fb6--2018-07-12--Adam Jordens
10	2	fiat

--5bb1af3--2018-07-12--Adam Jordens
1	3	fiat

--0157f72--2018-07-11--Adam Jordens
9	0	fiat
23	4	fiat
1	0	fiat
4	0	fiat
17	4	fiat
11	4	fiat
14	0	fiat
2	0	fiat
16	31	fiat

--47697f5--2018-07-09--Adam Jordens
1	1	fiat

--2face82--2018-07-09--Adam Jordens
0	6	fiat
54	47	fiat
15	4	fiat

--9f364c4--2018-07-02--Adam Jordens
0	1	fiat
22	39	fiat

--452bc21--2018-06-29--Adam Jordens
1	1	fiat
6	4	fiat
9	4	fiat
7	4	fiat
9	4	fiat
7	5	fiat
2	6	fiat
5	4	fiat
5	5	fiat
3	2	fiat
6	5	fiat

--31deb4c--2018-06-27--Adam Jordens
2	1	fiat

--492eaa4--2018-06-27--Adam Jordens
1	1	fiat
2	1	fiat
50	21	fiat
10	0	fiat
33	0	fiat
1	0	fiat
5	1	fiat

--c3dea1d--2018-06-27--Dibyo Mukherjee
5	0	fiat

--4ed42b2--2018-06-25--Dibyo Mukherjee
1	1	fiat

--fa97ea7--2018-06-19--Adam Jordens
43	3	fiat
43	0	fiat

--369ffd5--2018-06-18--Adam Jordens
4	0	fiat
1	0	fiat

--64bc33d--2018-06-18--Adam Jordens
7	2	fiat

--6635f01--2018-06-18--Adam Jordens
1	1	fiat
2	2	fiat
0	112	fiat
52	0	fiat
8	11	fiat
87	88	fiat
50	43	fiat
7	11	fiat
30	15	fiat
4	5	fiat

--c9e2fd8--2018-06-13--Adam Jordens
6	11	fiat
18	4	fiat
7	13	fiat
60	0	fiat
6	3	fiat

--112f58a--2018-06-08--Adam Jordens
2	0	fiat
27	17	fiat
0	2	fiat
12	4	fiat
5	0	fiat
21	2	fiat
8	2	fiat

--92b7c94--2018-05-30--Cameron Fieber
2	2	fiat
4	5	fiat
4	0	fiat

--6048e25--2018-06-06--Adam Jordens
1	1	fiat
2	0	fiat
43	57	fiat
19	16	fiat
2	0	fiat
47	13	fiat
36	2	fiat

--f5ddbc2--2018-05-24--Daniel Peach
7	2	fiat
7	2	fiat

--c480983--2018-05-14--Stephen Chen
5	2	fiat
4	0	fiat

--6b05e17--2018-05-11--Dibyo Mukherjee
1	1	fiat

--3167d18--2018-05-08--Dibyo Mukherjee
2	5	fiat
4	7	fiat

--109def3--2018-05-02--Eric Zimanyi
1	1	fiat

--b91ac52--2018-04-20--Jon Schneider
1	1	fiat
1	4	fiat
-	-	gradle/wrapper/gradle-wrapper.jar
1	2	fiat
42	30	fiat
4	10	fiat

--d4b09d3--2018-04-19--Sergey Reshetnyak
1	1	fiat

--bac75ed--2018-04-04--Lars Wander
1	1	fiat

--dfb5f38--2018-04-04--Lars Wander
4	0	fiat

--f8860ff--2018-03-16--Rob Zienert
1	0	fiat

--475148f--2018-03-07--Brian Kruger
1	1	fiat

--8f4fa43--2018-02-16--Pedro Gonçalves
1	1	fiat

--2a7603f--2018-02-08--Daniel Williams
1	1	fiat

--b55b932--2017-11-23--Pedro Goncalves
4	1	fiat
10	4	fiat
9	4	fiat
1	1	fiat
1	1	fiat
1	1	fiat
47	0	fiat
18	5	fiat
27	0	fiat
2	2	fiat
2	2	fiat
1	1	fiat
32	0	fiat
11	4	fiat
5	5	fiat
15	10	fiat
6	6	fiat

--80d45e0--2018-01-23--Cameron Fieber
3	3	fiat

--032c78a--2018-01-19--Cameron Fieber
14	2	fiat

--42cc012--2017-11-30--Cameron Fieber
1	1	fiat

--abe67a0--2017-11-30--Brandon Nelson
1	1	fiat

--32c29d6--2017-11-28--Brandon Nelson
14	0	fiat

--d8399d7--2017-11-17--Cameron Fieber
1	1	fiat
2	0	fiat

--8ee0c44--2017-11-15--Cameron Fieber
3	3	fiat
1	1	fiat
1	1	fiat
1	1	fiat
1	1	fiat

--ac894ef--2017-11-15--John Engelman
7	1	fiat

--3285f55--2017-11-13--Cameron Fieber
2	1	fiat

--55b1010--2017-11-03--Kevin Woo
6	1	fiat

--ac964c1--2017-10-31--John Engelman
9	2	fiat

--75c950b--2017-10-16--Fabian Heymann
1	1	fiat

--bcbdad1--2017-10-13--Fabian Heymann
2	0	fiat
42	7	fiat

--2798bb5--2017-08-21--Adam Jordens
1	1	fiat

--f4f3d49--2017-08-21--Adam Jordens
1	1	fiat

--46e370e--2017-08-18--Travis Tomsu
1	1	fiat
1	1	fiat

--c2aa618--2017-07-24--Travis Tomsu
3	13	fiat
1	1	fiat
1	0	fiat
40	0	fiat
2	5	fiat
6	0	fiat
0	6	fiat
1	1	fiat
1	1	fiat

--f1be881--2017-07-24--Travis Tomsu
3	13	fiat
1	1	fiat
1	0	fiat
40	0	fiat
2	5	fiat
6	0	fiat
0	6	fiat
1	1	fiat
1	1	fiat

--2229a5f--2017-07-12--Travis Tomsu
4	0	fiat

--ca1b038--2017-07-11--Travis Tomsu
1	0	fiat
23	0	fiat
110	0	fiat
50	0	fiat
9	0	fiat
1	0	fiat
8	1	fiat

--c97f935--2017-07-11--Travis Tomsu
3	1	fiat

--616801b--2017-07-10--Travis Tomsu
14	0	fiat
2	2	fiat

--e775f0d--2017-06-21--Travis Tomsu
2	0	fiat
107	0	fiat
2	2	fiat
1	2	fiat
12	1	fiat
13	1	fiat
0	33	fiat
0	23	fiat
9	3	fiat
9	9	fiat
1	1	fiat
5	0	fiat
1	1	fiat

--2dfa632--2017-06-19--Travis Tomsu
1	1	fiat
1	0	fiat
6	0	fiat
9	5	fiat
2	6	fiat
0	1	fiat
15	0	fiat
7	1	fiat
14	0	fiat

--af0040c--2017-06-16--Travis Tomsu
1	1	fiat

--09bb686--2017-06-16--Travis Tomsu
1	0	fiat
2	0	fiat
4	12	fiat
5	5	fiat
1	4	fiat
3	8	fiat
5	0	fiat
17	14	fiat
55	4	fiat
49	4	fiat
77	0	fiat
3	10	fiat
9	0	fiat
2	0	fiat
7	7	fiat
2	3	fiat

--e4f1f6a--2017-06-12--Travis Tomsu
5	0	fiat

--17b1c62--2017-06-08--Travis Tomsu
8	1	fiat
3	0	fiat

--50ef2ab--2017-05-31--Travis Tomsu
1	1	fiat

--2f28e6f--2017-05-31--Travis Tomsu
72	7	fiat
1	1	fiat

--5bd3d74--2017-04-25--Travis Tomsu
1	1	fiat
6	13	fiat

--e5d9630--2017-04-24--Travis Tomsu
1	0	fiat
7	13	fiat
15	0	fiat
27	0	fiat
5	7	fiat
13	36	fiat
54	40	fiat
4	3	fiat
4	3	fiat
14	18	fiat
22	0	fiat
55	0	fiat
1	1	fiat
15	10	fiat
2	1	fiat
5	21	fiat
16	13	fiat
44	0	fiat
2	0	fiat
1	1	fiat
2	2	fiat
6	8	fiat
2	0	fiat

--d12c767--2017-04-10--Travis Tomsu
1	0	fiat
12	5	fiat
0	0	fiat
4	0	fiat
19	11	fiat
8	20	fiat
9	23	fiat
59	0	fiat
0	24	fiat
163	0	fiat
8	0	fiat
4	7	fiat
6	3	fiat
3	1	fiat
1	1	fiat
170	0	fiat
35	0	fiat
6	0	fiat
1	0	fiat
48	30	fiat
0	22	fiat
0	22	fiat
29	1	fiat
1	19	fiat
1	23	fiat
3	2	fiat
0	22	fiat
2	2	fiat
0	22	fiat
2	2	fiat
15	5	fiat
3	3	fiat
103	1	fiat
0	62	fiat
13	29	fiat
1	1	fiat
2	2	fiat
7	0	fiat
1	0	fiat
12	12	fiat
6	6	fiat
11	2	fiat
19	15	fiat

--ac7915a--2017-04-10--Cameron Fieber
5	3	fiat
7	3	fiat
31	0	fiat
14	5	fiat
31	0	fiat
14	5	fiat
1	3	fiat
1	3	fiat
1	2	fiat
18	6	fiat

--c41b3a9--2017-04-03--Michael Tweten
2	0	fiat
18	2	fiat

--3b94a31--2017-03-30--Travis Tomsu
5	5	fiat

--afc0703--2017-03-29--Cameron Fieber
8	0	fiat

--15bfbbd--2017-03-28--Travis Tomsu
1	0	fiat
11	0	fiat
52	34	fiat
3	3	fiat
14	12	fiat

--f43f407--2017-03-28--Cameron Fieber
1	1	fiat

--8fb330e--2017-03-22--Jacob Kiefer
4	0	fiat

--ca893aa--2017-03-15--Lars Wander
3	1	fiat

--c563782--2017-03-10--Travis Tomsu
0	115	fiat
0	32	fiat
46	0	fiat
112	0	fiat
30	0	fiat

--90f9260--2017-03-01--Jacob Kiefer
14	0	fiat

--e548657--2017-02-22--Travis Tomsu
0	2	fiat

--b38b931--2017-02-21--Matt Duftler
--8d21b99--2017-02-21--Greg Turnquist
3	9	fiat

--7b81ca8--2017-02-14--Jacob Kiefer
1	1	fiat

--aa94f4d--2017-02-13--Travis Tomsu
2	5	fiat
3	2	fiat

--bffdbdf--2017-02-13--Pedro Gonçalves
11	0	fiat
22	0	fiat

--1708d40--2017-02-03--Travis Tomsu
--be56f04--2017-02-02--Travis Tomsu
4	3	fiat
12	0	fiat
5	1	fiat

--14e59f3--2017-02-02--Jacob Kiefer
2	0	fiat

--9d5c9d8--2017-02-02--Travis Tomsu
--66b3d9b--2017-02-02--Travis Tomsu
2	2	fiat

--6113953--2017-02-02--Travis Tomsu
--f62fe0d--2017-02-02--Travis Tomsu
7	0	fiat

--04acdd6--2017-02-02--Travis Tomsu
2	1	fiat

--9364762--2017-01-25--Travis Tomsu
11	19	fiat
100	99	fiat
8	6	fiat
0	79	fiat
28	0	fiat
27	0	fiat

--8b4f152--2017-01-25--Travis Tomsu
9	0	fiat
2	1	fiat
10	1	fiat
8	0	fiat
2	2	fiat

--461ef60--2017-01-25--Travis Tomsu
3	1	fiat

--0d9cca9--2017-01-18--Travis Tomsu
10	0	fiat
2	1	fiat
29	0	fiat
61	0	fiat
123	0	fiat
1	0	fiat
1	1	fiat

--f061290--2017-01-18--Lars Wander
6	0	fiat

--f788b0d--2017-01-12--Travis Tomsu
36	20	fiat
1	0	fiat

--a6fd53a--2017-01-11--Travis Tomsu
17	0	fiat
1	1	fiat
8	0	fiat

--432777a--2017-01-11--Travis Tomsu
12	0	fiat
38	0	fiat
2	1	fiat
1	1	fiat

--8e8beff--2017-01-10--Travis Tomsu
1	0	fiat
11	2	fiat
36	0	fiat
1	1	fiat

--18588b1--2016-11-30--Travis Tomsu
1	1	fiat
1	0	fiat
21	2	fiat

--e59cfbd--2016-11-11--Travis Tomsu
1	0	fiat

--7f83fd4--2016-11-09--Cameron Fieber
4	4	fiat

--aae3efe--2016-11-01--Eric Wiseblatt
13	2	fiat
1	0	fiat

--5a3b3fb--2016-11-01--Travis Tomsu
2	2	fiat
1	1	fiat

--67282d6--2016-11-01--Travis Tomsu
9	1	fiat
48	22	fiat
22	0	fiat
4	0	fiat

--f004e6a--2016-11-01--Travis Tomsu
2	2	fiat

--f33e69a--2016-10-19--Travis Tomsu
3	3	fiat
1	1	fiat

--cc33be7--2016-10-18--Travis Tomsu
1	1	fiat

--6295ea9--2016-10-12--Travis Tomsu
0	1	fiat

--410507d--2016-10-12--Travis Tomsu
1	0	fiat
4	0	fiat
4	0	fiat
7	4	fiat
47	0	fiat

--b0df75c--2016-10-06--Travis Tomsu
20	0	fiat
21	0	fiat
1	1	fiat

--21de354--2016-10-06--Travis Tomsu
--47854a2--2016-10-06--Travis Tomsu
21	4	fiat
4	0	fiat
16	1	fiat

--8e3e49f--2016-10-05--Travis Tomsu
--6f933e2--2016-10-05--Travis Tomsu
11	1	fiat

--df5c69f--2016-10-04--Travis Tomsu
--ce0704d--2016-10-04--Travis Tomsu
4	1	fiat

--3d17975--2016-10-04--Travis Tomsu
--3e2fa07--2016-10-04--Travis Tomsu
4	0	fiat
1	0	fiat
35	11	fiat

--5723ef6--2016-10-04--Travis Tomsu
--e2604e1--2016-10-03--Travis Tomsu
6	6	fiat
3	2	fiat
1	1	fiat
1	1	fiat
4	2	fiat

--f897190--2016-10-03--Travis Tomsu
--edf78ce--2016-10-03--Travis Tomsu
9	3	fiat
6	0	fiat

--89f0d6a--2016-10-03--Travis Tomsu
4	3	fiat
0	1	fiat
4	2	fiat
0	4	fiat

--8e28138--2016-10-03--Travis Tomsu
3	3	fiat
7	3	fiat

--5c8f22e--2016-10-03--Travis Tomsu
1	0	fiat
116	0	fiat
19	0	fiat

--31c2349--2016-10-03--Travis Tomsu
7	3	fiat
1	1	fiat
2	0	fiat
5	9	fiat
9	2	fiat
3	3	fiat
1	1	fiat
50	0	fiat
28	0	fiat
37	0	fiat
48	0	fiat
38	0	fiat
92	16	fiat
2	0	fiat
32	0	fiat

--30a4dab--2016-09-30--Travis Tomsu
1	0	fiat
0	1	fiat

--a13b3de--2016-09-29--Travis Tomsu
1	1	fiat

--cc375d9--2016-09-29--Travis Tomsu
4	0	fiat

--cbd111b--2016-09-28--Travis Tomsu
5	0	fiat

--e8712e8--2016-09-28--Travis Tomsu
30	10	fiat
34	0	fiat
5	2	fiat
14	6	fiat
23	2	fiat
7	5	fiat
7	4	fiat

--f9fc633--2016-09-28--Travis Tomsu
1	1	fiat
11	0	fiat
66	0	fiat
31	0	fiat
166	0	fiat
50	0	fiat
79	0	fiat
30	0	fiat
199	0	fiat
0	1	fiat
0	69	fiat
0	101	fiat
112	0	fiat
0	31	fiat
0	166	fiat
0	50	fiat
0	75	fiat
0	199	fiat
1	8	fiat
4	2	fiat
1	1	fiat

--7412fc3--2016-09-28--Travis Tomsu
2	2	fiat
29	0	fiat
0	29	fiat
2	0	fiat
2	0	fiat
4	3	fiat
2	0	fiat
50	0	fiat
9	6	fiat
2	0	fiat

--344c3a2--2016-09-28--Greg BOUGEARD
13	0	fiat

--a169202--2016-09-27--Cameron Fieber
3	0	fiat

--704929b--2016-09-27--Cameron Fieber
--f6aaf83--2016-09-27--Cameron Fieber
2	2	fiat
1	1	fiat

--c4d8e33--2016-09-27--Travis Tomsu
0	2	fiat
14	6	fiat
0	3	fiat
7	9	fiat
5	3	fiat
6	3	fiat
2	2	fiat
2	2	fiat
3	0	fiat
0	2	fiat
8	0	fiat
-	-	gradle/wrapper/gradle-wrapper.jar
2	2	fiat

--71501a1--2016-09-26--Travis Tomsu
62	0	fiat
3	3	fiat
9	19	fiat
38	0	fiat
5	6	fiat
65	30	fiat
4	4	fiat
37	34	fiat
0	49	fiat
16	8	fiat
18	0	fiat
3	2	fiat

--6652189--2016-09-26--Travis Tomsu
6	6	fiat
29	0	fiat

--934e6cc--2016-09-25--Lars Wander
1	1	fiat

--ea2bb2c--2016-09-23--Greg BOUGEARD
8	0	fiat
2	1	fiat
3	1	fiat

--140a447--2016-09-20--Travis Tomsu
1	0	fiat
14	0	fiat
75	0	fiat

--de158b3--2016-09-20--Travis Tomsu
1	1	fiat

--cab085a--2016-09-19--Travis Tomsu
21	1	fiat
12	0	fiat
12	0	fiat
68	6	fiat
11	6	fiat
64	0	fiat
24	6	fiat

--cd342c5--2016-09-19--Travis Tomsu
0	49	fiat
1	1	fiat
56	17	fiat
4	9	fiat
11	24	fiat
2	3	fiat

--35dd190--2016-09-19--Travis Tomsu
9	5	fiat
2	0	fiat
2	0	fiat
2	1	fiat
70	0	fiat
13	5	fiat
13	16	fiat
2	1	fiat
23	2	fiat
4	2	fiat
4	2	fiat
6	12	fiat
2	1	fiat
4	2	fiat
11	6	fiat
18	7	fiat
16	12	fiat
17	4	fiat
2	1	fiat
2	1	fiat
2	1	fiat
5	4	fiat
2	0	fiat
9	1	fiat

--e796da2--2016-09-19--Travis Tomsu
0	1	fiat
0	69	fiat
0	101	fiat
0	35	fiat
0	153	fiat
0	49	fiat
0	57	fiat
0	48	fiat
0	269	fiat
0	22	fiat
0	22	fiat
0	59	fiat
0	67	fiat
0	67	fiat
0	83	fiat
0	22	fiat
0	39	fiat
0	31	fiat
0	22	fiat
0	28	fiat
0	32	fiat
0	33	fiat
0	23	fiat
0	37	fiat
0	121	fiat
0	41	fiat
0	140	fiat
0	46	fiat
0	79	fiat
0	145	fiat
69	0	fiat
101	0	fiat
35	0	fiat
153	0	fiat
49	0	fiat
57	0	fiat
48	0	fiat
269	0	fiat
22	0	fiat
22	0	fiat
59	0	fiat
67	0	fiat
67	0	fiat
83	0	fiat
22	0	fiat
39	0	fiat
31	0	fiat
22	0	fiat
28	0	fiat
32	0	fiat
33	0	fiat
23	0	fiat
41	0	fiat
121	0	fiat
23	0	fiat
160	0	fiat
48	0	fiat
75	0	fiat
190	0	fiat

--c061ab1--2016-09-15--Lars Wander
--bd640ca--2016-09-15--Travis Tomsu
0	52	fiat
1	7	fiat
0	1	fiat
49	0	fiat
1	1	fiat
1	1	fiat
1	1	fiat
1	1	fiat
1	1	fiat
1	1	fiat
1	1	fiat
1	1	fiat

--cc5da09--2016-09-15--Travis Tomsu
2	5	fiat
0	136	fiat
0	49	fiat
0	57	fiat
0	48	fiat
0	22	fiat
0	22	fiat
0	59	fiat
0	67	fiat
0	67	fiat
0	83	fiat
0	22	fiat
0	39	fiat
0	31	fiat
0	22	fiat
0	28	fiat
0	32	fiat
0	44	fiat
0	63	fiat
0	62	fiat
0	63	fiat
49	0	fiat
57	0	fiat
48	0	fiat
22	0	fiat
22	0	fiat
59	0	fiat
67	0	fiat
67	0	fiat
83	0	fiat
22	0	fiat
39	0	fiat
31	0	fiat
22	0	fiat
28	0	fiat
32	0	fiat
44	0	fiat
63	0	fiat
62	0	fiat
63	0	fiat
136	0	fiat

--27cd7c2--2016-09-15--Travis Tomsu
3	0	fiat
26	8	fiat
2	0	fiat
2	0	fiat
3	1	fiat
5	0	fiat
10	3	fiat
1	1	fiat
10	4	fiat
10	4	fiat
7	1	fiat
3	1	fiat
10	8	fiat
10	9	fiat
2	2	fiat
0	37	fiat
35	0	fiat
14	28	fiat
88	94	fiat
3	3	fiat
35	51	fiat
29	16	fiat
8	8	fiat

--4fcadbb--2016-09-13--Travis Tomsu
0	1	fiat
1	2	fiat

--220124f--2016-09-06--Travis Tomsu
61	13	fiat
15	8	fiat
7	2	fiat

--905eff9--2016-09-06--Travis Tomsu
20	0	fiat
0	8	fiat
0	9	fiat
1	1	fiat
18	33	fiat
0	8	fiat
9	9	fiat

--d84333a--2016-09-06--Travis Tomsu
7	7	fiat
3	3	fiat
2	2	fiat
1	2	fiat
1	1	fiat
1	1	fiat
24	0	fiat
0	21	fiat
2	20	fiat
39	0	fiat
1	10	fiat
1	6	fiat
13	8	fiat
14	8	fiat
10	17	fiat
22	0	fiat
29	0	fiat
1	8	fiat
9	9	fiat
2	2	fiat
2	2	fiat
2	2	fiat
3	3	fiat
14	14	fiat
1	2	fiat
1	1	fiat
1	1	fiat
2	2	fiat

--0e73e87--2016-09-01--Travis Tomsu
25	21	fiat

--4dc132a--2016-09-01--Travis Tomsu
1	1	fiat

--2707c5b--2016-09-01--Travis Tomsu
25	21	fiat

--3565034--2016-09-01--Travis Tomsu
70	1	fiat
4	0	fiat

--eb2c378--2016-08-30--Travis Tomsu
1	1	fiat

--d252a00--2016-08-30--Travis Tomsu
7	1	fiat
5	0	fiat

--12f57fa--2016-08-30--Travis Tomsu
--d7b5984--2016-08-30--Travis Tomsu
5	9	fiat

--058e895--2016-08-26--Travis Tomsu
1	1	fiat
29	0	fiat
97	0	fiat
63	0	fiat
86	0	fiat
30	0	fiat
1	0	fiat
136	0	fiat
0	1	fiat
2	106	fiat
1	1	fiat

--96fcfe6--2016-08-26--Travis Tomsu
62	0	fiat

--42d0b2f--2016-08-26--Travis Tomsu
11	4	fiat
26	21	fiat
11	4	fiat
10	4	fiat
25	0	fiat
6	4	fiat
25	0	fiat
3	1	fiat

--0f59dec--2016-08-25--Travis Tomsu
--ba1d2d0--2016-08-25--Travis Tomsu
15	3	fiat

--c1c2304--2016-08-09--Travis Tomsu
59	0	fiat
6	3	fiat
6	2	fiat
18	23	fiat
3	0	fiat
44	0	fiat
0	26	fiat
2	0	fiat
58	2	fiat
30	1	fiat
7	0	fiat
49	0	fiat

--b30d1f1--2016-07-28--Travis Tomsu
7	0	fiat
8	0	fiat
9	0	fiat
1	1	fiat
1	1	fiat
13	7	fiat
12	7	fiat
16	9	fiat
39	0	fiat
1	1	fiat
1	1	fiat
36	25	fiat
9	1	fiat
0	1	fiat
4	0	fiat
54	1	fiat

--c0f618e--2016-07-26--Travis Tomsu
7	7	fiat

--6c174dc--2016-07-25--Travis Tomsu
1	2	fiat
9	2	fiat
15	19	fiat
26	0	fiat
37	0	fiat
38	13	fiat
1	1	fiat
10	2	fiat
51	27	fiat
9	0	fiat
2	0	fiat
8	2	fiat
24	0	fiat
51	0	fiat

--1a09084--2016-07-21--Travis Tomsu
3	3	fiat
35	0	fiat
3	3	fiat
3	3	fiat

--033342b--2016-07-21--Travis Tomsu
6	0	fiat
0	1	fiat
44	13	fiat
0	3	fiat
4	0	fiat
16	14	fiat
15	10	fiat
0	75	fiat

--6d418e1--2016-07-20--Travis Tomsu
46	0	fiat
55	0	fiat
0	172	fiat
6	27	fiat
28	0	fiat
61	0	fiat
61	0	fiat
0	98	fiat
0	61	fiat
2	1	fiat
0	60	fiat
0	38	fiat
75	0	fiat
3	1	fiat

--03a2c2c--2016-07-19--Travis Tomsu
4	1	fiat
1	0	fiat
6	22	fiat
0	29	fiat
47	0	fiat
28	0	fiat
0	60	fiat
61	0	fiat
14	14	fiat
2	1	fiat
4	0	fiat
29	31	fiat
46	1	fiat
24	0	fiat

--43bc615--2016-07-15--Travis Tomsu
6	4	fiat

--e66710a--2016-07-15--Travis Tomsu
36	0	fiat
6	1	fiat
2	1	fiat
1	0	fiat
50	0	fiat
61	0	fiat
13	2	fiat
26	1	fiat
21	0	fiat
83	58	fiat
73	0	fiat

--d2f3420--2016-07-15--Travis Tomsu
3	0	fiat
1	0	fiat
2	1	fiat
0	8	fiat
27	0	fiat
172	0	fiat
0	16	fiat
98	0	fiat
12	3	fiat
6	2	fiat
12	0	fiat
21	0	fiat
62	0	fiat
0	62	fiat
38	0	fiat

--7c74dc8--2016-07-15--Travis Tomsu
15	0	fiat
6	4	fiat

--be51f5c--2016-07-15--Travis Tomsu
6	4	fiat
5	0	fiat
1	1	fiat
5	3	fiat
21	0	fiat
36	0	fiat
7	6	fiat
13	3	fiat
50	0	fiat
31	31	fiat
11	6	fiat
101	0	fiat
224	2	fiat
33	0	fiat
23	0	fiat
2	2	fiat
41	41	fiat
168	0	fiat
22	22	fiat
3	0	fiat
9	0	fiat
17	18	fiat
2	2	fiat
28	27	fiat

--467cd93--2016-07-07--Travis Tomsu
12	0	fiat

--09db653--2016-07-06--Cameron Fieber
2	2	fiat

--0cc13b8--2016-07-06--Cameron Fieber
7	1	fiat

--eb71e4d--2016-07-01--Travis Tomsu
28	2	fiat
1	0	fiat
14	0	fiat
21	10	fiat
3	3	fiat

--1a6e90d--2016-06-30--Travis Tomsu
6	0	fiat
1	1	fiat
12	5	fiat
19	1	fiat
1	1	fiat

--e5afc54--2016-06-30--Travis Tomsu
5	0	fiat
2	0	fiat
5	8	fiat
65	0	fiat

--8fd3247--2016-06-29--Travis Tomsu
0	36	fiat
52	0	fiat
66	0	fiat
1	0	fiat
2	0	fiat
20	0	fiat

--d90e78e--2016-06-29--Travis Tomsu
0	43	fiat
0	29	fiat
0	43	fiat
0	28	fiat
44	0	fiat
30	0	fiat
35	0	fiat
55	0	fiat
29	0	fiat
0	40	fiat
76	0	fiat
69	0	fiat
22	0	fiat
0	22	fiat
1	1	fiat
1	1	fiat
1	1	fiat
1	1	fiat
102	0	fiat
11	11	fiat
2	2	fiat
1	1	fiat
1	1	fiat

--546bace--2016-06-28--Travis Tomsu
0	36	fiat
43	0	fiat
4	0	fiat
28	0	fiat
69	0	fiat
22	0	fiat
37	0	fiat
36	0	fiat
41	0	fiat
140	0	fiat
46	0	fiat
79	0	fiat
145	0	fiat
2	2	fiat
1	1	fiat

--d931c07--2016-06-27--Travis Tomsu
36	0	fiat
24	0	fiat
30	0	fiat
1	0	fiat
3	0	fiat
11	0	fiat
59	0	fiat
24	0	fiat
87	0	fiat

--6bd828d--2016-06-22--Travis Tomsu
1	1	fiat
11	0	fiat
43	0	fiat
22	0	fiat
29	0	fiat
43	0	fiat
28	0	fiat
40	0	fiat
2	1	fiat
1	0	fiat
4	5	fiat
62	0	fiat
4	0	fiat
2	0	fiat

--1ed0af7--2016-06-14--Cameron Fieber
8	0	fiat
12	0	fiat
11	0	fiat
203	0	fiat
7	0	fiat
55	0	fiat
0	0	fiat
1	0	fiat
9	0	fiat
8	0	fiat
25	0	fiat
14	0	fiat
3	0	fiat
61	0	fiat
26	0	fiat
19	0	fiat
4	0	fiat
-	-	gradle/wrapper/gradle-wrapper.jar
6	0	fiat
160	0	fiat
90	0	fiat
31	0	fiat
