
--5b7fb1c3--2023-03-08--Sandesh
2	0	front50
0	6	front50
0	6	front50
0	6	front50

--e7255c08--2023-03-01--Matt
2	1	front50
29	24	front50
118	0	front50

--6246e621--2023-02-16--Sandesh
1	1	front50
0	2	front50

--4b91a1d9--2023-01-23--Sandesh
1	0	front50
2	10	front50

--7342d041--2023-01-17--ovidiupopa07
114	0	front50
100	0	front50

--1e0468ea--2022-12-09--David Byron
1	1	front50
1	1	front50

--7fb642e6--2022-12-08--Sandesh
0	7	front50

--462b6807--2022-12-01--David Byron
5	5	front50
4	4	front50
5	5	front50

--7b76e6e2--2022-11-17--ovidiupopa07
79	0	front50
182	0	front50
7	0	front50

--c214eb52--2022-11-08--Krzysztof Kotula
1	1	front50
133	21	front50

--979417c5--2022-10-18--Tina
28	1	front50
1	0	front50
30	0	front50

--237a73ce--2022-09-13--armory-abedonik
5	3	front50
36	0	front50

--57dc9d10--2022-08-16--Cameron Motevasselani
1	1	front50
1	1	front50

--e85ce7d1--2022-08-14--Marcin Flis
8	2	front50
8	2	front50
8	2	front50

--5c15d0c9--2022-08-02--armory-abedonik
9	18	front50
10	7	front50

--c7a7dc2a--2022-06-09--Patrik Greco
0	7	front50

--bfbba785--2022-05-12--David Martin
1	1	front50

--e55d2a21--2022-04-27--kskewes-sf
2	16	front50

--8eac542d--2022-04-27--kskewes-sf
15	9	front50

--60c4ccbf--2022-04-21--kskewes-sf
16	0	front50

--093b418e--2022-04-18--Sandesh
2	0	front50
3	1	front50
1	0	front50

--7fbae17b--2022-04-02--David Byron
0	17	front50
0	8	front50

--7f94af6d--2022-04-01--David Byron
1	1	front50

--736758c8--2022-03-22--kskewes-sf
48	9	front50
36	12	front50
56	15	front50

--0e195fe6--2022-03-18--kskewes-sf
3	1	front50
5	1	front50
2	1	front50

--020adc96--2022-03-17--kskewes-sf
14	13	front50
31	32	front50
11	12	front50

--074db578--2022-03-11--kskewes-sf
42	2	front50
26	1	front50
52	7	front50

--8f5478c2--2022-03-10--Sandesh
1	1	front50

--568dff80--2022-03-09--Sandesh
6	2	front50

--9813016b--2022-02-26--Sandesh
3	1	front50

--e8c7adc1--2022-02-23--kskewes-sf
3	7	front50
3	7	front50
3	7	front50

--64e88d55--2022-01-19--Cameron Motevasselani
15	10	front50

--b7a49934--2022-01-19--Cameron Motevasselani
15	10	front50

--bb4b715e--2022-01-19--Cameron Motevasselani
15	10	front50

--8c8eb50b--2021-12-07--Edgar Garcia
42	0	front50
25	1	front50
4	4	front50
2	2	front50
3	3	front50
10	10	front50
1	1	front50
2	2	front50
1	1	front50
2	2	front50
3	3	front50
3	3	front50
1	1	front50
8	8	front50
2	2	front50

--039533d2--2021-12-07--edgarulg
42	0	front50
25	1	front50
4	4	front50
2	2	front50
3	3	front50
10	10	front50
1	1	front50
2	2	front50
1	1	front50
2	2	front50
3	3	front50
3	3	front50
1	1	front50
8	8	front50
2	2	front50

--fe5a9d87--2021-12-04--Cameron Fieber
1	1	front50

--e6a4399e--2021-12-04--Radhakrishna Pemmasani
10	0	front50

--d172384f--2021-12-04--David Martin
2	7	front50
20	0	front50

--1797eadd--2021-12-04--guido9j
1	0	front50
5	0	front50
1	0	front50
54	0	front50

--8c9ba72c--2021-11-12--David Byron
3	3	front50

--fabf5d2c--2021-10-27--Cameron Motevasselani
1	1	front50

--66dc951e--2021-09-29--Cristhian Castaneda
3	3	front50
3	3	front50
0	10	front50

--bbd8fd7f--2021-09-21--Radhakrishna Pemmasani
1	1	front50

--6013f49c--2021-08-24--Pedro
15	8	front50

--1e15b248--2021-08-04--Sandesh
1	1	front50

--b082bae3--2021-07-23--Cat
3	3	front50
3	3	front50
10	0	front50

--32eafa56--2021-07-20--Cat
0	1	front50
49	0	front50
2	2	front50

--a1beeab8--2021-07-20--Cat
5	2	front50
78	0	front50
2	1	front50
16	1	front50

--e23d323b--2021-07-16--Cat
0	13	front50
2	21	front50

--f9cf1264--2021-07-09--Cat
7	0	front50
7	1	front50
2	2	front50
7	1	front50
7	1	front50
7	1	front50
8	1	front50
7	1	front50
8	2	front50

--9ed6b524--2021-07-02--Matt
9	0	front50
11	2	front50

--2baacb34--2021-06-25--David Byron
1	0	front50

--829e2dc8--2021-06-24--David Byron
1	0	front50

--83710aff--2021-06-24--Matt
0	14	front50

--4751d870--2021-06-11--Cat
3	0	front50
25	0	front50
41	0	front50
82	0	front50
101	0	front50
38	0	front50
34	0	front50
43	0	front50
30	0	front50
1	0	front50
1	0	front50
2	0	front50
12	0	front50
37	0	front50
42	0	front50
22	0	front50
1	0	front50
2	1	front50
1	0	front50
1	0	front50
1	0	front50
0	45	front50
1	1	front50
1	1	front50
1	1	front50
1	1	front50
1	0	front50
1	0	front50
0	133	front50
1	0	front50
1	0	front50
1	1	front50
0	43	front50
1	1	front50
1	1	front50
1	1	front50
1	1	front50
1	1	front50
1	1	front50
0	29	front50
17	0	front50
1	1	front50
76	0	front50
1	0	front50
1	0	front50
1	1	front50
1	1	front50
1	0	front50
6	5	front50
0	101	front50
0	125	front50
0	145	front50
5	7	front50
17	14	front50
0	84	front50
0	106	front50
5	5	front50
8	7	front50
8	7	front50
0	104	front50
0	100	front50
0	241	front50
13	12	front50
0	71	front50
2	1	front50
1	0	front50
1	0	front50
1	0	front50
2	1	front50
2	1	front50
2	1	front50
4	3	front50
3	3	front50
1	0	front50
1	0	front50
1	0	front50
1	1	front50
1	0	front50
1	0	front50
2	2	front50
1	0	front50
13	15	front50
1	0	front50
1	0	front50
1	0	front50
2	1	front50
2	0	front50
1	1	front50
13	20	front50
2	2	front50
1	0	front50
4	4	front50
2	2	front50
3	2	front50
69	0	front50
12	10	front50
3	2	front50
6	5	front50
27	22	front50
1	0	front50

--70d43f0c--2021-03-23--Alexandra Spillane
22	4	front50
156	0	front50
28	1	front50
176	0	front50

--bd6e3644--2021-03-19--Daniel Peach
2	2	front50
2	2	front50
1	1	front50
2	2	front50
1	1	front50

--34b5415c--2021-03-19--Daniel Peach
8	5	front50
5	2	front50

--3a4c23f1--2021-03-19--Daniel Peach
3	3	front50
2	2	front50
1	1	front50
8	8	front50
1	1	front50
1	1	front50
1	1	front50
2	2	front50
3	3	front50
3	3	front50
1	1	front50
5	5	front50
1	1	front50

--846d8834--2021-03-12--Adam Jordens
86	0	front50

--23db2fd1--2021-03-08--Kathryn Lewis
9	0	front50
3	0	front50

--9fd2fc75--2021-02-16--Adam Jordens
11	0	front50
12	0	front50
22	7	front50
12	0	front50

--54e074ca--2021-01-15--Adam Jordens
1	1	front50

--7e5603c9--2021-01-11--Sairam Rekapalli
3	4	front50
1	1	front50

--fa244c08--2020-12-14--Rob Fletcher
4	3	front50
1	1	front50

--9ff2529f--2020-11-10--Cameron Fieber
1	1	front50

--ec3a8e73--2020-10-30--Adam Jordens
3	2	front50
2	2	front50
16	5	front50
4	1	front50
3	3	front50
68	59	front50
74	50	front50
43	26	front50
105	77	front50
49	46	front50
0	1	front50
12	0	front50

--bdc45e0b--2020-10-28--Sairam Rekapalli
2	2	front50
16	5	front50
5	0	front50
89	0	front50
14	0	front50

--d790be17--2020-10-21--Cameron Fieber
0	1	front50

--d14f1d63--2020-10-21--Cameron Fieber
0	1	front50

--64170030--2020-10-13--Fernando Freire
2	1	front50
0	7	front50
2	1	front50
19	2	front50

--e2ee282c--2020-10-08--Michael Plump
1	1	front50
1	1	front50

--02ccd059--2020-10-07--Michael Plump
1	6	front50
1	6	front50
1	6	front50
1	4	front50
1	1	front50
1	2	front50
1	0	front50
1	1	front50

--97bd0d68--2020-09-30--Chris Smalley
1	1	front50
1	1	front50

--350d1849--2020-09-25--Chris Smalley
0	6	front50
1	1	front50

--62355a0d--2020-09-25--Chris Smalley
0	32	front50
1	4	front50
0	86	front50
0	81	front50
0	96	front50
0	133	front50
0	112	front50
0	91	front50
0	71	front50

--01bffecf--2020-09-17--Chris Smalley
3	2	front50
2	1	front50
2	1	front50
1	0	front50
91	0	front50
71	0	front50

--7409904c--2020-09-17--Sairam Rekapalli
9	0	front50

--00ca7b0f--2020-09-17--Daniel Peach
3	0	front50
29	0	front50
49	0	front50
22	0	front50
47	0	front50
1	0	front50

--c1a474e9--2020-09-17--Daniel Peach
3	0	front50

--2ca22e4c--2020-09-15--Sairam Rekapalli
15	3	front50
19	0	front50

--42cba293--2020-09-09--Sairam Rekapalli
4	22	front50

--4f292e6e--2020-09-03--Chris Smalley
1	0	front50
2	2	front50
0	73	front50
0	25	front50
5	11	front50

--f9c659a4--2020-08-27--Cameron Fieber
1	1	front50

--1c4fcfa8--2020-08-26--Jeffrey Coe
9	1	front50

--ba4b0618--2020-08-26--Eric Zimanyi
1	1	front50
47	14	front50
49	0	front50
58	0	front50
5	1	front50
5	0	front50

--20c631fc--2020-08-25--Edgar Garcia
125	0	front50
100	0	front50

--d07b4cb7--2020-08-18--Cameron Fieber
-	-	gradle/wrapper/gradle-wrapper.jar
1	1	front50
1	1	front50
3	18	front50

--73993268--2020-08-12--Michael Plump
1	1	front50
0	8	front50
4	3	front50
3	3	front50
0	8	front50

--50a9a32c--2020-08-10--Kevin Woo
1	1	front50
2	2	front50

--cca223db--2020-08-10--Mark Vulfson
1	1	front50
1	1	front50
1	1	front50
0	16	front50
1	1	front50
1	1	front50
1	1	front50
1	1	front50
1	1	front50
1	1	front50
1	1	front50
1	1	front50
1	1	front50
1	1	front50
1	1	front50
1	1	front50
1	1	front50
1	1	front50
1	1	front50
1	1	front50
1	1	front50
1	1	front50
1	1	front50
1	1	front50
1	1	front50
1	1	front50
1	1	front50
1	1	front50
1	1	front50
1	1	front50
1	1	front50
1	1	front50
1	1	front50
1	1	front50
1	1	front50
1	1	front50
1	1	front50
1	1	front50
1	1	front50
1	1	front50
1	1	front50
1	1	front50
1	1	front50
1	1	front50
1	1	front50
1	1	front50
1	1	front50
1	1	front50
1	1	front50
1	1	front50
1	1	front50

--57c99229--2020-08-06--Michael Plump
0	5	front50
0	2	front50
1	3	front50
27	13	front50
72	86	front50
4	0	front50
0	761	front50
0	23	front50
305	0	front50
0	477	front50
297	0	front50
613	0	front50
0	1	front50
0	1	front50
0	5	front50
0	4	front50
0	1	front50
0	2	front50
1	1	front50

--6b690b99--2020-08-05--Chris Thielen
32	5	front50

--173b435f--2020-08-04--Sairam Rekapalli
4	0	front50
10	0	front50
49	0	front50

--5ed028d6--2020-08-04--Chris Smalley
4	0	front50
73	0	front50
25	0	front50
19	1	front50

--eef8de46--2020-07-29--micnncim
15	18	front50

--93ef51be--2020-07-27--Kevin Woo
1	1	front50
2	2	front50

--0378e6a7--2020-07-27--Michael Plump
2	6	front50
1	3	front50
2	1	front50
4	2	front50
14	8	front50
1	1	front50
1	1	front50
1	1	front50

--586d5d16--2020-07-24--Michael Plump
1	1	front50
3	0	front50
6	5	front50
1	1	front50
1	1	front50
1	2	front50
2	1	front50
1	1	front50

--613cc2b6--2020-07-22--Sairam Rekapalli
2	1	front50
30	0	front50

--338cc865--2020-07-20--Sairam Rekapalli
19	1	front50
24	2	front50

--05b20e09--2020-07-19--Sairam Rekapalli
37	35	front50

--d745d1d7--2020-07-17--Chris Thielen
78	0	front50
23	0	front50
35	10	front50
39	0	front50
120	65	front50
29	6	front50

--3b8a5b66--2020-07-15--Cameron Fieber
1	0	front50
0	5	front50
4	3	front50
2	0	front50
1	0	front50
1	1	front50

--97b96a7e--2020-07-10--CyrusKOCI
1	1	front50
2	2	front50

--73e5f46f--2020-07-10--Rob Zienert
15	0	front50

--95003ed2--2020-07-09--Vignesh Murugesan
7	6	front50
4	2	front50

--88a33f31--2020-07-09--Cameron Fieber
1	1	front50

--f077f722--2020-07-09--Jørgen Jervidalo
1	12	front50
0	30	front50

--741fe7df--2020-07-08--Cameron Fieber
4	4	front50

--74036526--2020-07-08--Chris Thielen
4	5	front50

--181cc334--2020-07-08--Chris Thielen
2	0	front50
59	0	front50
33	0	front50
21	0	front50
47	0	front50

--c7547e5b--2020-07-06--Cameron Fieber
1	1	front50

--8d4a3575--2020-07-02--Larry Parker
95	0	front50
14	1	front50
105	0	front50

--5134e811--2020-06-25--Glauco Vinicius
1	1	front50

--8bf1d597--2020-06-24--Cameron Fieber
1	1	front50
1	1	front50
2	0	front50

--bcc1a73e--2020-06-19--Michael Plump
1	1	front50

--e2487aa1--2020-06-16--Jørgen Jervidalo
17	16	front50
0	47	front50
2	0	front50
46	0	front50
31	0	front50
2	0	front50
2	0	front50
8	1	front50
8	4	front50
2	2	front50

--ab631f13--2020-06-10--Mark Vulfson
53	0	front50
27	0	front50
103	0	front50

--ddcc1f6e--2020-06-09--Rob Zienert
6	1	front50

--ca230a1a--2020-06-09--Chris Smalley
25	0	front50
7	0	front50

--4ac6d20d--2020-06-09--Rob Zienert
0	1	front50
53	26	front50
2	2	front50
26	26	front50
5	2	front50
5	2	front50
5	2	front50
5	2	front50
5	2	front50
5	2	front50
5	2	front50
5	2	front50
5	2	front50
5	2	front50
5	2	front50
5	2	front50
5	2	front50
0	1	front50
5	2	front50
0	1	front50
1	1	front50
0	1	front50
0	1	front50
0	1	front50
0	1	front50
0	30	front50
2	2	front50

--ffdb5957--2020-06-08--Jørgen Jervidalo
24	20	front50

--2b5dc5af--2020-06-08--Jørgen Jervidalo
18	5	front50

--98062b96--2020-06-01--Rob Zienert
21	6	front50
13	0	front50

--9f156353--2020-05-29--Rob Zienert
11	5	front50

--225688bf--2020-05-29--Jørgen Jervidalo
17	16	front50
0	47	front50
2	0	front50
42	0	front50
31	0	front50
2	0	front50
2	0	front50
8	1	front50
12	16	front50
8	4	front50

--18bc22f0--2020-05-29--Rob Zienert
1	1	front50

--e38e05ed--2020-05-28--Rob Zienert
3	1	front50
0	243	front50
0	138	front50
0	81	front50
0	31	front50
0	47	front50
0	281	front50
0	31	front50
0	44	front50
0	37	front50
0	29	front50
0	47	front50
0	166	front50
0	45	front50
0	43	front50
0	24	front50
0	19	front50
0	19	front50
0	16	front50
0	33	front50
0	74	front50
0	81	front50
0	96	front50
0	29	front50
0	23	front50
0	32	front50
0	42	front50
0	31	front50
0	60	front50
0	60	front50
0	64	front50
0	471	front50
0	34	front50
0	177	front50
0	73	front50
0	23	front50
0	247	front50
0	75	front50
0	60	front50
0	76	front50
0	92	front50
0	12	front50
0	75	front50
0	10	front50
0	37	front50
0	24	front50
0	93	front50
0	82	front50
0	54	front50
0	133	front50
0	12	front50
0	10	front50
0	151	front50
0	32	front50
0	58	front50
0	43	front50
0	29	front50
0	96	front50
0	63	front50
0	159	front50
0	34	front50
0	193	front50
0	93	front50
0	20	front50
0	77	front50
0	60	front50
0	65	front50
0	192	front50
0	11	front50
0	60	front50
0	68	front50
0	5	front50
0	58	front50
0	101	front50
0	5	front50
0	72	front50
0	235	front50
0	5	front50
0	116	front50
0	31	front50
0	71	front50
0	101	front50
0	7	front50
0	88	front50
0	35	front50
0	16	front50
0	16	front50
0	38	front50
0	48	front50
0	29	front50
0	24	front50
243	0	front50
138	0	front50
81	0	front50
31	0	front50
47	0	front50
281	0	front50
31	0	front50
44	0	front50
37	0	front50
29	0	front50
47	0	front50
166	0	front50
45	0	front50
43	0	front50
24	0	front50
19	0	front50
19	0	front50
16	0	front50
33	0	front50
74	0	front50
81	0	front50
96	0	front50
29	0	front50
23	0	front50
32	0	front50
42	0	front50
31	0	front50
60	0	front50
60	0	front50
64	0	front50
471	0	front50
34	0	front50
288	0	front50
73	0	front50
23	0	front50
247	0	front50
75	0	front50
60	0	front50
76	0	front50
92	0	front50
12	0	front50
75	0	front50
10	0	front50
37	0	front50
24	0	front50
93	0	front50
82	0	front50
54	0	front50
133	0	front50
12	0	front50
10	0	front50
151	0	front50
32	0	front50
58	0	front50
43	0	front50
29	0	front50
96	0	front50
63	0	front50
159	0	front50
34	0	front50
193	0	front50
93	0	front50
20	0	front50
77	0	front50
60	0	front50
65	0	front50
192	0	front50
11	0	front50
60	0	front50
68	0	front50
5	0	front50
58	0	front50
101	0	front50
5	0	front50
72	0	front50
235	0	front50
5	0	front50
116	0	front50
31	0	front50
71	0	front50
101	0	front50
7	0	front50
88	0	front50
35	0	front50
16	0	front50
16	0	front50
38	0	front50
48	0	front50
29	0	front50
24	0	front50
4	0	front50
4	0	front50

--83b18f13--2020-05-28--Rob Zienert
24	21	front50
5	5	front50

--7186db36--2020-05-28--Rob Zienert
2	2	front50
1	0	front50
0	63	front50
0	174	front50
0	64	front50
0	47	front50
0	73	front50
0	88	front50
0	131	front50
0	67	front50
0	260	front50
0	216	front50
0	72	front50
0	93	front50
0	42	front50
0	86	front50
0	59	front50
0	76	front50
0	119	front50
0	315	front50
0	27	front50
0	213	front50
0	118	front50
0	185	front50
0	28	front50
0	28	front50
0	28	front50
0	45	front50
68	0	front50
65	0	front50
188	0	front50
46	0	front50
90	0	front50
86	0	front50
115	0	front50
47	0	front50
289	0	front50
216	0	front50
72	0	front50
93	0	front50
42	0	front50
86	0	front50
58	0	front50
80	0	front50
129	0	front50
315	0	front50
31	0	front50
228	0	front50
133	0	front50
242	0	front50
28	0	front50
28	0	front50
28	0	front50
40	0	front50
63	0	front50
0	62	front50
2	2	front50

--37b42e3f--2020-05-27--Rob Zienert
81	0	front50
0	55	front50
60	0	front50
12	15	front50
0	58	front50
73	0	front50
0	124	front50
133	0	front50
0	63	front50
192	0	front50
0	33	front50
68	0	front50
0	45	front50
101	0	front50
0	70	front50
235	0	front50
0	28	front50
0	59	front50
101	0	front50
0	60	front50
88	0	front50
66	0	front50

--30b96e22--2020-05-27--Rob Zienert
0	1	front50
28	7	front50
0	43	front50
24	0	front50
33	0	front50
6	13	front50
0	279	front50
247	0	front50
2	0	front50
1	1	front50
0	345	front50
243	0	front50
5	2	front50
4	2	front50
12	6	front50
0	7	front50
0	6	front50
16	26	front50

--888844c1--2020-05-27--Rob Zienert
19	1	front50
13	0	front50
21	1	front50
2	8	front50

--43e6f46a--2020-05-26--Rob Zienert
0	62	front50
166	0	front50
0	36	front50
24	0	front50
2	0	front50
0	26	front50
19	0	front50
0	26	front50
19	0	front50
0	24	front50
0	34	front50
16	0	front50
15	0	front50
0	25	front50
10	0	front50
0	52	front50
37	0	front50
0	42	front50
24	0	front50
0	27	front50
12	0	front50
0	25	front50
10	0	front50
0	26	front50
11	0	front50
0	22	front50
5	0	front50
0	22	front50
5	0	front50
0	23	front50
5	0	front50
0	24	front50
7	0	front50
0	31	front50
16	0	front50
0	31	front50
16	0	front50

--78d05066--2020-05-22--Chris Smalley
22	0	front50

--5f43e850--2020-05-21--Maggie Neterval
10	0	front50
14	4	front50

--95fda789--2020-05-21--Cameron Fieber
1	1	front50

--15d3f44c--2020-05-21--Adam Jordens
8	0	front50

--f48a7d01--2020-05-20--Adam Jordens
23	0	front50
14	0	front50
125	53	front50
1	9	front50

--94b40e3a--2020-05-19--Chris Smalley
1	1	front50
4	6	front50

--2cf86b34--2020-05-08--Vignesh Murugesan
4	2	front50
16	2	front50

--33927b75--2020-05-07--Cameron Fieber
1	1	front50
-	-	gradle/wrapper/gradle-wrapper.jar
1	1	front50
17	20	front50
5	1	front50

--42bc0407--2020-05-07--Chris Smalley
4	1	front50
11	4	front50

--6a3ac2f4--2020-05-07--Rob Zienert
4	1	front50

--7c3efaaa--2020-05-06--Chris Smalley
26	11	front50
38	0	front50

--7a4c05b8--2020-05-06--Rob Zienert
17	1	front50

--603b4733--2020-05-06--Chris Smalley
11	8	front50
25	0	front50
17	0	front50
8	0	front50

--2be7007a--2020-05-05--Mark Vulfson
1	1	front50
1	1	front50
5	4	front50
1	1	front50

--389411c5--2020-05-05--Cameron Fieber
16	0	front50
8	0	front50

--c721dfa7--2020-05-05--Adrien Gentil
138	0	front50
47	0	front50
9	0	front50
120	0	front50
9	2	front50
10	0	front50
13	60	front50
7	2	front50
7	3	front50
0	60	front50

--24583d8a--2020-04-30--Eric Zimanyi
1	1	front50

--7f46472b--2020-04-29--Eric Zimanyi
1	1	front50

--40754ec1--2020-04-29--Rob Zienert
21	7	front50
15	0	front50
2	1	front50
2	8	front50

--d4d33ed3--2020-04-28--Rob Zienert
1	0	front50
21	2	front50
8	0	front50
29	0	front50
47	0	front50
5	2	front50
0	74	front50
0	148	front50
0	34	front50
0	121	front50
74	0	front50
63	0	front50
153	0	front50
34	0	front50
121	0	front50
93	0	front50
20	0	front50
63	0	front50
45	0	front50
1	1	front50
1	1	front50
1	1	front50
0	116	front50
0	38	front50
116	0	front50
38	0	front50
75	0	front50
80	0	front50
1	1	front50
1	1	front50
3	1	front50
3	0	front50
69	0	front50
2	2	front50
48	0	front50

--ab016c02--2020-04-28--Eric Zimanyi
1	1	front50

--aaaecd84--2020-04-24--Maggie Neterval
6	0	front50
0	14	front50

--21384c7c--2020-04-22--Eric Zimanyi
4	4	front50
131	162	front50
2	2	front50
0	26	front50
1	1	front50

--8a72d9e4--2020-04-19--Cameron Fieber
5	6	front50
5	4	front50
56	61	front50
5	1	front50
5	21	front50
0	11	front50
1	1	front50
1	2	front50
1	1	front50

--1e9a4ac7--2020-04-15--Eric Zimanyi
0	10	front50

--a15fcc56--2020-04-14--Michael Plump
17	0	front50
61	53	front50

--a3ec9f8e--2020-04-08--Michael Plump
1	1	front50

--7ae21afd--2020-04-08--Michael Plump
10	1	front50

--afea96de--2020-04-02--Michael Plump
1	1	front50

--ef1e7fef--2020-04-01--Cameron Motevasselani
1	1	front50

--639e2ec6--2020-03-30--Sairam Rekapalli
22	6	front50
47	1	front50

--ce261c21--2020-03-27--Michael Plump
2	0	front50

--ec46bb08--2020-03-26--Michael Plump
6	1	front50
5	0	front50
7	2	front50
9	3	front50
1	1	front50

--fa8a3f2a--2020-03-25--Chris Smalley
6	0	front50
6	0	front50
6	0	front50

--99741e96--2020-03-25--Eric Zimanyi
32	3	front50

--53b36561--2020-03-23--Michael Plump
1	1	front50
1	1	front50
1	1	front50
1	1	front50

--51af1917--2020-03-23--Michael Plump
1	1	front50
1	1	front50
1	1	front50
1	1	front50

--43da55b8--2020-03-13--Chris Smalley
1	1	front50

--e7dbc4a9--2020-03-13--Chris Smalley
22	0	front50
3	15	front50
54	0	front50
31	0	front50
3	3	front50
0	23	front50
0	28	front50
0	19	front50
0	4	front50

--efb33267--2020-03-10--Michael Plump
1	1	front50

--390cfe1a--2020-03-06--Michael Plump
1	1	front50

--c71a219f--2020-03-03--asgard-r
1	1	front50

--3b47e0f3--2020-03-02--Brandon Powell
1	1	front50
1	1	front50
1	1	front50
1	1	front50

--1657265a--2020-02-27--Michael Plump
7	0	front50

--6f5e5cc7--2020-02-26--Brandon Powell
1	0	front50
1	0	front50
1	0	front50
1	0	front50

--225bbae7--2020-02-24--Michael Plump
5	6	front50
2	2	front50
2	2	front50
2	2	front50
3	3	front50

--f83abc0b--2020-02-24--Rob Zienert
3	4	front50

--841f1cbe--2020-02-22--Rob Zienert
8	3	front50

--e8bea7a0--2020-02-21--Rob Zienert
135	6	front50
0	109	front50
0	41	front50
0	56	front50

--57495441--2020-02-20--Rob Zienert
1	0	front50
72	0	front50
3	52	front50
4	4	front50
21	0	front50
0	34	front50
41	0	front50
21	0	front50
1	3	front50
10	2	front50
2	2	front50
4	4	front50
2	1	front50

--5fc94d59--2020-02-20--Rob Zienert
11	1	front50
37	0	front50
1	0	front50
3	0	front50
115	0	front50
31	0	front50
58	0	front50
63	0	front50
7	117	front50
109	0	front50
34	0	front50
48	0	front50
110	0	front50
74	0	front50

--8ced3586--2020-02-20--Michael Plump
1	11	front50
0	37	front50
0	1	front50
0	3	front50
0	115	front50
0	31	front50
0	58	front50
0	63	front50
117	7	front50
0	109	front50
0	34	front50
0	48	front50
0	110	front50
0	66	front50

--767a07cd--2020-02-19--Rob Zienert
11	1	front50
37	0	front50
1	0	front50
3	0	front50
115	0	front50
31	0	front50
58	0	front50
63	0	front50
7	117	front50
109	0	front50
34	0	front50
48	0	front50
110	0	front50
66	0	front50

--83bb8d82--2020-02-13--Fabian Heymann
1	0	front50

--47d0c844--2020-02-10--Rob Zienert
1	0	front50

--a33acaf2--2020-02-06--dreynaud
1	1	front50
5	2	front50
5	5	front50
9	1	front50
7	0	front50
3	3	front50

--0639bf79--2020-02-03--Travis Tomsu
7	2	front50

--c4178373--2020-02-03--Travis Tomsu
7	2	front50

--f7568c02--2020-01-27--Pierre Delagrave
2	1	front50
4	5	front50

--55e2137c--2020-01-20--Chris Smalley
2	0	front50
2	4	front50
14	30	front50

--b6cd52ff--2020-01-16--Chris Smalley
6	3	front50
2	3	front50
1	7	front50
8	7	front50

--4e0f6fca--2020-01-16--Ethan Rogers
1	1	front50

--0cea580e--2020-01-16--Ethan Rogers
1	1	front50

--4a3cb892--2020-01-13--Chris Smalley
7	7	front50
1	1	front50
2	2	front50
0	75	front50
0	144	front50
0	31	front50
0	106	front50
74	0	front50
144	0	front50
31	0	front50
105	0	front50
6	6	front50
8	8	front50
0	24	front50
24	0	front50
0	70	front50
0	44	front50
70	0	front50
44	0	front50
4	4	front50
5	5	front50
2	2	front50
3	0	front50
12	0	front50
0	77	front50
75	0	front50

--e55cdea0--2020-01-12--Chris Smalley
4	0	front50
5	0	front50

--250dc931--2020-01-10--Chris Smalley
1	5	front50
1	5	front50
14	4	front50
1	0	front50
1	0	front50

--863bcf6b--2020-01-10--Chris Smalley
1	1	front50

--722fe31f--2020-01-10--Chris Smalley
16	11	front50
85	0	front50
85	0	front50
22	81	front50
112	0	front50
110	0	front50
0	110	front50
1	1	front50

--32960665--2020-01-09--Chris Smalley
11	16	front50
6	45	front50
11	80	front50
1	1	front50

--57f25dcf--2020-01-09--Chris Smalley
11	16	front50
6	45	front50
11	80	front50
1	1	front50

--5251a7d2--2020-01-09--Chris Smalley
16	11	front50
45	6	front50
80	11	front50
1	1	front50

--c505a2c5--2020-01-09--Chris Smalley
45	82	front50
29	70	front50

--10ffcc9d--2020-01-09--Travis Tomsu
0	4	front50
0	5	front50

--11675e0b--2020-01-09--Travis Tomsu
0	4	front50
0	5	front50

--09de67ca--2020-01-09--Chris Smalley
4	0	front50
5	0	front50

--e3089530--2020-01-07--Rob Zienert
19	0	front50
1	0	front50
3	1	front50
5	0	front50
75	0	front50
144	0	front50
31	0	front50
102	0	front50
37	0	front50
65	0	front50
24	0	front50
70	0	front50
44	0	front50
50	0	front50
51	0	front50
3	1	front50
3	0	front50
47	0	front50
72	0	front50

--1a74e5a2--2020-01-07--Pierre Delagrave
3	3	front50

--5ea831d8--2019-12-30--Michael Plump
1	1	front50
1	1	front50

--e5aaab74--2019-12-20--Louis Jimenez
10	1	front50

--f9509cc6--2019-12-18--Adam Jordens
6	6	front50

--971f1c4d--2019-12-18--Adam Jordens
23	0	front50

--dd1e4ff6--2019-12-18--Rob Zienert
1	0	front50
238	0	front50
31	0	front50
31	0	front50
26	0	front50
41	0	front50
182	0	front50
10	0	front50
85	0	front50
151	0	front50
1	1	front50
2	2	front50
3	3	front50
1	1	front50
1	1	front50
1	1	front50
0	2	front50
15	91	front50
0	75	front50
1	1	front50

--96dfb606--2019-12-17--Michael Plump
7	0	front50
1	1	front50
2	2	front50
7	0	front50

--751ebabf--2019-12-14--Michael Plump
2	2	front50

--d4a133ed--2019-12-05--Pierre Delagrave
0	11	front50
8	1	front50
0	6	front50

--444366be--2019-12-05--Eric Zimanyi
8	0	front50

--480917ae--2019-12-03--Sairam Rekapalli
3	0	front50
26	15	front50
23	1	front50
156	139	front50
64	0	front50
2	1	front50
41	0	front50

--91ce0c47--2019-12-02--Travis Tomsu
11	0	front50

--41491300--2019-11-14--Sairam Rekapalli
3	0	front50
35	0	front50
8	2	front50
2	1	front50
6	0	front50
109	0	front50
4	0	front50
89	0	front50
196	179	front50
1	0	front50

--9415a443--2019-11-06--Cameron Fieber
1	1	front50

--7f91a48d--2019-10-28--AbdulRahmanAlHamali
11	1	front50
6	1	front50

--7e7c8984--2019-10-28--AbdulRahmanAlHamali
1	1	front50

--c8e96e11--2019-10-25--AbdulRahmanAlHamali
1	1	front50

--62697a02--2019-10-25--Cameron Fieber
1	1	front50
1	1	front50

--3d296467--2019-10-25--Michael Plump
1	1	front50

--d7e52e24--2019-10-25--Michael Plump
1	1	front50

--06d0ed8c--2019-10-24--Cameron Fieber
1	1	front50

--cdc3a658--2019-10-23--Cameron Fieber
1	1	front50

--81594d56--2019-10-23--Mark Vulfson
4	0	front50

--156c6ea4--2019-10-18--Costi Muraru
1	1	front50
75	0	front50

--78bfbf6e--2019-10-18--Mark Vulfson
19	0	front50

--0a17e927--2019-10-17--Matt Duftler
1	0	front50
15	14	front50
1	0	front50

--a21712d5--2019-10-10--German Muzquiz
1	0	front50

--c04b9504--2019-09-27--Chris Smalley
3	3	front50
0	55	front50
1	1	front50

--10c6e77b--2019-09-19--Scott Frederick
1	1	front50
3	1	front50

--23062ebf--2019-09-18--Mark Vulfson
2	2	front50

--b621da9b--2019-08-31--Mark Vulfson
10	0	front50

--a25e184f--2019-08-28--battlecow
36	26	front50
9	9	front50

--a7a36e97--2019-08-27--Justin Lee
11	0	front50
2	1	front50
25	1	front50
1	1	front50
1	1	front50
1	1	front50
1	1	front50
1	1	front50

--c317546a--2019-08-23--Adam Jordens
50	3	front50

--7fb2720b--2019-08-22--Adam Jordens
17	9	front50

--907be460--2019-08-20--Pierre Delagrave
0	15	front50
6	0	front50
1	7	front50
7	0	front50
0	13	front50

--96ec3813--2019-08-13--Adam Jordens
6	2	front50

--29ee5749--2019-08-09--Eric Zimanyi
2	2	front50

--d63ab524--2019-07-26--Eric Zimanyi
0	14	front50
9	6	front50

--3c6d378b--2019-07-25--Michael Plump
10	0	front50
8	0	front50
6	0	front50
3	0	front50
6	0	front50
12	0	front50
6	0	front50

--58cf9173--2019-07-24--Cameron Fieber
6	0	front50
1	1	front50
1	0	front50
1	1	front50
1	1	front50
1	1	front50
1	1	front50

--21e33c7a--2019-07-15--Adam Jordens
29	0	front50
22	1	front50
11	0	front50
47	0	front50

--b3f6a5a2--2019-07-08--Adam Jordens
0	4	front50

--51e8803c--2019-07-08--Adam Jordens
1	0	front50
2	3	front50
13	9	front50
6	4	front50
5	3	front50
28	9	front50
0	2	front50
6	4	front50
0	432	front50
5	1	front50
0	1	front50
1	1	front50
2	0	front50

--4f6d7aa5--2019-06-25--Adam Jordens
9	0	front50

--b16db6bf--2019-06-21--Adam Jordens
0	11	front50
0	25	front50
0	58	front50
0	43	front50
3	0	front50
5	1	front50

--e135fb21--2019-06-21--Adam Jordens
77	26	front50
80	144	front50

--afdc6f71--2019-06-19--Adam Jordens
1	18	front50
8	4	front50

--d880dbb5--2019-06-19--Adam Jordens
1	0	front50
1	1	front50

--817d3444--2019-06-19--Adam Jordens
17	8	front50

--0acbd562--2019-06-17--Adam Jordens
1	4	front50
1	0	front50
33	0	front50
11	0	front50

--c86ff703--2019-06-17--Adam Jordens
3	2	front50
7	1	front50

--0b2f51a5--2019-06-17--Adam Jordens
8	1	front50
3	2	front50
30	1	front50

--2f4c978c--2019-05-30--Adam Jordens
5	2	front50
21	2	front50
29	0	front50
36	1	front50
1	1	front50

--73aec79e--2019-05-30--Adam Jordens
11	0	front50
25	0	front50
58	0	front50
43	0	front50
3	2	front50

--ff102143--2019-05-30--Adam Jordens
3	0	front50

--1a5f5142--2019-05-30--Adam Jordens
105	0	front50

--b4e6f5bb--2019-05-29--Adam Jordens
4	1	front50
8	0	front50

--5f129453--2019-05-29--Adam Jordens
1	1	front50

--0b0420a0--2019-05-28--Adam Jordens
2	1	front50

--56c97239--2019-05-28--Adam Jordens
1	0	front50

--c91895a2--2019-05-28--Adam Jordens
1	1	front50

--35c293f1--2019-05-28--Adam Jordens
7	1	front50

--b7b2dbb3--2019-05-28--Adam Jordens
4	1	front50

--51470266--2019-05-23--Adam Jordens
27	0	front50

--191fd235--2019-05-23--Adam Jordens
5	1	front50

--b3e10892--2019-05-22--Adam Jordens
0	2	front50
2	0	front50
29	11	front50
72	3	front50

--bc22d258--2019-05-22--Adam Jordens
4	4	front50
5	3	front50
86	36	front50
56	0	front50

--cac2d6e6--2019-05-21--Adam Jordens
7	0	front50
22	10	front50
123	6	front50

--f0c35330--2019-05-18--Adam Jordens
4	0	front50

--63cb1f27--2019-05-18--Adam Jordens
3	1	front50
4	2	front50
15	2	front50
3	0	front50
432	0	front50

--1ed13dda--2019-05-17--Adam Jordens
12	6	front50
9	1	front50
89	0	front50
105	0	front50

--e3a725a4--2019-05-18--Adam Jordens
6	11	front50
1	9	front50
0	90	front50
0	105	front50

--f6f06ab3--2019-05-17--Adam Jordens
11	6	front50
9	1	front50
90	0	front50
105	0	front50

--08e119e0--2019-05-10--Adam Jordens
17	0	front50
59	0	front50
43	0	front50
150	0	front50
123	0	front50
193	0	front50
46	0	front50
191	0	front50
34	0	front50
89	0	front50
89	0	front50
94	0	front50
47	0	front50
89	0	front50
99	0	front50
89	0	front50
99	0	front50
94	0	front50
89	0	front50
47	0	front50
1	0	front50
13	0	front50
35	0	front50

--5d388e16--2019-07-08--Nastya Smirnova
3	0	front50
0	5	front50

--c9c0aceb--2019-06-25--Adam Jordens
3	1	front50

--e2ba054f--2019-06-18--Mark Vulfson
29	28	front50
52	0	front50
3	1	front50
1	1	front50
1	1	front50
3	3	front50
0	14	front50
2	2	front50
11	1	front50

--1b48c2cb--2019-06-17--Adam Jordens
6	0	front50
68	47	front50

--22862095--2019-06-07--Cameron Fieber
3	3	front50

--a20e3f51--2019-06-07--Cameron Fieber
2	2	front50

--799d103a--2019-05-29--Adam Jordens
4	0	front50
3	2	front50
10	6	front50
1	0	front50

--e2a43fb8--2019-05-23--Adam Jordens
13	2	front50
6	4	front50
0	1	front50

--9f1ad524--2019-05-21--Adam Jordens
2	0	front50
0	3	front50
0	2	front50

--053cfa45--2019-05-21--Michael Plump
6	64	front50
0	5	front50

--26f0e890--2019-05-20--Cameron Fieber
2	7	front50
4	0	front50
-	-	gradle/wrapper/gradle-wrapper.jar
1	1	front50
17	1	front50
17	1	front50

--2443dd1a--2019-05-17--Eric Zimanyi
2	2	front50
1	1	front50

--c88c7e3b--2019-05-17--Rob Zienert
2	5	front50
31	56	front50
11	7	front50
3	1	front50
26	8	front50
101	84	front50
13	8	front50
143	124	front50
1	1	front50
2	3	front50
6	3	front50
6	12	front50
186	168	front50
18	10	front50
17	8	front50
25	15	front50
9	11	front50
2	1	front50
17	8	front50
33	21	front50
31	21	front50
18	12	front50
15	10	front50
0	1	front50
18	6	front50
2	2	front50
21	14	front50
17	8	front50
15	10	front50
18	10	front50
1	3	front50
14	11	front50
78	71	front50
332	311	front50
5	2	front50
1	2	front50
12	11	front50
29	27	front50
40	34	front50
1	0	front50
16	17	front50
9	10	front50
43	39	front50
27	24	front50
26	25	front50
21	20	front50
4	2	front50
3	2	front50
10	3	front50
3	4	front50
0	1	front50
0	1	front50
64	35	front50
11	5	front50
12	2	front50
6	2	front50
6	2	front50
6	2	front50
18	9	front50
6	2	front50
57	39	front50
1	1	front50
10	4	front50
6	2	front50
63	71	front50
4	6	front50
115	109	front50
2	4	front50
122	95	front50
71	41	front50
0	1	front50
5	4	front50
10	3	front50
8	8	front50
59	48	front50
5	3	front50
18	15	front50
8	7	front50
0	67	front50
9	6	front50
1	1	front50
66	53	front50
13	12	front50
1	1	front50
64	46	front50
10	8	front50
2	2	front50
2	2	front50
2	2	front50
0	75	front50
0	29	front50
0	89	front50
0	41	front50
0	90	front50
0	48	front50
0	45	front50
0	77	front50
1	0	front50
0	1	front50
1	1	front50
1	1	front50

--da707677--2019-05-17--Rob Zienert
18	14	front50
26	25	front50

--0c2bf133--2019-05-14--Rob Zienert
2	5	front50
31	56	front50
11	7	front50
3	1	front50
26	8	front50
83	70	front50
13	8	front50
143	124	front50
2	3	front50
6	3	front50
6	12	front50
186	168	front50
18	10	front50
17	8	front50
25	15	front50
9	11	front50
2	1	front50
17	8	front50
33	21	front50
31	21	front50
18	12	front50
15	10	front50
0	1	front50
18	6	front50
2	2	front50
21	14	front50
17	8	front50
15	10	front50
18	10	front50
1	3	front50
14	11	front50
72	65	front50
332	311	front50
5	2	front50
1	2	front50
12	11	front50
29	27	front50
40	34	front50
1	0	front50
16	17	front50
9	10	front50
42	38	front50
27	24	front50
21	20	front50
10	3	front50
3	4	front50
0	1	front50
0	1	front50
64	35	front50
11	5	front50
13	14	front50
1	1	front50
10	3	front50
6	2	front50
61	62	front50
4	6	front50
115	109	front50
2	4	front50
122	95	front50
71	41	front50
0	1	front50
10	3	front50
8	8	front50
59	48	front50
5	3	front50
18	15	front50
0	2	front50
9	6	front50
66	53	front50
13	12	front50
64	46	front50
9	8	front50
2	2	front50
2	2	front50
2	2	front50
1	0	front50
0	1	front50
1	1	front50
1	1	front50

--7ee8517d--2019-04-16--Emily Burns
0	2	front50
0	1	front50

--1c1d9098--2019-04-16--Emily Burns
1	1	front50
1	1	front50
6	6	front50
1	1	front50
4	2	front50
3	2	front50
2	2	front50
12	2	front50
6	2	front50
6	2	front50
6	2	front50
17	7	front50
6	2	front50
57	39	front50
2	1	front50
2	8	front50
5	4	front50
1	1	front50
9	6	front50
0	67	front50
1	1	front50
1	1	front50
2	1	front50
0	75	front50
0	29	front50
0	89	front50
0	41	front50
0	90	front50
0	48	front50
0	45	front50
0	77	front50

--c5866e99--2019-05-14--Rob Zienert
2	5	front50
31	56	front50
11	7	front50
3	1	front50
26	8	front50
87	74	front50
13	8	front50
143	124	front50
2	3	front50
6	3	front50
6	12	front50
190	171	front50
18	10	front50
17	8	front50
25	15	front50
9	11	front50
2	1	front50
17	8	front50
33	21	front50
31	21	front50
18	12	front50
15	10	front50
0	1	front50
18	6	front50
2	2	front50
21	14	front50
17	8	front50
15	10	front50
18	10	front50
1	3	front50
14	11	front50
72	65	front50
332	311	front50
5	2	front50
1	2	front50
12	11	front50
29	27	front50
40	34	front50
1	0	front50
16	17	front50
9	10	front50
42	38	front50
27	24	front50
21	20	front50
10	3	front50
3	4	front50
0	1	front50
0	1	front50
64	35	front50
11	5	front50
13	14	front50
1	1	front50
10	3	front50
6	2	front50
61	62	front50
4	6	front50
115	109	front50
2	4	front50
122	95	front50
71	41	front50
0	1	front50
10	3	front50
8	8	front50
59	48	front50
5	3	front50
17	13	front50
0	2	front50
9	6	front50
66	53	front50
13	12	front50
64	46	front50
9	8	front50
2	2	front50
2	2	front50
2	2	front50
1	0	front50
0	1	front50
1	1	front50
1	1	front50

--0a24c9fe--2019-05-14--Rob Zienert
2	5	front50
31	56	front50
6	7	front50
3	1	front50
26	8	front50
87	74	front50
12	8	front50
143	124	front50
2	3	front50
6	3	front50
6	12	front50
190	171	front50
18	10	front50
17	8	front50
25	15	front50
9	11	front50
2	1	front50
17	8	front50
33	21	front50
31	21	front50
18	12	front50
15	10	front50
0	1	front50
18	6	front50
2	2	front50
21	14	front50
17	8	front50
15	10	front50
18	10	front50
1	3	front50
11	11	front50
72	65	front50
332	311	front50
2	2	front50
1	2	front50
12	11	front50
29	27	front50
40	34	front50
1	0	front50
16	17	front50
9	10	front50
42	38	front50
27	24	front50
21	20	front50
4	3	front50
3	4	front50
0	1	front50
0	1	front50
64	35	front50
5	5	front50
13	14	front50
1	1	front50
4	3	front50
6	2	front50
61	62	front50
4	6	front50
115	109	front50
2	4	front50
122	95	front50
71	41	front50
0	1	front50
4	3	front50
8	8	front50
59	48	front50
3	3	front50
11	11	front50
9	6	front50
66	53	front50
13	12	front50
64	46	front50
9	8	front50
2	2	front50
2	2	front50
2	2	front50
1	0	front50
0	1	front50
1	1	front50
1	1	front50

--05405995--2019-05-10--Adam Jordens
3	3	front50
0	3	front50
8	1	front50

--33e5623a--2019-04-30--Dibyo Mukherjee
1	1	front50

--e5b54b0f--2019-04-29--Zhiqing Qiu
17	2	front50

--33197bc7--2019-04-26--Cameron Fieber
1	0	front50

--19997b4b--2019-04-19--Jacob Kiefer
105	0	front50
71	0	front50

--f83f7aea--2019-04-17--Mark Vulfson
1	1	front50

--182be058--2019-04-17--Mark Vulfson
2	0	front50

--70ad637e--2019-04-16--Emily Burns
0	2	front50
0	1	front50

--b70cf75a--2019-04-16--Emily Burns
1	1	front50
1	1	front50
6	6	front50
1	1	front50
4	2	front50
3	2	front50
2	2	front50
12	2	front50
6	2	front50
6	2	front50
6	2	front50
17	7	front50
6	2	front50
57	39	front50
2	1	front50
2	8	front50
5	4	front50
1	2	front50
10	2	front50
0	67	front50
1	1	front50
1	1	front50
2	1	front50
0	75	front50
0	29	front50
0	89	front50
0	41	front50
0	90	front50
0	48	front50
0	45	front50
0	77	front50

--7f0096de--2019-04-16--Rob Zienert
3	0	front50

--340b43e5--2019-04-16--Rob Zienert
3	0	front50

--2df4994c--2019-04-10--Jacob Kiefer
17	0	front50
51	30	front50

--f1b86945--2019-04-05--Asher Feldman
5	1	front50
5	1	front50
2	1	front50

--b424a53b--2019-04-05--Jacob Kiefer
8	8	front50
2	2	front50

--d305bbc1--2019-04-04--Jacob Kiefer
29	28	front50

--3d5a8c25--2019-04-03--Chris Berry
12	1	front50

--8250c542--2019-04-02--Rob Fletcher
7	9	front50

--066075f3--2019-03-29--Jacob Kiefer
0	5	front50

--e3a3017d--2019-03-20--Jacob Kiefer
113	0	front50
80	0	front50

--72c5230a--2019-03-20--tiggerlee
9	0	front50
1	1	front50

--3582ce75--2019-03-19--Jørgen Jervidalo
9	6	front50
23	7	front50

--d80003fa--2019-03-19--Xavi León
1	2	front50
1	1	front50

--993b7d90--2019-03-18--Brandon Powell
1	1	front50

--376c77dc--2019-03-18--Jacob Kiefer
2	3	front50

--5304eeeb--2019-03-14--Jørgen Jervidalo
4	1	front50

--efefc426--2019-03-12--Chris Berry
1	0	front50

--c7d4150a--2019-03-08--Adam Jordens
1	0	front50
60	0	front50
31	0	front50
22	3	front50
1	1	front50

--59d58ea5--2019-03-08--Jørgen Jervidalo
138	0	front50
255	0	front50

--09656d2d--2019-03-05--Brandon Powell
1	1	front50
2	2	front50
1	1	front50

--4ccd870c--2019-03-04--Jacob Kiefer
0	9	front50

--1cd26a36--2019-02-28--Chris Berry
8	2	front50

--9db50974--2019-02-22--Dibyo Mukherjee
9	3	front50
7	4	front50

--2dd91735--2019-02-21--Eric Zimanyi
1	1	front50

--f6568076--2019-02-20--Emily Burns
8	0	front50

--7b6ba5f5--2019-02-20--Eric Zimanyi
1	0	front50
6	39	front50
7	22	front50
8	36	front50
7	33	front50
8	36	front50
0	40	front50
90	0	front50
39	0	front50
34	0	front50

--c9ef4aa0--2019-02-19--Chris Berry
1	1	front50
1	0	front50
3	4	front50

--36c3a7ac--2019-02-19--Chris Berry
0	1	front50
70	0	front50

--9f8c16c4--2019-02-19--Jacob Kiefer
2	0	front50
4	36	front50
6	3	front50

--2a1c0734--2019-02-15--Emily Burns
25	25	front50
3	13	front50

--ec24c1cf--2019-02-15--Emily Burns
12	10	front50
1	1	front50
3	3	front50
66	0	front50
94	0	front50
11	0	front50
0	75	front50
0	91	front50
0	29	front50
0	19	front50
0	108	front50
4	5	front50
77	0	front50
0	92	front50
49	0	front50
0	105	front50
1	0	front50

--bcf8c542--2019-02-14--Maggie Neterval
10	0	front50
85	0	front50

--b59e1d11--2019-02-13--Eric Zimanyi
0	2	front50

--ea850b86--2019-02-13--Emily Burns
5	2	front50

--78ea7df0--2019-02-12--Jacob Kiefer
9	0	front50

--379136ff--2019-02-12--Jacob Kiefer
9	0	front50

--5783c47b--2019-02-11--Chris Berry
8	2	front50

--6c1b236e--2019-02-11--Chris Berry
1	0	front50

--3a3f3eb9--2019-01-30--Jørgen Jervidalo
1	1	front50

--ed7b86f8--2019-01-30--Jacob Kiefer
22	16	front50

--a5462255--2019-01-29--Jacob Kiefer
37	1	front50
41	12	front50

--25a2fffd--2019-01-29--Eric Zimanyi
8	3	front50
1	1	front50

--896fee0a--2019-01-29--Eric Zimanyi
2	1	front50
11	0	front50

--3d3d5d11--2019-01-28--Jacob Kiefer
16	2	front50
6	4	front50

--52ff1503--2019-01-28--Chris Berry
66	0	front50
87	0	front50

--feec7d7b--2019-01-28--Jacob Kiefer
1	0	front50
76	12	front50
2	2	front50
155	0	front50

--129b4076--2019-01-28--Guoyong Zhang
5	0	front50

--23090d5a--2019-01-24--Chris Berry
6	0	front50
9	0	front50

--ff30ad87--2019-01-21--Adam Jordens
4	3	front50

--9b7a5b5e--2019-01-21--Eric Wiseblatt
10	0	front50
16	0	front50

--82ce26e3--2019-01-17--Chris Berry
1	1	front50

--23eef5d4--2019-01-17--Chris Berry
9	0	front50

--8ec9a538--2018-12-19--Travis Tomsu
9	1	front50

--a6c0b5d9--2018-12-17--Jacob Kiefer
10	0	front50
61	0	front50
18	11	front50

--fd28a247--2018-12-14--Jørgen Jervidalo
1	3	front50

--98b4ab9d--2018-12-14--Guoyong Zhang
9	0	front50
25	4	front50

--f4512dbd--2018-12-14--Guoyong Zhang
1	1	front50

--76c9677d--2018-12-12--Gard Rimestad
5	0	front50

--0cfda988--2018-12-10--Adam Jordens
7	1	front50

--f27a776c--2018-12-04--Albert Manyà
2	0	front50
56	0	front50

--92a8b4aa--2018-11-28--shihchang
5	0	front50

--1966cc6c--2018-11-26--Dibyo Mukherjee
1	1	front50

--91c080a7--2018-11-05--Cameron Fieber
1	1	front50

--3abb2571--2018-10-25--Travis Tomsu
10	7	front50
4	7	front50
7	5	front50
15	0	front50
6	4	front50

--21f5e259--2018-10-24--Jacob Kiefer
3	1	front50

--162f14e0--2018-10-24--Rob Zienert
12	0	front50
43	0	front50
4	1	front50
29	0	front50
43	13	front50
41	0	front50
6	7	front50
48	0	front50
45	0	front50
77	0	front50

--8b51a364--2018-10-24--Jacob Kiefer
1	2	front50

--3064e000--2018-10-19--Jacob Kiefer
3	3	front50

--ee2c70d1--2018-10-18--Jacob Kiefer
40	8	front50

--5de854d4--2018-10-17--Jacob Kiefer
3	1	front50

--8fb6df23--2018-10-17--Jeff Beck
5	0	front50
22	0	front50
5	0	front50
25	6	front50
3	2	front50
3	2	front50
10	6	front50
10	2	front50
1	0	front50

--fc8fa9bc--2018-10-17--Guoyong Zhang
9	0	front50
25	4	front50

--042382b3--2018-10-16--Adam Jordens
4	2	front50

--e4942c3d--2018-10-16--Jacob Kiefer
2	3	front50
2	3	front50
3	4	front50
119	0	front50

--4bf6901c--2018-10-15--dreynaud
0	55	front50

--df79c6ab--2018-10-10--Jeff Beck
2	2	front50

--8150b2c1--2018-10-05--Eric Zimanyi
4	2	front50

--62da4dc8--2018-10-05--Nicolas Cohen
2	1	front50
12	0	front50
5	2	front50

--9ab3290e--2018-10-05--Nicolas Cohen
2	1	front50
12	0	front50
5	2	front50

--dda84437--2018-10-05--Nicolas Cohen
2	1	front50
11	0	front50
5	2	front50

--2f2330c2--2018-10-05--Nicolas Cohen
2	1	front50
12	0	front50
5	2	front50

--cf5671af--2018-10-05--Rob Zienert
2	0	front50
62	0	front50
75	0	front50
59	0	front50
90	0	front50
84	0	front50

--c30b197f--2018-10-02--Travis Tomsu
4	1	front50

--edc138f0--2018-10-02--Guoyong Zhang
1	1	front50
1	1	front50
1	1	front50

--eadc4082--2018-10-01--Guoyong Zhang
16	2	front50

--11c13ccc--2018-09-28--Guoyong Zhang
10	3	front50

--4934f416--2018-09-27--Dibyo Mukherjee
1	1	front50

--f7f83f8f--2018-09-26--Dibyo Mukherjee
1	1	front50
0	1	front50

--42242a24--2018-09-25--Dibyo Mukherjee
0	30	front50
0	37	front50
0	37	front50
0	42	front50
0	259	front50
0	211	front50
0	49	front50
0	191	front50
0	30	front50
0	25	front50
0	125	front50
0	226	front50
0	222	front50
0	45	front50
0	79	front50
0	152	front50
0	37	front50
0	1	front50
0	40	front50
0	9	front50
0	10	front50
0	23	front50
0	20	front50
6	34	front50
0	21	front50
2	30	front50
1	1	front50
1	1	front50

--e5e4b68e--2018-09-25--Dibyo Mukherjee
0	4	front50
0	29	front50
0	35	front50

--e98713b7--2018-09-24--Dibyo Mukherjee
12	0	front50
1	0	front50
42	0	front50
49	0	front50
1	2	front50
15	10	front50
0	3	front50
0	42	front50
0	49	front50
1	0	front50
2	0	front50

--94e2013e--2018-09-20--Eric Wiseblatt
38	23	front50
139	1	front50

--92294fd8--2018-09-06--Adam Jordens
1	1	front50

--3d617c0c--2018-09-05--Dibyo Mukherjee
1	1	front50

--8fa255e2--2018-08-28--Eric Zimanyi
1	1	front50

--19934517--2018-08-23--Eric Zimanyi
20	4	front50
1	1	front50

--7c4a931d--2018-08-22--Eric Wiseblatt
69	34	front50

--9551fd33--2018-08-10--Eric Zimanyi
100	91	front50

--13c2f19d--2018-08-01--Cameron Fieber
1	1	front50

--af857f95--2018-07-20--Adam Jordens
1	1	front50

--14cc08dc--2018-07-20--Eric Zimanyi
7	3	front50

--66c47d54--2018-07-12--Adam Jordens
1	1	front50

--11c211d6--2018-07-12--Adam Jordens
4	1	front50

--3ec85a5d--2018-07-12--Adam Jordens
1	1	front50

--ecc49e0b--2018-07-12--Matt Duftler
3	3	front50

--92a5cd33--2018-07-10--Eric Wiseblatt
11	0	front50
34	9	front50
57	38	front50

--006125ef--2018-07-05--Adam Jordens
1	1	front50

--367a6ac2--2018-07-05--Adam Jordens
2	2	front50

--58dae1bb--2018-06-28--Eric Wiseblatt
6	0	front50
72	13	front50
83	1	front50

--75f1ea76--2018-06-26--Adam Jordens
1	1	front50

--9f2a935b--2018-06-26--Youying Lin
1	1	front50

--e47381ea--2018-06-25--Dibyo Mukherjee
3	4	front50

--347609d9--2018-06-22--Adam Jordens
2	2	front50

--93febf20--2018-06-12--Lars Wander
2	1	front50

--d309bd31--2018-06-12--Eric Zimanyi
2	1	front50

--e97a2be2--2018-06-11--Eric Zimanyi
9	0	front50
7	0	front50

--ede3a227--2018-06-08--Adam Jordens
1	1	front50

--bc2b673e--2018-06-08--Yifan Liu
1	1	front50

--b9e6eb63--2018-06-05--Adam Jordens
6	0	front50
6	0	front50
4	0	front50
1	1	front50
22	0	front50
9	1	front50

--42882f04--2018-06-04--Adam Jordens
6	4	front50

--dab29afd--2018-06-04--Adam Jordens
98	0	front50
63	0	front50
13	1	front50
33	0	front50

--14976463--2018-06-01--Guoyong Zhang
0	58	front50
0	39	front50
0	89	front50
0	23	front50
0	216	front50
58	0	front50
39	0	front50
89	0	front50
23	0	front50
216	0	front50
1	1	front50
1	1	front50

--57585093--2018-05-22--Adam Jordens
1	1	front50

--d4cb68ed--2018-05-16--Adam Jordens
3	1	front50

--b8683188--2018-05-16--Adam Jordens
4	0	front50

--93b84f6e--2018-05-14--Adam Jordens
1	0	front50
13	2	front50

--2d6c151b--2018-05-11--Ethan Rogers
11	0	front50
5	0	front50
9	0	front50

--826ee62f--2018-05-11--Dibyo Mukherjee
1	1	front50

--98746b2d--2018-05-03--Emily Burns
8	9	front50

--5328b8fc--2018-04-27--Simon Lord
1	1	front50

--a15f519d--2018-04-20--Jon Schneider
1	1	front50
-	-	gradle/wrapper/gradle-wrapper.jar
1	2	front50
42	30	front50
4	10	front50

--3dc7259e--2018-04-19--Sergey Reshetnyak
1	1	front50

--bed259c4--2018-04-14--Isaac Mosquera
2	1	front50

--4ac72486--2018-04-11--Adam Jordens
17	1	front50

--a6eef8d6--2018-04-04--Lars Wander
4	0	front50

--609890d4--2018-04-04--Lars Wander
4	0	front50

--483b800b--2017-08-09--Travis Tomsu
5	0	front50

--3a2ecb91--2018-03-12--Rob Zienert
1	0	front50

--d1495bfa--2018-03-12--Jeff Beck
7	4	front50
8	5	front50

--7c04dea3--2018-03-06--Jeff Beck
3	0	front50
2	0	front50
71	13	front50
1	1	front50

--1a61c32c--2018-02-08--Daniel Williams
1	1	front50

--ed0eb92d--2017-12-21--Jacob Kiefer
81	0	front50

--19c46af8--2017-12-20--Jacob Kiefer
9	5	front50

--b726853b--2017-11-30--Cameron Fieber
6	1	front50
12	0	front50

--f5f61786--2017-11-30--Brandon Nelson
1	1	front50

--42e80b35--2017-11-30--Cameron Fieber
3	3	front50
1	1	front50

--fa66bdf3--2017-11-29--Emily Burns
18	13	front50
17	12	front50

--683f6355--2017-11-28--Brandon Nelson
14	0	front50

--a23d4a64--2017-11-17--Adam Jordens
9	5	front50

--1032fd22--2017-11-16--Emily Burns
2	0	front50
12	17	front50

--818557e1--2017-11-06--Emily Burns
2	2	front50
2	2	front50
17	10	front50
33	19	front50

--d989f961--2017-11-02--Emily Burns
9	14	front50
13	21	front50

--181fd4e8--2017-10-30--Tomás Lin
2	0	front50

--6b9ee3f0--2017-10-27--Rob Zienert
3	0	front50
1	1	front50

--65234c38--2017-10-27--Emily Burns
17	0	front50
1	0	front50
2	0	front50
75	0	front50
91	0	front50
29	0	front50
19	0	front50
108	0	front50
8	0	front50
83	0	front50
99	0	front50

--106179d4--2017-10-12--Asher Feldman
2	2	front50

--cf4619f3--2017-10-11--Asher Feldman
1	1	front50
37	11	front50
9	4	front50
7	4	front50
5	2	front50
32	22	front50
5	2	front50
4	1	front50
2	0	front50
17	15	front50
12	4	front50
8	6	front50
4	2	front50

--b17bf1c4--2017-09-18--Adam Jordens
4	1	front50
21	12	front50
3	0	front50

--68da42ae--2017-09-07--Rob Zienert
13	10	front50
1	1	front50

--24dc0659--2017-09-06--Adam Jordens
3	4	front50
3	2	front50
3	1	front50

--7a5cc805--2017-09-06--Adam Jordens
1	1	front50

--7305c86e--2017-09-06--Adam Jordens
0	25	front50
4	0	front50
0	2	front50
2	10	front50
0	5	front50
0	5	front50
0	17	front50
91	4	front50
49	0	front50
11	0	front50
282	0	front50
1	24	front50
165	0	front50
40	0	front50
29	0	front50
119	0	front50
70	0	front50
0	11	front50

--b27fb021--2017-09-06--Chris Berry
1	1	front50

--5b29c938--2017-09-06--Chris Berry
3	3	front50
2	0	front50

--f260eacb--2017-09-06--Chris Berry
15	1	front50
30	5	front50

--0b97cda2--2017-09-04--Slava Bacherikov
6	1	front50
5	0	front50
3	1	front50
9	0	front50
11	6	front50

--cb867bd6--2017-09-05--Adam Jordens
29	0	front50
32	0	front50
27	0	front50
5	32	front50
3	1	front50
3	1	front50
3	1	front50
3	1	front50
3	1	front50
3	1	front50
3	1	front50
3	1	front50
3	1	front50
3	1	front50
2	0	front50

--61734ccc--2017-08-30--Cameron Fieber
0	43	front50
35	0	front50
6	1	front50
4	0	front50
6	0	front50
27	14	front50
15	7	front50
18	12	front50

--31898c25--2017-08-31--Adam Jordens
42	9	front50
3	0	front50

--d07f0e16--2017-08-30--Emily Burns
6	1	front50
1	0	front50
1	1	front50
1	1	front50
2	2	front50

--4d0a3c62--2017-08-29--Emily Burns
1	1	front50
3	3	front50
1	1	front50
3	4	front50
1	1	front50
2	2	front50
4	3	front50

--5554dc83--2017-08-29--Emily Burns
3	2	front50

--5ea82bc7--2017-08-29--Rob Zienert
52	7	front50
30	2	front50

--c331e4cb--2017-08-21--Adam Jordens
1	1	front50

--6f176222--2017-08-18--Cristian Măgherușan-Stanciu @magheru_san
10	0	front50

--16eae141--2017-08-18--Cameron Fieber
3	1	front50

--57a0132d--2017-08-01--Travis Tomsu
3	6	front50
2	3	front50
1	10	front50
3	2	front50
1	4	front50

--a96289cc--2017-07-25--Travis Tomsu
1	1	front50

--9080cade--2017-07-25--Travis Tomsu
1	1	front50

--adbdb555--2017-07-20--Travis Tomsu
16	2	front50

--08703781--2017-07-17--Daniel Peach
2	1	front50
11	0	front50

--918aa8f8--2017-07-16--Adam Jordens
1	1	front50

--439e519a--2017-07-14--Daniel Peach
20	0	front50
6	0	front50
44	0	front50
65	0	front50
76	0	front50

--1b27f6d4--2017-07-12--Travis Tomsu
16	2	front50

--5a74b7a1--2017-07-11--Adam Jordens
1	1	front50
6	10	front50
2	16	front50
7	45	front50
4	38	front50
2	21	front50
5	32	front50
0	26	front50
0	26	front50
0	26	front50
0	7	front50
3	16	front50
43	0	front50
28	0	front50
28	0	front50
28	0	front50
19	5	front50
32	0	front50
30	21	front50
13	2	front50

--0efbc1e1--2017-07-10--Travis Tomsu
14	0	front50
2	2	front50

--b6b70a23--2017-07-06--Rob Zienert
13	0	front50
38	0	front50

--d9f34e0d--2017-06-13--Travis Tomsu
34	23	front50

--64b4b711--2017-05-31--Travis Tomsu
1	1	front50

--e9e40320--2017-05-30--Travis Tomsu
0	25	front50

--f38978c9--2017-05-26--Chris Berry
0	12	front50
1	23	front50
0	3	front50
1	12	front50

--b41a1cb5--2017-05-26--Adam Jordens
10	0	front50
7	7	front50
11	6	front50
2	1	front50
2	1	front50
2	1	front50
2	1	front50
2	1	front50
2	1	front50
2	1	front50
2	1	front50
2	1	front50
2	1	front50
1	0	front50

--8507cacd--2017-05-26--Eric Wiseblatt
2	0	front50

--61f00855--2017-05-26--Eric Wiseblatt
17	1	front50

--49db3cca--2017-05-24--Rob Fletcher
0	66	front50

--f8be2b81--2017-05-22--Rob Zienert
14	1	front50
16	8	front50

--7a5331d4--2017-05-22--Rob Zienert
18	9	front50

--631b3001--2017-05-22--Travis Tomsu
3	0	front50
20	2	front50
0	1	front50
11	2	front50
4	7	front50

--fb3e0d10--2017-05-12--simonlord
3	1	front50
58	0	front50
39	0	front50
89	0	front50
23	0	front50
233	0	front50
1	0	front50
2	1	front50

--b6171355--2017-05-10--Cameron Fieber
1	1	front50

--811a66b0--2017-05-03--Rob Fletcher
2	1	front50

--b76ac46f--2017-04-27--Rob Zienert
13	0	front50

--8bf65c19--2017-04-27--Chris Thielen
1	0	front50

--e03b778f--2017-04-26--Rob Zienert
14	0	front50
1	0	front50
2	0	front50
54	0	front50
74	0	front50
26	0	front50
0	1	front50
6	0	front50
106	0	front50
7	0	front50
1	0	front50
113	0	front50

--d5f6463f--2017-04-26--Eric Jizba
1	1	front50

--3941670a--2017-04-26--Adam Jordens
5	0	front50
5	0	front50
8	0	front50
15	7	front50
7	2	front50
7	2	front50
6	1	front50
6	1	front50
6	1	front50
6	1	front50
4	2	front50

--0c0ed584--2017-04-25--Adam Jordens
0	73	front50
152	0	front50
43	0	front50
14	9	front50
1	1	front50
1	1	front50
1	1	front50
1	1	front50
1	1	front50
1	1	front50
1	1	front50
1	1	front50
7	4	front50
14	68	front50
1	68	front50
1	0	front50
1	69	front50
3	1	front50

--002976b7--2017-04-24--Lars Wander
3	1	front50
24	15	front50

--35c86ede--2017-03-30--Cameron Fieber
1	1	front50

--49dc352c--2017-03-29--Travis Tomsu
1	1	front50

--165a1cf8--2017-03-23--Travis Tomsu
1	1	front50
5	20	front50
1	1	front50
1	1	front50

--a03ffb90--2017-03-22--Jacob Kiefer
4	0	front50

--e77a7b0b--2017-03-16--Eric Wiseblatt
1	1	front50

--c3cf7b32--2017-03-16--Ashley Kasim
26	0	front50
124	0	front50
81	0	front50
204	0	front50
194	0	front50
1	0	front50
1	1	front50

--04cce359--2017-03-08--Eric Wiseblatt
2	1	front50

--a8a3d0ab--2017-03-01--Jeyrs Chabu
--7b2e0402--2017-03-01--jeyrs
5	2	front50

--5ae31d8c--2017-03-01--Jacob Kiefer
14	0	front50

--25ca1a8a--2017-03-01--Daniel Peach
7	0	front50

--d8610eaf--2017-02-27--Rob Fletcher
--fc910d70--2017-02-27--Rob Fletcher
0	20	front50

--92398ad7--2017-02-27--Adam Jordens
--e319373e--2017-02-27--Adam Jordens
1	1	front50
3	13	front50
4	4	front50
4	3	front50

--cadee31f--2017-02-22--Travis Tomsu
0	2	front50

--ed38423d--2017-02-19--Chris Berry
--bb1ef87b--2017-02-19--Adam Jordens
1	0	front50

--f804f6bb--2017-02-18--Chris Berry
--9c85c8cb--2017-02-18--anotherchrisberry
1	1	front50
14	10	front50

--7fb5bffc--2017-02-17--Chris Berry
--7c8ee270--2017-02-17--anotherchrisberry
12	6	front50

--59bbbfd5--2017-02-17--Chris Berry
--51f1a673--2017-02-17--anotherchrisberry
7	2	front50

--0c521cec--2017-02-16--Eric Jizba
1	4	front50
0	5	front50
6	16	front50

--72295df4--2017-02-15--Rob Fletcher
--2cebc66f--2017-02-14--Rob Fletcher
1	1	front50
6	6	front50

--e31c6ba8--2017-02-15--Matt Duftler
--ed485474--2017-02-15--duftler
1	1	front50
4	3	front50

--49552197--2017-02-14--Lars Wander
3	0	front50

--dd8248e1--2017-02-14--Jacob Kiefer
1	1	front50

--ece75444--2017-02-14--Rob Fletcher
--90f0b67a--2017-02-14--Rob Fletcher
3	14	front50

--4a2a8bd0--2017-02-13--Chris Berry
--bd07529f--2017-02-13--anotherchrisberry
10	0	front50

--d6e0c8fb--2017-02-13--Travis Tomsu
1	1	front50
2	1	front50

--379f19d1--2017-02-12--Matt Duftler
--282cd1b8--2017-02-12--duftler
1	1	front50
1	0	front50
21	11	front50
1	4	front50
36	2	front50
126	45	front50
23	0	front50
26	0	front50

--db2b9f1f--2017-02-09--Eric Jizba
1	1	front50
1	1	front50
1	1	front50
1	1	front50
1	1	front50

--b445c254--2017-02-07--Matt Duftler
--250f0999--2016-12-15--Richard Guthrie
33	0	front50
117	0	front50
46	0	front50
314	0	front50
1	0	front50
1	1	front50
1	1	front50
1	1	front50
1	1	front50

--a7d34e84--2017-02-07--Matt Duftler
--78f9d094--2017-02-07--Rob Zienert
0	4	front50
0	5	front50
0	7	front50

--320d57f0--2017-02-07--Travis Tomsu
4	2	front50
9	0	front50
2	1	front50
11	0	front50

--0c73a6d1--2017-02-06--Jeyrs Chabu
--9f4cf638--2017-02-06--jeyrs
1	1	front50

--6bcfa659--2017-02-03--Jacob Kiefer
2	0	front50

--a9dad025--2017-01-26--Travis Tomsu
1	1	front50

--251d94d0--2017-01-25--Rob Fletcher
--3001354e--2017-01-25--Rob Fletcher
48	11	front50

--5eb02f5c--2017-01-10--Rob Fletcher
59	0	front50

--bfb93392--2017-01-12--Travis Tomsu
7	2	front50

--3d2757a1--2017-01-10--Travis Tomsu
1	0	front50

--7ac8f4fb--2017-01-10--Lars Wander
14	0	front50

--aaddad3f--2016-12-22--Eric Wiseblatt
12	8	front50

--0f330961--2016-12-21--Eric Wiseblatt
58	7	front50
16	14	front50
87	30	front50
6	1	front50

--b2742685--2016-12-21--Adam Jordens
--1c9903b7--2016-12-21--Adam Jordens
17	2	front50

--6b718c38--2016-12-20--Jeyrs Chabu
--4daf4d4a--2016-11-27--jeyrs
55	0	front50
2	27	front50
3	2	front50
52	3	front50
96	0	front50

--68978053--2016-12-20--Adam Jordens
--de8657b7--2016-12-20--Adam Jordens
4	2	front50

--0a8bc88d--2016-12-20--Vic Iglesias
9	0	front50
10	4	front50
8	0	front50

--4cc76099--2016-12-16--Cameron Fieber
4	79	front50

--82f4bfe6--2016-12-19--Greg Turnquist
5	0	front50

--b528d46a--2016-12-16--Chris Berry
--5c8db1d5--2016-12-15--anotherchrisberry
3	2	front50

--83397d38--2016-12-14--Travis Tomsu
2	0	front50

--178156db--2016-12-13--Cameron Fieber
23	9	front50
4	2	front50
4	2	front50
4	2	front50
4	2	front50
5	3	front50
5	3	front50
5	3	front50
4	2	front50
10	3	front50
17	16	front50
17	16	front50
2	1	front50
2	1	front50
2	1	front50
2	1	front50
2	1	front50

--ffe26c2f--2016-12-13--Cameron Fieber
5	1	front50
5	1	front50

--72f06f64--2016-12-06--Cameron Fieber
2	2	front50
4	20	front50
37	0	front50
5	8	front50
5	8	front50
12	29	front50
72	0	front50
65	0	front50
10	81	front50
29	0	front50
88	0	front50
4	2	front50
0	70	front50
3	1	front50
52	0	front50
6	4	front50
2	1	front50
3	2	front50
2	1	front50

--5df60c97--2016-12-06--Travis Tomsu
8	8	front50
6	6	front50
5	1	front50

--70d20dfe--2016-11-30--Travis Tomsu
6	0	front50

--5939071a--2016-11-28--Jeyrs Chabu
--d573de5c--2016-11-28--jeyrs
11	3	front50
9	6	front50

--84ceb67e--2016-11-23--Jeyrs Chabu
--5df9068f--2016-11-23--jeyrs
1	17	front50
1	18	front50
0	39	front50
0	39	front50

--a0f08e9d--2016-11-10--Rob Zienert
63	10	front50
32	0	front50
22	4	front50

--7584567d--2016-11-10--Eric Wiseblatt
1	1	front50

--3aba09d5--2016-11-09--Cameron Fieber
4	4	front50

--571a11cd--2016-11-08--Jeyrs Chabu
--972c8a5a--2016-11-05--jeyrs
32	6	front50
32	4	front50
45	2	front50
45	2	front50

--87b6cc2e--2016-11-08--Travis Tomsu
14	12	front50
27	1	front50

--9ac8f996--2016-11-04--Travis Tomsu
22	3	front50
55	0	front50

--e8eb59c4--2016-11-01--Travis Tomsu
1	1	front50

--cebd39d2--2016-11-01--Travis Tomsu
1	1	front50
45	0	front50
4	4	front50

--4bc0b3f6--2016-10-28--Adam Jordens
--d7fb0339--2016-10-27--Adam Jordens
5	5	front50
5	0	front50
2	0	front50
4	4	front50
0	2	front50
0	5	front50
0	5	front50
0	5	front50
0	1	front50
0	1	front50
0	3	front50
0	1	front50
0	5	front50
0	1	front50
6	6	front50
6	6	front50
5	6	front50
5	6	front50
5	6	front50
5	4	front50
1	1	front50
2	2	front50
1	1	front50
1	1	front50
0	6	front50

--a683d7e1--2016-10-25--Adam Jordens
47	0	front50
55	0	front50
243	0	front50
65	0	front50
46	0	front50
61	0	front50
76	0	front50
72	0	front50
56	0	front50
46	0	front50
53	0	front50
61	0	front50
1	1	front50
39	48	front50
0	67	front50
0	49	front50
0	256	front50
33	25	front50
0	65	front50
0	79	front50
0	75	front50
0	65	front50
0	47	front50
0	54	front50
0	59	front50
0	211	front50
5	10	front50
0	30	front50
0	3	front50
6	11	front50
28	0	front50
2	2	front50
48	26	front50
0	79	front50
0	61	front50
0	118	front50
0	85	front50
0	89	front50
0	95	front50
0	70	front50
0	61	front50
0	77	front50
253	0	front50
0	352	front50
0	81	front50
0	33	front50
1	1	front50
0	1	front50
19	0	front50
0	176	front50
82	0	front50
0	69	front50
0	319	front50
7	4	front50
8	4	front50
7	4	front50
6	4	front50
7	4	front50

--2094ad30--2016-10-26--Eric Wiseblatt
1	1	front50
1	0	front50

--1292fc20--2016-10-25--Adam Jordens
--7d91006a--2016-10-24--Adam Jordens
26	0	front50
52	0	front50
28	0	front50
5	0	front50
118	0	front50
5	3	front50
69	0	front50

--eabc7d53--2016-10-14--Adam Jordens
--96c876da--2016-10-13--Justin Refi
12	1	front50
2	0	front50

--e0dcc1f2--2016-10-12--Cameron Fieber
15	4	front50
1	1	front50

--598d9bb5--2016-10-09--Adam Jordens
--615b6eb1--2016-10-09--Adam Jordens
1	1	front50
6	3	front50

--89f156c8--2016-10-05--Travis Tomsu
11	1	front50
1	1	front50

--3dcd153f--2016-09-28--Jeyrs Chabu
--a61757af--2016-09-26--jeyrs
11	21	front50
5	14	front50

--891beb5d--2016-09-28--Travis Tomsu
18	1	front50
0	1	front50

--65c81f0a--2016-09-28--Travis Tomsu
1	1	front50

--8cb497f1--2016-09-26--Chris Berry
--53ce8b46--2016-09-26--jeyrs
2	2	front50
0	4	front50
2	2	front50
11	0	front50

--2d67b6f5--2016-09-23--Travis Tomsu
1	1	front50
31	2	front50

--98b15ab8--2016-09-22--Adam Jordens
--12576e97--2016-09-21--Adam Jordens
31	2	front50
84	0	front50
9	6	front50
18	0	front50

--ea03959e--2016-09-19--Cameron Fieber
--6da1c7b9--2016-09-19--Cameron Fieber
1	1	front50

--042a1dd7--2016-09-16--Adam Jordens
--e9fde372--2016-09-16--jeyrs
0	5	front50
4	4	front50

--8f786b9d--2016-09-15--Adam Jordens
--92206866--2016-09-15--Adam Jordens
1	1	front50

--cb0d470d--2016-09-15--Travis Tomsu
70	0	front50

--4cafa79d--2016-09-15--Travis Tomsu
4	1	front50
4	1	front50

--5b253882--2016-09-14--Eric Wiseblatt
--59da4f5f--2016-09-13--Eric Wiseblatt
17	2	front50

--a395703e--2016-09-13--Travis Tomsu
1	1	front50
1	1	front50

--6d485a21--2016-09-12--Jeyrs Chabu
--a5327652--2016-09-08--jeyrs
9	0	front50
6	0	front50
2	10	front50
3	5	front50
3	5	front50
27	0	front50
3	5	front50
157	0	front50
371	0	front50

--ed46b404--2016-09-07--Travis Tomsu
5	0	front50

--5541c722--2016-09-02--Adam Jordens
--54bec725--2016-09-02--Adam Jordens
2	2	front50
4	4	front50

--f1fd8153--2016-09-01--Travis Tomsu
1	1	front50
3	2	front50
13	10	front50
1	0	front50
3	5	front50

--6166ae51--2016-08-31--Noah Webb
1	2	front50
12	1	front50

--89399fe0--2016-08-30--Travis Tomsu
1	1	front50
1	1	front50

--36842792--2016-08-30--Travis Tomsu
22	0	front50
14	0	front50
19	0	front50

--09b83b6c--2016-08-30--Travis Tomsu
1	1	front50
11	0	front50
12	10	front50
27	2	front50

--0e06d085--2016-08-23--Noah Webb
1	1	front50

--e0b98b00--2016-08-22--Eric Wiseblatt
--0053edef--2016-08-22--duftler
2	0	front50

--d710bedd--2016-08-18--Adam Jordens
--66e91cd8--2016-08-18--Adam Jordens
1	0	front50
10	3	front50
28	0	front50
3	3	front50
25	14	front50
29	0	front50

--c293fa49--2016-08-17--Eric Wiseblatt
--f8bce753--2016-08-17--Eric Wiseblatt
8	3	front50
2	2	front50

--c77bd6c1--2016-08-16--Chris Berry
--24bca6c9--2016-08-12--anotherchrisberry
1	0	front50
50	0	front50
1	0	front50
107	1	front50
6	1	front50
1	2	front50
20	0	front50
20	0	front50

--24672b35--2016-08-13--Eric Wiseblatt
--06e72739--2016-08-13--Eric Wiseblatt
43	30	front50

--709709d7--2016-08-12--Adam Jordens
--8e354164--2016-08-11--Adam Jordens
4	0	front50
2	0	front50
12	4	front50
10	0	front50
2	0	front50
1	0	front50
17	25	front50
2	0	front50
0	1	front50
3	0	front50
0	1	front50
0	1	front50
0	1	front50
3	0	front50
8	0	front50

--6c107d5c--2016-08-10--Adam Jordens
--9f2d7d79--2016-08-10--Adam Jordens
3	2	front50

--b5d881d0--2016-08-10--Adam Jordens
--dc77c44c--2016-08-10--Adam Jordens
33	16	front50
26	2	front50

--c8b7d52e--2016-08-10--Eric Wiseblatt
31	16	front50
6	4	front50

--fff9034b--2016-08-05--Noah Webb
54	0	front50
23	0	front50
8	0	front50
54	0	front50
5	0	front50
77	0	front50
69	0	front50

--e8f5571d--2016-08-01--Adam Jordens
--2b4e5cbd--2016-08-01--Adam Jordens
24	0	front50
27	0	front50
74	0	front50
22	0	front50
51	0	front50
79	0	front50
1	0	front50
1	1	front50

--69824529--2016-08-01--Adam Jordens
--b9c3bfaa--2016-08-01--Adam Jordens
2	1	front50

--e522509b--2016-08-01--Adam Jordens
--af1ce0a2--2016-07-29--Jan Willies
--599d60c7--2016-07-26--Matt Duftler
--35c31e60--2016-07-26--duftler
1	2	front50

--361e317c--2016-07-26--Travis Tomsu
2	1	front50

--b56d2fb1--2016-07-20--Travis Tomsu
31	0	front50
22	0	front50
9	0	front50
48	0	front50
5	0	front50
62	0	front50
51	0	front50

--ad36f013--2016-07-20--Travis Tomsu
5	2	front50
20	1	front50
9	7	front50

--8103b850--2016-07-19--Travis Tomsu
--161c1eab--2016-07-18--Travis Tomsu
4	0	front50
12	0	front50
2	1	front50
23	0	front50
40	22	front50
2	3	front50
50	0	front50
29	9	front50
5	0	front50
62	0	front50
58	0	front50

--6a3359f1--2016-07-14--Jan Willies
25	1	front50

--b7b4d79e--2016-07-08--Cameron Fieber
--1120a480--2016-07-07--Cameron Fieber
12	1	front50

--043e5561--2016-07-06--Cameron Fieber
--78c7d5fc--2016-07-06--robertsigler
1	0	front50

--8a777034--2016-06-29--Cameron Fieber
--959652e7--2016-06-28--Cameron Fieber
1	1	front50

--78b8723a--2016-06-27--Chris Berry
--cdd7ff71--2016-06-27--anotherchrisberry
1	1	front50
5	1	front50

--9f6ade16--2016-06-20--Eric Wiseblatt
--84f29662--2016-06-17--Eric Wiseblatt
15	5	front50
48	2	front50
9	0	front50

--227ef6bd--2016-06-10--Rob Fletcher
--5fce4f12--2016-06-09--Rob Fletcher
4	0	front50
30	0	front50
27	17	front50
7	4	front50
33	0	front50
43	0	front50
88	79	front50
27	13	front50

--35b63b74--2016-06-08--Adam Jordens
--35536388--2016-06-08--Rob Fletcher
1	1	front50

--14ff8d9c--2016-06-06--Eric Wiseblatt
--a8e0889b--2016-05-18--Eric Wiseblatt
27	0	front50
119	0	front50
68	0	front50
232	0	front50
339	0	front50
65	0	front50
75	0	front50
75	0	front50
60	0	front50
59	0	front50
211	0	front50
225	0	front50
1	0	front50
1	1	front50

--41b614b1--2016-05-16--Adam Jordens
--534d521d--2016-05-16--Adam Jordens
3	0	front50

--cfd27f5b--2016-05-16--Adam Jordens
--e2291c9b--2016-04-06--Greg Turnquist
3	0	front50
2	1	front50
2	1	front50
1	1	front50
1	1	front50
27	0	front50
110	0	front50
122	0	front50
66	0	front50
104	0	front50
104	0	front50
99	0	front50
331	0	front50
105	0	front50
146	0	front50
146	0	front50
154	0	front50
40	0	front50
5	0	front50
2	5	front50
2	0	front50
1	0	front50
1	1	front50

--9caadc56--2016-05-15--Adam Jordens
--0f48f8aa--2016-05-15--Adam Jordens
1	1	front50
1	1	front50
1	1	front50
1	1	front50
1	1	front50
1	1	front50
2	2	front50
2	2	front50
2	2	front50
2	2	front50
2	2	front50
2	2	front50
2	2	front50

--fa23177e--2016-05-12--Adam Jordens
--a4d8f222--2016-05-12--Adam Jordens
5	0	front50
2	1	front50
12	3	front50
1	0	front50
1	0	front50
5	0	front50
5	0	front50
5	0	front50
5	0	front50
5	0	front50
24	0	front50
7	0	front50
7	0	front50
7	0	front50

--af6d9534--2016-05-12--Chris Berry
--8cd09626--2016-05-12--anotherchrisberry
8	6	front50
8	6	front50

--769f40a7--2016-05-11--Chris Berry
--9374ce97--2016-05-11--anotherchrisberry
16	0	front50
17	0	front50
49	0	front50
49	0	front50

--0a9bc1c5--2016-05-10--Matt Duftler
--87b2862b--2016-05-10--Lars Wander
1	1	front50

--a277d8a9--2016-03-21--Adam Jordens
--3ae0245d--2016-03-21--Adam Jordens
14	2	front50

--99b3f8e4--2016-03-21--Adam Jordens
--c598753f--2016-03-21--Adam Jordens
1	1	front50
22	6	front50

--5b43f258--2016-03-21--Adam Jordens
--b2658e85--2016-03-21--Adam Jordens
2	1	front50

--6b68edbf--2016-03-21--Adam Jordens
--57f5b180--2016-03-21--Adam Jordens
0	1	front50

--42a8b841--2016-03-20--Adam Jordens
--c3724539--2016-03-20--Adam Jordens
2	2	front50
0	1	front50
0	1	front50
32	0	front50
3	2	front50
1	9	front50
1	9	front50
1	9	front50
1	9	front50
2	10	front50

--1179d21c--2016-03-20--Adam Jordens
--5b5eb900--2016-03-20--Adam Jordens
5	0	front50

--32951a1b--2016-03-18--Adam Jordens
--b7ebdef2--2016-03-18--Adam Jordens
0	61	front50
1	1	front50
0	56	front50
1	1	front50
8	1	front50
25	0	front50
57	0	front50
56	0	front50

--a871bd1d--2016-03-17--Adam Jordens
--582e4634--2016-03-17--Adam Jordens
1	0	front50
1	0	front50

--67abdaa2--2016-03-17--Adam Jordens
--cfb6b548--2016-03-14--Adam Jordens
2	2	front50
1	0	front50
11	50	front50
24	3	front50
33	0	front50
25	0	front50
22	4	front50
39	8	front50
25	0	front50
44	0	front50
34	0	front50
50	0	front50
26	0	front50
25	0	front50
15	1	front50
3	11	front50
2	0	front50
0	29	front50
18	25	front50
75	58	front50
73	58	front50
12	55	front50
33	80	front50
0	49	front50
24	0	front50
81	0	front50
74	0	front50
85	0	front50
81	0	front50
90	0	front50
71	0	front50
242	0	front50
81	0	front50
23	0	front50
38	0	front50
78	0	front50
3	0	front50
5	0	front50
30	16	front50
20	13	front50
20	14	front50
14	7	front50
0	241	front50
307	0	front50
210	0	front50
0	87	front50
185	0	front50
188	0	front50
252	0	front50
1	1	front50

--1099fd02--2016-03-10--Eric Wiseblatt
--c41452cd--2016-03-07--peterpd
2	0	front50

--133fdc4e--2016-01-30--Adam Jordens
--06d25cf6--2016-01-26--Sean Korten
1	0	front50

--110e9161--2016-01-19--Adam Jordens
--4d98fd03--2016-01-13--duftler
14	0	front50
2	2	front50
2	2	front50
2	2	front50

--9df08d24--2015-12-10--Cameron Fieber
--09daff85--2015-12-09--Cameron Fieber
1	1	front50
5	5	front50
5	5	front50
5	5	front50
5	5	front50
5	5	front50
1	1	front50
1	2	front50
15	9	front50

--b716ddf3--2015-12-03--Tomás Lin
--c253cc90--2015-12-03--Tomás Lin
1	1	front50

--00e390a0--2015-12-03--Matt Duftler
--f38ccd99--2015-12-03--chrisb
2	0	front50

--0cd3f63e--2015-12-01--Adam Jordens
--351f42f7--2015-11-30--chrisb
62	55	front50
34	60	front50
1	1	front50
54	108	front50
3	3	front50
2	2	front50
4	7	front50
1	1	front50
59	29	front50

--84498311--2015-11-28--Matt Duftler
--4148f811--2015-11-28--Cameron Fieber
1	1	front50
1	1	front50

--9f71accb--2015-11-25--Tomás Lin
--8499e6e8--2015-11-23--Daniel Podder
1	1	front50

--db95b335--2015-11-24--Cameron Fieber
--326e746d--2015-11-24--Cameron Fieber
2	1	front50
5	0	front50
2	2	front50
4	0	front50

--9c86f70a--2015-11-23--Cameron Fieber
--ed7b196b--2015-11-23--Cameron Fieber
5	1	front50

--ddd12bb0--2015-11-21--Cameron Fieber
--88cb0107--2015-11-21--Cameron Fieber
2	2	front50

--40cf2c8a--2015-11-20--Cameron Fieber
16	0	front50
24	0	front50
17	0	front50

--7b1215ea--2015-11-17--Cameron Fieber
--715e8e89--2015-11-17--David Peterka
1	1	front50

--4dae9f61--2015-11-17--Cameron Fieber
--a41dc98a--2015-11-17--Cameron Fieber
18	10	front50

--653ee05e--2015-11-15--Cameron Fieber
1	1	front50

--5276db53--2015-11-15--Cameron Fieber
1	1	front50

--1804f951--2015-11-15--Matt Duftler
--7423b2b9--2015-11-15--David Stenglein
1	2	front50

--3ac9b6fc--2015-11-15--Matt Duftler
--b0cb64f7--2015-11-14--Andrew Glover
2	8	front50

--3748e4f4--2015-11-14--Eric Wiseblatt
--13772808--2015-11-14--David Peterka
2	2	front50

--79e78dd7--2015-11-14--Matt Duftler
--1c02ffc2--2015-11-14--Tomás Lin
--74bdf925--2015-11-14--Greg Turnquist
3	2	front50

--73fc9dd8--2015-11-14--David Peterka
2	1	front50

--52750828--2015-11-14--Cameron Fieber
1	5	front50

--914abaf6--2015-11-13--Cameron Fieber
--76919b21--2015-11-13--David Peterka
11	0	front50
8	0	front50
21	1	front50
14	0	front50
3	0	front50

--bcb105a7--2015-11-13--Tomás Lin
1	10	front50

--1d736594--2015-11-13--Cameron Fieber
8	1	front50

--438c5ffc--2015-11-12--Cameron Fieber
0	4	front50
0	41	front50
0	8	front50
17	13	front50
2	17	front50
0	17	front50
0	18	front50
-	-	gradle/wrapper/gradle-wrapper.jar
2	2	front50
3	7	front50

--f366eb5a--2015-10-27--Adam Jordens
15	4	front50
1	4	front50
4	1	front50

--6a347a1f--2015-10-27--Cameron Fieber
--acc473bd--2015-10-27--Cameron Fieber
7	6	front50

--a927bad3--2015-10-27--Cameron Fieber
10	4	front50
0	1	front50
3	3	front50
2	2	front50
2	2	front50
18	0	front50

--d0d91254--2015-10-27--Cameron Fieber
--f4502d60--2015-10-27--Greg Turnquist
2	13	front50

--abbba0b3--2015-10-27--Bob T Builder
1	1	front50

--6aec375e--2015-10-27--Bob T Builder
1	1	front50

--94d424dd--2015-10-26--Chris Berry
--9b3582af--2015-10-26--chrisb
1	0	front50

--d86cf29f--2015-10-21--Cameron Fieber
--04cd9b9f--2015-10-20--Eric Wiseblatt
8	0	front50

--d4676ea7--2015-10-20--Eric Wiseblatt
--e6afcc10--2015-10-20--tomaslin
11	0	front50

--798daef7--2015-10-18--Bob T Builder
1	1	front50

--0c2b7d5e--2015-10-18--Bob T Builder
1	1	front50

--7ca84195--2015-10-18--Eric Wiseblatt
2	1	front50

--9985016f--2015-10-16--Chris Berry
--ca9bbc5b--2015-10-13--duftler
2	0	front50
30	10	front50
7	1	front50
18	10	front50

--40616711--2015-10-14--Bob T Builder
1	1	front50

--e03e6ebe--2015-10-14--Bob T Builder
1	1	front50

--fc0b27f3--2015-10-14--Tomas Lin
--64118206--2015-10-14--tomaslin
197	0	front50
86	0	front50

--26488e19--2015-10-13--Bob T Builder
1	1	front50

--1aee7af2--2015-10-13--Bob T Builder
1	1	front50

--81e68dce--2015-10-13--Chris Berry
--26d129d4--2015-10-13--chrisb
0	1	front50

--7bb08ecd--2015-10-13--Bob T Builder
1	1	front50

--c60a6b88--2015-10-13--Bob T Builder
1	1	front50

--2fa6a36e--2015-10-12--Chris Berry
--8a56cf7b--2015-10-12--chrisb
2	21	front50
3	2	front50

--b5282744--2015-10-13--Bob T Builder
1	1	front50

--d48c85ea--2015-10-13--Bob T Builder
1	1	front50

--1bf7b48f--2015-10-13--Bob T Builder
1	1	front50

--4c20e1e2--2015-10-13--Bob T Builder
1	1	front50

--8acbdf40--2015-10-12--Adam Jordens
--2ac0889b--2015-10-12--chrisb
22	1	front50
11	9	front50
4	1	front50
10	10	front50

--917fc74d--2015-10-04--tomaslin
5	0	front50

--6c02c9c1--2015-09-29--Bob T Builder
1	1	front50

--94ef8899--2015-09-29--Bob T Builder
1	1	front50

--a7f344dd--2015-09-29--Adam Jordens
--a5ee9f2a--2015-09-29--chrisb
1	0	front50

--e1cf91be--2015-09-24--Bob T Builder
1	1	front50

--064ee21c--2015-09-24--Bob T Builder
1	1	front50

--7f1190ec--2015-09-24--Adam Jordens
8	0	front50
28	0	front50

--f46d1e7d--2015-09-21--Bob T Builder
1	1	front50

--02f26346--2015-09-21--Bob T Builder
1	1	front50

--3c94e788--2015-09-20--Adam Jordens
4	6	front50

--e23e5381--2015-09-18--Bob T Builder
1	1	front50

--e2cceb06--2015-09-18--Bob T Builder
1	1	front50

--5218974b--2015-09-18--Adam Jordens
1	1	front50

--942e9c93--2015-09-17--Bob T Builder
1	1	front50

--dd9f2930--2015-09-17--Bob T Builder
1	1	front50

--c1c3df42--2015-09-17--Adam Jordens
5	1	front50

--ae1b3423--2015-09-16--Bob T Builder
1	1	front50

--cdfe1687--2015-09-16--Bob T Builder
1	1	front50

--22e01177--2015-09-16--Adam Jordens
--2844cd4f--2015-09-16--Bob T Builder
1	1	front50

--c6aab8ed--2015-09-16--Bob T Builder
1	1	front50

--f9804ad3--2015-09-15--Adam Jordens
0	22	front50
0	136	front50
0	127	front50
0	44	front50
0	94	front50
0	51	front50
0	244	front50
0	54	front50
0	13	front50
0	40	front50
0	41	front50
0	46	front50
9	19	front50
0	42	front50
0	43	front50
0	20	front50
0	36	front50
1	20	front50
0	71	front50
0	1	front50
21	39	front50
6	10	front50
0	70	front50
11	35	front50
2	18	front50
0	75	front50
1	1	front50

--f85db73e--2015-09-15--Adam Jordens
--7a3b4536--2015-09-15--Adam Jordens
184	0	front50
45	0	front50
34	0	front50
3	1	front50
143	0	front50
29	0	front50
35	0	front50

--6c203311--2015-09-14--Bob T Builder
1	1	front50

--0b7f2b2f--2015-09-14--Bob T Builder
1	1	front50

--11823b2f--2015-09-14--Adam Jordens
6	2	front50
6	0	front50

--0b4e2067--2015-09-12--Bob T Builder
1	1	front50

--90537fa5--2015-09-12--Bob T Builder
1	1	front50

--7b1dce10--2015-09-11--Cameron Fieber
1	1	front50

--239b864e--2015-08-27--Bob T Builder
1	1	front50

--3af8180a--2015-08-27--Bob T Builder
1	1	front50

--8347ef22--2015-08-26--Adam Jordens
2	2	front50

--d7e31946--2015-08-26--Cameron Fieber
--6f898ca9--2015-08-26--Steven Kim
10	0	front50

--7556c6f6--2015-08-26--Bob T Builder
1	1	front50

--738c1349--2015-08-26--Bob T Builder
1	1	front50

--cbd58deb--2015-08-26--Adam Jordens
--56857655--2015-08-26--Adam Jordens
55	22	front50
2	14	front50
5	1	front50

--5c3b4171--2015-08-25--Adam Jordens
36	0	front50

--fd97033b--2015-08-23--Adam Jordens
36	0	front50
43	0	front50
84	11	front50
2	5	front50
1	1	front50
1	1	front50

--7fb566da--2015-08-23--Adam Jordens
5	2	front50
1	1	front50
1	1	front50
5	2	front50
1	5	front50
0	79	front50
1	1	front50

--dc2d4b70--2015-08-04--Adam Jordens
--def99e48--2015-08-04--Bob T Builder
1	1	front50

--5a385e51--2015-08-04--Bob T Builder
1	1	front50

--0a06f942--2015-08-04--duftler
0	23	front50
0	76	front50
0	34	front50
0	26	front50
0	304	front50
0	49	front50
0	42	front50
0	308	front50
0	3	front50
0	1	front50
1	1	front50

--46bde4cf--2015-07-31--Adam Jordens
--31f52719--2015-07-30--Bob T Builder
1	1	front50

--f840f2e7--2015-07-30--Bob T Builder
1	1	front50

--a8f63e4a--2015-07-29--duftler
2	2	front50

--33b93194--2015-07-29--duftler
1	1	front50
1	1	front50
1	1	front50

--8c428bef--2015-07-23--Bob T Builder
1	1	front50

--77616bad--2015-07-23--Bob T Builder
1	1	front50

--0cc3bdaa--2015-07-23--Tomas Lin
--a41396c7--2015-07-23--Bob T Builder
1	1	front50

--65233d10--2015-07-23--Bob T Builder
1	1	front50

--8c21714e--2015-07-22--Tomas Lin
6	2	front50

--125646e1--2015-07-22--Tomas Lin
23	2	front50

--9499eef6--2015-07-10--Bob T Builder
1	1	front50

--c49551b0--2015-07-10--Bob T Builder
1	1	front50

--91b8b6c5--2015-07-10--Tomas Lin
0	1	front50

--f2e9a86c--2015-07-10--Tomas Lin
--82ed14ac--2015-07-10--Tomas Lin
1	6	front50
0	97	front50
0	77	front50
0	58	front50
1	0	front50
99	0	front50
78	0	front50
59	0	front50

--892e5712--2015-07-10--Tomas Lin
20	106	front50
29	0	front50
97	0	front50
131	0	front50
77	0	front50
197	0	front50
45	0	front50
0	29	front50
0	98	front50
0	132	front50
0	77	front50
0	197	front50
0	45	front50
122	0	front50
58	0	front50
205	0	front50
43	0	front50
37	0	front50
0	136	front50
0	58	front50
0	205	front50
0	43	front50
0	37	front50

--0e862238--2015-07-10--Tomas Lin
0	65	front50
0	52	front50
0	40	front50
0	58	front50
0	67	front50
0	54	front50

--3f2f563e--2015-07-10--Tomas Lin
115	0	front50
65	0	front50
29	0	front50
52	0	front50
40	0	front50
58	0	front50
67	0	front50
54	0	front50
98	0	front50
132	0	front50
77	0	front50
197	0	front50
45	0	front50
136	0	front50
58	0	front50
205	0	front50
43	0	front50
37	0	front50
1	1	front50

--2f45ce06--2015-06-19--Bob T Builder
1	1	front50

--6f1d443a--2015-06-19--Bob T Builder
1	1	front50

--34612390--2015-06-04--Bob T Builder
1	1	front50

--b7371931--2015-06-04--Bob T Builder
1	1	front50

--de4a3a7f--2015-06-02--Bob T Builder
1	1	front50

--8eb493ec--2015-06-02--Bob T Builder
1	1	front50

--5fe7b4b8--2015-06-02--Daniel Zapata
--dfcbe935--2015-06-02--Daniel Zapata
1	0	front50
5	2	front50
5	1	front50
3	1	front50
10	10	front50

--54e06f57--2015-06-01--Bob T Builder
1	1	front50

--d0d445da--2015-06-01--Bob T Builder
1	1	front50

--319ca57a--2015-05-29--Matt Duftler
--3349cf0d--2015-05-29--duftler
2	0	front50

--fbb2c3b4--2015-05-28--Bob T Builder
1	1	front50

--a0f9fbc3--2015-05-28--Bob T Builder
1	1	front50

--63ae2134--2015-05-28--Daniel Zapata
--0bac2dc0--2015-05-28--Daniel Zapata
2	0	front50
9	2	front50
7	1	front50
5	1	front50
10	10	front50

--0100fad2--2015-05-19--Cameron Fieber
--b8f4cba9--2015-05-19--duftler
2	0	front50

--fc3cfdc6--2015-05-18--Eric Wiseblatt
--fb3e6c4a--2015-05-18--duftler
6	0	front50
34	0	front50
4	5	front50
4	0	front50
6	0	front50

--226e5b73--2015-05-18--duftler
7	0	front50
26	0	front50
14	13	front50
7	1	front50
16	2	front50

--cd81b9ed--2015-04-09--Bob T Builder
1	1	front50

--c06905dc--2015-04-09--Bob T Builder
1	1	front50

--f02f07f2--2015-04-07--Bob T Builder
1	1	front50

--719bea03--2015-04-07--Bob T Builder
1	1	front50

--a0a9ac4a--2015-04-07--Adam Jordens
15	1	front50
75	0	front50
0	83	front50
2	0	front50

--34e82404--2015-03-30--Bob T Builder
1	1	front50

--68f2adf7--2015-03-30--Bob T Builder
1	1	front50

--39b41fb4--2015-03-30--Adam Jordens
18	2	front50

--408fb3d5--2015-03-23--Cameron Fieber
--af56c4dd--2015-03-23--Cameron Fieber
1	1	front50

--068d4e0e--2015-03-20--duftler
1	2	front50

--5d9e6711--2015-03-19--Bob T Builder
1	1	front50

--bbc8b5bc--2015-03-19--Bob T Builder
1	1	front50

--86e91068--2015-03-19--Adam Jordens
79	0	front50

--232e3095--2015-02-14--Bob T Builder
1	1	front50

--abdfa5d6--2015-02-14--Bob T Builder
1	1	front50

--8d46765a--2015-02-13--Adam Jordens
1	1	front50
1	0	front50
7	3	front50
0	81	front50

--58fe8a25--2015-02-13--Bob T Builder
1	1	front50

--a7af4c39--2015-02-13--Bob T Builder
1	1	front50

--855cb5fe--2015-02-13--Adam Jordens
4	5	front50

--06c8c401--2015-02-13--Bob T Builder
1	1	front50

--6813a612--2015-02-13--Bob T Builder
1	1	front50

--0e501b6f--2015-02-12--Adam Jordens
9	2	front50

--c5092b86--2015-02-13--Bob T Builder
1	1	front50

--ad4da4e2--2015-02-13--Bob T Builder
1	1	front50

--9988d2ad--2015-02-12--Adam Jordens
--2aed706f--2015-02-12--Adam Jordens
0	8	front50
0	65	front50
6	2	front50

--9d7229d8--2015-02-13--Bob T Builder
1	1	front50

--43571c7a--2015-02-13--Bob T Builder
1	1	front50

--efe3defa--2015-02-12--Adam Jordens
--7a827769--2015-02-12--Adam Jordens
1	1	front50
2	4	front50
2	1	front50
65	0	front50
83	0	front50
0	95	front50
1	0	front50
1	1	front50
37	0	front50
25	9	front50
78	0	front50
1	2	front50

--5153a93e--2015-02-12--Bob T Builder
1	1	front50

--36981b3c--2015-02-12--Bob T Builder
1	1	front50

--4f3b2d93--2015-02-12--Cameron Fieber
--49096633--2015-02-12--Cameron Fieber
--272f78bc--2015-02-12--Cameron Fieber
1	4	front50

--ca00dd48--2015-02-11--Cameron Fieber
2	0	front50

--0654dc5c--2015-02-11--Cameron Fieber
4	3	front50
2	2	front50
6	0	front50
30	0	front50
1	0	front50
1	1	front50
1	1	front50
1	1	front50
0	48	front50
0	89	front50
1	1	front50
2	2	front50

--bd64a1d2--2015-02-11--duftler
1	1	front50

--a19415dc--2015-01-31--Bob T Builder
1	1	front50

--052e773a--2015-01-31--Bob T Builder
1	1	front50

--cac3e98a--2015-01-30--Adam Jordens
4	4	front50
2	2	front50

--29697dc6--2015-01-31--Bob T Builder
1	1	front50

--88a33884--2015-01-31--Bob T Builder
1	1	front50

--46bf4312--2015-01-30--Adam Jordens
5	1	front50
1	1	front50
5	5	front50

--5f202fc4--2015-01-05--Bob T Builder
1	1	front50

--74485f19--2015-01-05--Bob T Builder
1	1	front50

--412ce3d7--2014-12-29--Adam Jordens
6	0	front50
3	2	front50
1	1	front50

--7955be16--2014-12-27--Daniel Woods
1	0	front50

--9275d8c1--2014-12-28--Bob T Builder
1	1	front50

--d87930c2--2014-12-28--Bob T Builder
1	1	front50

--e9adc476--2014-12-27--Daniel Woods
1	1	front50

--0e8ed872--2014-12-24--Bob T Builder
1	1	front50

--7a47d0f5--2014-12-24--Bob T Builder
1	1	front50

--a0ece63d--2014-12-24--Daniel Woods
0	17	front50

--6813d01d--2014-12-23--Bob T Builder
1	1	front50

--7d9b3c1f--2014-12-23--Bob T Builder
1	1	front50

--0ad247f9--2014-12-23--Daniel Woods
1	2	front50

--f25fa593--2014-12-23--Daniel Woods
1	1	front50

--be3ada73--2014-12-23--Daniel Woods
2	1	front50
1	1	front50

--118e3480--2014-12-23--Bob T Builder
1	1	front50

--0e000de3--2014-12-23--Bob T Builder
1	1	front50

--3c3acf63--2014-12-23--Daniel Woods
1	1	front50
2	1	front50
2	1	front50
1	1	front50

--3ecba8e4--2014-12-23--Daniel Woods
1	1	front50
58	69	front50
1	2	front50

--5d15d3cd--2014-12-22--Dan Woods
--7fa77c1e--2014-12-22--Daniel Woods
19	6	front50

--dd77b814--2014-12-22--duftler
4	1	front50
3	0	front50

--c5615d97--2014-12-22--Daniel Woods
2	2	front50

--470944f7--2014-12-21--Dan Woods
--5441c70c--2014-12-21--Daniel Woods
2	0	front50
12	0	front50
27	3	front50
18	21	front50

--0546eae8--2014-12-13--Bob T Builder
1	1	front50

--985dce05--2014-12-13--Bob T Builder
1	1	front50

--ff76ef3a--2014-12-12--Adam Jordens
1	1	front50
12	8	front50
20	0	front50
2	1	front50
4	1	front50
1	1	front50

--d40bd60b--2014-12-09--Bob T Builder
1	1	front50

--e7541aec--2014-12-09--Bob T Builder
1	1	front50

--f5e3cb27--2014-12-09--Adam Jordens
12	4	front50
22	0	front50

--c8ffa0f7--2014-12-09--Daniel Woods
1	1	front50

--1f81900e--2014-12-09--Daniel Woods
23	7	front50
2	0	front50
3	2	front50

--6d76650f--2014-12-09--Daniel Woods
2	2	front50

--8ff56b89--2014-12-09--Daniel Woods
2	2	front50

--386d29b1--2014-12-09--Daniel Woods
2	1	front50

--2a86f08e--2014-12-06--Bob T Builder
1	1	front50

--140aef64--2014-12-06--Bob T Builder
1	1	front50

--46bf578a--2014-12-06--Adam Jordens
1	0	front50
9	0	front50

--4e529e37--2014-12-06--Bob T Builder
1	1	front50

--91094194--2014-12-06--Bob T Builder
1	1	front50

--be7e90e8--2014-12-04--chrisb
3	3	front50

--33460817--2014-11-27--Bob T Builder
1	1	front50

--ba4c0fb2--2014-11-27--Bob T Builder
1	1	front50

--ccbd267c--2014-11-26--Adam Jordens
2	1	front50
20	0	front50
3	2	front50
9	4	front50

--d7ca883e--2014-11-22--Bob T Builder
1	1	front50

--1c05ceeb--2014-11-22--Bob T Builder
1	1	front50

--a7d6fc38--2014-11-22--Adam Jordens
46	5	front50
32	22	front50
4	1	front50
1	1	front50
10	10	front50

--a370892c--2014-11-22--Bob T Builder
1	1	front50

--d0b746fe--2014-11-22--Bob T Builder
1	1	front50

--17425592--2014-11-21--Adam Jordens
10	7	front50

--86944f01--2014-11-22--Bob T Builder
1	1	front50

--f93fcb28--2014-11-22--Bob T Builder
1	1	front50

--bb41f122--2014-11-21--Adam Jordens
14	5	front50
21	22	front50

--a4139076--2014-11-21--Bob T Builder
1	1	front50

--d897c5f3--2014-11-21--Bob T Builder
1	1	front50

--6b18f6f5--2014-11-21--Adam Jordens
1	1	front50
17	0	front50

--2620217c--2014-11-21--Bob T Builder
1	1	front50

--31b8e4e2--2014-11-21--Bob T Builder
1	1	front50

--ba143a1b--2014-11-21--Adam Jordens
58	0	front50
59	0	front50

--db82104a--2014-11-19--Bob T Builder
1	1	front50

--2d307e41--2014-11-19--Bob T Builder
1	1	front50

--d12fe906--2014-11-18--Adam Jordens
4	4	front50
1	1	front50
1	1	front50
5	5	front50
1	1	front50

--487d308d--2014-11-19--Bob T Builder
1	1	front50

--c7da19c1--2014-11-19--Bob T Builder
1	1	front50

--cec9e3b8--2014-11-18--Adam Jordens
10	2	front50

--96db1b2a--2014-11-18--Bob T Builder
1	1	front50

--b63da881--2014-11-18--Bob T Builder
1	1	front50

--6d6ecd32--2014-11-18--Adam Jordens
2	2	front50
2	2	front50

--e233a210--2014-11-18--Adam Jordens
1	1	front50

--1d92c638--2014-11-18--Adam Jordens
--e1f571bc--2014-11-10--Adam Jordens
1	0	front50
29	0	front50
56	0	front50
217	0	front50
40	0	front50
31	0	front50
46	0	front50
160	0	front50
1	1	front50
0	1	front50
26	0	front50
0	3	front50
4	4	front50
59	19	front50
59	0	front50
24	0	front50
31	0	front50
31	0	front50
26	9	front50
51	0	front50
55	0	front50
6	0	front50
0	1	front50
38	95	front50
28	0	front50
28	0	front50
28	0	front50
27	2	front50
1	1	front50

--78d2c738--2014-10-30--Bob T Builder
1	1	front50

--2a83cb2e--2014-10-30--Bob T Builder
1	1	front50

--98893b52--2014-10-29--Daniel Woods
0	72	front50
0	59	front50

--71a48b33--2014-10-21--Dan Woods
--92c84c25--2014-10-17--duftler
8	4	front50

--e8af94fc--2014-10-17--duftler
25	0	front50
61	0	front50
300	0	front50
37	0	front50
48	0	front50
89	0	front50
42	0	front50
288	0	front50
1	0	front50
1	1	front50

--d2a2a73f--2014-10-15--Daniel Woods
17	0	front50

--d1b168e5--2014-10-08--Daniel Woods
2	2	front50

--6ac18c0b--2014-10-08--Daniel Woods
8	1	front50
2	2	front50

--2578506a--2014-10-08--Dan Woods
--ef91b08f--2014-10-08--duftler
2	1	front50

--cd48adad--2014-10-08--Bob T Builder
1	1	front50

--cada1f4f--2014-10-08--Bob T Builder
1	1	front50

--be3c2090--2014-10-07--Cameron Fieber
1	1	front50

--313dc25f--2014-10-07--Cameron Fieber
1	1	front50

--abe3ec0a--2014-10-07--Cameron Fieber
1	1	front50
1	1	front50

--4fa7588c--2014-10-03--Bob T Builder
1	1	front50

--60b88ef6--2014-10-03--Bob T Builder
1	1	front50

--e7b96ca6--2014-10-02--Daniel Woods
17	3	front50
1	1	front50

--b3387ead--2014-10-02--Daniel Woods
1	1	front50

--25f00074--2014-09-25--Bob T Builder
1	1	front50

--6d5639b7--2014-09-25--Bob T Builder
1	1	front50

--e93c2f99--2014-09-25--Cameron Fieber
1	1	front50
1	1	front50
1	1	front50

--e6b9bd56--2014-09-25--Bob T Builder
1	1	front50

--9fa1d93e--2014-09-25--Cameron Fieber
3	0	front50
2	0	front50

--7320efaa--2014-09-12--Andrew Glover
--e18605a7--2014-09-12--Bob T Builder
1	1	front50

--54d90a35--2014-09-11--Cameron Fieber
10	1	front50
18	0	front50

--5eab48f9--2014-09-11--Andrew Glover
--231d7809--2014-09-11--Andrew Glover
1	1	front50

--a9a6c107--2014-09-04--Bob T Builder
1	1	front50

--85aafd86--2014-09-04--Daniel Woods
1	1	front50

--1bf51b60--2014-09-04--Daniel Woods
--ffbf058e--2014-09-04--Daniel Woods
2	2	front50

--eec4b37a--2014-09-03--Bob T Builder
1	1	front50

--8a665504--2014-09-03--Daniel Woods
12	4	front50
34	3	front50
2	2	front50

--e0211037--2014-09-02--Bob T Builder
1	1	front50

--75b65b70--2014-09-02--Daniel Woods
11	0	front50
195	0	front50
0	178	front50
4	5	front50
2	0	front50
15	0	front50
20	0	front50

--0dcb4df5--2014-09-02--Cameron Fieber
--7be6c9ee--2014-09-02--Daniel Woods
1	1	front50
17	23	front50
42	0	front50
0	53	front50
0	56	front50
0	37	front50
51	0	front50
2	1	front50
13	5	front50
14	6	front50
43	0	front50
36	0	front50
0	53	front50
0	32	front50
0	29	front50
10	20	front50
21	15	front50
0	85	front50
2	2	front50
29	13	front50
3	3	front50
31	63	front50
11	8	front50
1	1	front50

--97e468c8--2014-08-20--Tomas Lin
1	1	front50

--76b3c562--2014-08-20--Cameron Fieber
203	0	front50

--5c67464e--2014-08-13--Cameron Fieber
0	2	front50

--9e8b3ee1--2014-08-08--Bob T Builder
1	1	front50

--9b825665--2014-08-08--Cameron Fieber
5	4	front50
4	2	front50
7	7	front50

--071ff4ad--2014-08-08--Cameron Fieber
0	405	front50
0	668	front50
0	1288	front50

--b98e0853--2014-08-08--Cameron Fieber
1	13	front50
0	1	front50
355	3	front50
7	1	front50
596	2	front50
1	2	front50
1140	3	front50

--a4c00cb5--2014-08-07--Cameron Fieber
1	1	front50
1	1	front50
-	-	gradle/wrapper/gradle-wrapper.jar
2	18	front50

--607fb811--2014-07-23--Bob T Builder
1	1	front50

--793b6893--2014-07-23--Daniel Woods
--abda75a4--2014-07-23--Daniel Woods
4	4	front50

--52b34b6b--2014-07-23--Bob T Builder
1	1	front50

--8144c1a4--2014-07-17--Bob T Builder
1	1	front50

--1019aada--2014-07-17--Daniel Woods
1	0	front50
43	0	front50

--e7cfba52--2014-07-09--Daniel Woods
1	1	front50

--6b8e8e22--2014-07-09--Daniel Woods
4	1	front50
2	3	front50

--67a49e2b--2014-07-09--Daniel Woods
1	1	front50

--b9757325--2014-07-09--Daniel Woods
1	1	front50

--274a1bb9--2014-07-09--Daniel Woods
1	1	front50

--d93cac00--2014-07-09--Daniel Woods
--5f5edcf4--2014-07-09--Daniel Woods
11	0	front50

--86d944ea--2014-07-08--Bob T Builder
1	1	front50

--a8340b44--2014-07-08--Bob T Builder
1	1	front50

--cb6df64f--2014-07-08--Daniel Woods
--b05c187a--2014-07-08--Daniel Woods
2	0	front50

--5598e6e3--2014-07-08--Bob T Builder
1	1	front50

--77c1b202--2014-07-08--Daniel Woods
1	0	front50

--0439e754--2014-07-07--Daniel Woods
1	1	front50

--1022b5ba--2014-07-07--Daniel Woods
1	1	front50

--f7b3268c--2014-07-07--Daniel Woods
55	0	front50
59	0	front50

--dc78c37c--2014-07-07--Daniel Woods
1	1	front50

--6f27d48c--2014-07-07--Daniel Woods
1	1	front50

--7fe52ac3--2014-07-07--Daniel Woods
0	2	front50
17	0	front50

--03964833--2014-07-07--Daniel Woods
1	1	front50

--63c4be15--2014-07-07--Dan Woods
--ed549274--2014-07-07--Daniel Woods
2	0	front50
17	1	front50
9	2	front50
89	0	front50
97	0	front50
0	102	front50
53	0	front50
56	0	front50
37	0	front50
88	0	front50
10	8	front50
54	0	front50
16	0	front50
35	0	front50
9	4	front50
2	0	front50
2	0	front50
2	4	front50
2	0	front50
53	0	front50
32	0	front50
29	0	front50
81	0	front50
23	8	front50
2	0	front50
85	0	front50
17	1	front50
1	1	front50
0	55	front50
0	134	front50
64	0	front50
147	0	front50
36	0	front50
0	177	front50
214	0	front50
57	0	front50
16	0	front50
16	0	front50

--659a3037--2014-07-03--Daniel Woods
--707229b4--2014-07-03--Daniel Woods
6	4	front50
17	97	front50
0	160	front50
0	116	front50
0	61	front50
0	26	front50
7	0	front50
46	0	front50
39	0	front50
102	0	front50
176	0	front50
3	0	front50
74	0	front50
52	0	front50
25	0	front50
25	0	front50
165	0	front50
32	0	front50
74	0	front50
195	0	front50
10	0	front50
151	0	front50
55	0	front50
134	0	front50
177	0	front50
-	-	gradle/wrapper/gradle-wrapper.jar
6	0	front50
164	0	front50
90	0	front50
0	56	front50
0	58	front50
0	47	front50
0	1	front50
0	2	front50
12	0	front50
0	55	front50
0	39	front50
0	53	front50
0	134	front50
0	30	front50
0	30	front50
0	165	front50
0	34	front50
0	103	front50
0	41	front50
0	37	front50
0	67	front50
0	186	front50
0	197	front50
0	176	front50

--4fc6017d--2014-06-30--Andrew Glover
--9ff14d6c--2014-06-19--Daniel Woods
1	0	front50
0	35	front50
0	165	front50
0	34	front50
0	52	front50
0	103	front50
39	0	front50
53	0	front50
11	12	front50
165	0	front50
34	0	front50
103	0	front50
0	23	front50
0	195	front50
0	184	front50
0	65	front50
0	176	front50
67	0	front50
186	0	front50
197	0	front50
176	0	front50

--32fe6d12--2014-06-18--Daniel Woods
86	65	front50
132	117	front50
91	75	front50
47	31	front50
-	-	gradle/wrapper/gradle-wrapper.jar
0	6	front50
0	164	front50
0	90	front50
56	0	front50
43	27	front50
20	4	front50
131	114	front50
27	6	front50
52	0	front50
55	0	front50
73	57	front50
135	0	front50
30	0	front50
30	0	front50
0	151	front50
0	36	front50
0	14	front50
0	14	front50
16	0	front50
31	13	front50
22	6	front50
149	133	front50
184	0	front50
0	167	front50
40	24	front50
165	153	front50

--28b96e50--2014-06-09--Andrew Glover
--1c7e713f--2014-06-09--Andrew Glover
0	1	front50

--59e12275--2014-06-09--Cameron Fieber
3	3	front50

--afb71764--2014-06-07--Andrew Glover
4	1	front50

--74cf0f5c--2014-06-07--Andrew Glover
1	1	front50

--fdb77403--2014-06-06--Andrew Glover
3	0	front50

--cb3fb3ab--2014-06-06--Andrew Glover
1	1	front50

--ce312fda--2014-05-28--Andrew Glover
2	0	front50
4	0	front50
41	0	front50
6	0	front50
1	5	front50

--64da43c1--2014-05-24--Andrew Glover
3	1	front50
7	0	front50
0	7	front50

--148df318--2014-05-23--Andrew Glover
3	2	front50
1	1	front50
7	0	front50
9	0	front50

--6687a250--2014-05-12--Andrew Glover
7	7	front50

--fb983e39--2014-05-12--Andrew Glover
5	5	front50

--518ea310--2014-05-12--Andrew Glover
7	7	front50
8	8	front50

--13d7a7b7--2014-05-10--Andrew Glover
1	0	front50
1	0	front50
14	5	front50
36	0	front50
0	1	front50
49	0	front50

--52e7d726--2014-05-10--Andrew Glover
9	1	front50

--7d9d3436--2014-05-09--Andrew Glover
1	1	front50
2	2	front50
1	1	front50
1	1	front50
12	0	front50

--a73987bc--2014-05-08--Andrew Glover
2	2	front50
1	1	front50
1	1	front50
2	2	front50

--9a656ce3--2014-05-08--Andrew Glover
1	2	front50

--8e78e832--2014-05-08--Andrew Glover
1	1	front50

--e676b446--2014-05-08--Andrew Glover
3	2	front50
3	3	front50
3	1	front50

--49b8268d--2014-05-07--Andrew Glover
--b647db3b--2014-05-07--Andrew Glover
7	1	front50

--53d0b8cc--2014-05-07--Andrew Glover
0	2	front50

--bb2a3089--2014-05-07--Andrew Glover
11	17	front50
1	7	front50

--e92e5618--2014-05-07--Cameron Fieber
--5ee433ea--2014-05-06--Cameron Fieber
5	1	front50

--683e7a8b--2014-05-06--Andrew Glover
16	4	front50

--3d3c6547--2014-05-06--Andrew Glover
2	1	front50

--d03f770d--2014-05-06--Andrew Glover
8	9	front50
145	0	front50
100	0	front50
45	0	front50
0	126	front50
0	100	front50
0	45	front50

--d9a53cdf--2014-05-01--Andrew Glover
0	1	front50
1	1	front50
8	10	front50

--92614cdf--2014-04-29--Andrew Glover
1	4	front50

--aaf78558--2014-04-28--Andrew Glover
29	3	front50
58	0	front50
31	0	front50
1	0	front50
2	0	front50
6	4	front50
11	0	front50
18	0	front50

--84b7ee68--2014-04-28--Andrew Glover
18	9	front50
13	2	front50
25	0	front50
14	0	front50

--1964b964--2014-04-28--Andrew Glover
1	0	front50
7	0	front50
13	0	front50

--5ed76e57--2014-04-27--Andrew Glover
11	3	front50

--176b8ec8--2014-04-27--Andrew Glover
16	10	front50
1	0	front50
9	11	front50

--fee8303d--2014-04-27--Andrew Glover
12	6	front50
33	4	front50
14	0	front50
61	1	front50

--348669f8--2014-04-26--Andrew Glover
1	0	front50

--2fa3f93a--2014-04-26--Andrew Glover
19	5	front50
13	0	front50

--03528169--2014-04-25--Andrew Glover
42	2	front50
2	6	front50
11	0	front50
50	1	front50
25	3	front50
22	2	front50

--2949dcce--2014-04-25--Andrew Glover
13	1	front50
10	12	front50
0	14	front50
14	0	front50
14	0	front50
30	0	front50

--2ac6088e--2014-04-25--Andrew Glover
5	0	front50
2	0	front50
29	0	front50
34	0	front50

--589fc379--2014-04-24--Andrew Glover
5	0	front50
126	0	front50

--26e9fb26--2014-04-23--Andrew Glover
5	0	front50
20	0	front50
12	3	front50
11	2	front50
14	0	front50
51	7	front50
8	5	front50
33	10	front50
45	0	front50
0	45	front50

--5893de5c--2014-04-22--Andrew Glover
21	3	front50
46	0	front50
9	0	front50
43	0	front50
26	0	front50
19	0	front50
33	0	front50
42	0	front50
100	0	front50
45	0	front50
97	0	front50
0	60	front50

--ea8c637c--2014-04-18--Andrew Glover
1	0	front50
25	4	front50
21	0	front50
2	2	front50
10	0	front50

--a2093b35--2014-04-08--Andrew Glover
8	0	front50
22	0	front50
22	0	front50
-	-	gradle/wrapper/gradle-wrapper.jar
6	0	front50
164	0	front50
90	0	front50
50	0	front50
