
--4a4f77a--2023-02-23--Jørgen Jervidalo
29	5	igor
38	0	igor

--c6c116f--2023-02-16--Sandesh
1	1	igor

--b52c0fd--2023-01-30--Jørgen Jervidalo
4	4	igor
2	2	igor
1	1	igor

--90abea1--2023-01-26--Jørgen Jervidalo
6	1	igor
15	9	igor
8	0	igor
2	2	igor
10	9	igor

--c2af8a7--2023-01-25--Jørgen Jervidalo
2	0	igor

--585a90e--2023-01-04--linjmeyer
12	1	igor

--feae00d--2022-12-09--David Byron
1	1	igor
1	1	igor
2	1	igor

--6ec4d9e--2022-12-08--Sandesh
0	8	igor

--9262b10--2022-11-16--Edgar Garcia
2	2	igor
2	2	igor
2	2	igor
2	2	igor
2	2	igor
2	2	igor
2	2	igor
2	2	igor
2	2	igor
2	2	igor

--4e8b905--2022-08-26--ovidiupopa07
19	3	igor
33	2	igor

--e11a3db--2022-08-26--ovidiupopa07
19	3	igor
33	2	igor

--aa7c388--2022-08-18--Jørgen Jervidalo
2	2	igor
6	1	igor
50	0	igor

--0385e9f--2022-08-14--Marcin Flis
6	1	igor
8	2	igor
8	2	igor

--cf2a429--2022-08-02--Cameron Motevasselani
1	1	igor

--661e7e9--2022-07-20--Patrik Greco
1	1	igor
1	1	igor

--67fd36d--2022-05-27--David Byron
0	2	igor

--47bf43d--2022-04-28--linjmeyer
27	0	igor
2	1	igor
40	5	igor
4	5	igor
45	3	igor
50	63	igor
21	6	igor
36	0	igor
32	0	igor
51	0	igor
11	30	igor
0	31	igor
11	0	igor
41	0	igor
0	49	igor
5	6	igor
131	39	igor
12	13	igor
5	8	igor
1	1	igor
25	21	igor

--e4fc102--2022-04-27--kskewes-sf
2	16	igor

--c92665b--2022-04-27--kskewes-sf
15	9	igor

--21a7257--2022-04-21--kskewes-sf
16	0	igor

--357d875--2022-04-14--Sandesh
1	0	igor
1	0	igor
1	0	igor

--c0448b7--2022-04-01--David Byron
1	1	igor

--5807198--2022-03-22--kskewes-sf
48	9	igor
36	12	igor
56	15	igor

--4d557d1--2022-03-18--kskewes-sf
3	1	igor
5	1	igor
2	1	igor

--338c99a--2022-03-17--kskewes-sf
0	56	igor

--360d2c9--2022-03-17--kskewes-sf
14	13	igor
31	32	igor
11	12	igor

--06bfd66--2022-03-11--kskewes-sf
42	2	igor
26	1	igor
52	7	igor

--356436d--2022-03-10--Sandesh
1	1	igor

--6814838--2022-02-23--kskewes-sf
3	7	igor
3	7	igor
3	7	igor
3	7	igor

--a924a43--2022-02-20--Sharvanath Pathak
7	0	igor
6	0	igor
5	0	igor
24	0	igor

--6712dfc--2022-01-18--Cameron Motevasselani
15	10	igor

--a9de44e--2022-01-18--Cameron Motevasselani
15	10	igor

--f981115--2022-01-18--Cameron Motevasselani
15	10	igor

--6cdf294--2021-12-07--Edgar Garcia
17	0	igor
16	1	igor
4	4	igor
2	2	igor
3	3	igor
4	4	igor
4	4	igor
4	4	igor
6	6	igor
16	16	igor

--b23124b--2021-12-07--edgarulg
17	0	igor
16	1	igor
4	4	igor
2	2	igor
3	3	igor
4	4	igor
4	4	igor
4	4	igor
6	6	igor
16	16	igor

--7b8cc8a--2021-12-04--Cameron Fieber
1	1	igor

--34ef01e--2021-12-04--Jørgen Jervidalo
2	6	igor

--57dc2bf--2021-09-20--Jørgen Jervidalo
1	0	igor

--5879f98--2021-08-17--Cameron Motevasselani
1	1	igor

--877f9f3--2021-08-17--Cameron Motevasselani
1	1	igor

--98e623c--2021-07-29--Paweł Wamej
1	1	igor

--22106ca--2021-06-28--Cameron Motevasselani
1	0	igor

--f61b499--2021-05-11--JHeilCoveo
2	1	igor

--f958666--2021-03-23--Luis Pollo
60	0	igor

--8a88be1--2021-03-22--Daniel Peach
1	1	igor
2	2	igor
1	1	igor
1	1	igor
2	2	igor

--c658de5--2021-03-19--Daniel Peach
7	4	igor
5	2	igor

--9cf1f28--2021-03-19--Daniel Peach
3	3	igor
1	1	igor
1	1	igor
3	3	igor
4	4	igor
4	4	igor
5	5	igor
13	13	igor

--074d9aa--2021-03-17--Nima Kaviani
4	0	igor
2	0	igor
11	13	igor
2	0	igor
1	0	igor
6	0	igor
1	1	igor
8	0	igor
5	0	igor
2	0	igor
4	0	igor

--04b5627--2021-01-28--Adam Jordens
30	0	igor
12	0	igor
18	0	igor
4	0	igor
11	0	igor
26	0	igor

--fd0a0fb--2021-01-27--Jørgen Jervidalo
2	3	igor

--7400c8b--2021-01-25--Chris Smalley
15	3	igor

--1e20801--2021-01-18--Adam Jordens
1	1	igor

--b133a66--2020-12-14--David Byron
1	0	igor
7	3	igor

--6e07056--2020-12-01--Gal Yardeni
4	3	igor
2	1	igor

--b0cd43f--2020-12-01--Gal Yardeni
9	0	igor
6	0	igor

--6d218d7--2020-11-18--Chris Smalley
1	1	igor

--353327e--2020-11-10--Cameron Fieber
1	1	igor

--1699927--2020-11-03--Julien Duchesne
1	0	igor

--0f72ac7--2020-10-16--Mark Vulfson
4	2	igor
4	2	igor
7	4	igor
4	2	igor
5	4	igor
5	4	igor
3	2	igor
0	6	igor
2	1	igor
2	1	igor

--a4b66aa--2020-10-16--Mark Vulfson
4	0	igor

--f8b3656--2020-10-09--Jørgen Jervidalo
6	2	igor

--16a90a8--2020-10-08--Michael Plump
1	6	igor
1	6	igor
1	6	igor
1	4	igor
1	0	igor
1	1	igor
3	3	igor
3	3	igor
10	10	igor
3	3	igor
1	1	igor
2	2	igor
2	2	igor
1	1	igor
1	1	igor
1	1	igor
1	1	igor
1	1	igor
1	1	igor
3	3	igor

--e87a629--2020-10-07--Gal Yardeni
2	0	igor
1	0	igor
5	1	igor

--37ff59b--2020-10-07--Jared Stehler
35	9	igor
32	0	igor
32	0	igor
37	1	igor

--0bbc7dc--2020-10-07--Jørgen Jervidalo
22	12	igor

--7026ecb--2020-10-06--jcavanagh
2	1	igor
95	0	igor
207	0	igor
24	0	igor
35	0	igor
69	0	igor
31	0	igor
70	0	igor
45	0	igor
26	0	igor
28	0	igor
50	0	igor

--6039886--2020-10-06--Jose Maria Alvarez Fernandez
7	1	igor
34	0	igor

--fb5d01e--2020-09-30--Chris Smalley
1	1	igor
2	0	igor

--460fac8--2020-09-24--Chris Smalley
1	1	igor
6	1	igor

--0660485--2020-09-23--Gal Yardeni
3	2	igor

--7a7c1f1--2020-09-23--Gal Yardeni
8	1	igor
1	1	igor
4	0	igor

--9bc8606--2020-09-22--Mark Vulfson
149	0	igor
211	174	igor
265	218	igor

--e129598--2020-09-18--Sairam Rekapalli
4	1	igor

--f2185c8--2020-09-15--Sairam Rekapalli
0	1	igor
10	8	igor
4	2	igor

--b309d7f--2020-09-11--Sairam Rekapalli
0	1	igor
10	8	igor
4	2	igor

--cad1de7--2020-09-09--Gal Yardeni
4	6	igor
2	1	igor
2	1	igor

--e51066e--2020-09-08--Gal Yardeni
9	1	igor
1	0	igor
187	160	igor

--d1c60df--2020-08-27--Cameron Fieber
1	1	igor

--d68a1d9--2020-08-26--Gal Yardeni
2	0	igor
8	1	igor
5	3	igor

--babd23f--2020-08-20--Kaixiang-AWS
6	13	igor

--41ef2a3--2020-08-19--Chris Smalley
8	6	igor

--92b4fc4--2020-08-18--Cameron Fieber
-	-	gradle/wrapper/gradle-wrapper.jar
1	1	igor
1	1	igor
3	18	igor

--f5b738f--2020-08-17--Sairam Rekapalli
11	16	igor
8	2	igor
1	1	igor

--24ed5d4--2020-08-12--Michael Plump
1	1	igor
0	8	igor
4	3	igor
3	3	igor
0	8	igor

--5f71fbf--2020-08-06--Kevin Wang
2	2	igor
24	7	igor
47	37	igor
34	0	igor
381	294	igor
80	0	igor

--8eb26f9--2020-07-31--Jared Stehler
8	3	igor
163	0	igor

--3a8739d--2020-07-28--Jared Stehler
33	54	igor
2	0	igor
437	0	igor

--84997c1--2020-07-27--Michael Plump
1	1	igor
1	2	igor
1	2	igor
1	2	igor
2	5	igor
5	2	igor
2	1	igor

--b7cfb02--2020-07-22--Kevin Woo
1	0	igor

--49c9647--2020-07-21--Luis Pollo
6	4	igor
13	2	igor
8	8	igor
6	4	igor

--4fe1326--2020-07-21--Fernando Freire
2	0	igor
25	0	igor
55	11	igor
25	0	igor
32	0	igor
27	0	igor
34	0	igor
1	1	igor
114	0	igor
6	1	igor
1	2	igor

--2ce4373--2020-07-21--Cameron Motevasselani
2	0	igor
25	0	igor
55	10	igor
25	0	igor
32	0	igor
27	0	igor
34	0	igor
1	1	igor
114	0	igor
6	1	igor
1	2	igor

--5c8b0b6--2020-07-09--Cameron Fieber
1	1	igor
6	14	igor
1	1	igor
9	3	igor
2	1	igor
9	3	igor
9	3	igor
2	1	igor
1	1	igor
0	56	igor
0	61	igor
3	3	igor
4	4	igor
9	3	igor
4	4	igor
4	4	igor
9	3	igor
7	4	igor
2	1	igor
2	1	igor
2	1	igor
2	1	igor

--23bc829--2020-07-09--Mark Vulfson
9	9	igor

--a5d4d09--2020-07-08--Cameron Fieber
2	4	igor

--5de2743--2020-07-07--Jared Stehler
1	0	igor
14	2	igor
25	6	igor
334	0	igor

--b74ee14--2020-07-06--Cameron Fieber
1	1	igor

--97e62db--2020-06-30--Jared Stehler
2	0	igor
25	0	igor
55	11	igor
25	0	igor
32	0	igor
27	0	igor
34	0	igor
1	1	igor
114	0	igor
6	1	igor
1	2	igor

--44efe0c--2020-06-30--Costi Muraru
3	2	igor
1	0	igor
4	0	igor
33	1	igor
36	3	igor
3	1	igor
2	1	igor

--9298b39--2020-06-25--Glauco Vinicius
1	1	igor

--cb00b76--2020-06-24--Cameron Fieber
1	1	igor
1	1	igor
2	0	igor

--bf7cdac--2020-06-22--Chris Smalley
5	1	igor
2	0	igor
14	0	igor
5	5	igor

--af05e7f--2020-06-13--Jørgen Jervidalo
0	3	igor
3	0	igor
1	1	igor
27	45	igor
0	3	igor
4	2	igor
3	3	igor
9	3	igor
4	2	igor
3	1	igor
0	1	igor
0	119	igor
5	2	igor
4	2	igor
4	2	igor
4	2	igor
4	10	igor
9	3	igor
125	0	igor
14	2	igor
3	1	igor
0	141	igor
4	5	igor
0	130	igor
16	47	igor
3	4	igor

--7e2d515--2020-06-11--Jørgen Jervidalo
2	0	igor
235	0	igor
27	0	igor
66	0	igor
63	0	igor
66	0	igor
4	0	igor
59	0	igor
27	0	igor
41	0	igor
101	0	igor
0	37	igor
46	0	igor
27	0	igor
35	0	igor
28	0	igor
111	0	igor
72	0	igor
39	0	igor
81	0	igor
54	0	igor
67	0	igor
92	0	igor
95	0	igor
149	0	igor
35	0	igor
308	0	igor
108	0	igor
144	0	igor
33	0	igor
64	0	igor
69	0	igor
32	0	igor
67	0	igor
43	0	igor
73	0	igor
23	0	igor
31	0	igor
39	0	igor
128	0	igor
57	0	igor
33	0	igor
53	0	igor
63	0	igor
25	0	igor
32	0	igor
34	0	igor
112	0	igor
37	0	igor
72	0	igor
58	0	igor
37	0	igor
98	0	igor
34	0	igor
140	0	igor
83	0	igor
59	0	igor
605	0	igor
247	0	igor
830	0	igor
95	0	igor
83	0	igor
121	0	igor
49	0	igor
29	0	igor
336	0	igor
1	1	igor
0	235	igor
1	9	igor
0	29	igor
0	60	igor
0	64	igor
0	64	igor
0	47	igor
0	27	igor
0	47	igor
0	28	igor
0	28	igor
3	1	igor
4	2	igor
0	27	igor
0	76	igor
0	67	igor
0	39	igor
0	81	igor
0	54	igor
0	101	igor
0	146	igor
0	82	igor
0	307	igor
0	108	igor
0	144	igor
0	33	igor
0	64	igor
0	69	igor
0	32	igor
0	67	igor
0	43	igor
0	73	igor
0	23	igor
0	31	igor
0	39	igor
0	128	igor
0	57	igor
0	33	igor
0	53	igor
0	63	igor
0	25	igor
0	32	igor
0	34	igor
0	112	igor
0	37	igor
0	72	igor
0	58	igor
0	37	igor
0	98	igor
0	34	igor
0	59	igor
0	604	igor
4	2	igor
0	67	igor
0	92	igor
0	95	igor
0	149	igor
0	247	igor
0	830	igor
0	95	igor
0	83	igor
0	121	igor
0	49	igor
0	336	igor
1	0	igor

--a92fc6b--2020-06-10--Rob Zienert
15	1	igor

--e82e97b--2020-06-09--Rob Zienert
0	1	igor
0	2	igor
4	36	igor
13	4	igor
62	80	igor
8	25	igor
5	2	igor
48	66	igor
0	2	igor
10	9	igor
0	4	igor
16	17	igor
4	3	igor
0	4	igor

--d1d296b--2020-06-03--Luis Pollo
3	2	igor
20	6	igor
2	2	igor
3	7	igor
2	2	igor
12	8	igor
31	9	igor

--27a544f--2020-06-02--Eric Zimanyi
1	1	igor

--7c47ce3--2020-06-02--Qijia
9	7	igor
33	2	igor

--0ec6507--2020-05-21--Sairam Rekapalli
7	7	igor

--e477841--2020-05-21--Rob Zienert
26	41	igor
24	12	igor
78	0	igor
3	0	igor
25	16	igor
17	3	igor
16	6	igor
2	1	igor

--8214303--2020-05-21--Cameron Fieber
1	1	igor

--b383b52--2020-05-18--Sairam Rekapalli
5	7	igor
5	6	igor
0	29	igor
9	2	igor

--3b56280--2020-05-18--Mark Vulfson
1	5	igor
1	4	igor
2	2	igor
1	3	igor
5	2	igor
1	1	igor
1	3	igor
1	3	igor

--fbad784--2020-05-14--Mark Vulfson
0	4	igor

--5a1c0fc--2020-05-14--Sairam Rekapalli
1	0	igor
3	0	igor

--908861a--2020-05-13--Mark Vulfson
0	3	igor
0	206	igor
2	3	igor
0	106	igor

--75f28bd--2020-05-12--Eric Zimanyi
10	12	igor
3	3	igor

--ef62c2d--2020-05-12--Rob Zienert
0	1	igor
0	1	igor
0	104	igor
0	68	igor
0	39	igor

--bdb77d0--2020-05-12--Rob Zienert
1	1	igor
2	7	igor
0	7	igor
3	3	igor

--11561ec--2020-05-12--Eric Zimanyi
1	0	igor
34	12	igor
2	4	igor
12	9	igor
12	11	igor

--bf5fffa--2020-05-08--Eric Zimanyi
6	0	igor
0	3	igor
3	0	igor

--aef1588--2020-05-09--rhysm
25	19	igor
19	7	igor
47	11	igor
7	5	igor

--2611362--2020-05-08--Adrien Gentil
3	1	igor
2	0	igor

--47542bf--2020-05-07--Rob Zienert
1	0	igor

--72f4b69--2020-05-07--Cameron Fieber
1	1	igor
-	-	gradle/wrapper/gradle-wrapper.jar
1	1	igor
2	0	igor
1	0	igor

--29c89b0--2020-05-07--Mark Vulfson
2	0	igor
2	0	igor
2	0	igor
2	4	igor
2	1	igor
2	0	igor
2	0	igor
3	0	igor
2	0	igor

--212436a--2020-05-07--Rob Zienert
3	1	igor
20	0	igor

--50d320a--2020-05-06--Rob Zienert
4	2	igor
0	50	igor
23	3	igor

--8aca26c--2020-05-06--Chris Smalley
--feabf28--2020-05-06--Rob Zienert
4	2	igor
0	50	igor
23	3	igor

--7c74ae1--2020-05-06--Rob Zienert
2	0	igor
29	0	igor
63	0	igor
113	0	igor
26	0	igor
54	0	igor
83	0	igor
55	0	igor
36	0	igor
105	0	igor
72	0	igor
38	0	igor
1	0	igor
50	0	igor
70	0	igor
1	0	igor

--59f2d21--2020-05-06--Mark Vulfson
3	3	igor

--7dd7d5b--2020-05-05--Cameron Motevasselani
1	0	igor
1	1	igor
3	0	igor
5	1	igor
2	0	igor

--ec2ce88--2020-05-05--Mark Vulfson
18	1	igor
3	1	igor
2	0	igor
3	1	igor
3	1	igor
3	1	igor
12	10	igor
3	1	igor
3	1	igor
4	2	igor
2	0	igor
3	0	igor
2	0	igor
2	0	igor
3	0	igor
2	0	igor
2	0	igor

--0c58b0e--2020-05-05--Cameron Fieber
15	0	igor
8	0	igor

--b541747--2020-04-27--Ivan
0	2	igor
0	4	igor
0	2	igor
3	2	igor
7	6	igor
8	7	igor
3	0	igor
3	3	igor
3	4	igor
1	1	igor
5	12	igor
7	84	igor
13	32	igor
8	61	igor
2	2	igor
2	10	igor
5	28	igor
0	2	igor
5	26	igor
3	18	igor
5	12	igor
10	108	igor
9	14	igor
2	4	igor
9	14	igor
7	28	igor

--41f10ed--2020-04-22--Jørgen Jervidalo
1	0	igor
7	0	igor
14	18	igor
1	1	igor
8	6	igor

--aa141ac--2020-04-19--Cameron Fieber
4	5	igor
3	2	igor
7	12	igor
5	1	igor
4	17	igor
1	2	igor
-	-	gradle/wrapper/gradle-wrapper.jar
1	1	igor
15	20	igor
4	1	igor
0	11	igor
1	1	igor
2	1	igor

--39b3e81--2020-04-17--Michael Plump
6	1	igor
6	1	igor
7	2	igor
9	3	igor

--b8891ce--2020-04-08--Michael Plump
1	1	igor

--20ffd9e--2020-04-08--Michael Plump
10	1	igor

--9a82646--2020-04-06--dreynaud
17	11	igor

--576235b--2020-04-01--Cameron Motevasselani
1	1	igor

--81fd89d--2020-03-27--Michael Plump
2	0	igor

--d2f7f5e--2020-03-25--Eric Zimanyi
32	3	igor

--ac9a58a--2020-03-20--Eric Zimanyi
13	10	igor
6	3	igor
3	13	igor

--9b8a29f--2020-03-15--Chris Smalley
3	0	igor

--feaf5de--2020-03-15--Chris Smalley
28	0	igor
2	8	igor
60	0	igor
31	0	igor
3	3	igor
0	17	igor
0	27	igor
0	18	igor
0	4	igor

--39b93db--2020-03-06--Michael Plump
1	1	igor

--1502d55--2020-03-05--Eric Zimanyi
1	1	igor

--51a69db--2020-03-03--Michael Plump
1	1	igor
1	1	igor
1	1	igor
1	1	igor

--27291f5--2020-03-02--Gal Yardeni
39	0	igor
56	0	igor

--61fcfe9--2020-03-02--rarruda
2	1	igor

--d4b2600--2020-02-29--Jørgen Jervidalo
3	3	igor
2	2	igor

--a031f73--2020-02-28--Brandon Powell
1	0	igor
1	0	igor
1	0	igor
1	0	igor

--eced2d2--2020-02-28--Kaixiang-AWS
2	28	igor
57	6	igor
2	0	igor

--9ec47d3--2020-02-24--Michael Plump
5	6	igor
2	2	igor
2	2	igor
2	2	igor
3	3	igor

--2920e51--2020-02-24--Travis Tomsu
0	1	igor
0	3	igor
1	1	igor
0	48	igor
0	1	igor
0	18	igor
0	100	igor
0	32	igor
0	26	igor
0	24	igor
0	27	igor
1	1	igor
3	1	igor
0	26	igor
0	31	igor
1	1	igor
20	0	igor
0	4	igor
2	10	igor
0	1	igor
0	70	igor
0	39	igor
0	31	igor
0	80	igor
0	30	igor
0	53	igor
0	22	igor
0	56	igor
0	237	igor
0	187	igor
0	105	igor
0	27	igor
0	28	igor
0	25	igor
0	25	igor
0	13	igor
0	25	igor
0	354	igor
0	163	igor
0	472	igor
0	98	igor
0	17	igor
0	53	igor
0	55	igor
0	184	igor
0	49	igor
0	34	igor
0	26	igor
0	22	igor
0	27	igor
0	17	igor
0	7	igor
0	45	igor
0	123	igor
0	22	igor
0	61	igor
0	39	igor
0	22	igor
0	30	igor
0	23	igor
0	36	igor
0	34	igor
0	31	igor
0	86	igor
0	53	igor
0	4	igor
0	24	igor
0	829	igor
0	345	igor
1	1	igor
1	1	igor
89	7	igor
27	6	igor
47	0	igor
0	1	igor
210	0	igor
72	0	igor
96	0	igor
27	0	igor
28	0	igor
25	0	igor
25	0	igor
33	0	igor
25	0	igor
23	0	igor
27	0	igor
0	34	igor
0	30	igor
10	4	igor
11	11	igor
1	1	igor
29	0	igor
32	0	igor
28	0	igor
28	0	igor
246	0	igor
162	0	igor
89	0	igor
28	0	igor
80	0	igor
49	0	igor
38	0	igor
30	0	igor
34	0	igor
17	0	igor
26	0	igor
63	0	igor
43	0	igor
61	0	igor
39	0	igor
38	0	igor
38	0	igor
35	0	igor
118	0	igor
37	0	igor
23	0	igor
357	0	igor
27	0	igor
33	0	igor
67	0	igor
39	0	igor
81	0	igor
54	0	igor
0	28	igor
0	28	igor
21	19	igor
6	18	igor
0	40	igor
0	30	igor
10	3	igor
2	2	igor
101	0	igor
1	1	igor
17	8	igor
1	1	igor
0	35	igor
0	28	igor
12	4	igor
16	19	igor
8	8	igor
2	1	igor
138	6	igor
30	9	igor
2	1	igor
8	4	igor
345	0	igor
754	0	igor
1	1	igor
1	1	igor
11	7	igor
0	1	igor

--7970171--2020-02-20--Kaixiang-AWS
22	0	igor
5	0	igor
27	0	igor

--bfb10cb--2020-02-19--Michael Plump
10	0	igor

--43ca3b9--2020-02-18--Michael Plump
0	0	igor

--66ac5b2--2020-02-18--Travis Tomsu
1	1	igor

--b6d10bb--2020-02-14--Rob Zienert
2	0	igor
17	0	igor
2	0	igor
2	0	igor
2	0	igor
2	0	igor

--5e7fbe2--2020-02-13--Rob Zienert
1	1	igor
8	9	igor
0	18	igor
0	34	igor
1	1	igor
42	2	igor
1	1	igor
1	1	igor
0	2	igor
1	1	igor
1	1	igor

--d08f63e--2020-02-12--Kaixiang-AWS
33	0	igor
6	0	igor
90	0	igor

--f0a8517--2020-02-12--Luis Fernando Pollo
2	3	igor

--4af843a--2020-02-12--Jørgen Jervidalo
3	0	igor
9	5	igor
16	7	igor
2	2	igor
58	3	igor

--290abe8--2020-02-10--Rob Zienert
10	2	igor
1	5	igor
1	1	igor
10	2	igor
7	11	igor

--eb866bc--2020-02-10--Rob Zienert
1	0	igor

--bb103cd--2020-02-10--Rob Zienert
1	1	igor
3	0	igor
1	1	igor
48	0	igor
1	0	igor
18	0	igor
100	0	igor
32	0	igor
26	0	igor
24	0	igor
27	0	igor
1	3	igor
26	0	igor
32	0	igor
1	1	igor
18	0	igor
0	20	igor
4	0	igor
34	0	igor
1	0	igor
70	0	igor
39	0	igor
31	0	igor
80	0	igor
30	0	igor
53	0	igor
22	0	igor
56	0	igor
237	0	igor
187	0	igor
105	0	igor
27	0	igor
28	0	igor
25	0	igor
25	0	igor
17	0	igor
25	0	igor
314	0	igor
163	0	igor
470	0	igor
98	0	igor
17	0	igor
53	0	igor
55	0	igor
184	0	igor
49	0	igor
34	0	igor
26	0	igor
22	0	igor
27	0	igor
17	0	igor
7	0	igor
45	0	igor
123	0	igor
22	0	igor
61	0	igor
39	0	igor
22	0	igor
30	0	igor
23	0	igor
36	0	igor
34	0	igor
31	0	igor
78	0	igor
53	0	igor
4	0	igor
24	0	igor
812	0	igor
345	0	igor
1	1	igor
1	1	igor
7	89	igor
6	27	igor
0	47	igor
1	0	igor
0	210	igor
0	72	igor
0	96	igor
0	27	igor
0	28	igor
0	25	igor
0	25	igor
0	33	igor
0	25	igor
0	23	igor
0	27	igor
34	0	igor
28	0	igor
4	10	igor
11	11	igor
1	1	igor
0	29	igor
0	32	igor
0	28	igor
0	28	igor
0	246	igor
0	162	igor
0	89	igor
0	28	igor
0	80	igor
0	49	igor
0	38	igor
0	30	igor
0	34	igor
0	17	igor
0	26	igor
0	63	igor
0	43	igor
0	61	igor
0	39	igor
0	38	igor
0	38	igor
0	35	igor
0	118	igor
0	37	igor
0	23	igor
0	357	igor
0	27	igor
0	33	igor
0	67	igor
0	39	igor
0	81	igor
0	54	igor
28	0	igor
26	0	igor
20	20	igor
18	6	igor
40	0	igor
28	0	igor
3	10	igor
2	2	igor
0	101	igor
1	1	igor
8	17	igor
1	1	igor
35	0	igor
26	0	igor
4	12	igor
19	16	igor
8	8	igor
1	2	igor
6	138	igor
9	30	igor
1	2	igor
4	8	igor
0	345	igor
0	754	igor
1	1	igor
1	1	igor
1	0	igor

--e1dec7d--2020-01-22--Rob Zienert
1	1	igor
3	0	igor
1	1	igor
48	0	igor
1	0	igor
18	0	igor
100	0	igor
32	0	igor
26	0	igor
24	0	igor
27	0	igor
1	3	igor
26	0	igor
32	0	igor
1	1	igor
18	0	igor
0	20	igor
4	0	igor
34	0	igor
1	0	igor
70	0	igor
39	0	igor
31	0	igor
80	0	igor
30	0	igor
53	0	igor
22	0	igor
56	0	igor
237	0	igor
187	0	igor
105	0	igor
27	0	igor
28	0	igor
25	0	igor
25	0	igor
17	0	igor
25	0	igor
314	0	igor
163	0	igor
470	0	igor
98	0	igor
17	0	igor
53	0	igor
55	0	igor
184	0	igor
49	0	igor
34	0	igor
26	0	igor
22	0	igor
27	0	igor
17	0	igor
7	0	igor
45	0	igor
123	0	igor
22	0	igor
61	0	igor
39	0	igor
22	0	igor
30	0	igor
23	0	igor
36	0	igor
34	0	igor
31	0	igor
78	0	igor
53	0	igor
4	0	igor
24	0	igor
812	0	igor
345	0	igor
1	1	igor
1	1	igor
7	89	igor
6	27	igor
0	47	igor
1	0	igor
0	210	igor
0	72	igor
0	96	igor
0	27	igor
0	28	igor
0	25	igor
0	25	igor
0	33	igor
0	25	igor
0	23	igor
0	27	igor
34	0	igor
28	0	igor
4	10	igor
11	11	igor
1	1	igor
0	29	igor
0	32	igor
0	28	igor
0	28	igor
0	246	igor
0	162	igor
0	89	igor
0	28	igor
0	80	igor
0	49	igor
0	38	igor
0	30	igor
0	34	igor
0	17	igor
0	26	igor
0	63	igor
0	43	igor
0	61	igor
0	39	igor
0	38	igor
0	38	igor
0	35	igor
0	118	igor
0	37	igor
0	23	igor
0	357	igor
0	27	igor
0	33	igor
0	67	igor
0	39	igor
0	81	igor
0	54	igor
28	0	igor
26	0	igor
20	20	igor
18	6	igor
40	0	igor
28	0	igor
3	10	igor
2	2	igor
0	101	igor
1	1	igor
8	17	igor
1	1	igor
35	0	igor
26	0	igor
4	12	igor
19	16	igor
8	8	igor
1	2	igor
6	138	igor
9	30	igor
1	2	igor
4	8	igor
0	345	igor
0	754	igor
1	1	igor
1	1	igor
1	0	igor

--9f2b311--2020-02-07--Kaixiang-AWS
4	1	igor
0	29	igor
61	0	igor
0	33	igor

--d933df4--2020-02-04--Kaixiang-AWS
5	0	igor
5	0	igor

--8422a0a--2020-02-03--Kaixiang-AWS
1	0	igor
76	0	igor
44	0	igor
53	0	igor
29	0	igor
58	0	igor
55	0	igor
35	0	igor
67	0	igor
72	0	igor
33	0	igor
52	0	igor

--b2d721c--2020-01-20--Jared Stehler
3	1	igor
10	1	igor
38	3	igor
4	1	igor
4	1	igor

--f2fa552--2020-01-28--Jørgen Jervidalo
26	11	igor
4	0	igor

--36a33bb--2020-01-27--Pierre Delagrave
3	3	igor
2	2	igor
1	3	igor
18	21	igor
7	10	igor
16	1	igor
42	0	igor

--4e67515--2020-01-27--Travis Tomsu
4	0	igor

--8d69976--2020-01-27--Travis Tomsu
7	2	igor

--e32f6a7--2020-01-23--Eric Zimanyi
0	32	igor
1	1	igor

--054d010--2020-01-22--Eric Zimanyi
0	81	igor
11	7	igor
14	11	igor
4	3	igor
29	13	igor
33	0	igor
25	25	igor
18	27	igor
10	9	igor
81	0	igor
10	9	igor
9	6	igor
10	11	igor
12	3	igor
91	0	igor
4	3	igor
32	0	igor
0	33	igor
0	89	igor
18	0	igor
8	7	igor
33	25	igor
0	1	igor
1	1	igor
80	0	igor
0	79	igor

--40ad83b--2020-01-20--Jared Stehler
3	1	igor
10	1	igor
38	3	igor
4	1	igor
4	1	igor

--f4375b6--2020-01-16--Ethan Rogers
1	1	igor

--e3b45b3--2020-01-16--Ethan Rogers
1	1	igor

--8324f5d--2020-01-13--Adam Jordens
23	0	igor

--860b451--2020-01-08--Michael Plump
4	0	igor

--6ea3657--2020-01-07--Pierre Delagrave
3	3	igor
2	2	igor
0	22	igor
3	1	igor
21	18	igor
10	7	igor
1	16	igor

--109bb1f--2019-12-30--Michael Plump
1	1	igor
1	1	igor

--044fbbe--2019-12-19--Luis Fernando Pollo
1	0	igor
1	1	igor
3	0	igor
2	1	igor
0	1	igor
2	1	igor
3	1	igor
21	0	igor
33	44	igor
0	1	igor
26	0	igor
2	0	igor
35	0	igor
107	0	igor
175	0	igor
28	0	igor
28	0	igor
31	0	igor
36	0	igor
30	0	igor
34	0	igor
155	0	igor
128	0	igor
164	16	igor

--e5aa3d1--2019-12-17--Michael Plump
7	0	igor
1	1	igor
2	2	igor
7	0	igor

--881b24f--2019-12-14--Michael Plump
2	2	igor

--a81713c--2019-12-12--Sirisha vadrevu
3	2	igor
29	0	igor
22	1	igor
14	1	igor
5	1	igor
10	1	igor
2	2	igor
22	3	igor

--03640f6--2019-12-10--Scott Frederick
1	1	igor
2	2	igor
22	0	igor
18	21	igor
7	10	igor
16	1	igor

--be86e9f--2019-12-10--Rob Zienert
29	0	igor
10	0	igor
169	0	igor
39	0	igor
28	0	igor
55	0	igor
35	0	igor
48	0	igor
39	0	igor
52	0	igor
35	0	igor
36	0	igor
26	0	igor
25	0	igor
57	0	igor
27	0	igor
44	0	igor
37	0	igor
20	0	igor
29	0	igor
274	0	igor
18	0	igor
50	0	igor
27	0	igor
47	0	igor
18	0	igor
22	0	igor
33	0	igor
41	0	igor
234	0	igor
58	0	igor
45	0	igor
112	0	igor
21	0	igor
45	0	igor
26	0	igor
28	0	igor
96	0	igor
86	0	igor
4	2	igor
0	108	igor
2	1	igor
0	39	igor
0	28	igor
0	55	igor
0	35	igor
0	48	igor
0	45	igor
47	0	igor
0	24	igor
0	37	igor
0	20	igor
0	26	igor
27	0	igor
0	36	igor
0	26	igor
0	27	igor
0	57	igor
0	29	igor
0	44	igor
3	1	igor
3	1	igor
0	37	igor
0	20	igor
4	1	igor
4	1	igor
0	279	igor
0	18	igor
0	50	igor
0	27	igor
0	47	igor
0	18	igor
0	22	igor
0	33	igor
0	230	igor
0	58	igor
0	45	igor
0	109	igor
0	21	igor
0	45	igor
0	26	igor
0	28	igor
2	1	igor
0	29	igor
1	1	igor
1	1	igor
0	94	igor
0	1	igor
0	86	igor
4	1	igor

--ea84335--2019-12-10--Sirisha vadrevu
18	1	igor
18	6	igor

--30b152f--2019-12-04--Eric Zimanyi
12	11	igor

--31c919b--2019-12-02--Travis Tomsu
11	0	igor

--2b3b30d--2019-11-08--Andres Castano
19	0	igor
11	0	igor
23	0	igor
50	0	igor
79	0	igor

--a4f27eb--2019-11-05--Evan Sebastian
20	1	igor
68	0	igor

--d46491e--2019-10-31--Emily Burns
1	1	igor

--37fe1ed--2019-10-29--Emily Burns
1	0	igor
2	0	igor
25	0	igor
29	0	igor
57	0	igor
29	0	igor
11	3	igor

--8866534--2019-10-26--Andres Castano
0	20	igor
0	11	igor

--5fa537c--2019-10-25--Cameron Fieber
1	1	igor

--59ada09--2019-10-24--Cameron Fieber
1	1	igor
5	16	igor

--1374553--2019-10-23--Cameron Fieber
1	1	igor
16	5	igor

--486b26a--2019-10-24--Andres Castano
11	1	igor
2	1	igor
20	1	igor
6	0	igor
81	3	igor

--9430260--2019-10-23--Donny Yung
18	3	igor

--2f44740--2019-10-23--Mark Vulfson
4	0	igor

--008689f--2019-10-23--Matt Duftler
1	0	igor
5	8	igor
15	10	igor
5	5	igor
4	4	igor
0	63	igor
67	0	igor
14	14	igor
5	6	igor

--52431f3--2019-10-18--Mark Vulfson
19	0	igor

--8ae136a--2019-10-10--German Muzquiz
1	0	igor

--cd75c26--2019-09-27--Jørgen Jervidalo
0	4	igor
0	3	igor
0	4	igor
1	1	igor
0	4	igor
0	3	igor
0	3	igor
0	40	igor

--355e95c--2019-09-20--Clay McCoy
1	1	igor
3	1	igor
2	2	igor
1	1	igor

--c9bbca8--2019-09-13--Michael Plump
0	1	igor
1	2	igor
0	9	igor
15	42	igor
0	7	igor

--093f121--2019-09-13--Jørgen Jervidalo
32	3	igor
124	0	igor
40	0	igor

--1f60f14--2019-09-12--Clay McCoy
1	0	igor
2	1	igor
9	0	igor
42	15	igor
7	0	igor

--3aecf2f--2019-09-04--Emily Burns
4	1	igor
36	0	igor

--d087e74--2019-09-04--Avram Lyon
1	0	igor

--6828a77--2019-09-04--Clay McCoy
26	0	igor
28	0	igor
65	0	igor
88	0	igor
40	0	igor
41	0	igor
33	0	igor
21	0	igor
146	0	igor

--5245c94--2019-09-03--Scott Frederick
1	0	igor
24	29	igor

--0c05f3d--2019-08-27--dreynaud
1	0	igor
1	1	igor
33	20	igor
2	0	igor

--5607b96--2019-08-27--dreynaud
0	132	igor
0	75	igor

--a161418--2019-08-26--dreynaud
1	1	igor
2	2	igor

--327b88a--2019-08-23--dreynaud
125	49	igor

--4914d73--2019-08-20--Pierre Delagrave
0	14	igor
6	0	igor
1	7	igor
7	0	igor
0	13	igor

--d757c28--2019-08-13--Cameron Fieber
6	3	igor
3	3	igor
3	3	igor

--8321368--2019-08-09--Eric Zimanyi
2	2	igor

--3108caf--2019-08-05--Jørgen Jervidalo
14	8	igor
0	38	igor
37	0	igor
0	29	igor
20	0	igor
36	0	igor
26	0	igor
6	0	igor
2	4	igor
12	1	igor
1	0	igor
3	0	igor
5	5	igor
6	0	igor
2	30	igor
19	103	igor
130	240	igor
12	15	igor
0	82	igor
0	40	igor
1	0	igor
0	102	igor
0	41	igor
0	140	igor
0	57	igor
0	43	igor
0	40	igor
0	48	igor
101	0	igor
57	0	igor
47	0	igor
2	0	igor
4	12	igor
0	23	igor
31	6	igor
42	0	igor
118	87	igor
67	89	igor
2	31	igor
0	80	igor
81	0	igor
134	65	igor

--7ed661e--2019-07-30--Gard Rimestad
1	1	igor

--60a7f43--2019-07-26--Eric Zimanyi
0	14	igor
9	6	igor

--b3d841c--2019-07-25--Michael Plump
10	0	igor
8	0	igor
6	0	igor
3	0	igor
6	0	igor
12	0	igor
6	0	igor
1	1	igor

--3c246d8--2019-07-08--Nastya Smirnova
3	0	igor
0	5	igor

--c3339d4--2019-06-28--Michael Plump
1	1	igor

--890bb44--2019-06-27--Jørgen Jervidalo
4	3	igor
2	0	igor
1	1	igor
6	7	igor
2	2	igor
3	2	igor
1	1	igor
2	4	igor
22	7	igor
14	19	igor
25	43	igor
53	0	igor
13	0	igor
29	39	igor
1	1	igor
2	0	igor
82	134	igor
11	2	igor
1	1	igor
9	2	igor
22	7	igor
260	219	igor
58	61	igor
15	3	igor

--d902588--2019-06-26--Emily Burns
1	1	igor
6	3	igor
1	1	igor
13	2	igor
10	5	igor

--db05a9b--2019-06-20--Eric Zimanyi
3	1	igor
7	2	igor
19	4	igor

--eddcdc9--2019-06-18--Mark Vulfson
8	5	igor
52	0	igor
1	1	igor

--d02914a--2019-06-17--Avram Lyon
8	0	igor

--4cebabb--2019-06-15--Jørgen Jervidalo
6	2	igor

--482fe99--2019-06-07--Cameron Fieber
2	2	igor

--fd30070--2019-06-07--Cameron Fieber
1	1	igor

--80d6720--2019-06-07--Cameron Fieber
1	1	igor
10	17	igor
1	1	igor
5	2	igor

--ee88d13--2019-06-03--Jørgen Jervidalo
5	2	igor
2	1	igor
4	1	igor
7	3	igor
6	3	igor
2	1	igor
2	1	igor
2	1	igor

--c6b96e1--2019-05-22--Clay McCoy
1	1	igor
2	1	igor
3	2	igor

--aa328ef--2019-05-20--Cameron Fieber
2	6	igor
3	0	igor
1	1	igor

--aeddd7f--2019-05-15--Clay McCoy
11	7	igor
9	2	igor
8	2	igor

--0aa3eab--2019-05-13--Eric Zimanyi
2	2	igor

--31c3f84--2019-04-30--Eric Zimanyi
13	0	igor
48	5	igor
7	2	igor

--3b198e4--2019-04-30--Eric Zimanyi
1	1	igor
1	0	igor
13	0	igor
12	1	igor
5	2	igor
127	0	igor
10	1	igor
16	0	igor
33	0	igor
89	0	igor
2	1	igor
197	0	igor
79	0	igor

--d4a9676--2019-04-29--Rob Zienert
4	4	igor
2	2	igor
4	4	igor
22	20	igor
43	39	igor
59	60	igor
2	1	igor
2	3	igor
191	169	igor
1	2	igor
12	17	igor
14	14	igor
27	26	igor
23	29	igor
69	61	igor
73	78	igor
32	33	igor
36	36	igor
4	4	igor
6	5	igor
2	4	igor
2	4	igor
49	43	igor
182	179	igor
66	67	igor
6	6	igor
45	45	igor
50	49	igor
9	5	igor
3	3	igor
3	3	igor
6	6	igor
218	160	igor
12	9	igor
69	69	igor
6	1	igor
7	7	igor
16	15	igor
22	19	igor
28	28	igor
92	84	igor
12	12	igor
117	104	igor
8	10	igor
33	30	igor
260	220	igor
210	171	igor
1	2	igor
21	20	igor
6	6	igor
20	20	igor
1	2	igor
1	1	igor
5	5	igor
47	39	igor
62	51	igor
8	14	igor
13	15	igor
32	32	igor
5	6	igor
2	3	igor
14	11	igor
8	5	igor
28	29	igor
153	139	igor
113	84	igor
10	8	igor
12	13	igor
21	14	igor
8	22	igor
7	9	igor
5	11	igor
7	6	igor
57	61	igor
58	41	igor
29	15	igor
42	35	igor
7	5	igor
43	46	igor
44	39	igor
1	2	igor
113	94	igor
1	2	igor
1	2	igor
1	2	igor
7	4	igor
7	13	igor
10	14	igor
9	13	igor
3	7	igor
1	2	igor
124	91	igor
1	2	igor
1	2	igor
22	17	igor
14	12	igor
9	15	igor
26	27	igor
1	2	igor
96	50	igor
106	112	igor
5	6	igor
8	4	igor
4	7	igor
4	4	igor
28	23	igor
3	3	igor
17	12	igor
4	5	igor
6	7	igor
2	2	igor
6	6	igor
58	58	igor
85	85	igor
373	286	igor
64	58	igor
118	74	igor
0	1	igor
31	27	igor
35	31	igor
8	8	igor
40	39	igor
9	10	igor
90	84	igor
33	32	igor
95	93	igor
58	55	igor
1	2	igor
11	11	igor
31	29	igor
8	8	igor
109	103	igor
24	24	igor
10	10	igor
9	10	igor
16	15	igor
22	23	igor
33	27	igor
4	1	igor
7	7	igor
136	127	igor
27	26	igor
42	43	igor
7	7	igor
55	57	igor
21	21	igor
27	28	igor
527	428	igor
16	12	igor
5	7	igor
7	5	igor
105	91	igor
15	14	igor
2	3	igor
13	13	igor
23	11	igor
11	13	igor
16	15	igor
4	4	igor

--1058757--2019-04-29--Eric Zimanyi
42	32	igor
8	8	igor
19	16	igor
5	15	igor
21	0	igor
55	0	igor
2	7	igor
7	2	igor
20	0	igor
6	2	igor
10	11	igor
117	0	igor
1	0	igor
27	6	igor
32	1	igor

--ae83674--2019-04-29--Jason Chu
2	2	igor
7	7	igor

--d6ce3fa--2019-04-26--Cameron Fieber
1	0	igor

--8548f55--2019-04-25--Clay McCoy
7	7	igor
0	50	igor
94	0	igor
0	38	igor
67	0	igor

--58c70c4--2019-04-24--Cameron Fieber
13	37	igor
1	0	igor
3	3	igor
0	13	igor
2	2	igor
-	-	gradle/wrapper/gradle-wrapper.jar
1	1	igor
17	1	igor
17	1	igor
0	1	igor
62	43	igor
2	2	igor
2	2	igor
4	4	igor
1	1	igor
1	1	igor
1	1	igor
1	1	igor
1	1	igor
1	1	igor
1	1	igor
1	1	igor
1	1	igor
1	1	igor
1	1	igor
1	1	igor
4	3	igor
1	6	igor
1	1	igor
3	2	igor
1	1	igor
3	2	igor
3	6	igor
3	2	igor
1	1	igor
0	1	igor
2	0	igor
4	9	igor

--8b9b93c--2019-04-24--Jon Schneider
3	0	igor
15	2	igor
1	0	igor

--dd7406e--2019-04-23--Brandon Powell
1	2	igor
1	0	igor

--4e0fa6c--2019-04-23--Eric Zimanyi
18	1	igor
1	0	igor
16	2	igor
7	6	igor
107	0	igor
25	2	igor
43	0	igor
49	0	igor
7	1	igor
103	0	igor
52	0	igor
48	0	igor
73	5	igor
87	0	igor
0	74	igor
2	0	igor

--9b9bcdb--2019-04-22--Cameron Fieber
9	3	igor
1	0	igor
1	1	igor
0	13	igor
1	1	igor

--97df50b--2019-04-22--Cameron Fieber
--ba0870f--2019-04-22--Jon Schneider
0	10	igor
1	1	igor
19	3	igor

--d23c8c3--2019-04-22--Cameron Fieber
2	2	igor

--5895c01--2019-04-18--Cameron Fieber
--c1b95f2--2019-04-18--Cameron Fieber
6	31	igor
-	-	gradle/wrapper/gradle-wrapper.jar
1	2	igor
17	1	igor
17	1	igor
67	51	igor
0	50	igor

--f01edc6--2019-04-16--Rob Zienert
3	0	igor

--9bd858b--2019-04-16--Emily Burns
1	0	igor

--4a640dc--2019-04-16--Rob Zienert
2	0	igor

--d740ea3--2019-04-15--Emily Burns
--763a041--2019-04-12--Jørgen Jervidalo
7	4	igor
25	8	igor
0	6	igor
18	0	igor
39	26	igor
7	0	igor
68	21	igor
12	1	igor

--16489f9--2019-04-08--Jon Schneider
3	2	igor
6	1	igor
4	1	igor
11	0	igor
4	4	igor
4	0	igor
28	0	igor
21	0	igor
13	6	igor
10	7	igor

--924791c--2019-04-05--Gard Rimestad
6	2	igor

--9892ff1--2019-04-04--Jason Chu
2	0	igor

--13e18d6--2019-04-02--Jørgen Jervidalo
3	3	igor
16	1	igor
1	1	igor
3	1	igor
8	1	igor
1	1	igor
37	3	igor

--dfe899c--2019-03-28--Jørgen Jervidalo
1	0	igor
32	20	igor
23	35	igor
8	5	igor
12	2	igor
13	0	igor
7	5	igor
5	2	igor
4	4	igor
6	3	igor
0	56	igor
56	0	igor
25	9	igor
26	5	igor
65	0	igor
13	1	igor
53	10	igor
10	4	igor
17	6	igor
26	5	igor
96	0	igor
3	0	igor
4	3	igor
11	2	igor
20	6	igor
13	9	igor
63	17	igor
2	1	igor
2	2	igor
12	11	igor
2	1	igor
1	1	igor
6	5	igor
2	1	igor

--7af278a--2019-03-27--Eric Zimanyi
6	0	igor
7	0	igor
21	1	igor
15	0	igor

--55dcc37--2019-03-26--Eric Zimanyi
6	0	igor
55	0	igor
35	0	igor
69	0	igor
37	0	igor
65	0	igor
42	0	igor
37	0	igor
53	0	igor
63	0	igor
75	0	igor
55	0	igor
42	0	igor
126	0	igor
74	0	igor
12	0	igor
6	0	igor

--9249fb5--2019-03-25--Eric Zimanyi
32	0	igor
44	0	igor

--afb6fbc--2019-03-25--Emily Burns
1	1	igor

--4eb08de--2019-03-25--Emily Burns
1	1	igor
0	1	igor
6	0	igor
23	0	igor
69	0	igor
47	0	igor
50	0	igor
94	0	igor
65	0	igor

--9080a07--2019-03-22--Jon Schneider
5	0	igor
6	3	igor

--20018c8--2019-03-20--Jon Schneider
4	0	igor
25	0	igor
11	0	igor
0	5	igor

--36b5d4d--2019-03-18--Jon Schneider
1	1	igor
7	4	igor
4	1	igor

--31e9651--2019-03-18--Jon Schneider
1	1	igor
1	1	igor

--df3053c--2019-03-18--Brandon Powell
1	1	igor

--7e50bb1--2019-03-15--Emily Burns
1	1	igor
8	12	igor
1	1	igor
46	0	igor
0	48	igor

--22ee0b0--2019-03-14--Asher Feldman
1	1	igor

--b2b8d42--2019-03-14--Jon Schneider
4	0	igor
1	1	igor
6	0	igor
1	1	igor
0	56	igor
23	0	igor
6	1	igor
1	0	igor
5	1	igor
1	1	igor
200	0	igor
69	0	igor
84	0	igor
35	0	igor
121	0	igor
96	0	igor
27	0	igor
176	0	igor
27	0	igor
27	0	igor
29	0	igor
37	0	igor
60	0	igor
30	0	igor
25	0	igor
70	0	igor
39	0	igor
24	0	igor
27	0	igor
257	0	igor
39	0	igor
59	0	igor
9	1	igor
5	1	igor
81	0	igor
31	0	igor

--594f158--2019-03-14--Jammy Louie
1	1	igor
12	8	igor
1	1	igor
0	46	igor
48	0	igor

--77851e9--2019-03-12--Rob Zienert
2	0	igor

--b637cc9--2019-03-12--Rob Zienert
1	1	igor
1	1	igor
2	1	igor

--bbe8558--2019-03-11--Jammy Louie
8	1	igor
15	10	igor
46	0	igor
4	4	igor
1	1	igor
1	1	igor

--8454d41--2019-03-11--Rob Zienert
1	1	igor
9	6	igor
1	1	igor
49	0	igor
0	56	igor
1	1	igor
2	1	igor
2	1	igor
2	5	igor
2	1	igor

--181f0ea--2019-03-11--Rob Zienert
1	1	igor

--276ded2--2019-03-11--Rob Zienert
1	1	igor
2	2	igor

--35b4836--2019-03-08--Eric Zimanyi
1	0	igor
109	0	igor
39	0	igor
27	0	igor
56	0	igor
35	0	igor
33	9	igor
1	1	igor
62	0	igor
15	0	igor
9	0	igor
10	0	igor
65	0	igor
1	1	igor

--8617fdd--2019-03-07--Rob Zienert
1	10	igor

--375606d--2019-03-06--Rob Zienert
1	1	igor

--57271e9--2019-03-06--Rob Zienert
1	1	igor

--fb2f6e7--2019-03-05--Rob Zienert
1	1	igor

--60ae1a5--2019-03-05--Brandon Powell
1	1	igor
1	1	igor

--ac8f31e--2019-03-05--Jon Schneider
1	1	igor
12	1	igor
1	1	igor
37	0	igor
192	0	igor
56	0	igor
50	0	igor
21	0	igor
59	0	igor
27	0	igor
29	0	igor
66	0	igor
38	0	igor

--4b6bd95--2019-03-04--Rob Zienert
4	0	igor

--f174eca--2019-03-04--Rob Zienert
1	1	igor
4	4	igor
0	1	igor
4	9	igor

--bfa5614--2019-03-04--Rob Zienert
4	0	igor
0	8	igor

--e8eddf3--2019-03-04--Rob Zienert
1	1	igor
1	6	igor

--873ef2e--2019-02-28--Rob Zienert
10	2	igor
3	1	igor

--f72b2f3--2019-02-27--Rob Zienert
11	11	igor

--1ad4381--2019-02-27--Rob Zienert
1	1	igor
1	1	igor
1	1	igor
1	1	igor
1	1	igor
1	1	igor
1	1	igor
1	1	igor
1	1	igor
1	1	igor
1	1	igor
4	3	igor
1	1	igor
1	1	igor
1	1	igor
1	1	igor
1	1	igor
1	1	igor

--cb4d4b3--2019-02-25--Rob Zienert
5	1	igor
11	14	igor
6	5	igor
1	1	igor

--d115971--2019-03-04--Eric Zimanyi
1	0	igor
1	1	igor
75	153	igor
21	25	igor
3	3	igor
3	3	igor
3	3	igor
6	6	igor
29	0	igor
25	0	igor
23	0	igor
7	7	igor
5	0	igor
8	8	igor
0	213	igor
282	0	igor
0	28	igor
23	0	igor
0	32	igor
35	0	igor
49	0	igor
7	7	igor
4	9	igor
3	3	igor
8	8	igor
16	7	igor
34	54	igor
45	20	igor
4	2	igor
12	15	igor
35	41	igor
105	17	igor
4	2	igor
11	17	igor
23	27	igor

--a519a57--2019-02-05--Eric Zimanyi
2	0	igor
5	1	igor
45	5	igor
232	0	igor

--a0e1222--2019-02-05--Adam Jordens
56	0	igor
8	0	igor

--757bb83--2019-01-28--Mark Vulfson
8	2	igor

--58e55a8--2019-01-10--Chris Berry
6	0	igor

--c001dea--2019-01-02--Eric Zimanyi
45	17	igor
24	15	igor

--1c31a07--2018-12-14--Will Gorman
12	1	igor

--fc57c4d--2018-12-14--Gard Rimestad
4	5	igor

--09256ba--2018-12-12--Rob Fletcher
34	40	igor
53	44	igor

--2ffaafd--2018-11-30--Dibyo Mukherjee
1	1	igor

--3059abb--2018-11-29--dreynaud
1	8	igor
2	2	igor

--f6eb106--2018-11-29--dreynaud
8	1	igor
32	1	igor

--56e4bf8--2018-11-26--dreynaud
1	0	igor
2	1	igor
15	6	igor
16	15	igor
9	4	igor
9	7	igor
34	0	igor
19	0	igor
26	0	igor
65	0	igor
43	0	igor
41	0	igor
10	8	igor
10	5	igor
15	6	igor
35	0	igor
73	0	igor
23	0	igor
0	33	igor
6	5	igor
0	26	igor
0	59	igor
0	43	igor
0	51	igor
0	35	igor
0	78	igor
0	26	igor
16	6	igor
20	18	igor
18	14	igor
35	0	igor

--27389c7--2018-11-22--Gard Rimestad
4	0	igor
9	0	igor
13	1	igor

--31ed065--2018-11-20--dreynaud
13	10	igor

--1b6de3a--2018-11-08--Eric Zimanyi
7	0	igor
101	0	igor
66	0	igor

--a2062a1--2018-11-05--Cameron Fieber
1	1	igor

--e4843d3--2018-10-25--Rob Zienert
1	1	igor
1	0	igor
24	4	igor

--fe0f15f--2018-10-25--Stephen Chen
10	7	igor
7	6	igor
13	0	igor
6	5	igor
2	1	igor
5	7	igor

--8dd83e7--2018-10-12--Gard Rimestad
2	2	igor
3	3	igor
7	7	igor

--7957595--2018-10-11--Mark Rampton
3	2	igor
4	6	igor
2	2	igor

--6a38a83--2018-10-11--Mark Rampton
3	2	igor
4	6	igor
2	2	igor

--80bc37f--2018-10-11--Gard Rimestad
1	0	igor
16	0	igor

--c754849--2018-10-11--Gard Rimestad
3	2	igor
4	6	igor
2	2	igor

--1d1a977--2018-10-03--Rob Zienert
6	2	igor
10	13	igor
11	7	igor

--a4fd897--2018-10-02--Travis Tomsu
4	1	igor

--2a3d239--2018-09-06--Adam Jordens
1	1	igor

--10fbdce--2018-09-05--Rob Zienert
1	1	igor
14	50	igor
9	16	igor
3	4	igor
4	0	igor
0	1	igor
27	0	igor
0	6	igor
4	5	igor
2	1	igor
2	1	igor
2	1	igor
11	6	igor

--d581525--2018-08-27--Eric Zimanyi
1	1	igor

--f6f8acb--2018-08-24--Lars Wander
2	1	igor

--da9403a--2018-08-23--Kevin Woo
1	1	igor

--2aa1f14--2018-08-13--Jeyrs Chabu
0	102	igor
132	0	igor
75	0	igor

--12641e2--2018-07-25--shihchang
4	1	igor
1	0	igor
10	6	igor
44	23	igor
2	0	igor
69	0	igor
39	0	igor
3	1	igor
284	0	igor
189	0	igor
81	0	igor
351	0	igor
24	0	igor
22	0	igor
26	0	igor
32	0	igor
45	0	igor
19	0	igor
20	0	igor
1	0	igor
14	0	igor
4	1	igor
1	0	igor
28	0	igor
133	0	igor
246	0	igor
109	0	igor
107	0	igor
179	0	igor
247	0	igor
232	0	igor

--7dbdaaf--2018-07-09--Adam Jordens
1	1	igor

--c313214--2018-06-27--Jeyrs Chabu
0	10	igor
9	0	igor

--791f92e--2018-06-26--Jeyrs Chabu
15	0	igor

--266854e--2018-06-26--Jeyrs Chabu
107	0	igor

--0979046--2018-06-26--Jeyrs Chabu
2	2	igor

--bf260e9--2018-06-24--Jeyrs Chabu
4	3	igor

--7289f65--2018-06-22--Adam Jordens
2	2	igor

--995490b--2018-06-20--Eric Zimanyi
2	1	igor

--977547b--2018-06-20--Eric Zimanyi
2	1	igor

--16e02ba--2018-06-18--Jeyrs Chabu
1	1	igor

--582e037--2018-06-18--Jeyrs Chabu
9	0	igor

--7011748--2018-06-18--Eric Zimanyi
103	92	igor
6	0	igor

--9d11de9--2018-06-14--Kevin Woo
8	0	igor
1	1	igor
2	4	igor
26	13	igor
104	0	igor

--0fc6113--2018-06-14--Kevin Woo
8	0	igor
1	1	igor
2	4	igor
26	13	igor
104	0	igor

--38229c1--2018-06-14--Kevin Woo
8	0	igor
1	1	igor
2	4	igor
26	13	igor
104	0	igor

--ae29023--2018-06-11--Jeyrs Chabu
1	1	igor

--0cc4a74--2018-06-11--Jeyrs Chabu
1	1	igor
21	1	igor
59	0	igor
3	3	igor
3	7	igor
3	3	igor
9	13	igor
34	0	igor
3	7	igor
5	5	igor

--edf811c--2018-06-10--Jeyrs Chabu
1	1	igor

--e958555--2018-06-08--Eric Zimanyi
2	0	igor
2	0	igor

--eea914b--2018-06-07--Sergey Reshetnyak
1	1	igor
1	1	igor

--a47175f--2018-06-06--Jeyrs Chabu
1	1	igor

--6099d10--2018-06-04--Jeyrs Chabu
1	1	igor
51	0	igor
3	1	igor
1	0	igor
3	1	igor
3	1	igor
25	2	igor
10	2	igor
5	4	igor
1	0	igor
2	0	igor
1	0	igor
2	1	igor

--f76b447--2018-06-04--Rob Zienert
15	18	igor
4	2	igor
12	13	igor

--e1a2185--2018-05-23--Adam Jordens
1	1	igor
0	7	igor

--6419c3b--2018-05-22--Adam Jordens
7	3	igor

--2a9532c--2018-04-23--Kevin Woo
1	1	igor

--c9619f5--2018-04-23--Kevin Woo
1	1	igor

--3db4478--2018-04-19--Cameron Fieber
1	1	igor
-	-	gradle/wrapper/gradle-wrapper.jar
1	2	igor
42	30	igor
4	10	igor

--c26fd36--2018-04-19--Sergey Reshetnyak
1	1	igor

--87060ab--2018-04-13--Gard Rimestad
1	1	igor
4	1	igor

--c23f73a--2018-04-09--Jørgen Jervidalo
1	1	igor

--d28e155--2018-03-06--Jørgen Jervidalo
0	99	igor
0	54	igor
0	274	igor
0	83	igor
0	131	igor
0	23	igor
0	56	igor
0	55	igor
0	34	igor
0	42	igor
0	32	igor
0	54	igor
0	38	igor
0	64	igor
0	63	igor
0	29	igor
0	31	igor
0	38	igor
0	34	igor
0	55	igor
0	37	igor
0	38	igor
0	32	igor
0	33	igor
0	32	igor
0	23	igor
0	22	igor
0	32	igor
0	86	igor
0	41	igor
0	55	igor
0	33	igor
0	82	igor
0	32	igor
0	46	igor
0	67	igor
0	461	igor
105	0	igor
132	0	igor
356	0	igor
85	0	igor
127	0	igor
34	0	igor
59	0	igor
65	0	igor
39	0	igor
81	0	igor
41	0	igor
137	0	igor
61	0	igor
116	0	igor
99	0	igor
24	0	igor
39	0	igor
60	0	igor
41	0	igor
134	0	igor
57	0	igor
43	0	igor
41	0	igor
47	0	igor
55	0	igor
57	0	igor
22	0	igor
39	0	igor
190	0	igor
64	0	igor
85	0	igor
33	0	igor
82	0	igor
55	0	igor
58	0	igor
503	0	igor
49	0	igor
0	50	igor
5	5	igor

--fe8c4ea--2018-03-21--Jørgen Jervidalo
4	1	igor
1	1	igor

--ba445e5--2018-04-06--Jørgen Jervidalo
1	1	igor
8	4	igor
5	5	igor

--d4ceb8c--2018-04-06--Jørgen Jervidalo
4	4	igor
4	4	igor
1	0	igor
12	0	igor
7	7	igor
33	18	igor

--588b267--2018-04-06--Jørgen Jervidalo
2	2	igor

--635ff50--2018-04-05--Eric Zimanyi
2	2	igor

--5ae4fff--2018-04-05--Rob Zienert
9	0	igor
3	2	igor

--72ab6b7--2018-04-05--Jørgen Jervidalo
2	0	igor
42	0	igor
14	6	igor
33	5	igor

--4173217--2018-04-04--Lars Wander
1	1	igor

--0558990--2018-04-04--Lars Wander
4	0	igor

--5f4b532--2018-04-04--Jørgen Jervidalo
1	1	igor

--589e21d--2018-04-03--Rob Zienert
2	2	igor

--ebcb828--2018-04-03--Cameron Fieber
19	3	igor
5	4	igor

--fafa1f5--2018-04-03--Jørgen Jervidalo
1	1	igor
1	1	igor
1	1	igor

--5093a56--2018-03-28--Cameron Fieber
15	6	igor
0	2	igor
27	0	igor
27	0	igor

--167893d--2018-03-28--Rob Zienert
5	3	igor
50	7	igor

--c50ba87--2018-03-27--Rob Zienert
3	3	igor
4	4	igor

--1ba332f--2018-03-26--Rob Zienert
8	6	igor
3	4	igor

--de183b5--2018-03-26--Rob Zienert
7	9	igor

--e9c99c4--2018-03-23--Eric Zimanyi
4	2	igor
15	3	igor

--f6b532a--2018-03-22--Rob Zienert
3	1	igor
2	2	igor

--cdd8cde--2018-03-21--Rob Zienert
1	1	igor

--285c4a4--2018-03-21--Rob Zienert
69	0	igor
63	0	igor
24	5	igor
27	0	igor
27	0	igor
0	35	igor
31	0	igor
87	0	igor
95	0	igor
40	0	igor
38	0	igor
58	0	igor
33	0	igor
0	69	igor
0	63	igor
0	87	igor
0	95	igor
0	40	igor
0	38	igor
0	58	igor
0	33	igor

--c299d3a--2018-03-20--Rob Zienert
3	2	igor

--f4e76f5--2018-03-20--dreynaud
68	69	igor

--168ebe5--2018-03-16--Rob Zienert
0	1	igor

--cf16a40--2018-03-16--Rob Zienert
7	2	igor

--c4739c6--2018-03-16--Rob Zienert
71	30	igor

--60d3bfc--2018-03-16--Rob Zienert
1	1	igor

--8a7c9e3--2018-03-16--Rob Zienert
1	0	igor

--60f4dbc--2018-03-12--Rob Zienert
75	0	igor
15	5	igor
7	6	igor
6	4	igor
25	17	igor
27	0	igor
14	0	igor
19	0	igor
10	6	igor
74	0	igor
29	3	igor
25	7	igor
35	4	igor

--a05b86b--2018-03-12--Rob Zienert
9	0	igor
9	1	igor
8	12	igor
193	0	igor
94	0	igor
26	0	igor
77	0	igor
71	0	igor
3	3	igor
88	0	igor
64	0	igor

--08ff512--2018-03-09--Jørgen Jervidalo
5	4	igor
20	17	igor
2	2	igor
1	2	igor
33	0	igor
82	0	igor
29	23	igor
19	15	igor
8	1	igor

--ec5a15c--2018-02-27--Rob Zienert
13	0	igor
4	4	igor
11	1	igor
2	2	igor
2	0	igor
90	60	igor
114	51	igor
162	107	igor
0	85	igor
164	0	igor
19	0	igor
33	0	igor
22	0	igor
101	44	igor
24	27	igor
19	8	igor
22	3	igor
32	29	igor
2	2	igor
35	27	igor

--3d9468a--2018-02-12--Jacob Kiefer
1	1	igor
3	3	igor
2	0	igor
9	16	igor
17	5	igor
32	0	igor
1	1	igor
29	2	igor
39	4	igor

--1f5a8ed--2018-02-08--Daniel Williams
1	1	igor

--279f2f9--2018-01-24--Chris Thielen
65	56	igor
62	5	igor

--6e70e3f--2018-01-18--Asher Feldman
1	1	igor

--bfc1eca--2018-01-16--Chris Berry
1	0	igor

--abd91f9--2018-01-11--Chris Berry
6	0	igor

--406efe0--2018-01-11--Chris Berry
23	3	igor
12	3	igor

--879747b--2018-01-05--Gard Rimestad
49	5	igor
4	4	igor
61	39	igor
5	0	igor
8	0	igor
9	0	igor
3	2	igor

--8ca1ff3--2018-01-04--Gard Rimestad
0	18	igor

--acee1a3--2018-01-02--Gard Rimestad
4	10	igor
0	14	igor

--4297671--2017-12-19--Maarten Dirkse
6	1	igor
0	72	igor
7	0	igor
1	1	igor
1	1	igor
1	1	igor
69	0	igor
63	0	igor
87	0	igor
95	0	igor
40	0	igor
38	0	igor
58	0	igor
33	0	igor
122	0	igor
149	0	igor

--1dd1fcd--2017-12-14--Rob Zienert
0	51	igor
18	15	igor
6	4	igor
13	11	igor

--e245277--2017-12-14--Rob Zienert
0	51	igor
18	15	igor
6	4	igor
13	11	igor

--5d0a357--2017-12-14--Rob Zienert
--a50d096--2017-12-14--Rob Zienert
--4400f8a--2017-12-14--Jørgen Jervidalo
2	0	igor
1	2	igor
5	1	igor
5	4	igor
7	5	igor
3	1	igor
4	2	igor
2	2	igor
4	2	igor
10	7	igor
11	4	igor
10	7	igor
2	2	igor
5	3	igor
2	0	igor
15	11	igor
4	3	igor
2	0	igor
2	0	igor
10	7	igor
2	0	igor
4	3	igor
2	0	igor
29	0	igor
5	4	igor
12	3	igor
8	7	igor
53	3	igor
3	1	igor

--9211d0c--2017-12-10--Rob Zienert
51	0	igor
15	18	igor
4	6	igor
11	13	igor

--9720f77--2017-12-06--Rob Zienert
1	1	igor

--7fc4ad2--2017-12-06--Rob Zienert
15	3	igor

--51a12aa--2017-12-06--Rob Zienert
54	0	igor
61	0	igor
2	2	igor
2	3	igor
3	3	igor
2	3	igor
3	4	igor

--565a5ff--2017-12-06--Rob Zienert
3	3	igor
1	1	igor
4	1	igor
0	155	igor
166	0	igor
104	0	igor
68	0	igor
9	1	igor
0	79	igor
83	0	igor
0	135	igor
150	0	igor
0	87	igor
83	0	igor
18	46	igor
16	44	igor

--3d8548e--2017-12-01--Emily Burns
1	2	igor
4	4	igor

--7f8f850--2017-12-01--Emily Burns
16	7	igor
11	10	igor

--ef9c41c--2017-11-30--Brandon Nelson
1	1	igor

--073dade--2017-11-29--Travis Tomsu
5	24	igor
8	0	igor
100	0	igor
9	5	igor
42	0	igor
6	1	igor
6	1	igor

--c28d348--2017-11-28--Brandon Nelson
14	0	igor

--d52a623--2017-11-27--Emily Burns
1	1	igor
11	9	igor

--baab2b1--2017-11-22--Jeyrs Chabu
3	0	igor
18	0	igor
43	1	igor

--8f9504e--2017-11-08--Gard Rimestad
1	2	igor
1	1	igor
1	1	igor

--b85d8c4--2017-10-30--Gard Rimestad
61	25	igor
30	12	igor
53	34	igor
11	11	igor

--50c826d--2017-10-26--Gard Rimestad
3	0	igor
3	3	igor
2	0	igor
1	3	igor
1	4	igor
4	0	igor
24	14	igor
1	1	igor
16	1	igor

--279fada--2017-10-25--Asher Feldman
1	1	igor

--c9b8740--2017-10-19--Gard Rimestad
0	1	igor
3	7	igor
2	3	igor

--bfc9780--2017-10-17--Rob Zienert
1	0	igor
8	6	igor
7	5	igor
6	4	igor
5	1	igor
11	9	igor
5	3	igor

--7c72770--2017-09-12--Jeyrs Chabu
1	8	igor

--a4cc7a4--2017-09-06--Gard Rimestad
9	5	igor
1	11	igor

--2733d58--2017-08-29--Gard Rimestad
7	0	igor
8	1	igor

--aef7f07--2017-08-21--Adam Jordens
1	1	igor

--22775f8--2017-08-01--Travis Tomsu
3	3	igor
1	1	igor
2	1	igor

--2badb01--2017-08-16--Jeyrs Chabu
13	12	igor
10	25	igor

--c4a01ec--2017-07-28--Kevin Woo
6	2	igor
33	0	igor

--31256da--2017-07-28--Rob Zienert
0	1	igor
2	2	igor
7	7	igor
0	1	igor

--aec8ef8--2017-07-28--Chris Berry
5	1	igor
22	5	igor

--b935d95--2017-07-24--Gard Rimestad
5	5	igor
5	0	igor
3	0	igor
30	0	igor
8	9	igor

--45cb5ba--2017-07-16--Adam Jordens
1	1	igor

--7655c4e--2017-07-12--Adam Jordens
1	1	igor

--21f206a--2017-07-10--Travis Tomsu
14	0	igor
2	2	igor

--de3acd9--2017-06-14--Gard Rimestad
16	0	igor
22	0	igor
63	25	igor
147	0	igor
16	0	igor

--b3ece2a--2017-05-31--Travis Tomsu
1	1	igor

--9e80f53--2017-05-22--Gard Rimestad
1	4	igor
15	7	igor
0	14	igor
9	23	igor

--936e8f6--2017-05-15--Jeyrs Chabu
68	106	igor
39	0	igor
84	182	igor

--c0a15fa--2017-05-10--Jeyrs Chabu
2	1	igor

--6a1ad53--2017-05-10--Cameron Fieber
1	1	igor

--b116ecd--2017-05-09--Jeyrs Chabu
86	98	igor

--6c76bab--2017-05-04--Gard Rimestad
8	0	igor
13	2	igor

--74bcff8--2017-05-03--Jeyrs Chabu
98	86	igor

--3b7d1c4--2017-04-26--Gard Rimestad
9	0	igor
4	1	igor
4	0	igor
27	0	igor

--25fe32f--2017-04-26--Galo Navarro
6	0	igor
9	0	igor
3	3	igor
3	0	igor
19	7	igor
4	2	igor
29	4	igor
1	1	igor

--4a3a410--2017-03-30--Gard Rimestad
9	0	igor
9	0	igor
29	0	igor
56	0	igor
62	0	igor
64	0	igor
10	0	igor
45	0	igor
4	0	igor
67	0	igor
0	1	igor
67	0	igor
90	0	igor
96	0	igor
94	0	igor

--f800783--2017-03-27--Rob Zienert
9	4	igor
2	0	igor

--f6ce3d6--2017-03-22--Jacob Kiefer
4	0	igor

--96dfdda--2017-03-13--Tomás Lin
--7667ad3--2016-11-30--Pedro Goncalves
5	1	igor
15	0	igor
42	0	igor

--a665ad1--2017-03-03--Cameron Fieber
1	1	igor

--ed42dad--2017-03-01--Jacob Kiefer
14	0	igor

--2156a9d--2017-02-22--Travis Tomsu
0	2	igor

--d998fae--2017-02-20--Tomás Lin
--912882b--2017-02-13--Rob Umberger
7	1	igor
79	0	igor
43	0	igor
7	0	igor
85	0	igor
35	0	igor
71	0	igor
23	0	igor
25	0	igor
42	0	igor
24	0	igor
26	0	igor
7	2	igor
126	0	igor
102	0	igor

--8ce906e--2017-02-14--Lars Wander
1	9	igor

--dad3319--2017-02-14--Jacob Kiefer
1	1	igor

--19fcbc8--2017-02-13--Travis Tomsu
1	1	igor
2	1	igor

--b81588a--2017-02-07--Travis Tomsu
4	3	igor
9	0	igor
2	1	igor
11	0	igor

--f34bd3b--2017-02-03--Jacob Kiefer
2	0	igor

--afcc9fe--2017-01-18--Lars Wander
14	0	igor

--8ed6377--2017-01-06--Eric Wiseblatt
--eff6547--2016-12-22--Eric Wiseblatt
1	1	igor

--e6681f8--2016-12-28--Adam Jordens
--787b9ed--2016-12-28--Adam Jordens
23	10	igor
68	0	igor

--4e2cdff--2016-12-27--Adam Jordens
--ac4eb9d--2016-12-27--Adam Jordens
17	7	igor
52	21	igor

--045f18c--2016-12-16--Cameron Fieber
2	78	igor

--ac0bcad--2016-12-15--Gard Rimestad
3	1	igor

--7057359--2016-11-09--Cameron Fieber
4	4	igor

--2b532bb--2016-10-26--Cameron Fieber
2	2	igor
79	0	igor
2	0	igor
4	5	igor
5	21	igor
6	20	igor
2	0	igor
0	2	igor
3	4	igor
5	11	igor
0	4	igor
2	0	igor
0	4	igor
5	13	igor
3	4	igor
4	6	igor
24	37	igor
4	5	igor
34	33	igor
10	16	igor
7	4	igor
11	6	igor
4	2	igor
8	4	igor
5	5	igor

--f55c30e--2016-11-02--Adam Jordens
--907302f--2016-11-02--Adam Jordens
1	1	igor

--19f4506--2016-11-02--Adam Jordens
--e6fa26b--2016-10-28--Greg BOUGEARD
1	1	igor
2	2	igor

--0602f2a--2016-10-26--Eric Wiseblatt
--47c43e7--2016-08-12--Eric Wiseblatt
1	1	igor
1	0	igor

--bd00294--2016-10-12--Cameron Fieber
--4312f04--2016-10-12--Cameron Fieber
24	3	igor
1	1	igor
2	2	igor

--89f97f2--2016-10-12--Gard Rimestad
0	20	igor
1	1	igor
37	63	igor
4	0	igor
2	1	igor
23	0	igor
30	0	igor
76	0	igor
39	0	igor
54	0	igor
30	0	igor
6	5	igor
11	10	igor
8	0	igor
1	1	igor
106	17	igor
50	0	igor
0	49	igor

--e6eb067--2016-09-26--Jeyrs Chabu
--e59a705--2016-09-23--jeyrs
3	3	igor
2	2	igor

--31d9772--2016-09-06--Tomás Lin
--68dda61--2016-09-06--tomaslin
3	1	igor
3	0	igor

--f3ca96f--2016-08-24--Gard Rimestad
14	5	igor
3	0	igor
3	3	igor
21	3	igor

--2998e53--2016-08-02--Tomás Lin
--83605b1--2016-08-02--tomaslin
3	0	igor

--14ac279--2016-07-14--Adam Jordens
--9f8230a--2016-07-14--Adam Jordens
2	2	igor

--a1e8b2a--2016-07-06--Cameron Fieber
--3e4ac71--2016-07-06--robertsigler
1	0	igor

--2fa9139--2016-07-01--Cameron Fieber
--2ff6cc6--2016-07-01--Cameron Fieber
15	1	igor
15	1	igor

--8258b17--2016-06-30--Cameron Fieber
--dc6184a--2016-06-28--Cameron Fieber
1	1	igor

--5225649--2016-06-21--Tomás Lin
--51e21eb--2016-06-21--tomaslin
10	10	igor
9	9	igor

--e6892bf--2016-06-21--Tomás Lin
--dc3f63a--2016-06-21--tomaslin
6	5	igor

--9cc85c1--2016-06-17--Tomás Lin
--a366476--2016-06-17--tomaslin
0	1	igor
7	2	igor

--afc0191--2016-06-17--Tomás Lin
--2869887--2016-06-17--tomaslin
1	1	igor

--004ee19--2016-06-17--Tomás Lin
--090177e--2016-06-17--tomaslin
79	83	igor

--9bfd201--2016-06-17--Tomás Lin
--9abd815--2016-06-17--tomaslin
1	1	igor
2	0	igor
6	2	igor

--dfee049--2016-06-17--Tomás Lin
--c92e07c--2016-06-17--tomaslin
54	49	igor

--693de9f--2016-06-17--Tomás Lin
--c5bd564--2016-06-16--tomaslin
41	23	igor
4	2	igor
4	0	igor

--bae7721--2016-06-16--Tomás Lin
--29a904c--2016-06-16--tomaslin
12	5	igor
4	0	igor

--142ae4a--2016-06-16--tomaslin
1	1	igor

--cecd44a--2016-06-16--tomaslin
2	4	igor
4	6	igor
1	2	igor

--1ae3ae6--2016-06-16--tomaslin
0	5	igor

--2cbe72a--2016-06-15--Tomás Lin
--9271910--2016-06-15--tomaslin
4	4	igor

--bd7ced7--2016-06-15--Tomás Lin
--88cb00f--2016-06-15--tomaslin
1	0	igor
1	0	igor

--22bd870--2016-06-09--Gard Rimestad
3	0	igor
3	1	igor
29	0	igor
18	0	igor
2	0	igor
1	0	igor
43	0	igor
2	0	igor
23	3	igor
51	0	igor
76	0	igor

--16caddf--2016-05-31--Tomás Lin
--69a949d--2016-05-31--tomaslin
16	0	igor
16	0	igor
16	0	igor
16	0	igor
16	0	igor
16	0	igor
16	0	igor
16	0	igor

--4fe15d1--2016-05-31--Tomás Lin
--522edae--2016-05-31--tomaslin
5	5	igor
2	2	igor
29	32	igor

--385d740--2016-05-31--Gard Rimestad
4	3	igor
29	0	igor
31	0	igor
7	5	igor
2	1	igor
4	9	igor

--b201279--2016-05-31--Lars Wander
5	4	igor
9	0	igor

--31a09bd--2016-05-31--Gard Rimestad
10	4	igor
16	21	igor

--b639c49--2016-05-31--Tomás Lin
--d1c37ce--2016-05-31--tomaslin
1	1	igor
2	2	igor
5	5	igor
5	4	igor
2	2	igor
3	2	igor
2	2	igor
5	4	igor
1	1	igor
3	3	igor
22	2	igor
1	1	igor
1	1	igor
3	3	igor
3	3	igor

--6da1eb5--2016-05-27--Lars Wander
10	0	igor

--71ae6bb--2016-05-25--Lars Wander
2	2	igor

--07d1bfd--2016-05-20--Matt Duftler
1	0	igor

--80e658b--2016-05-20--Gard Rimestad
0	1	igor
16	1	igor
0	6	igor
33	0	igor
1	1	igor

--e56aeb7--2016-05-20--Gard Rimestad
2	0	igor

--0208eda--2016-05-19--Tomás Lin
--83da372--2016-05-19--tomaslin
1	1	igor
4	4	igor
1	1	igor
1	1	igor
1	1	igor
1	1	igor
2	1	igor
0	1	igor
2	0	igor
3	0	igor
1	1	igor

--be6fb13--2016-05-17--Gard Rimestad
37	4	igor
1	1	igor
47	19	igor

--cbd8566--2016-05-13--Adam Jordens
--e0a5109--2016-05-12--Gard Rimestad
5	7	igor
13	0	igor
21	11	igor

--b713253--2016-05-09--Matt Duftler
1	1	igor

--61437bb--2016-05-09--Gard Rimestad
19	0	igor
29	18	igor
7	5	igor

--b195465--2016-05-05--Gard Rimestad
11	8	igor
2	0	igor
18	1	igor
1	1	igor
33	0	igor

--0f16be4--2016-05-04--Adam Jordens
--0820118--2016-05-04--Gard Rimestad
2	2	igor

--5d95604--2016-05-02--Lars Wander
--89fbe7c--2016-05-02--Gard Rimestad
2	2	igor

--b6675be--2016-05-02--Lars Wander
--86324c5--2016-05-01--Gard Rimestad
68	34	igor

--52d2285--2016-04-29--Gard Rimestad
0	2	igor
44	39	igor
1	4	igor

--6a5f55e--2016-04-28--Matt Duftler
4	4	igor
2	0	igor
2	0	igor

--34b73ac--2016-04-28--Gard Rimestad
51	37	igor

--4d34d79--2016-04-27--Tomás Lin
--6f69c1e--2016-04-27--Gard Rimestad
4	1	igor
9	1	igor
3	0	igor
8	0	igor

--bd985fc--2016-04-26--Lars Wander
--98b298a--2016-04-22--Gard Rimestad
2	4	igor
36	12	igor
3	1	igor
17	0	igor
47	5	igor
15	2	igor
101	0	igor
82	0	igor
67	0	igor

--d568bae--2016-04-20--Lars Wander
--e895b16--2016-04-16--Gard Rimestad
48	40	igor
7	3	igor
86	0	igor
10	1	igor
35	0	igor
38	0	igor
29	0	igor
5	2	igor
33	3	igor
80	0	igor
1	1	igor

--cc114b8--2016-04-19--Tomás Lin
--3d7600d--2016-04-19--Gard Rimestad
5	1	igor
5	0	igor

--6b2d831--2016-04-15--Adam Jordens
--3e5391e--2016-04-15--Gard Rimestad
2	2	igor
1	1	igor
4	6	igor
1	1	igor
17	17	igor
19	0	igor

--ba342b4--2016-04-15--Lars Wander
--a135341--2016-04-15--Gard Rimestad
2	2	igor
6	15	igor
18	2	igor
31	0	igor
7	0	igor
16	0	igor
10	1	igor
7	1	igor
3	0	igor
43	0	igor
12	1	igor
7	3	igor

--46f2464--2016-04-14--Greg Turnquist
2	1	igor

--6514c44--2016-04-14--Gard Rimestad
20	0	igor

--8e5060a--2016-04-13--Matt Duftler
--6578090--2016-04-13--Gard Rimestad
0	231	igor
231	0	igor
0	86	igor
0	244	igor
86	0	igor
244	0	igor

--b145fc4--2016-04-12--Matt Duftler
--17ae19c--2016-03-24--Gard Rimestad
2	1	igor
9	0	igor
102	0	igor
279	0	igor
135	0	igor
29	0	igor
38	0	igor
36	0	igor
26	0	igor
27	0	igor
9	0	igor
11	3	igor
101	0	igor
46	0	igor
25	0	igor
25	0	igor
0	269	igor
7	5	igor
0	124	igor
1	5	igor
8	1	igor
22	0	igor
28	0	igor
24	0	igor
203	0	igor
82	0	igor
23	0	igor
38	0	igor
40	0	igor
34	0	igor
36	0	igor
32	0	igor
47	0	igor
35	0	igor
36	0	igor
32	0	igor
51	0	igor
32	0	igor
45	0	igor
50	0	igor
186	0	igor
173	0	igor
219	0	igor
222	0	igor
0	202	igor
11	2	igor
2	2	igor
0	220	igor
0	1	igor
236	0	igor
56	0	igor
41	0	igor
39	0	igor
58	0	igor

--e6b524e--2016-03-21--Rob Fletcher
--955c222--2016-03-17--Tony Zhang
5	2	igor

--8a93e3e--2016-03-15--Tony Zhang
30	0	igor
7	0	igor
8	0	igor

--8c78c70--2016-03-14--Tomás Lin
--4fa2df2--2016-03-14--Tomás Lin
0	13	igor

--3d9f518--2016-03-11--Tomás Lin
--7086463--2016-03-11--Lars Wander
1	0	igor

--83a12aa--2016-03-10--Eric Wiseblatt
--3970c92--2016-03-07--peterpd
2	0	igor

--f87bb8d--2016-03-09--Lars Wander
--436c68c--2016-03-09--Lars Wander
10	9	igor

--01eb30b--2016-03-09--Tomás Lin
--34a875b--2016-03-09--Lars Wander
1	0	igor

--f0b5868--2016-03-08--Lars Wander
--d3abc27--2016-03-08--Lars Wander
1	1	igor

--2dbc8b3--2016-03-07--Lars Wander
--ef411fc--2016-03-05--Lars Wander
6	7	igor
6	17	igor
2	2	igor
0	14	igor
14	0	igor
32	0	igor
20	0	igor
5	5	igor
11	11	igor

--347e91f--2016-03-04--Lars Wander
--bd94bbd--2016-03-02--Lars Wander
4	0	igor
62	0	igor
2	0	igor
162	0	igor
94	0	igor
22	0	igor
42	0	igor
33	0	igor
25	0	igor
0	52	igor
73	0	igor
2	0	igor
20	3	igor
3	0	igor
35	0	igor

--6393f05--2016-02-05--Tomás Lin
--3a6b6ac--2016-02-05--tomaslin
1	0	igor
12	3	igor

--8304f31--2016-01-30--Adam Jordens
--bc89676--2016-01-26--Sean Korten
1	0	igor

--2e2b776--2016-01-13--Tomás Lin
--e81b8a5--2016-01-13--Adam Jordens
13	6	igor

--cf3ad5a--2016-01-12--Tomás Lin
--e4a3fe0--2016-01-12--AMeng
0	79	igor
0	51	igor

--cc17628--2016-01-12--Tomás Lin
--71be68d--2016-01-12--chrisb
62	35	igor
7	0	igor
19	1	igor
49	0	igor

--b05c5c8--2016-01-07--Tomás Lin
--2cfed64--2016-01-04--chrisb
37	4	igor

--cc0125a--2015-12-23--Tomás Lin
--fb3093d--2015-12-21--AMeng
73	0	igor
53	0	igor

--d7e5318--2015-12-17--AMeng
20	11	igor
25	3	igor
16	11	igor
4	0	igor
34	10	igor
3	0	igor
115	20	igor
33	7	igor
10	10	igor
151	0	igor

--da333d1--2015-12-08--Tomás Lin
--a210ef6--2015-12-08--tomaslin
1	1	igor

--39f9285--2015-12-08--tomaslin
2	9	igor

--c58694b--2015-12-08--tomaslin
4	16	igor

--5c7c53f--2015-12-07--Rob Fletcher
--8a43765--2015-12-07--Rob Fletcher
3	3	igor

--b3acc0c--2015-12-03--Tomás Lin
--d00b2d2--2015-12-03--Tomás Lin
1	1	igor

--fc47436--2015-12-02--Tomás Lin
--6eb782f--2015-12-02--Greg Turnquist
18	5	igor

--d99a1df--2015-11-30--Adam Jordens
--bb01611--2015-11-30--Adam Jordens
16	0	igor
2	2	igor

--921b0f3--2015-11-30--Adam Jordens
4	0	igor

--34f4964--2015-11-30--Adam Jordens
--bf8b600--2015-11-30--Adam Jordens
5	0	igor
2	0	igor

--88e03ed--2015-11-30--Adam Jordens
--c974173--2015-11-30--Adam Jordens
8	9	igor
6	6	igor
10	12	igor
7	7	igor
18	19	igor
4	5	igor

--354f27d--2015-11-30--Adam Jordens
--89082eb--2015-11-30--Adam Jordens
2	2	igor
2	1	igor
36	3	igor
7	6	igor
3	1	igor
125	0	igor

--0a3aa17--2015-11-28--Adam Jordens
--d44caf1--2015-11-28--Cameron Fieber
1	1	igor
1	1	igor

--32c5eed--2015-11-24--Tomás Lin
--85d8363--2015-11-24--tomaslin
27	11	igor
139	0	igor

--0f22438--2015-11-24--Cameron Fieber
--aa2bae5--2015-11-24--Cameron Fieber
1	1	igor

--05b5d9b--2015-11-24--Cameron Fieber
--81742ed--2015-11-24--Cameron Fieber
2	1	igor
5	0	igor
2	2	igor
4	0	igor

--97b57c2--2015-11-23--Cameron Fieber
--66d66ef--2015-11-23--Cameron Fieber
5	1	igor

--26829bd--2015-11-21--Cameron Fieber
--0786bd2--2015-11-21--Cameron Fieber
2	0	igor

--46b05c7--2015-11-20--Cameron Fieber
16	0	igor
24	0	igor
17	0	igor

--70e5c1f--2015-11-17--Cameron Fieber
--01ecdc8--2015-11-17--Matt Duftler
1	1	igor

--8edb2de--2015-11-17--Matt Duftler
--039ee66--2015-11-17--Tom Beadman
--3dc1344--2015-11-17--David Peterka
1	1	igor

--747c4fb--2015-11-17--Tom Beadman
1	1	igor

--a173602--2015-11-17--Cameron Fieber
--73bfc9d--2015-11-17--Cameron Fieber
15	8	igor

--78421f8--2015-11-15--Cameron Fieber
1	1	igor

--efedc9b--2015-11-15--Tomás Lin
1	1	igor

--4e7849c--2015-11-15--Tomás Lin
2	0	igor

--afce19a--2015-11-15--Tomás Lin
1	1	igor

--f0e0129--2015-11-15--Tomás Lin
1	1	igor

--62dd99d--2015-11-15--Tomás Lin
1	1	igor

--6df0b46--2015-11-15--Tomás Lin
45	0	igor

--6765414--2015-11-15--Cameron Fieber
1	1	igor

--1530a62--2015-11-15--Matt Duftler
--dd95d8e--2015-11-15--David Stenglein
1	2	igor

--ae71ea5--2015-11-14--Eric Wiseblatt
--7a4f8ad--2015-11-14--David Peterka
1	1	igor

--bb5ca61--2015-11-14--Matt Duftler
--df68f13--2015-11-14--David Peterka
2	1	igor

--e06d908--2015-11-14--Cameron Fieber
2	6	igor

--4330bcc--2015-11-13--Cameron Fieber
--c83a5d6--2015-11-13--David Peterka
11	0	igor
8	0	igor
21	1	igor
14	0	igor
3	0	igor

--0036682--2015-11-13--Tomás Lin
2	11	igor

--bd16c39--2015-11-13--Cameron Fieber
9	1	igor

--a35fa9f--2015-11-12--Cameron Fieber
6	6	igor
0	17	igor
-	-	gradle/wrapper/gradle-wrapper.jar
2	2	igor
3	7	igor
2	28	igor

--9ee5673--2015-11-09--Tomas Lin
--ec9699a--2015-11-09--tomaslin
15	8	igor

--072f32b--2015-10-27--Cameron Fieber
--94fdbd3--2015-10-27--Cameron Fieber
7	6	igor

--87a8771--2015-10-27--Cameron Fieber
7	3	igor

--1d210f5--2015-10-27--tomaslin
--66a3035--2015-10-27--tomaslin
8	4	igor

--219e139--2015-10-27--Greg Turnquist
2	14	igor

--9db5ebb--2015-10-21--Cameron Fieber
--2bffbce--2015-10-20--Eric Wiseblatt
8	0	igor

--6d90f9e--2015-10-13--Bob T Builder
1	1	igor

--35d4e40--2015-10-13--Adam Jordens
1	1	igor

--e477e97--2015-10-13--Bob T Builder
1	1	igor

--fbd0151--2015-10-12--Adam Jordens
0	1	igor
0	24	igor
25	6	igor

--c133e8c--2015-09-16--Bob T Builder
1	1	igor

--8c7a94b--2015-09-16--Tomas Lin
--65ca9eb--2015-09-16--tomaslin
0	21	igor
2	5	igor
0	2	igor

--b121d95--2015-09-11--Bob T Builder
1	1	igor

--30417fb--2015-09-10--tomaslin
--492092a--2015-09-10--tomaslin
1	1	igor

--2c00718--2015-09-10--Bob T Builder
1	1	igor

--27c3187--2015-09-10--tomaslin
11	7	igor

--8f5455a--2015-09-10--Bob T Builder
1	1	igor

--2649b28--2015-09-10--Adam Jordens
--6e7e3e2--2015-09-10--Adam Jordens
7	1	igor

--df657aa--2015-09-10--Adam Jordens
2	2	igor
3	2	igor

--788cfeb--2015-09-03--Bob T Builder
1	1	igor

--11a4486--2015-09-03--tomaslin
17	2	igor

--99d1cfc--2015-09-03--tomaslin
1	1	igor

--b0762c5--2015-09-03--Tomas Lin
--e86e9ce--2015-09-03--tomaslin
21	0	igor
5	2	igor
2	0	igor

--9a00608--2015-08-31--Tomas Lin
1	1	igor

--9be6be6--2015-08-31--Tomas Lin
1	0	igor

--35d40c9--2015-08-26--Cameron Fieber
--0a2a7ca--2015-08-26--Steven Kim
10	0	igor

--109116d--2015-08-14--Bob T Builder
1	1	igor

--b497b48--2015-08-14--Tomas Lin
2	2	igor

--6d12c1f--2015-08-14--Tomas Lin
--ee4c178--2015-08-14--Bob T Builder
1	1	igor

--59fa359--2015-08-10--Bob T Builder
1	1	igor

--4b7191b--2015-08-09--tomaslin
11	0	igor

--424f5c3--2015-08-06--Bob T Builder
1	1	igor

--49ce562--2015-08-06--tomaslin
74	0	igor
43	0	igor
78	0	igor
41	0	igor
72	0	igor
51	0	igor
65	0	igor
35	0	igor
66	0	igor
22	0	igor
26	0	igor
29	0	igor
25	0	igor
24	0	igor
61	0	igor
35	0	igor
72	0	igor
27	0	igor
30	0	igor
29	0	igor
25	0	igor
50	0	igor
118	0	igor
335	0	igor
111	0	igor
115	0	igor

--5f5c880--2015-08-05--Bob T Builder
1	1	igor

--5d3a442--2015-08-05--Adam Jordens
3	2	igor
1	1	igor

--df06bdd--2015-08-04--Bob T Builder
1	1	igor

--30695d5--2015-08-04--Tomas Lin
--e611a9f--2015-08-04--tomaslin
3	3	igor
1	1	igor

--c580383--2015-08-04--Bob T Builder
1	1	igor

--3801a25--2015-08-04--Tomas Lin
1	1	igor

--6d9ce9c--2015-08-04--Bob T Builder
1	1	igor

--04de7a7--2015-08-04--Tomas Lin
--372f8d3--2015-08-04--tomaslin
1	1	igor
1	1	igor

--9b2ec70--2015-07-29--Tomas Lin
2	0	igor

--8f88417--2015-07-28--Bob T Builder
1	1	igor

--eb7267b--2015-07-28--Tomas Lin
--6babc5e--2015-07-28--Tomas Lin
1	1	igor
1	1	igor
52	0	igor
3	1	igor

--fd90409--2015-07-03--Cameron Fieber
--bcf51b9--2015-06-26--duftler
2	0	igor

--51a7405--2015-05-27--Bob T Builder
1	1	igor

--b7f3d3b--2015-05-27--Adam Jordens
2	2	igor

--a927f68--2015-05-11--Bob T Builder
1	1	igor

--718e542--2015-05-11--Tomas Lin
--8a42c4c--2015-05-08--Tomas Lin
40	82	igor
7	21	igor

--b5aeca2--2015-04-30--Bob T Builder
1	1	igor

--7fddd7b--2015-04-30--Tomas Lin
--127fe77--2015-04-30--Tomas Lin
8	4	igor

--608ddf9--2015-04-30--Bob T Builder
1	1	igor

--f523104--2015-04-30--Tomas Lin
1	0	igor
11	4	igor

--48d0b4f--2015-04-30--Tomas Lin
0	23	igor
0	33	igor

--10ea513--2015-04-22--Bob T Builder
1	1	igor

--2df0a14--2015-04-22--Tomas Lin
--20c227a--2015-04-22--Tomas Lin
2	2	igor
3	0	igor

--66093a9--2015-04-22--Bob T Builder
1	1	igor

--f8d2877--2015-04-17--Bob T Builder
1	1	igor

--9528ce0--2015-04-17--Tomas Lin
--aa8b948--2015-04-17--Tomas Lin
6	5	igor
2	2	igor

--58126de--2015-04-02--Bob T Builder
1	1	igor

--4079b39--2015-04-02--Tomas Lin
3	4	igor

--8c698dd--2015-03-31--Bob T Builder
1	1	igor

--d677ae3--2015-03-31--Tomas Lin
1	1	igor

--394e4da--2015-03-31--Bob T Builder
1	1	igor

--5d7a26e--2015-03-30--Adam Jordens
12	95	igor
0	16	igor
16	0	igor
100	0	igor
62	0	igor
53	0	igor
63	0	igor
36	0	igor
81	0	igor
49	0	igor
56	0	igor
13	0	igor
11	0	igor
14	0	igor
199	0	igor
187	0	igor
88	0	igor
98	0	igor
79	0	igor
26	0	igor
59	0	igor
36	0	igor
36	0	igor
30	0	igor
33	0	igor
33	0	igor
29	0	igor
37	0	igor
33	0	igor
10	0	igor
43	0	igor
39	0	igor
29	0	igor
17	0	igor
53	0	igor
10	0	igor
103	0	igor
77	0	igor
106	0	igor
175	0	igor
160	0	igor
315	0	igor
39	0	igor
30	1	igor
0	54	igor
0	63	igor
0	36	igor
0	81	igor
0	49	igor
0	56	igor
0	13	igor
0	11	igor
0	14	igor
0	199	igor
0	187	igor
0	88	igor
0	98	igor
0	79	igor
0	26	igor
0	59	igor
0	36	igor
0	36	igor
0	30	igor
0	33	igor
0	10	igor
0	43	igor
0	39	igor
0	29	igor
0	33	igor
0	33	igor
0	29	igor
0	17	igor
0	53	igor
0	37	igor
0	10	igor
0	62	igor
0	103	igor
0	77	igor
0	106	igor
0	175	igor
0	160	igor
0	315	igor
0	39	igor

--f037ed2--2015-03-24--Bob T Builder
1	1	igor

--48ef8ef--2015-03-20--Bob T Builder
1	1	igor

--f1a2b59--2015-03-20--Tomas Lin
1	1	igor
4	0	igor
39	0	igor
1	1	igor

--d18e827--2015-03-20--Bob T Builder
1	1	igor

--627c76f--2015-03-20--Tomas Lin
1	1	igor

--5641873--2015-03-18--Bob T Builder
1	1	igor

--b52a226--2015-03-18--Bob T Builder
1	1	igor

--6072691--2015-03-18--Tomas Lin
1	1	igor
3	1	igor

--5bbba03--2015-03-17--Bob T Builder
1	1	igor

--df48787--2015-03-17--Tomas Lin
1	1	igor

--5ad4713--2015-03-17--Tomas Lin
33	16	igor
8	6	igor
4	3	igor
33	0	igor

--0d880e0--2015-03-17--Bob T Builder
1	1	igor

--e82b9a4--2015-03-17--Tomas Lin
17	4	igor
5	0	igor
51	0	igor

--94f1afd--2015-03-12--Bob T Builder
1	1	igor

--77a8089--2015-03-12--Tomas Lin
1	1	igor
5	1	igor

--78c2b76--2015-03-10--Bob T Builder
1	1	igor

--d494951--2015-03-05--Bob T Builder
1	1	igor

--b8bcda6--2015-03-05--Tomas Lin
--84e8f4c--2015-03-04--Daniel Zapata
5	2	igor
1	1	igor
103	0	igor
2	2	igor

--7eca82b--2015-03-03--Bob T Builder
1	1	igor

--98132d5--2015-03-03--Tomas Lin
--5256640--2015-03-03--Daniel Zapata
--c2d404d--2015-03-03--Daniel Zapata
13	22	igor

--8c069b8--2015-03-03--Bob T Builder
1	1	igor

--5de76a2--2015-03-03--Tomas Lin
18	0	igor
6	0	igor

--d73f6b2--2015-03-03--Daniel Zapata
1	0	igor
34	3	igor
5	1	igor
23	0	igor

--4439be0--2015-03-02--Bob T Builder
1	1	igor

--4a78129--2015-02-20--Tomas Lin
--45f60e3--2015-02-19--Daniel Zapata
7	0	igor
70	0	igor

--085abc7--2015-02-18--Daniel Zapata
1	1	igor

--b2fea1f--2015-02-18--Daniel Zapata
4	0	igor
10	0	igor
43	0	igor
29	0	igor
17	0	igor
10	0	igor
73	0	igor

--41af00a--2015-02-10--Bob T Builder
1	1	igor

--ed1494c--2015-02-10--Adam Jordens
--44051dc--2015-02-10--Adam Jordens
16	4	igor

--1a79c89--2015-02-02--Bob T Builder
1	1	igor

--e9529d6--2015-02-02--Tomas Lin
1	1	igor

--43e8ebd--2015-02-02--Bob T Builder
1	1	igor

--3f5b999--2015-02-02--Tomas Lin
--6c8782c--2015-01-30--Daniel Zapata
7	12	igor
3	3	igor
7	7	igor
17	17	igor

--16582a7--2015-01-28--Bob T Builder
1	1	igor

--ff6a8a2--2015-01-27--Tomas Lin
10	6	igor

--03c00de--2015-01-26--Bob T Builder
1	1	igor

--b2248de--2015-01-26--Tomas Lin
1	0	igor

--b98736a--2015-01-26--Bob T Builder
1	1	igor

--c4d029e--2015-01-26--Tomas Lin
28	9	igor

--e07f3c7--2015-01-23--Bob T Builder
1	1	igor

--c8c928c--2015-01-23--Tomas Lin
--7bc629f--2015-01-22--Daniel Zapata
11	0	igor
1	1	igor
36	0	igor

--7d35427--2015-01-22--Daniel Zapata
1	1	igor
2	0	igor
8	2	igor

--b9afae0--2015-01-22--Tomas Lin
2	2	igor
7	4	igor

--3522830--2015-01-21--Daniel Zapata
0	1	igor
1	1	igor
1	18	igor
0	9	igor
0	4	igor

--01597d1--2015-01-21--Daniel Zapata
0	1	igor
19	14	igor
2	6	igor
33	5	igor
0	32	igor
8	2	igor
2	2	igor
35	0	igor
10	9	igor
75	16	igor

--cfa6431--2015-01-20--Daniel Zapata
1	1	igor

--e209c36--2015-01-20--Daniel Zapata
0	2	igor

--dd11ec9--2015-01-20--Daniel Zapata
5	6	igor

--ca2774c--2015-01-20--Daniel Zapata
1	0	igor
4	1	igor
2	0	igor
4	0	igor
1	1	igor
7	2	igor
32	0	igor
1	0	igor
19	0	igor

--098214c--2015-01-19--Bob T Builder
1	1	igor

--495c8d1--2015-01-19--Tomas Lin
1	1	igor

--e77c269--2015-01-16--Bob T Builder
1	1	igor

--b533820--2015-01-16--Daniel Woods
8	0	igor
1	0	igor

--40d8b72--2015-01-16--Daniel Woods
0	1	igor

--4595b24--2015-01-16--Bob T Builder
1	1	igor

--33d64fb--2015-01-16--Bob T Builder
1	1	igor

--dda71b7--2015-01-15--Daniel Woods
80	71	igor
0	55	igor
16	0	igor
-	-	gradle/wrapper/gradle-wrapper.jar
2	18	igor
90	0	igor
1	18	igor
0	50	igor
0	44	igor
2	0	igor
63	0	igor
25	31	igor
0	58	igor
106	0	igor
1	1	igor
8	0	igor
4	1	igor
29	0	igor
62	0	igor
0	18	igor
2	2	igor

--92d9d79--2015-01-09--Bob T Builder
1	1	igor

--d8fd275--2015-01-09--Bob T Builder
1	1	igor

--c8f313d--2015-01-07--Bob T Builder
1	1	igor

--9c0bec5--2015-01-07--Bob T Builder
1	1	igor

--b208e13--2014-12-18--Bob T Builder
1	1	igor

--76030b8--2014-12-18--Bob T Builder
1	1	igor

--5157d0a--2014-12-12--Bob T Builder
1	1	igor

--c252ae6--2014-12-12--Bob T Builder
1	1	igor

--9c1454f--2014-12-12--Adam Jordens
2	2	igor

--7713c01--2014-11-05--Bob T Builder
1	1	igor

--9f3e468--2014-11-05--Bob T Builder
1	1	igor

--6281e22--2014-11-05--Tomas Lin
48	41	igor

--066f7fc--2014-10-14--Bob T Builder
1	1	igor

--0779086--2014-10-14--Bob T Builder
1	1	igor

--7c473e1--2014-10-14--Tomas Lin
1	3	igor
36	0	igor
27	11	igor
1	1	igor
11	5	igor
0	2	igor
39	0	igor

--8a01b87--2014-10-07--Bob T Builder
1	1	igor

--c9805e1--2014-10-07--Bob T Builder
1	1	igor

--f95a8b9--2014-10-07--Bob T Builder
1	1	igor

--666f7f1--2014-10-07--Bob T Builder
1	1	igor

--5879477--2014-10-06--Bob T Builder
1	1	igor

--e314e05--2014-10-06--Bob T Builder
1	1	igor

--8cd5846--2014-10-06--Tomas Lin
2	1	igor

--d791ed7--2014-10-06--Tomas Lin
0	3	igor

--d938ef2--2014-10-06--Tomas Lin
10	6	igor
24	7	igor

--61c34ca--2014-10-06--Tomas Lin
9	0	igor
9	0	igor
201	0	igor
0	0	igor
112	0	igor
55	0	igor
17	0	igor
-	-	gradle/wrapper/gradle-wrapper.jar
22	0	igor
164	0	igor
18	0	igor
50	0	igor
44	0	igor
52	0	igor
88	0	igor
49	0	igor
58	0	igor
56	0	igor
13	0	igor
11	0	igor
14	0	igor
143	0	igor
80	0	igor
77	0	igor
46	0	igor
26	0	igor
44	0	igor
31	0	igor
36	0	igor
30	0	igor
35	0	igor
33	0	igor
21	0	igor
77	0	igor
105	0	igor
101	0	igor
137	0	igor
103	0	igor
