
--5613331--2023-02-21--Sandesh
0	1	kayenta

--4834853--2023-01-31--Jason
8	11	kayenta
8	12	kayenta
11	13	kayenta
18	13	kayenta
8	3	kayenta
10	11	kayenta
8	12	kayenta
8	12	kayenta
8	12	kayenta
8	12	kayenta
10	10	kayenta
8	12	kayenta
2	23	kayenta
26	12	kayenta
3	3	kayenta
4	4	kayenta
2	3	kayenta
0	40	kayenta
0	49	kayenta
2	3	kayenta
2	2	kayenta
7	7	kayenta
8	7	kayenta
10	12	kayenta

--7925c89--2023-01-24--Sandesh
1	1	kayenta
1	1	kayenta
1	1	kayenta

--eaaadcb--2023-01-23--Sandesh
1	0	kayenta
7	17	kayenta

--65c8373--2022-12-08--Sandesh
0	7	kayenta

--4067746--2022-11-18--Sergio Quintero
1	1	kayenta
3	3	kayenta
2	0	kayenta
5	0	kayenta
78	0	kayenta
12	12	kayenta

--033fd9d--2022-11-01--Jason
1	1	kayenta

--5fe1b45--2022-11-01--Jason
1	1	kayenta

--a3c9ae7--2022-10-11--Ivaness Chiong
26	0	kayenta
16	3	kayenta
2	1	kayenta
27	5	kayenta
90	22	kayenta
39	6	kayenta
67	7	kayenta

--45e042c--2022-09-12--Sandesh
4	0	kayenta
3	0	kayenta

--ce7bd43--2022-08-30--David Byron
1	1	kayenta

--f12b23f--2022-08-25--David Byron
9	9	kayenta

--3b8d61e--2022-08-14--Marcin Flis
8	2	kayenta
8	2	kayenta
8	2	kayenta

--c78d7fd--2022-08-02--Cameron Motevasselani
1	1	kayenta
1	1	kayenta
1	1	kayenta

--69c3e7b--2022-07-20--David Byron
2	0	kayenta

--56dd241--2022-07-20--Patrik Greco
5	5	kayenta
9	9	kayenta
5	5	kayenta

--b426ea2--2022-04-27--kskewes-sf
2	16	kayenta

--94f85ce--2022-04-27--kskewes-sf
15	9	kayenta

--5d6c89a--2022-04-21--kskewes-sf
16	0	kayenta

--89b2659--2022-04-01--David Byron
1	1	kayenta

--4d8f10a--2022-03-22--kskewes-sf
48	11	kayenta
48	39	kayenta
56	16	kayenta

--1f17161--2022-03-18--kskewes-sf
3	1	kayenta
5	1	kayenta
2	1	kayenta

--70be940--2022-03-17--kskewes-sf
43	4	kayenta
38	19	kayenta
51	8	kayenta

--f9b4da7--2022-02-23--kskewes-sf
3	7	kayenta
9	23	kayenta
3	7	kayenta

--8a7ad71--2022-02-15--Edgar Garcia
1	1	kayenta

--6059428--2022-02-15--edgarulg
1	1	kayenta

--f249e1f--2022-01-19--Cameron Motevasselani
15	10	kayenta

--f089465--2021-12-07--Edgar Garcia
14	7	kayenta
2	1	kayenta
1	1	kayenta
5	5	kayenta
1	1	kayenta
1	1	kayenta
3	2	kayenta
5	5	kayenta
1	1	kayenta
4	4	kayenta

--ee7bf69--2021-12-07--edgarulg
14	7	kayenta
2	1	kayenta
1	1	kayenta
5	5	kayenta
1	1	kayenta
1	1	kayenta
3	2	kayenta
5	5	kayenta
1	1	kayenta
4	4	kayenta

--e60bbf5--2021-12-02--David Byron
0	5	kayenta
1	1	kayenta
1	1	kayenta

--ecfd476--2021-12-01--David Byron
1	1	kayenta
1	1	kayenta

--8484bc0--2021-12-01--Pere
1	1	kayenta

--0e5406e--2021-05-21--Cameron Fieber
1	2	kayenta
0	1	kayenta
0	32	kayenta
0	3	kayenta
68	0	kayenta
0	61	kayenta
0	2	kayenta

--f4e93a6--2021-05-20--Matt Duftler
45	2	kayenta
19	4	kayenta
0	2	kayenta
24	0	kayenta

--334d92e--2021-05-19--Chris Berry
1	1	kayenta

--c41da20--2021-05-13--Frank Yi
7	2	kayenta
94	0	kayenta

--7a7acb0--2021-03-19--Justin Field
0	9	kayenta
3	6	kayenta
1	11	kayenta
6	8	kayenta

--1ce38a3--2021-03-19--Justin Field
--9969cf6--2021-03-19--Justin Field
--6cb5109--2021-03-20--Daniel Peach
5	5	kayenta
1	1	kayenta
1	1	kayenta
5	5	kayenta
1	1	kayenta
1	1	kayenta
5	5	kayenta
1	1	kayenta
4	4	kayenta

--3933b96--2021-03-19--Justin Field
--5774032--2021-03-19--Daniel Peach
7	4	kayenta
5	2	kayenta

--0f2bb9d--2021-03-19--Justin Field
0	9	kayenta
3	6	kayenta
1	11	kayenta
6	8	kayenta

--698c3fe--2021-03-18--Justin Field
9	0	kayenta
6	1	kayenta
11	1	kayenta
11	5	kayenta

--f1b8166--2021-03-18--Justin Field
9	0	kayenta
6	1	kayenta
11	1	kayenta
11	5	kayenta

--c5fb27c--2021-03-12--Justin Field
2	0	kayenta

--958ffc3--2021-03-12--Justin Field
--5fa05c0--2021-03-12--Justin Field
20	1	kayenta
19	3	kayenta
2	1	kayenta

--e75a41a--2021-03-12--Justin Field
2	0	kayenta

--eb91822--2021-03-11--Daniel Gempesaw
1	1	kayenta

--1a34e2a--2021-03-11--Justin Field
3	2	kayenta

--7987713--2021-02-09--Justin Field
3	2	kayenta

--7fd1ded--2021-01-29--Cameron Fieber
1	1	kayenta

--a875372--2021-01-19--Adam Jordens
1	1	kayenta

--a778aa9--2021-01-19--Emmanouil Katefidis
1	1	kayenta

--ec456dc--2021-01-14--Justin Field
1	0	kayenta
0	16	kayenta

--baa471e--2021-01-14--Justin Field
4	2	kayenta
1	1	kayenta
30	3	kayenta
2	0	kayenta

--bf6c47e--2020-12-20--Justin Field
64	0	kayenta
30	1	kayenta
8	0	kayenta
4	2	kayenta
23	0	kayenta

--b559be3--2020-12-20--Justin Field
64	0	kayenta
30	1	kayenta
2	2	kayenta
4	2	kayenta
23	0	kayenta

--e7fc9cb--2020-12-18--AbdulRahman AlHamali
1	1	kayenta

--b66d60b--2020-12-17--AbdulRahman AlHamali
8	0	kayenta
1	1	kayenta

--6b387f3--2020-12-07--Ivan
34	5	kayenta
3	1	kayenta
3	0	kayenta
2	0	kayenta
4	0	kayenta

--410bde5--2020-12-04--Anastasiia Smirnova
20	2	kayenta
2	0	kayenta
1	1	kayenta
4	4	kayenta
3	0	kayenta
30	2	kayenta
27	0	kayenta
59	0	kayenta
2	0	kayenta
2	1	kayenta
1	1	kayenta

--d87366d--2020-12-02--Rebecca Dong
1	1	kayenta
1	1	kayenta
2	2	kayenta
1	12	kayenta

--7345b5a--2020-11-30--Ivan
3	0	kayenta

--cf34c46--2020-11-10--Cameron Fieber
1	1	kayenta

--4fd59a5--2020-11-05--Ivan
70	3	kayenta

--90f5b10--2020-11-04--Sam Park
5	3	kayenta

--30ed2aa--2020-11-04--Eric Irwin
27	3	kayenta
93	0	kayenta

--b7859b3--2020-11-04--Karlo Mendoza
1	1	kayenta

--71b1115--2020-10-09--Cameron Fieber
7	0	kayenta
0	1	kayenta
5	5	kayenta
5	5	kayenta

--f7b469d--2020-10-09--Cameron Fieber
0	1	kayenta
1	1	kayenta

--f370de5--2020-10-08--Michael Plump
1	1	kayenta

--9accf70--2020-10-07--Cameron Fieber
1	6	kayenta
1	6	kayenta
1	6	kayenta
1	4	kayenta
1	0	kayenta
2	2	kayenta
1	1	kayenta
1	1	kayenta
3	3	kayenta

--f179613--2020-09-16--Anastasiia Smirnova
2	0	kayenta
2	0	kayenta
2	0	kayenta
48	0	kayenta
19	8	kayenta
36	0	kayenta
65	0	kayenta
97	0	kayenta
1	0	kayenta
4	0	kayenta
81	0	kayenta
99	0	kayenta
148	0	kayenta
192	0	kayenta
11	0	kayenta
1	0	kayenta
245	0	kayenta
245	0	kayenta

--f720950--2020-09-16--Anastasiia Smirnova
26	32	kayenta

--7a8630b--2020-08-31--Ethan Hall
1	0	kayenta

--8188264--2020-08-27--Cameron Fieber
1	1	kayenta

--8f20ce0--2020-08-26--Chris Berry
2	0	kayenta

--0d1d754--2020-08-18--dwest-netflix
9	5	kayenta
35	18	kayenta

--cadcbca--2020-08-18--Cameron Fieber
-	-	gradle/wrapper/gradle-wrapper.jar
1	1	kayenta
1	1	kayenta
3	18	kayenta

--f50551d--2020-08-14--Michael Plump
1	1	kayenta
0	8	kayenta
4	3	kayenta
3	3	kayenta
0	8	kayenta

--f6bda1a--2020-08-14--KeisukeYamashita
1	1	kayenta

--fd73211--2020-08-13--Chris Berry
5	1	kayenta

--f2a3302--2020-07-31--dwest-netflix
4	0	kayenta
37	8	kayenta
34	0	kayenta

--44346d1--2020-07-30--dwest-netflix
6	1	kayenta

--ccb8263--2020-07-27--Michael Plump
1	1	kayenta
1	2	kayenta
19	17	kayenta
1	3	kayenta
3	1	kayenta

--cc2e426--2020-07-27--sullis
2	0	kayenta
2	0	kayenta
2	0	kayenta

--a4f710d--2020-07-22--Justin Field
3	3	kayenta
10	0	kayenta

--b68a5ac--2020-07-21--nisanharamati
24	6	kayenta
27	0	kayenta
5	1	kayenta
2	3	kayenta
64	0	kayenta
5	0	kayenta

--71244ea--2020-07-13--Justin Field
1	1	kayenta
10	9	kayenta
6	5	kayenta

--9cfc5dd--2020-07-10--Chris Sanden
8	6	kayenta
33	18	kayenta
36	1	kayenta
117	0	kayenta
77	0	kayenta

--39ca89d--2020-07-06--Cameron Fieber
1	1	kayenta

--2390fa1--2020-07-01--John Pease
2	1	kayenta
3	0	kayenta

--e158d2a--2020-06-25--Glauco Vinicius
1	1	kayenta

--66ba4b9--2020-06-24--Cameron Fieber
1	1	kayenta
1	1	kayenta
2	0	kayenta

--3daf184--2020-06-24--Anastasiia Smirnova
12	7	kayenta
0	142	kayenta

--235bcb2--2020-06-24--Anastasiia Smirnova
5	0	kayenta

--c2d7251--2020-06-24--Anastasiia Smirnova
0	38	kayenta
0	142	kayenta
0	120	kayenta
0	33	kayenta
0	73	kayenta
0	136	kayenta
0	128	kayenta
0	52	kayenta
0	7	kayenta
3	3	kayenta
4	4	kayenta
1	1	kayenta
4	4	kayenta
38	0	kayenta
142	0	kayenta
120	0	kayenta
33	0	kayenta
73	0	kayenta
136	0	kayenta
128	0	kayenta
52	0	kayenta
1	1	kayenta
1	1	kayenta
2	2	kayenta
1	1	kayenta
3	3	kayenta
6	6	kayenta
33	0	kayenta
2	2	kayenta

--2d0a603--2020-06-09--Anastasiia Smirnova
32	23	kayenta
28	0	kayenta

--e265094--2020-06-08--Anastasiia Smirnova
9	0	kayenta
91	0	kayenta
23	68	kayenta
2	0	kayenta

--ea3db78--2020-05-21--Cameron Fieber
1	1	kayenta

--3043a4f--2020-05-18--Maggie Neterval
7	0	kayenta
0	3	kayenta
3	1	kayenta
3	1	kayenta
3	1	kayenta
3	1	kayenta
1	1	kayenta

--896fff9--2020-05-14--Maggie Neterval
1	1	kayenta
1	1	kayenta

--13bea2f--2020-05-08--Justin Field
10	2	kayenta
3	0	kayenta
15	5	kayenta
5	4	kayenta
158	0	kayenta

--b0dd988--2020-05-07--Cameron Fieber
1	1	kayenta
-	-	gradle/wrapper/gradle-wrapper.jar
1	1	kayenta
17	20	kayenta
5	1	kayenta

--9247912--2020-04-29--Aurelio Agundez
17	6	kayenta

--e8737fa--2020-04-28--Igor Cherkaev
16	1	kayenta

--88279be--2020-04-29--Nastya Smirnova
1	1	kayenta

--b42df55--2020-04-28--Cameron Motevasselani
1	0	kayenta
2	0	kayenta

--7297845--2020-04-19--Cameron Fieber
4	6	kayenta
4	4	kayenta
7	12	kayenta
5	1	kayenta
7	25	kayenta
2	3	kayenta
1	1	kayenta
0	11	kayenta
3	2	kayenta
0	2	kayenta
0	2	kayenta
1	1	kayenta

--a62cfc9--2020-04-08--Michael Plump
1	1	kayenta

--150abb1--2020-04-08--Michael Plump
10	1	kayenta

--02df761--2020-04-07--Nastya Smirnova
7	2	kayenta
8	2	kayenta
137	0	kayenta
2	79	kayenta
218	0	kayenta
2	3	kayenta

--f5503f6--2020-04-02--Cameron Motevasselani
1	1	kayenta
4	4	kayenta
4	4	kayenta
25	21	kayenta
4	4	kayenta
5	5	kayenta
4	4	kayenta
5	5	kayenta
4	4	kayenta
5	5	kayenta
2	2	kayenta
1	1	kayenta
7	5	kayenta
7	6	kayenta
3	3	kayenta
2	2	kayenta
4	4	kayenta
9	9	kayenta
4	4	kayenta
4	4	kayenta
4	4	kayenta
4	4	kayenta
4	4	kayenta
4	4	kayenta
2	1	kayenta
4	4	kayenta
4	4	kayenta
12	26	kayenta
4	4	kayenta
4	4	kayenta
2	2	kayenta
1	1	kayenta
4	4	kayenta
4	4	kayenta
4	4	kayenta
4	4	kayenta
1	1	kayenta
5	5	kayenta
3	3	kayenta
7	7	kayenta
16	16	kayenta
17	15	kayenta
9	9	kayenta
14	13	kayenta
5	5	kayenta
9	8	kayenta
10	9	kayenta
4	4	kayenta
4	4	kayenta
1	1	kayenta
6	5	kayenta
7	7	kayenta

--35cab0f--2020-04-02--Michael Plump
1	1	kayenta

--52f8acc--2020-03-27--Michael Plump
2	0	kayenta

--bb1ce2e--2020-03-26--Michael Plump
6	1	kayenta
5	0	kayenta
7	2	kayenta
9	3	kayenta
1	1	kayenta

--99c62b4--2020-03-25--Eric Zimanyi
32	3	kayenta

--42b562d--2020-03-20--Chris Smalley
29	0	kayenta
2	8	kayenta
60	0	kayenta
31	0	kayenta
3	3	kayenta
0	16	kayenta
0	27	kayenta
0	19	kayenta
0	4	kayenta

--768f40b--2020-03-08--sullis
1	1	kayenta

--4fe4ea5--2020-03-08--Melana Hammel
3	0	kayenta
7	1	kayenta

--85f590d--2020-03-04--Justin Field
33	0	kayenta

--dc3a0cb--2020-03-03--Nastya Smirnova
6	14	kayenta

--4c65506--2020-03-02--Brandon Powell
1	1	kayenta
1	1	kayenta
1	1	kayenta
1	1	kayenta

--6af277e--2020-02-28--Brandon Powell
1	1	kayenta
1	1	kayenta
1	1	kayenta
1	1	kayenta
1	1	kayenta

--7199c52--2020-02-27--Chris Sanden
4	4	kayenta

--680aebf--2020-02-27--Michael Plump
7	0	kayenta

--db3f0e2--2020-02-27--Nastya Smirnova
1	2	kayenta

--3b87a82--2020-02-26--Brandon Powell
2	0	kayenta
1	0	kayenta
1	0	kayenta
1	0	kayenta
1	0	kayenta

--b943966--2020-02-26--Nastya Smirnova
6	7	kayenta
6	7	kayenta
4	9	kayenta
5	11	kayenta
6	2	kayenta
3	8	kayenta
3	11	kayenta
9	0	kayenta
4	22	kayenta
4	10	kayenta
23	0	kayenta
0	53	kayenta
1	0	kayenta
5	4	kayenta
9	0	kayenta
1	1	kayenta
2	3	kayenta
50	1	kayenta
62	0	kayenta
6	7	kayenta
1	3	kayenta
8	9	kayenta
6	7	kayenta
8	9	kayenta
6	7	kayenta
9	11	kayenta
2	2	kayenta
0	2	kayenta
0	32	kayenta
6	7	kayenta
8	9	kayenta
6	7	kayenta
1	3	kayenta
6	7	kayenta
8	9	kayenta
6	7	kayenta
1	3	kayenta
6	7	kayenta
16	21	kayenta
4	11	kayenta
6	5	kayenta
4	13	kayenta
6	7	kayenta
6	7	kayenta
20	51	kayenta
24	37	kayenta
15	29	kayenta
10	21	kayenta
16	37	kayenta
20	46	kayenta
5	11	kayenta
1	2	kayenta
37	3	kayenta
5	28	kayenta

--043a57c--2020-02-24--Michael Plump
5	6	kayenta
2	2	kayenta
2	2	kayenta
3	3	kayenta
3	3	kayenta

--63a4b73--2020-02-12--Rob Zienert
1	0	kayenta

--4f76380--2020-02-08--Nastya Smirnova
1	2	kayenta
1	1	kayenta
11	8	kayenta
3	3	kayenta
24	29	kayenta
1	2	kayenta
0	96	kayenta
74	0	kayenta
132	0	kayenta
40	0	kayenta
1	2	kayenta
1	2	kayenta
1	2	kayenta
1	3	kayenta
1	2	kayenta
1	2	kayenta
0	1	kayenta

--694acaa--2020-02-04--Nastya Smirnova
0	243	kayenta
244	0	kayenta

--441bdca--2020-02-04--Nastya Smirnova
14	2	kayenta
15	2	kayenta
19	2	kayenta
1	1	kayenta

--f1c3b03--2020-02-03--Travis Tomsu
7	2	kayenta

--485cbdd--2020-02-03--Nastya Smirnova
1	6	kayenta
4	28	kayenta
0	20	kayenta
7	1	kayenta
1	7	kayenta
2	2	kayenta
64	0	kayenta
1	7	kayenta
5	35	kayenta
2	14	kayenta
1	7	kayenta
1	7	kayenta
4	28	kayenta
1	7	kayenta
1	7	kayenta
1	2	kayenta
5	35	kayenta
1	7	kayenta
2	14	kayenta
1	7	kayenta
5	6	kayenta

--19d0e14--2020-01-28--Chris Sanden
50	36	kayenta
0	19	kayenta
0	21	kayenta
18	23	kayenta

--3550a31--2020-01-28--Anthony Woo
18	3	kayenta
17	3	kayenta
63	0	kayenta

--b28c669--2020-01-27--Pierre Delagrave
2	2	kayenta
2	2	kayenta
5	1	kayenta
1	1	kayenta
1	1	kayenta
2	3	kayenta
2	2	kayenta
2	2	kayenta
2	2	kayenta
3	3	kayenta

--c05b770--2020-01-22--Sean Lin
-	-	docs/assets/iqr-example.png
33	0	kayenta

--93da4e4--2020-01-22--Ryan Arneson
2	2	kayenta

--dcad431--2020-01-21--Matt Duftler
1	1	kayenta

--65023f4--2020-01-15--Rebecca Dong
1	1	kayenta
19	3	kayenta
4	9	kayenta
65	0	kayenta
113	0	kayenta

--209612d--2020-01-15--Michael Plump
7	0	kayenta
1	1	kayenta
1	1	kayenta
7	0	kayenta

--ebbfdab--2020-01-08--Pierre Delagrave
2	2	kayenta
2	2	kayenta
1	1	kayenta
3	2	kayenta
2	2	kayenta
2	2	kayenta

--5baaa98--2019-12-30--Michael Plump
1	1	kayenta
1	1	kayenta

--6487998--2019-12-23--Ryan Arneson
5	0	kayenta
6	0	kayenta

--7a7bf14--2019-12-18--Adam Jordens
24	0	kayenta

--a36a9d7--2019-12-17--nisanharamati
18	1	kayenta
9	1	kayenta

--5b1bcc1--2019-12-14--Michael Plump
3	1	kayenta
2	2	kayenta

--e2b1d7b--2019-12-04--Jammy Louie
2	2	kayenta
1	1	kayenta
2	3	kayenta
2	2	kayenta
2	2	kayenta

--3419f34--2019-12-02--Travis Tomsu
11	0	kayenta

--241d598--2019-11-22--Matt Duftler
2	0	kayenta
22	3	kayenta
1	0	kayenta

--8d679f4--2019-11-16--Justin Field
7	4	kayenta
-	-	docs/assets/canary-dimensional-metadata.png
-	-	docs/assets/canary-high-level-overview.png
-	-	docs/assets/canary-traffic-drill-down.png
105	0	kayenta
73	57	kayenta
22	0	kayenta
56	0	kayenta
48	0	kayenta
82	0	kayenta
1	0	kayenta
4	0	kayenta

--5dcec80--2019-10-23--Mark Vulfson
4	0	kayenta

--015b701--2019-10-23--Matt Duftler
1	1	kayenta
2	0	kayenta
8	8	kayenta
105	0	kayenta
0	108	kayenta
49	0	kayenta
0	54	kayenta
2	2	kayenta

--2729ab2--2019-10-21--Justin Field
3	0	kayenta
100	0	kayenta
10	0	kayenta
4	4	kayenta
1	1	kayenta
31	0	kayenta
0	27	kayenta

--08b119a--2019-10-21--Matt Duftler
24	8	kayenta
14	0	kayenta

--fde9a03--2019-10-18--Mark Vulfson
19	0	kayenta

--d1edf69--2019-10-14--German Muzquiz
1	1	kayenta
1	1	kayenta
1	1	kayenta
1	1	kayenta
1	1	kayenta
1	1	kayenta
1	1	kayenta
2	2	kayenta
1	1	kayenta
1	1	kayenta
1	0	kayenta
1	1	kayenta
1	1	kayenta

--cfb80ed--2019-10-01--Justin Field
1	1	kayenta

--9a2e0e4--2019-10-01--Justin Field
99	23	kayenta

--c056453--2019-09-23--Michael Friedrich
14	3	kayenta
29	0	kayenta

--08ee564--2019-09-20--ddavtian
5	0	kayenta

--c29e8d9--2019-09-07--Matt Duftler
2	0	kayenta
13	4	kayenta

--8aa41e6--2019-08-30--Derek Miller
7	5	kayenta
1	0	kayenta

--0c837a6--2019-08-20--Pierre Delagrave
6	0	kayenta
1	7	kayenta
7	0	kayenta
0	13	kayenta

--eae153b--2019-08-09--Eric Zimanyi
2	2	kayenta

--fe44442--2019-08-05--Justin Field
2	0	kayenta
85	150	kayenta
1	8	kayenta
2	4	kayenta

--7188da0--2019-08-01--Nastya Smirnova
1	1	kayenta
1	2	kayenta
0	4	kayenta

--6a3c60f--2019-08-01--Maggie Neterval
47	26	kayenta

--8269040--2019-08-01--Justin Field
5	1	kayenta
22	6	kayenta
3	2	kayenta
15	17	kayenta
33	5	kayenta
5	0	kayenta
16	0	kayenta
29	23	kayenta
43	0	kayenta
16	49	kayenta
184	0	kayenta
228	0	kayenta
11	6	kayenta

--22c5707--2019-08-01--Nastya Smirnova
1	0	kayenta
23	0	kayenta
75	0	kayenta
78	0	kayenta
58	0	kayenta
67	0	kayenta
88	0	kayenta
45	0	kayenta
37	0	kayenta
119	0	kayenta
38	0	kayenta
61	0	kayenta
34	0	kayenta
71	0	kayenta
71	0	kayenta
31	0	kayenta
45	0	kayenta
29	0	kayenta
3	0	kayenta
63	0	kayenta
39	0	kayenta
16	0	kayenta
9	0	kayenta
2	0	kayenta
35	0	kayenta
40	0	kayenta
26	0	kayenta
8	0	kayenta
1	1	kayenta
1	0	kayenta

--5cc068a--2019-07-31--Justin Field
38	0	kayenta
142	0	kayenta
120	0	kayenta
33	0	kayenta
73	0	kayenta
136	0	kayenta
128	0	kayenta
47	0	kayenta
9	4	kayenta
4	4	kayenta
0	28	kayenta
0	258	kayenta
0	38	kayenta
0	53	kayenta
0	142	kayenta
0	120	kayenta
0	33	kayenta
0	73	kayenta
0	128	kayenta
0	128	kayenta
0	40	kayenta
0	50	kayenta
0	47	kayenta
0	35	kayenta
0	35	kayenta
0	54	kayenta
0	48	kayenta
0	112	kayenta
0	320	kayenta
0	264	kayenta
0	193	kayenta
0	132	kayenta
0	203	kayenta
54	0	kayenta
28	0	kayenta
265	0	kayenta
35	0	kayenta
54	0	kayenta
59	0	kayenta
40	0	kayenta
50	0	kayenta
35	0	kayenta
48	0	kayenta
112	0	kayenta
320	0	kayenta
264	0	kayenta
193	0	kayenta
132	0	kayenta
250	0	kayenta
1	1	kayenta
0	209	kayenta
0	92	kayenta
209	0	kayenta
92	0	kayenta

--49c1c2c--2019-07-29--Martin Ehmke
21	3	kayenta

--586128d--2019-07-29--Nishu Bansal
5	0	kayenta
104	0	kayenta
26	0	kayenta
40	0	kayenta
69	0	kayenta
46	0	kayenta
2	0	kayenta
8	0	kayenta
57	0	kayenta
453	0	kayenta
126	0	kayenta
2	0	kayenta
329	0	kayenta
16	0	kayenta
2	0	kayenta
2	0	kayenta

--ae86150--2019-07-26--Eric Zimanyi
13	0	kayenta

--2225f3d--2019-07-25--Michael Plump
10	0	kayenta
8	0	kayenta
6	0	kayenta
3	0	kayenta
6	0	kayenta
12	0	kayenta
6	0	kayenta

--67e369f--2019-07-24--Matt Duftler
24	11	kayenta

--1bbbf34--2019-07-17--Justin Field
1	1	kayenta
1	1	kayenta
18	15	kayenta
17	15	kayenta
10	9	kayenta
11	16	kayenta
15	14	kayenta
10	9	kayenta
9	12	kayenta
2	3	kayenta
26	22	kayenta
5	11	kayenta
4	7	kayenta
37	30	kayenta
39	36	kayenta
106	84	kayenta
15	39	kayenta
27	24	kayenta
5	12	kayenta
18	33	kayenta
6	10	kayenta
2	3	kayenta
32	31	kayenta
3	3	kayenta
8	16	kayenta
8	9	kayenta
1	2	kayenta
1	2	kayenta
2	5	kayenta
73	51	kayenta
37	34	kayenta
98	99	kayenta
9	8	kayenta
33	25	kayenta
2	4	kayenta
3	6	kayenta
3	3	kayenta
6	12	kayenta
3	6	kayenta
2	4	kayenta
4	9	kayenta
3	8	kayenta
14	48	kayenta
2	4	kayenta
13	16	kayenta
2	4	kayenta
6	11	kayenta
6	5	kayenta
4	10	kayenta
7	19	kayenta
10	8	kayenta
9	15	kayenta
3	6	kayenta
402	260	kayenta
3	8	kayenta
2	3	kayenta
43	32	kayenta
2	3	kayenta
16	16	kayenta
1	2	kayenta
21	13	kayenta
45	32	kayenta
12	32	kayenta
5	13	kayenta
3	8	kayenta
6	15	kayenta
4	11	kayenta
3	7	kayenta
3	8	kayenta
12	8	kayenta
20	14	kayenta
121	83	kayenta
7	4	kayenta
3	4	kayenta
8	5	kayenta
129	63	kayenta
104	55	kayenta
17	16	kayenta
6	16	kayenta
2	6	kayenta
41	62	kayenta
106	77	kayenta
18	39	kayenta
10	11	kayenta
12	9	kayenta
88	63	kayenta
2	3	kayenta
70	43	kayenta
12	10	kayenta
8	3	kayenta
2	6	kayenta
2	1	kayenta
47	42	kayenta
0	1	kayenta
25	18	kayenta
5	6	kayenta
2	6	kayenta
10	11	kayenta
15	4	kayenta
7	6	kayenta
192	125	kayenta
2	5	kayenta
1	4	kayenta
33	25	kayenta
4	8	kayenta
3	9	kayenta
4	10	kayenta
57	48	kayenta
90	82	kayenta
1	2	kayenta
26	25	kayenta
3	3	kayenta
7	14	kayenta
11	9	kayenta
5	6	kayenta
2	1	kayenta
3	6	kayenta
12	10	kayenta
171	108	kayenta
28	19	kayenta
2	4	kayenta
8	9	kayenta
23	18	kayenta
11	9	kayenta
8	16	kayenta
81	82	kayenta
13	14	kayenta
74	88	kayenta
6	10	kayenta
1	3	kayenta
8	9	kayenta
53	51	kayenta
1	3	kayenta
3	9	kayenta
3	8	kayenta
92	78	kayenta
139	133	kayenta
12	12	kayenta
14	17	kayenta
100	101	kayenta
15	17	kayenta
48	51	kayenta
3	4	kayenta
9	18	kayenta
10	10	kayenta
86	87	kayenta
1	1	kayenta
6	12	kayenta
1	3	kayenta
1	2	kayenta
37	31	kayenta
2	4	kayenta
3	9	kayenta
4	9	kayenta
22	21	kayenta
77	60	kayenta
51	45	kayenta
15	15	kayenta
5	17	kayenta
1	2	kayenta
26	25	kayenta
7	14	kayenta
2	2	kayenta
4	6	kayenta
17	15	kayenta
30	18	kayenta
22	19	kayenta
9	11	kayenta
1	1	kayenta
2	4	kayenta
5	13	kayenta
0	3	kayenta
11	18	kayenta
3	8	kayenta
1	2	kayenta
6	4	kayenta
29	25	kayenta
1	2	kayenta
3	9	kayenta
2	5	kayenta
49	45	kayenta
44	41	kayenta
1	2	kayenta
20	22	kayenta
2	2	kayenta
5	11	kayenta
4	2	kayenta
2	2	kayenta
32	23	kayenta
2	4	kayenta
6	11	kayenta
22	13	kayenta
3	3	kayenta
14	22	kayenta
14	12	kayenta
156	99	kayenta
20	14	kayenta
2	4	kayenta
3	5	kayenta
3	3	kayenta
8	15	kayenta
49	32	kayenta
2	3	kayenta
11	8	kayenta
26	18	kayenta
13	23	kayenta
2	5	kayenta
2	3	kayenta
43	34	kayenta
28	51	kayenta
6	18	kayenta
4	9	kayenta
26	21	kayenta
98	69	kayenta
139	106	kayenta
2	1	kayenta
4	9	kayenta
8	21	kayenta
2	3	kayenta
31	23	kayenta
3	3	kayenta
9	15	kayenta
6	6	kayenta
54	44	kayenta
13	12	kayenta
166	110	kayenta
86	66	kayenta
13	17	kayenta
46	45	kayenta
45	35	kayenta
1	4	kayenta
5	10	kayenta
11	9	kayenta
47	35	kayenta
2	4	kayenta
6	11	kayenta
105	80	kayenta
50	34	kayenta
1	2	kayenta
24	22	kayenta
7	14	kayenta
1	2	kayenta
1	2	kayenta
13	15	kayenta
20	8	kayenta
18	16	kayenta
100	89	kayenta
13	10	kayenta
1	1	kayenta
14	26	kayenta
6	17	kayenta
2	3	kayenta
14	11	kayenta
2	5	kayenta
6	18	kayenta
101	69	kayenta
218	141	kayenta
2	3	kayenta
31	25	kayenta
1	2	kayenta
116	76	kayenta
4	3	kayenta
9	17	kayenta
44	36	kayenta
37	33	kayenta
2	4	kayenta
18	10	kayenta
37	16	kayenta
44	18	kayenta
1	3	kayenta
5	11	kayenta
2	3	kayenta
1	3	kayenta
2	2	kayenta
10	7	kayenta
7	6	kayenta
33	16	kayenta
137	107	kayenta
151	95	kayenta
56	40	kayenta
43	40	kayenta
71	59	kayenta
78	53	kayenta
27	21	kayenta
9	16	kayenta
15	18	kayenta
31	31	kayenta
53	48	kayenta
2	4	kayenta
6	11	kayenta
71	61	kayenta
120	108	kayenta
16	16	kayenta
58	52	kayenta
8	9	kayenta
12	19	kayenta
12	14	kayenta
53	52	kayenta
63	37	kayenta
47	44	kayenta
36	37	kayenta
1	1	kayenta
5	6	kayenta
11	9	kayenta
125	66	kayenta
129	95	kayenta
85	44	kayenta
2	3	kayenta
1	2	kayenta
62	42	kayenta
96	61	kayenta
5	14	kayenta
31	16	kayenta
18	19	kayenta
3	2	kayenta
41	43	kayenta
23	36	kayenta
75	64	kayenta

--0191ba9--2019-07-17--Justin Field
2	2	kayenta
1	1	kayenta

--a7f3a5c--2019-07-17--Justin Field
2	2	kayenta

--def3fcc--2019-07-17--Jacob McCann
4	0	kayenta
24	8	kayenta
13	0	kayenta
12	0	kayenta

--22cef9f--2019-07-17--Nastya Smirnova
3	0	kayenta
44	0	kayenta
34	5	kayenta
163	0	kayenta
7	6	kayenta
6	0	kayenta

--f84d127--2019-07-04--Nastya Smirnova
0	1	kayenta

--5cadcc1--2019-07-03--Nastya Smirnova
3	0	kayenta
0	6	kayenta

--8354824--2019-06-28--Nastya Smirnova
0	2	kayenta
0	2	kayenta
0	3	kayenta
2	0	kayenta
0	2	kayenta
2	0	kayenta
0	2	kayenta
0	2	kayenta
0	2	kayenta
2	0	kayenta
0	2	kayenta
2	0	kayenta
0	2	kayenta
2	0	kayenta
0	2	kayenta
2	0	kayenta
0	2	kayenta
2	0	kayenta
3	0	kayenta
1	5	kayenta
0	8	kayenta
0	2	kayenta
2	0	kayenta
0	2	kayenta
2	0	kayenta
0	2	kayenta
2	0	kayenta
0	2	kayenta
2	0	kayenta
0	2	kayenta
2	0	kayenta
2	0	kayenta
0	2	kayenta
2	0	kayenta
0	2	kayenta
2	0	kayenta
0	2	kayenta
2	0	kayenta
0	2	kayenta
2	0	kayenta
2	51	kayenta
23	0	kayenta
2	2	kayenta

--bf16762--2019-06-28--Nastya Smirnova
11	11	kayenta
6	6	kayenta
1	1	kayenta
17	17	kayenta
2	2	kayenta
2	2	kayenta
1	1	kayenta
4	4	kayenta
4	4	kayenta
5	5	kayenta
4	4	kayenta
1	1	kayenta
1	1	kayenta
21	21	kayenta

--b171440--2019-06-28--Nastya Smirnova
13	0	kayenta
10	0	kayenta
5	0	kayenta

--26feb32--2019-06-28--Matt Duftler
1	1	kayenta
4	0	kayenta
27	2	kayenta
40	0	kayenta
1	1	kayenta
11	1	kayenta
11	1	kayenta
3	2	kayenta
2	2	kayenta
5	5	kayenta

--d7fc103--2019-06-26--Matt Duftler
1	1	kayenta

--23d9c51--2019-06-26--Matt Duftler
1	0	kayenta

--015eabe--2019-06-26--Nastya Smirnova
3	1	kayenta

--644f171--2019-06-19--Mark Vulfson
60	55	kayenta
1	2	kayenta
49	0	kayenta
2	2	kayenta
1	1	kayenta
4	4	kayenta
1	1	kayenta
1	0	kayenta

--fb00851--2019-06-07--Cameron Fieber
4	4	kayenta

--861f1a7--2019-06-05--Justin Field
4	1	kayenta
0	51	kayenta
3	2	kayenta
4	0	kayenta
4	1	kayenta

--fd8e438--2019-06-04--Jammy Louie
1	1	kayenta

--5ca1d36--2019-06-03--Cameron Fieber
1	0	kayenta
44	40	kayenta
6	5	kayenta
3	3	kayenta
0	27	kayenta
0	15	kayenta
2	2	kayenta
6	9	kayenta
0	39	kayenta
0	28	kayenta
0	26	kayenta
-	-	gradle/wrapper/gradle-wrapper.jar
1	2	kayenta
17	1	kayenta
17	1	kayenta
7	11	kayenta
2	1	kayenta
2	1	kayenta
2	5	kayenta
18	31	kayenta
1	6	kayenta
1	1	kayenta
1	1	kayenta
17	16	kayenta
1	3	kayenta
3	3	kayenta
1	1	kayenta
1	7	kayenta
1	1	kayenta
4	6	kayenta
3	5	kayenta
8	9	kayenta
1	1	kayenta
1	1	kayenta
1	7	kayenta
1	1	kayenta
8	9	kayenta
1	1	kayenta
2	2	kayenta
2	2	kayenta
1	1	kayenta
1	1	kayenta
1	1	kayenta
6	6	kayenta
1	7	kayenta
1	1	kayenta
1	5	kayenta
12	5	kayenta
1	5	kayenta
7	8	kayenta
0	1	kayenta
11	8	kayenta
1	7	kayenta
1	1	kayenta
6	6	kayenta
10	11	kayenta
1	1	kayenta
1	1	kayenta
4	11	kayenta
1	1	kayenta
2	8	kayenta
1	1	kayenta
1	2	kayenta
3	3	kayenta
7	7	kayenta
1	7	kayenta
25	39	kayenta
1	7	kayenta

--f34f1f7--2019-05-24--Cameron Fieber
2	1	kayenta
2	1	kayenta
2	1	kayenta
1	0	kayenta
1	6	kayenta
1	1	kayenta
1	1	kayenta
17	16	kayenta
1	3	kayenta
12	5	kayenta
3	1	kayenta
0	1	kayenta
9	6	kayenta
1	2	kayenta
3	3	kayenta
7	7	kayenta

--922e5f2--2019-05-22--Cameron Fieber
0	8	kayenta

--3a93156--2019-05-22--Cameron Fieber
3	3	kayenta
1	1	kayenta
1	1	kayenta
1	1	kayenta
1	1	kayenta
1	1	kayenta
2	2	kayenta
1	1	kayenta
1	1	kayenta
1	1	kayenta
1	1	kayenta
1	1	kayenta

--fef0ae0--2019-05-22--Cameron Fieber
1	0	kayenta
44	40	kayenta
3	4	kayenta
3	3	kayenta
0	27	kayenta
0	15	kayenta
2	2	kayenta
6	9	kayenta
0	39	kayenta
0	28	kayenta
0	26	kayenta
-	-	gradle/wrapper/gradle-wrapper.jar
1	2	kayenta
17	1	kayenta
17	1	kayenta
7	11	kayenta
2	5	kayenta
17	23	kayenta
1	7	kayenta
4	6	kayenta
3	5	kayenta
5	9	kayenta
1	1	kayenta
1	7	kayenta
8	9	kayenta
2	2	kayenta
1	1	kayenta
1	1	kayenta
1	1	kayenta
6	6	kayenta
1	7	kayenta
1	5	kayenta
1	5	kayenta
5	8	kayenta
6	6	kayenta
1	7	kayenta
6	6	kayenta
6	11	kayenta
1	1	kayenta
4	11	kayenta
2	8	kayenta
1	7	kayenta
25	39	kayenta
1	7	kayenta

--abf9dc7--2019-05-20--Greg Foster
16	0	kayenta

--dbb6aaf--2019-04-26--Cameron Fieber
1	0	kayenta

--cfd5664--2019-04-23--Chris Sanden
27	9	kayenta
5	6	kayenta
61	0	kayenta
3	4	kayenta

--4b02c24--2019-04-19--Nastya Smirnova
6	2	kayenta
73	0	kayenta
84	0	kayenta

--b201db8--2019-04-18--Michael Graff
55	0	kayenta
65	0	kayenta
82	0	kayenta
6	4	kayenta
2	0	kayenta
1	0	kayenta
10	3	kayenta
35	4	kayenta
50	0	kayenta
0	1	kayenta
4	0	kayenta
27	0	kayenta

--0e731ec--2019-04-18--Justin Field
3	0	kayenta
139	0	kayenta

--9fbedcc--2019-04-16--Rob Zienert
2	0	kayenta

--c5b47b7--2019-04-11--Michael Friedrich
1	1	kayenta

--5bc4001--2019-03-09--Justin Field
38	0	kayenta

--2f56640--2019-03-07--Brandon Powell
1	1	kayenta
1	1	kayenta
2	2	kayenta
1	1	kayenta

--084a1a7--2019-02-26--Michael Graff
3	0	kayenta
6	1	kayenta
2	0	kayenta
6	0	kayenta
98	51	kayenta
19	11	kayenta
105	44	kayenta
4	3	kayenta
4	3	kayenta
5	4	kayenta

--cefbd1f--2019-02-22--Michael Graff
19	20	kayenta

--81d906b--2019-02-20--Brandon Nelson
2	2	kayenta
1	1	kayenta

--0e5c8be--2019-02-20--Dibyo Mukherjee
1	1	kayenta
1	1	kayenta

--dc2631c--2019-02-20--Michael Graff
6	4	kayenta

--ba5b3b7--2019-02-15--Michael Graff
0	13	kayenta
0	1	kayenta
0	117	kayenta

--f8c2ab3--2019-02-15--Michael Graff
11	11	kayenta

--d8efc69--2019-02-15--Michael Graff
1	1	kayenta

--d6efcda--2019-02-14--Michael Graff
6	0	kayenta

--c7108cc--2019-02-14--Michael Graff
1	0	kayenta
9	2	kayenta
21	5	kayenta

--25075c8--2019-02-14--Michael Graff
16	0	kayenta

--32c5e9b--2019-02-14--Michael Graff
1	1	kayenta
3	0	kayenta
30	0	kayenta
11	5	kayenta
4	1	kayenta
45	0	kayenta
3	1	kayenta
11	2	kayenta
142	0	kayenta

--092dee5--2019-02-11--dthomson25
38	2	kayenta
9	0	kayenta
53	0	kayenta
48	0	kayenta
60	0	kayenta
101	0	kayenta
26	0	kayenta
37	0	kayenta
105	0	kayenta
158	0	kayenta
43	0	kayenta
94	0	kayenta
39	0	kayenta
53	0	kayenta
37	0	kayenta
85	0	kayenta
62	0	kayenta
75	0	kayenta
69	0	kayenta
9	0	kayenta
1	0	kayenta
2	0	kayenta
1	0	kayenta

--74f80f7--2019-01-29--Eric Zimanyi
2	1	kayenta
1	1	kayenta
0	1	kayenta

--c8ac833--2019-01-23--Justin Field
2	0	kayenta
2	0	kayenta
1	3	kayenta
0	1	kayenta
2	0	kayenta
1	4	kayenta
7	13	kayenta
11	0	kayenta
7	0	kayenta
16	0	kayenta
7	2	kayenta
29	11	kayenta
97	6	kayenta

--14b2c3c--2019-01-23--Justin Field
3	3	kayenta

--c136506--2019-01-23--Justin Field
2	0	kayenta

--241e44d--2019-01-10--Matt Duftler
64	1	kayenta
34	24	kayenta
9	0	kayenta
1	1	kayenta
6	3	kayenta

--9690617--2019-01-05--Matt Duftler
1	1	kayenta
0	2	kayenta
3	0	kayenta

--8b42d0a--2019-01-05--Yuanchen Bai
35	0	kayenta
49	0	kayenta
190	0	kayenta
127	0	kayenta
39	0	kayenta
146	0	kayenta
87	0	kayenta
35	0	kayenta
47	0	kayenta
29	0	kayenta
35	0	kayenta
103	0	kayenta
27	0	kayenta
35	0	kayenta
37	0	kayenta
124	0	kayenta
210	0	kayenta
39	0	kayenta
58	0	kayenta
147	0	kayenta
46	0	kayenta
101	0	kayenta
32	0	kayenta
56	0	kayenta
38	0	kayenta
34	0	kayenta
161	0	kayenta
9	0	kayenta
1	0	kayenta
2	0	kayenta
1	0	kayenta

--d1976dc--2019-01-04--Melana Hammel
1	1	kayenta
1	1	kayenta
15	13	kayenta
21	17	kayenta
1	1	kayenta
10	10	kayenta
20	20	kayenta
19	19	kayenta

--ea0fc46--2019-01-04--Justin Field
7	0	kayenta
1	0	kayenta
1	0	kayenta
2	1	kayenta

--b0aae6f--2019-01-04--Scott
3	1	kayenta
1	1	kayenta

--b0c7758--2019-01-03--Matt Duftler
1	1	kayenta

--36427db--2019-01-03--Justin Field
13	0	kayenta
3	1	kayenta
52	0	kayenta
13	16	kayenta
11	9	kayenta
75	0	kayenta
136	0	kayenta
0	161	kayenta
106	0	kayenta
3	0	kayenta
17	0	kayenta
31	0	kayenta
217	0	kayenta
37	0	kayenta
61	0	kayenta
125	0	kayenta
112	0	kayenta
35	0	kayenta
65	0	kayenta
107	0	kayenta
102	0	kayenta
42	0	kayenta
55	0	kayenta
48	0	kayenta
37	0	kayenta
35	0	kayenta
51	0	kayenta
47	0	kayenta
95	0	kayenta
288	0	kayenta
209	0	kayenta
177	0	kayenta
127	0	kayenta
191	0	kayenta
184	0	kayenta
86	0	kayenta
1	0	kayenta
1	0	kayenta
2	0	kayenta
1	0	kayenta

--3ac8e60--2018-12-31--Matt Duftler
1	1	kayenta

--913841c--2018-12-28--Martin Ehmke
4	3	kayenta
4	4	kayenta
3	3	kayenta

--57ff7c5--2018-12-04--Michael Graff
91	0	kayenta
41	0	kayenta
31	0	kayenta
27	0	kayenta
31	0	kayenta
5	0	kayenta

--dba485d--2018-12-04--Justin Field
26	14	kayenta

--0b40fc0--2018-11-29--Maggie Neterval
10	1	kayenta
33	21	kayenta
7	0	kayenta
1	1	kayenta
17	19	kayenta
7	0	kayenta
1	1	kayenta
18	16	kayenta

--e281af5--2018-11-21--Michael Graff
1	1	kayenta

--fbe994c--2018-11-20--Michael Graff
23	20	kayenta

--a445dab--2018-11-20--Justin Field
3	1	kayenta
5	2	kayenta
6	1	kayenta
6	1	kayenta
6	1	kayenta
1	0	kayenta
3	2	kayenta

--61ded2d--2018-11-19--Michael Graff
0	8	kayenta

--4375fe7--2018-11-14--Michael Graff
11	8	kayenta
84	0	kayenta
79	0	kayenta
11	7	kayenta
18	9	kayenta

--8099f8b--2018-11-12--Martin Ehmke
10	0	kayenta
9	0	kayenta
50	0	kayenta
32	0	kayenta
57	0	kayenta
111	0	kayenta
27	0	kayenta
38	0	kayenta
38	0	kayenta
126	0	kayenta
188	0	kayenta
45	0	kayenta
102	0	kayenta
35	0	kayenta
53	0	kayenta
31	0	kayenta
67	0	kayenta
9	0	kayenta
1	0	kayenta
13	13	kayenta
77	0	kayenta
114	0	kayenta
1	1	kayenta

--16722e7--2018-11-05--Cameron Fieber
3	3	kayenta

--28eff2c--2018-10-26--Justin Field
5	3	kayenta

--28896ae--2018-10-26--Justin Field
4	0	kayenta
4	0	kayenta

--39825ad--2018-10-26--Justin Field
7	3	kayenta
65	3	kayenta

--0018504--2018-10-25--Matt Duftler
15	1	kayenta

--9fb40f4--2018-10-25--Matt Duftler
105	2	kayenta
3	4	kayenta
45	0	kayenta
91	0	kayenta
92	0	kayenta
1	1	kayenta

--e53f299--2018-10-25--Travis Tomsu
15	11	kayenta
7	5	kayenta
15	0	kayenta
6	4	kayenta
3	5	kayenta

--ee50c0d--2018-10-25--Travis Tomsu
4	1	kayenta

--491dd09--2018-10-23--Matt Duftler
7	0	kayenta
69	1	kayenta
6	0	kayenta
40	0	kayenta
39	0	kayenta

--039c3e2--2018-10-23--Matt Duftler
16	23	kayenta
26	2	kayenta

--c8496dd--2018-10-23--Matt Duftler
1	1	kayenta
1	1	kayenta
2	1	kayenta
44	4	kayenta
1	1	kayenta
1	1	kayenta
1	1	kayenta
1	1	kayenta
1	1	kayenta
9	37	kayenta
3	2	kayenta
1	1	kayenta
1	1	kayenta
1	1	kayenta
12	19	kayenta
81	48	kayenta
1	1	kayenta

--f2b46c7--2018-10-22--Michael Friedrich
2	1	kayenta
4	1	kayenta

--7b1b545--2018-10-22--Matt Duftler
28	8	kayenta
5	4	kayenta

--aac62cd--2018-10-18--Matt Duftler
42	17	kayenta
0	1	kayenta

--e6864a0--2018-10-18--Matt Duftler
16	6	kayenta
26	12	kayenta

--d8a7643--2018-10-18--Matt Duftler
6	0	kayenta
3	0	kayenta
4	3	kayenta
4	1	kayenta
42	28	kayenta
79	0	kayenta

--60fbdb3--2018-10-17--Michael Graff
3	5	kayenta

--74272ff--2018-10-17--Matt Duftler
1	1	kayenta

--2f83ca9--2018-10-17--Justin Field
1	0	kayenta
70	0	kayenta
37	0	kayenta
137	0	kayenta
27	0	kayenta
198	0	kayenta
161	0	kayenta
83	0	kayenta
65	0	kayenta
35	0	kayenta
54	0	kayenta
35	0	kayenta
63	0	kayenta
103	0	kayenta
29	0	kayenta
35	0	kayenta
172	0	kayenta
111	0	kayenta
46	0	kayenta
101	0	kayenta
28	0	kayenta
55	0	kayenta
31	0	kayenta
31	0	kayenta
98	0	kayenta
31	0	kayenta
50	0	kayenta
108	0	kayenta
44	0	kayenta
896	0	kayenta
1	0	kayenta
2	0	kayenta
1	0	kayenta

--b37a268--2018-10-15--Chris Sanden
2	1	kayenta
14	0	kayenta

--b5efa10--2018-10-15--Matt Duftler
3	0	kayenta

--6882c54--2018-10-08--Michael Graff
3	3	kayenta
0	4	kayenta
1	0	kayenta
0	1	kayenta
11	0	kayenta

--d3fe3a9--2018-10-06--Michael Graff
3	1	kayenta

--788433f--2018-09-28--Michael Graff
16	0	kayenta
16	0	kayenta

--d801b61--2018-09-28--Michael Graff
9	0	kayenta
24	14	kayenta
38	0	kayenta
84	0	kayenta
15	0	kayenta

--c423808--2018-09-19--Matt Duftler
4	1	kayenta

--ce2f611--2018-09-18--Matt Duftler
3	1	kayenta
3	1	kayenta
3	1	kayenta
9	0	kayenta
15	6	kayenta
3	1	kayenta
4	4	kayenta
20	7	kayenta

--2adc4c3--2018-09-14--Michael Graff
11	0	kayenta
2	1	kayenta
5	3	kayenta
8	5	kayenta
38	3	kayenta
0	1	kayenta
22	4	kayenta
43	0	kayenta
19	0	kayenta
49	0	kayenta
20	0	kayenta
1	2	kayenta
1	2	kayenta
2	2	kayenta
1	1	kayenta
1	0	kayenta
47	0	kayenta
62	0	kayenta

--d3f53ef--2018-09-13--Matt Duftler
8	0	kayenta

--59214f1--2018-09-13--Michael Graff
7	1	kayenta
6	0	kayenta

--acd25ca--2018-09-13--Michael Graff
3	0	kayenta

--d26a2d3--2018-09-12--Michael Graff
11	0	kayenta
31	0	kayenta

--1b154b0--2018-09-12--Matt Duftler
2	2	kayenta
3	54	kayenta
4	39	kayenta
83	0	kayenta

--c98cec1--2018-09-10--Michael Graff
0	4	kayenta
1	0	kayenta
2	7	kayenta
6	2	kayenta

--1a6aa79--2018-09-06--Chris Sanden
10	5	kayenta
6	2	kayenta
51	24	kayenta
7	6	kayenta
6	5	kayenta
3	3	kayenta
1	1	kayenta
12	8	kayenta
94	0	kayenta
21	0	kayenta

--cabd26a--2018-08-22--Matt Duftler
21	6	kayenta
144	0	kayenta

--c77c611--2018-08-20--Matt Duftler
1	1	kayenta

--3f7ed70--2018-07-23--Chris Sanden
7	2	kayenta
1	1	kayenta
52	17	kayenta
4	1	kayenta
4	1	kayenta
13	4	kayenta
60	0	kayenta
3	0	kayenta
118	0	kayenta
91	11	kayenta

--f8f6a3d--2018-07-21--Matt Duftler
7	1	kayenta
0	1	kayenta
9	0	kayenta
39	0	kayenta

--5255c98--2018-07-18--Michael Graff
1	1	kayenta
1	1	kayenta
40	0	kayenta
1	2	kayenta
9	3	kayenta
0	11	kayenta
3	3	kayenta
0	39	kayenta
0	41	kayenta
0	50	kayenta
0	52	kayenta
0	130	kayenta
0	52	kayenta
130	0	kayenta
48	0	kayenta
7	20	kayenta
2	2	kayenta
1	0	kayenta
11	4	kayenta
44	0	kayenta
1	1	kayenta
1	1	kayenta
1	1	kayenta
1	2	kayenta
52	0	kayenta
1	1	kayenta
1	1	kayenta
1	1	kayenta
2	2	kayenta
1	1	kayenta
1	1	kayenta
53	0	kayenta
1	1	kayenta
2	2	kayenta
53	0	kayenta
1	1	kayenta
1	1	kayenta
2	2	kayenta
0	123	kayenta
123	0	kayenta
0	1	kayenta
8	0	kayenta

--c31deda--2018-07-16--Chris Sanden
4	2	kayenta
41	6	kayenta

--279c789--2018-07-12--Chris Sanden
8	0	kayenta
967	102	kayenta

--e690799--2018-07-12--Chris Sanden
2	3	kayenta
8	7	kayenta
5	10	kayenta

--831fc3b--2018-07-12--Michael Graff
4	2	kayenta
19	0	kayenta
11	15	kayenta
25	27	kayenta
2	0	kayenta
4	1	kayenta
2	0	kayenta
7	0	kayenta

--c369ba1--2018-07-12--Matt Duftler
3	0	kayenta
3	0	kayenta

--be1616f--2018-07-10--Chris Sanden
1	1	kayenta
28	13	kayenta
18	12	kayenta
26	0	kayenta
39	1	kayenta
0	77	kayenta
21	1	kayenta
112	0	kayenta

--99f4728--2018-07-03--Matt Duftler
6	0	kayenta
8	0	kayenta
16	10	kayenta
6	2	kayenta

--ae06870--2018-07-02--Matt Duftler
14	15	kayenta

--19a717d--2018-06-29--Michael Graff
1	1	kayenta
2	1	kayenta
6	2	kayenta
6	2	kayenta
7	3	kayenta
13	0	kayenta

--9c9993e--2018-06-28--Matt Duftler
2	1	kayenta

--dbd8eeb--2018-06-27--Matt Duftler
21	0	kayenta

--35b99b7--2018-06-27--Matt Duftler
2	1	kayenta

--1813835--2018-06-26--Michael Graff
1	1	kayenta
1	1	kayenta

--30142ae--2018-06-25--Michael Graff
1	1	kayenta

--5dad3f3--2018-06-25--Michael Graff
1	1	kayenta

--a475028--2018-06-25--Michael Graff
20	8	kayenta
69	6	kayenta

--b7d36e2--2018-06-21--Matt Duftler
66	1	kayenta
1	1	kayenta

--f6d9698--2018-06-20--Michael Graff
-	-	kayenta-influxdb/d3-array-1.2.0.tgz

--ec9b889--2018-06-20--Michael Graff
1	14	kayenta

--9ecaa22--2018-06-20--Joseph (Rajeev) Motha
4	0	kayenta
2	0	kayenta
50	0	kayenta
-	-	kayenta-influxdb/d3-array-1.2.0.tgz
9	0	kayenta
29	0	kayenta
36	0	kayenta
99	0	kayenta
27	0	kayenta
38	0	kayenta
39	0	kayenta
127	0	kayenta
122	0	kayenta
131	0	kayenta
110	0	kayenta
57	0	kayenta
44	0	kayenta
97	0	kayenta
54	0	kayenta
31	0	kayenta
32	0	kayenta
86	0	kayenta
96	0	kayenta
9	0	kayenta
1	0	kayenta
16	13	kayenta
1	0	kayenta

--ffef447--2018-06-19--Michael Graff
1	1	kayenta
2	2	kayenta
2	2	kayenta
20	0	kayenta

--a294126--2018-06-14--Matt Duftler
15	8	kayenta
1	0	kayenta

--9f62a06--2018-06-11--Daniel Peach
2	0	kayenta

--cbd1ee9--2018-06-07--Michael Graff
3	3	kayenta

--cf0fbc6--2018-06-07--Michael Graff
1	2	kayenta

--81ff239--2018-06-04--Michael Graff
2	2	kayenta

--f0d7815--2018-06-04--Michael Graff
1	1	kayenta

--133210e--2018-06-04--Michael Graff
9	1	kayenta
6	8	kayenta
27	0	kayenta
4	6	kayenta
7	1	kayenta
39	0	kayenta
28	0	kayenta
2	2	kayenta
42	30	kayenta
4	10	kayenta

--120f7be--2018-06-04--Michael Graff
0	6	kayenta

--552ae1e--2018-06-04--Michael Graff
2	2	kayenta

--fb51d47--2018-06-04--Michael Graff
2	4	kayenta

--10d3fdb--2018-05-30--Michael Graff
1	1	kayenta

--54ff1a3--2018-05-30--Michael Graff
38	10	kayenta
5	6	kayenta
5	17	kayenta
3	7	kayenta
13	40	kayenta
3	8	kayenta
3	9	kayenta
4	11	kayenta
2	3	kayenta
1	1	kayenta
3	8	kayenta
3	8	kayenta
4	9	kayenta
3	8	kayenta
3	7	kayenta
5	13	kayenta
4	11	kayenta

--08686fd--2018-05-23--Michael Graff
1	1	kayenta

--dfb1645--2018-05-21--Michael Graff
7	7	kayenta
3	0	kayenta
2	32	kayenta
7	7	kayenta
2	2	kayenta
10	10	kayenta
0	109	kayenta

--90a042d--2018-05-20--Joseph (Rajeev) Motha
2	0	kayenta
1	1	kayenta

--bdd8b7d--2018-05-10--Matt Duftler
5	1	kayenta

--5559601--2018-05-01--Michael Graff
4	0	kayenta
3	0	kayenta
21	12	kayenta
5	0	kayenta
51	8	kayenta

--b40ec5a--2018-04-24--Michael Graff
12	8	kayenta
17	2	kayenta
5	5	kayenta
4	4	kayenta
13	5	kayenta
4	0	kayenta
13	5	kayenta

--fd99dfa--2018-04-20--Scott Bloch-Wehba-Seaward
2	0	kayenta

--660b789--2018-04-20--Matt Duftler
2	0	kayenta

--88ffc67--2018-04-20--Matt Duftler
1	1	kayenta
3	2	kayenta
22	1	kayenta
55	0	kayenta
3	3	kayenta
9	6	kayenta

--8d7e7b4--2018-04-19--Sergey Reshetnyak
1	1	kayenta

--af5638c--2018-04-12--Chris Sanden
1	1	kayenta
2	2	kayenta
12	12	kayenta

--fd367cd--2018-04-10--Chris Sanden
2	39	kayenta
0	1	kayenta
0	3	kayenta
0	27	kayenta
0	1	kayenta
0	21	kayenta

--2fe632b--2018-04-09--Michael Graff
15	0	kayenta

--f704192--2018-04-09--Chris Sanden
7	14	kayenta

--208dcf7--2018-04-09--Chris Sanden
0	11	kayenta

--8aa372a--2018-04-07--Matt Duftler
14	0	kayenta
26	0	kayenta
5	0	kayenta
0	66	kayenta

--acff987--2018-04-06--Michael Graff
1	0	kayenta
0	7	kayenta
1	21	kayenta
0	17	kayenta
1	1	kayenta
5	15	kayenta
9	15	kayenta
74	35	kayenta
12	0	kayenta
122	0	kayenta
96	0	kayenta
32	0	kayenta
19	0	kayenta
21	0	kayenta
216	0	kayenta
0	13	kayenta
0	74	kayenta
0	55	kayenta
0	32	kayenta
0	27	kayenta
0	7	kayenta
0	19	kayenta
0	57	kayenta
1	1	kayenta

--f12b377--2018-04-04--Michael Graff
1	1	kayenta

--37ba996--2018-04-04--Matt Duftler
3	0	kayenta

--fe0d7ae--2018-04-04--Lars Wander
1	1	kayenta

--8969a84--2018-04-04--Lars Wander
4	0	kayenta

--5020d90--2018-04-03--Michael Graff
2	0	kayenta

--08b81ae--2018-04-03--Michael Graff
4	1	kayenta

--41f38f6--2018-04-03--Michael Graff
1	1	kayenta
3	3	kayenta

--1e0e619--2018-04-03--Michael Graff
1	1	kayenta
0	7	kayenta

--0260b6e--2018-04-02--Matt Duftler
14	0	kayenta
9	0	kayenta

--3e6d82f--2018-03-30--Matt Duftler
1	1	kayenta
2	2	kayenta
3	3	kayenta
1	1	kayenta
1	1	kayenta
1	1	kayenta
1	1	kayenta
5	5	kayenta
12	12	kayenta
1	1	kayenta
1	1	kayenta
5	5	kayenta
10	10	kayenta
3	3	kayenta

--51f4c71--2018-03-29--Michael Graff
5	2	kayenta
1	1	kayenta
2	2	kayenta
6	6	kayenta
1	1	kayenta
1	1	kayenta
1	1	kayenta
1	1	kayenta
1	1	kayenta
1	1	kayenta
1	1	kayenta
12	7	kayenta
1	1	kayenta
1	1	kayenta
3	3	kayenta
1	1	kayenta
1	1	kayenta

--626168e--2018-03-29--Michael Graff
2	2	kayenta
2	2	kayenta

--a81d2e5--2018-03-29--Paul
16	0	kayenta
16	0	kayenta
16	0	kayenta
16	0	kayenta
16	0	kayenta
16	0	kayenta
16	0	kayenta
16	0	kayenta
16	0	kayenta
16	0	kayenta
16	0	kayenta
16	0	kayenta
16	0	kayenta
16	0	kayenta
16	0	kayenta

--dec477a--2018-03-29--Matt Duftler
1	5	kayenta

--deb4124--2018-03-28--Michael Graff
1	1	kayenta

--8b84428--2018-03-28--Matt Duftler
0	1	kayenta
0	1	kayenta
0	1	kayenta

--6784319--2018-03-23--Michael Graff
13	4	kayenta
296	5	kayenta
11	20	kayenta
0	22	kayenta
17	255	kayenta

--8fce738--2018-03-23--Matt Duftler
2	2	kayenta
1	14	kayenta
5	8	kayenta
0	1	kayenta

--1db50e5--2018-03-23--Matt Duftler
9	0	kayenta

--f7a66aa--2018-03-21--Michael Graff
26	7	kayenta

--542e69e--2018-03-19--Matt Duftler
4	1	kayenta

--10f558d--2018-03-19--Matt Duftler
7	0	kayenta

--2152acc--2018-03-18--Matt Duftler
1	0	kayenta

--3ed16f1--2018-03-16--Matt Duftler
3	1	kayenta
5	0	kayenta
2	1	kayenta
1	1	kayenta

--9d07872--2018-03-15--Michael Graff
2	2	kayenta

--02c5e5a--2018-03-15--Matt Duftler
1	0	kayenta

--c83e8cc--2018-03-15--bchbchbch
35	0	kayenta
2	0	kayenta
25	0	kayenta
14	0	kayenta
14	0	kayenta
18	0	kayenta
85	0	kayenta
11	0	kayenta
22	0	kayenta
24	0	kayenta
100	0	kayenta
86	0	kayenta
28	0	kayenta
81	0	kayenta
18	0	kayenta
37	0	kayenta
13	0	kayenta
64	0	kayenta
10	0	kayenta
1	0	kayenta
2	0	kayenta
1	0	kayenta

--be8072e--2018-03-15--Matt Duftler
3	3	kayenta
1	0	kayenta
3	1	kayenta

--70ec572--2018-03-13--Matt Duftler
1	1	kayenta
2	2	kayenta

--d82dba0--2018-03-12--Matt Duftler
40	0	kayenta
8	0	kayenta
3	2	kayenta
8	0	kayenta

--195cd27--2018-03-12--Matt Duftler
3	1	kayenta
6	0	kayenta
1	1	kayenta
10	5	kayenta
37	18	kayenta
1	1	kayenta
11	10	kayenta

--3b289f9--2018-03-10--Matt Duftler
2	0	kayenta
13	0	kayenta
109	0	kayenta
0	5	kayenta
0	2	kayenta
6	70	kayenta
120	0	kayenta
0	119	kayenta

--5d36828--2018-03-09--Matt Duftler
47	0	kayenta
13	23	kayenta
6	0	kayenta
50	0	kayenta
31	9	kayenta
36	3	kayenta

--582158e--2018-03-09--Matt Duftler
6	0	kayenta
22	4	kayenta
50	0	kayenta
41	8	kayenta
23	1	kayenta
2	2	kayenta

--a3f5cb4--2018-03-08--Matt Duftler
5	0	kayenta
25	19	kayenta
65	4	kayenta
40	0	kayenta
43	0	kayenta
9	4	kayenta
2	1	kayenta

--5d0aa63--2018-03-06--Matt Duftler
39	2	kayenta
1	7	kayenta
35	0	kayenta
24	2	kayenta
22	26	kayenta
22	15	kayenta
25	14	kayenta
91	39	kayenta
2	6	kayenta
2	1	kayenta
3	3	kayenta
1	0	kayenta
0	2	kayenta

--d8e47a0--2018-02-25--Matt Duftler
1	2	kayenta

--9841fef--2018-02-21--Matt Duftler
6	9	kayenta

--d555d37--2018-02-19--Michael Graff
1	0	kayenta
2	1	kayenta

--36733c0--2018-02-16--Michael Graff
15	0	kayenta
15	0	kayenta
15	0	kayenta
15	0	kayenta
15	0	kayenta
15	0	kayenta
15	0	kayenta
16	1	kayenta
15	0	kayenta
15	0	kayenta

--b9e9685--2018-02-16--Michael Graff
3	0	kayenta
134	0	kayenta
9	0	kayenta
3	1	kayenta
17	0	kayenta
39	0	kayenta
25	102	kayenta

--65edf39--2018-02-15--Matt Duftler
5	3	kayenta
2	0	kayenta

--d0bf333--2018-02-15--Matt Duftler
1	1	kayenta

--5707545--2018-02-15--Matt Duftler
2	4	kayenta

--520aa0d--2018-02-14--Matt Duftler
45	33	kayenta

--c50a468--2018-02-13--Matt Duftler
14	0	kayenta

--4df86c7--2018-02-13--Matt Duftler
3	1	kayenta

--3f8557c--2018-02-08--Michael Graff
39	37	kayenta
15	1	kayenta
1	1	kayenta
55	0	kayenta
7	0	kayenta
7	0	kayenta
1	1	kayenta

--7cca4c2--2018-02-01--Matt Duftler
5	0	kayenta
4	0	kayenta
7	0	kayenta
1	0	kayenta
107	31	kayenta

--5118542--2018-01-31--Matt Duftler
6	0	kayenta
7	0	kayenta
29	0	kayenta
56	0	kayenta
1	0	kayenta
0	1	kayenta
73	0	kayenta

--89a64e0--2018-01-29--Matt Duftler
5	3	kayenta

--b46444a--2018-01-29--Matt Duftler
80	4	kayenta

--80c8529--2018-01-26--Matt Duftler
7	0	kayenta

--0509d58--2018-01-24--Chris Sanden
0	42	kayenta
2	0	kayenta
0	71	kayenta
0	51	kayenta
72	0	kayenta
53	0	kayenta
42	0	kayenta
1	0	kayenta
2	1	kayenta

--10cdaab--2018-01-24--Matt Duftler
18	12	kayenta

--f73186f--2018-01-23--Matt Duftler
27	2	kayenta
17	0	kayenta

--7815442--2018-01-23--Matt Duftler
9	0	kayenta

--8c82875--2018-01-22--Matt Duftler
2	0	kayenta
5	0	kayenta
87	0	kayenta
1	0	kayenta
0	5	kayenta
0	87	kayenta

--9aea147--2018-01-17--Michael Graff
1	0	kayenta

--7d1abe4--2018-01-17--Michael Graff
--38b3638--2018-01-16--Chris Sanden
1	1	kayenta

--8418093--2018-01-12--Chris Sanden
53	0	kayenta
39	0	kayenta

--fb1911b--2018-01-12--Chris Sanden
1	1	kayenta
10	5	kayenta

--ff8f081--2018-01-12--Chris Sanden
3	3	kayenta
28	0	kayenta
1	1	kayenta
1	1	kayenta
0	28	kayenta

--ed424ab--2018-01-11--Chris Sanden
55	0	kayenta
35	0	kayenta
72	0	kayenta
163	0	kayenta

--2110b48--2018-01-10--Chris Sanden
12	23	kayenta
9	3	kayenta
60	0	kayenta

--d406018--2018-01-10--Michael Graff
0	6	kayenta
1	38	kayenta

--072aedf--2018-01-05--Daniel Peach
1	1	kayenta

--51991e3--2018-01-04--Matt Duftler
2	0	kayenta
2	0	kayenta
1	1	kayenta
10	0	kayenta

--132efc2--2018-01-02--Michael Graff
3	0	kayenta
6	0	kayenta
7	0	kayenta
7	1	kayenta
3	0	kayenta

--5abf159--2018-01-02--Michael Graff
15	0	kayenta

--2c9754b--2018-01-02--Michael Graff
8	1	kayenta

--8f19dc2--2018-01-02--Michael Graff
3	0	kayenta
23	0	kayenta

--c3ceefb--2017-12-28--Matt Duftler
4	1	kayenta
29	1	kayenta

--a009371--2017-12-22--Michael Graff
1	0	kayenta

--a32e1e9--2017-12-22--Michael Graff
29	0	kayenta
4	1	kayenta
4	1	kayenta
21	12	kayenta
133	79	kayenta

--c85b50a--2017-12-21--Michael Graff
30	9	kayenta

--a046e29--2017-12-21--Matt Duftler
0	18	kayenta
2	1	kayenta
1	1	kayenta
0	15	kayenta
3	3	kayenta
0	8	kayenta
0	6	kayenta
0	6	kayenta

--eb2ac07--2017-12-21--Michael Graff
1	1	kayenta
0	1	kayenta
-	-	kayenta-orca/libs/orca-queue-1.369.0-SNAPSHOT-test.jar
0	185	kayenta

--563566a--2017-12-21--Michael Graff
1	12	kayenta
3	4	kayenta

--3b4882b--2017-12-21--Michael Graff
0	88	kayenta

--ca30f02--2017-12-21--Michael Graff
0	3	kayenta
79	3	kayenta

--8c5bd7a--2017-12-20--Michael Graff
28	0	kayenta
3	0	kayenta
5	0	kayenta
29	0	kayenta
1	0	kayenta
5	0	kayenta
31	2	kayenta

--c7514af--2017-12-20--Matt Duftler
2	2	kayenta
5	7	kayenta

--b5a0dda--2017-12-19--Matt Duftler
10	0	kayenta

--c2044f6--2017-12-18--Michael Graff
1	1	kayenta
10	9	kayenta
5	1	kayenta
5	1	kayenta
13	10	kayenta
6	3	kayenta
5	1	kayenta
4	1	kayenta
3	1	kayenta
3	3	kayenta
3	3	kayenta
5	1	kayenta
16	18	kayenta
5	1	kayenta
6	3	kayenta
6	3	kayenta
6	2	kayenta
6	3	kayenta
6	3	kayenta

--e07ea90--2017-12-18--Michael Graff
1	4	kayenta
8	4	kayenta
1	0	kayenta
7	5	kayenta
0	5	kayenta
4	1	kayenta
0	47	kayenta
5	0	kayenta
5	0	kayenta
5	0	kayenta
1	1	kayenta
38	39	kayenta
25	8	kayenta
6	4	kayenta
9	4	kayenta
11	7	kayenta
9	4	kayenta
13	7	kayenta
0	8	kayenta
73	62	kayenta

--bb6efe2--2017-12-18--Michael Graff
0	8	kayenta

--7200c48--2017-12-14--Michael Graff
2	0	kayenta
7	1	kayenta

--78523bf--2017-12-14--Michael Graff
1	0	kayenta

--8d68534--2017-12-14--Michael Graff
3	2	kayenta

--016813b--2017-12-14--Matt Duftler
14	5	kayenta

--3f4fde2--2017-12-13--Michael Graff
0	11	kayenta

--f65f2b8--2017-12-13--Michael Graff
6	10	kayenta
16	0	kayenta
34	8	kayenta
109	0	kayenta

--130012e--2017-12-11--Michael Graff
5	2	kayenta
0	14	kayenta

--9ef083f--2017-12-11--Chris Sanden
11	8	kayenta
169	0	kayenta

--15110a9--2017-12-11--Matt Duftler
2	1	kayenta
2	2	kayenta
4	18	kayenta
4	0	kayenta
11	0	kayenta
2	0	kayenta
22	2	kayenta
2	1	kayenta
2	0	kayenta
4	18	kayenta
2	0	kayenta
35	0	kayenta
22	2	kayenta
29	14	kayenta
74	14	kayenta
7	21	kayenta
102	0	kayenta
1	1	kayenta

--31a40b8--2017-12-07--Matt Duftler
60	0	kayenta
1	0	kayenta

--d59a351--2017-12-07--Michael Graff
4	1	kayenta
3	1	kayenta
4	1	kayenta
3	1	kayenta
4	1	kayenta
3	1	kayenta

--ebce2b5--2017-12-07--Michael Graff
16	0	kayenta
20	0	kayenta

--963d715--2017-12-06--Matt Duftler
22	5	kayenta

--a880bac--2017-12-06--Matt Duftler
22	4	kayenta

--a42741c--2017-12-06--Matt Duftler
40	1	kayenta
7	7	kayenta
23	4	kayenta

--9821a37--2017-12-01--Michael Graff
23	9	kayenta
1	0	kayenta
8	1	kayenta

--dd062ce--2017-11-29--Michael Graff
0	1	kayenta

--73d72ff--2017-11-29--Michael Graff
0	3	kayenta
0	2	kayenta
0	1	kayenta

--26d2a4e--2017-11-29--Michael Graff
0	4	kayenta

--a498dc1--2017-11-21--Michael Graff
1	1	kayenta

--f46bfb2--2017-11-21--Michael Graff
1	2	kayenta
5	1	kayenta

--26241c4--2017-11-20--Matt Duftler
1	1	kayenta
3	1	kayenta

--d1694a2--2017-11-20--Matt Duftler
1	1	kayenta
1	2	kayenta
5	5	kayenta
1	2	kayenta
1	2	kayenta
1	2	kayenta
-	-	kayenta-orca/libs/orca-queue-1.369.0-SNAPSHOT-test.jar
12	7	kayenta
7	15	kayenta
1	2	kayenta
1	2	kayenta
14	20	kayenta

--4d3e7fb--2017-11-19--Michael Graff
7	5	kayenta
2	1	kayenta

--11bdbfe--2017-11-17--Michael Graff
2	1	kayenta

--4d56d29--2017-11-16--Chris Sanden
1	1	kayenta

--1301a7c--2017-11-16--Matt Duftler
0	3	kayenta
1	1	kayenta
2	0	kayenta
3	0	kayenta
1	1	kayenta
2	0	kayenta
18	9	kayenta

--df7afe2--2017-11-16--Matt Duftler
4	2	kayenta

--96fee55--2017-11-16--Matt Duftler
2	1	kayenta

--0e440d0--2017-11-15--Michael Graff
1	1	kayenta

--5f50cde--2017-11-15--Michael Graff
1	0	kayenta
2	0	kayenta
2	1	kayenta
2	0	kayenta
2	1	kayenta

--538709f--2017-11-15--Michael Graff
2	1	kayenta

--457724b--2017-11-15--Matt Duftler
3	1	kayenta
10	3	kayenta
3	2	kayenta
2	1	kayenta
10	3	kayenta
10	0	kayenta

--1edc513--2017-11-14--Michael Graff
2	0	kayenta
7	0	kayenta

--bf28136--2017-11-14--Michael Graff
1	1	kayenta
1	1	kayenta
2	0	kayenta

--0fb0677--2017-11-10--Michael Graff
2	2	kayenta
2	2	kayenta

--0b99e5f--2017-11-10--Michael Graff
21	3	kayenta

--2ba7fc5--2017-11-10--Michael Graff
15	2	kayenta

--be27ae9--2017-11-10--Michael Graff
6	3	kayenta
5	5	kayenta

--be5bd74--2017-11-10--Michael Graff
1	1	kayenta

--5d95d2d--2017-11-10--Michael Graff
5	5	kayenta

--db47f0a--2017-11-10--Michael Graff
3	1	kayenta
1	1	kayenta
0	1	kayenta
0	1	kayenta
0	1	kayenta
0	1	kayenta
1	6	kayenta
0	3	kayenta
1	6	kayenta
0	1	kayenta
0	2	kayenta
0	3	kayenta
1	3	kayenta
1	6	kayenta
1	6	kayenta
1	5	kayenta
1	7	kayenta
1	0	kayenta
1	0	kayenta
3	2	kayenta
1	6	kayenta
1	6	kayenta
0	3	kayenta
1	6	kayenta
21	5	kayenta
3	3	kayenta
1	5	kayenta
1	5	kayenta
1	5	kayenta
1	6	kayenta
42	0	kayenta
3	9	kayenta
1	6	kayenta
1	6	kayenta
1	5	kayenta
1	5	kayenta
1	0	kayenta
2	2	kayenta
2	1	kayenta
0	1	kayenta
1	6	kayenta
1	6	kayenta
0	3	kayenta
1	5	kayenta
1	6	kayenta
3	12	kayenta
0	3	kayenta
1	1	kayenta
3	3	kayenta
2	7	kayenta
0	1	kayenta
3	14	kayenta
0	3	kayenta
0	1	kayenta
2	0	kayenta
1	7	kayenta
5	7	kayenta
9	14	kayenta
1	7	kayenta
1	8	kayenta

--ac902ae--2017-11-03--Michael Graff
9	2	kayenta
0	2	kayenta
6	1	kayenta
26	41	kayenta

--f47dcb4--2017-11-03--Michael Graff
8	2	kayenta
42	0	kayenta
7	2	kayenta
9	0	kayenta
2	4	kayenta
76	0	kayenta
1	1	kayenta

--b0180e6--2017-11-03--Matt Duftler
16	13	kayenta
18	15	kayenta
16	13	kayenta
4	3	kayenta
4	3	kayenta
4	3	kayenta

--a106361--2017-11-02--Matt Duftler
30	0	kayenta
9	7	kayenta

--c5dbc97--2017-11-02--Michael Graff
57	0	kayenta
50	0	kayenta
60	0	kayenta
12	0	kayenta
6	0	kayenta
15	19	kayenta
2	8	kayenta
35	1	kayenta
39	21	kayenta
3	6	kayenta
31	0	kayenta
0	67	kayenta
117	0	kayenta
67	0	kayenta
4	0	kayenta

--a150080--2017-10-31--Matt Duftler
8	0	kayenta

--c912b45--2017-10-27--Matt Duftler
1	1	kayenta
0	2	kayenta
6	0	kayenta
0	6	kayenta
1	1	kayenta
1	0	kayenta
241	0	kayenta
247	0	kayenta
22	0	kayenta
72	0	kayenta
46	0	kayenta
26	0	kayenta
0	2	kayenta
12	0	kayenta
10	2	kayenta
450	0	kayenta
281	0	kayenta
38	0	kayenta
232	45	kayenta
159	26	kayenta
72	56	kayenta
1	0	kayenta
2	2	kayenta
0	2	kayenta
220	53	kayenta
0	2	kayenta
28	28	kayenta
0	3	kayenta
0	3	kayenta
3	0	kayenta
3	0	kayenta

--8199717--2017-10-26--Chris Sanden
3	2	kayenta
8	1	kayenta
7	10	kayenta
1	1	kayenta
266	0	kayenta

--0b17a47--2017-10-26--Michael Graff
0	4	kayenta
28	0	kayenta
38	0	kayenta
88	27	kayenta
1	0	kayenta

--befbac7--2017-10-26--Daniel Peach
1	1	kayenta
1	1	kayenta
1	1	kayenta
1	0	kayenta

--a8e3dc8--2017-10-25--Daniel Peach
4	14	kayenta
2	6	kayenta
43	0	kayenta
76	0	kayenta
4	15	kayenta
4	16	kayenta
20	12	kayenta

--ffb9824--2017-10-24--Daniel Peach
15	1	kayenta
25	1	kayenta

--5a48ebe--2017-10-18--Matt Duftler
9	10	kayenta
4	4	kayenta
3	3	kayenta
8	6	kayenta
21	0	kayenta
2	7	kayenta
0	38	kayenta
3	8	kayenta
4	4	kayenta
0	8	kayenta
5	5	kayenta
4	4	kayenta
4	8	kayenta
4	6	kayenta
3	3	kayenta
4	7	kayenta
3	3	kayenta
18	10	kayenta

--fee8dae--2017-10-17--Michael Graff
2	2	kayenta

--c354c5e--2017-10-17--Michael Graff
12	13	kayenta
2	3	kayenta
6	5	kayenta
5	2	kayenta
12	4	kayenta
3	3	kayenta
0	111	kayenta
12	12	kayenta
5	4	kayenta
31	0	kayenta
18	8	kayenta
1	5	kayenta
1	1	kayenta
2	3	kayenta
38	0	kayenta
84	0	kayenta
2	1	kayenta
1	1	kayenta
2	3	kayenta
2	1	kayenta
2	1	kayenta
0	36	kayenta
2	14	kayenta
2	3	kayenta
7	8	kayenta
4	11	kayenta
13	19	kayenta
1	1	kayenta
0	36	kayenta
2	14	kayenta
8	12	kayenta
6	12	kayenta
11	11	kayenta
19	40	kayenta

--bedfcfb--2017-10-16--Michael Graff
4	0	kayenta
2	4	kayenta
6	0	kayenta
11	0	kayenta
1	0	kayenta

--7512fd9--2017-10-16--Michael Graff
3	4	kayenta

--3ec84f7--2017-10-12--Michael Graff
16	0	kayenta

--bb0f66a--2017-10-10--Michael Graff
1	1	kayenta
1	1	kayenta
1	1	kayenta
1	1	kayenta
1	1	kayenta
1	1	kayenta
1	1	kayenta
1	1	kayenta
1	1	kayenta
1	1	kayenta
1	1	kayenta
1	1	kayenta
1	1	kayenta

--fe91806--2017-10-10--Michael Graff
3	3	kayenta
4	4	kayenta
1	1	kayenta

--61d0f34--2017-10-05--Chris Sanden
4	2	kayenta

--c613f9a--2017-10-04--Chris Sanden
1	1	kayenta

--ab9549a--2017-10-03--Chris Sanden
5	5	kayenta
29	4	kayenta
14	7	kayenta
47	1	kayenta

--12fb29f--2017-10-02--Chris Sanden
15	11	kayenta

--3ed4d49--2017-10-02--Michael Graff
2	2	kayenta
8	0	kayenta

--e76f5c8--2017-09-30--Michael Graff
5	3	kayenta
1	1	kayenta

--b36e040--2017-09-25--Michael Graff
12	0	kayenta
101	0	kayenta
31	0	kayenta
42	0	kayenta
97	0	kayenta
32	0	kayenta
58	0	kayenta
43	0	kayenta
144	0	kayenta
1	0	kayenta
2	0	kayenta
3	0	kayenta
1	0	kayenta

--c1df72a--2017-09-22--Matt Duftler
11	1	kayenta
3	1	kayenta
118	0	kayenta
1	1	kayenta
1	1	kayenta
1	0	kayenta

--b2f1e83--2017-09-20--Matt Duftler
10	14	kayenta
0	7	kayenta
8	0	kayenta
11	18	kayenta
0	8	kayenta
9	0	kayenta
4	2	kayenta

--ce0b754--2017-09-19--Matt Duftler
1	1	kayenta
11	6	kayenta

--066d3fd--2017-09-18--Matt Duftler
2	1	kayenta
5	0	kayenta
6	0	kayenta
2	0	kayenta
8	0	kayenta
5	0	kayenta
5	0	kayenta
8	1	kayenta
5	0	kayenta

--477ca07--2017-09-18--Matt Duftler
1	1	kayenta
4	4	kayenta
1	1	kayenta

--992a9c0--2017-09-18--Matt Duftler
9	5	kayenta
2	0	kayenta
1	1	kayenta

--1863ce6--2017-09-18--Michael Graff
8	4	kayenta
15	6	kayenta
2	1	kayenta
9	4	kayenta
9	4	kayenta
37	38	kayenta
12	4	kayenta

--46e708b--2017-09-15--Matt Duftler
32	0	kayenta

--47f0dcd--2017-09-15--Matt Duftler
4	0	kayenta
45	0	kayenta
12	18	kayenta
5	6	kayenta
6	4	kayenta
5	3	kayenta

--49c47e0--2017-09-15--Matt Duftler
1	1	kayenta
8	0	kayenta
16	3	kayenta
56	0	kayenta
1	0	kayenta
8	0	kayenta
-	-	kayenta-orca/libs/orca-queue-1.369.0-SNAPSHOT-test.jar
6	0	kayenta
1	4	kayenta

--eeb6f53--2017-09-15--Chris Sanden
0	48	kayenta
43	0	kayenta

--da4ee83--2017-09-07--Chris Sanden
1	1	kayenta

--dbb42b9--2017-09-07--Michael Graff
1	1	kayenta
6	6	kayenta

--93e900e--2017-09-06--Michael Graff
2	2	kayenta

--007648e--2017-09-06--Michael Graff
14	1	kayenta

--c6d2074--2017-09-06--Michael Graff
0	204	kayenta
209	0	kayenta

--a02f55c--2017-09-06--Matt Duftler
1	0	kayenta

--1e6a5cb--2017-08-31--Matt Duftler
11	0	kayenta
1	0	kayenta

--5344e21--2017-08-31--Matt Duftler
6	0	kayenta
16	0	kayenta
16	0	kayenta
16	0	kayenta
16	0	kayenta
16	0	kayenta
16	0	kayenta
16	0	kayenta
30	14	kayenta
16	0	kayenta
16	0	kayenta
16	0	kayenta
16	0	kayenta
16	0	kayenta
16	0	kayenta
16	0	kayenta
16	0	kayenta
16	0	kayenta
1	1	kayenta
1	1	kayenta
1	1	kayenta

--de7cbbc--2017-08-31--Chris Sanden
0	5	kayenta

--60ae173--2017-08-31--Michael Graff
17	0	kayenta

--c7b6106--2017-08-31--Michael Graff
1	3	kayenta

--c1e65ec--2017-08-31--Chris Sanden
16	1	kayenta
6	0	kayenta
7	4	kayenta
8	1	kayenta
38	0	kayenta
0	39	kayenta
0	14	kayenta
0	34	kayenta
25	0	kayenta
203	0	kayenta
55	0	kayenta
35	0	kayenta
17	0	kayenta
77	0	kayenta
11	0	kayenta
16	0	kayenta
20	0	kayenta
46	0	kayenta
61	0	kayenta
25	0	kayenta
12	0	kayenta
10	0	kayenta
83	0	kayenta
35	0	kayenta
64	0	kayenta
80	0	kayenta
39	0	kayenta
72	0	kayenta
60	0	kayenta
13	0	kayenta
71	0	kayenta
69	0	kayenta
32	0	kayenta
27	0	kayenta
7	0	kayenta
3	0	kayenta
41	0	kayenta
1	0	kayenta
3	1	kayenta
2	1	kayenta

--50598b8--2017-08-30--Matt Duftler
3	0	kayenta

--5d8b13a--2017-08-30--Michael Graff
1	0	kayenta

--2601bc4--2017-08-30--Michael Graff
1	1	kayenta

--c0c3fe0--2017-08-30--Michael Graff
1	1	kayenta
6	0	kayenta

--1007e62--2017-08-30--Michael Graff
5	3	kayenta

--1462c30--2017-08-30--Michael Graff
3	3	kayenta

--3226bb0--2017-08-30--Michael Graff
6	0	kayenta

--195fc0d--2017-08-30--Matt Duftler
0	1	kayenta
0	1	kayenta
0	26	kayenta
1	6	kayenta
2	2	kayenta
0	4	kayenta

--bd8d7c8--2017-08-29--Matt Duftler
1	0	kayenta

--2a963d1--2017-08-29--Matt Duftler
11	0	kayenta
133	0	kayenta
28	0	kayenta
40	0	kayenta
30	0	kayenta
54	0	kayenta
1	1	kayenta
43	41	kayenta
13	2	kayenta
2	2	kayenta
13	0	kayenta
59	0	kayenta
242	0	kayenta
2	0	kayenta
5	1	kayenta
13	1	kayenta
2	0	kayenta

--a34608e--2017-08-22--Matt Duftler
0	3	kayenta
0	4	kayenta

--2ad9296--2017-08-22--Eric Wiseblatt
3	2	kayenta

--ef52c30--2017-08-22--Eric Wiseblatt
2	0	kayenta
51	0	kayenta
14	0	kayenta
39	0	kayenta
54	0	kayenta
110	0	kayenta
69	0	kayenta
32	0	kayenta
95	0	kayenta
95	0	kayenta
160	0	kayenta
64	0	kayenta
43	0	kayenta
119	0	kayenta
35	0	kayenta
55	0	kayenta
33	0	kayenta
1	0	kayenta
2	0	kayenta
40	0	kayenta
1	0	kayenta

--5561e54--2017-08-10--Matt Duftler
0	63	kayenta
63	0	kayenta

--8b2550c--2017-08-04--Matt Duftler
1	0	kayenta
1	0	kayenta
26	0	kayenta
6	1	kayenta
2	2	kayenta
4	0	kayenta

--3c93d77--2017-08-04--Matt Duftler
0	16	kayenta
42	0	kayenta
3	1	kayenta
3	1	kayenta
9	1	kayenta
2	2	kayenta
19	1	kayenta

--e843144--2017-08-03--Matt Duftler
2	2	kayenta

--de61a9d--2017-08-03--Matt Duftler
66	0	kayenta

--277c597--2017-08-03--Matt Duftler
6	1	kayenta

--6716b16--2017-07-27--Matt Duftler
1	1	kayenta
0	39	kayenta

--6e4353e--2017-07-27--Matt Duftler
0	56	kayenta
2	2	kayenta

--f586a7e--2017-07-25--Matt Duftler
0	1	kayenta
0	3	kayenta
1	1	kayenta

--793204b--2017-07-25--Matt Duftler
6	2	kayenta
1	0	kayenta
8	3	kayenta
29	1	kayenta
4	0	kayenta
40	0	kayenta
4	0	kayenta
1	0	kayenta
1	1	kayenta
1	1	kayenta

--c7be762--2017-07-25--Matt Duftler
1	1	kayenta

--d51202e--2017-07-25--Matt Duftler
2	0	kayenta
1	1	kayenta

--5d9e89a--2017-07-24--Michael Graff
1	1	kayenta

--9f945fc--2017-07-24--Matt Duftler
1	0	kayenta
1	1	kayenta
3	3	kayenta
4	4	kayenta
-	-	kayenta-orca/libs/orca-queue-1.369.0-SNAPSHOT-test.jar
2	2	kayenta
1	1	kayenta
1	1	kayenta
2	0	kayenta
8	2	kayenta

--f254fce--2017-07-24--Matt Duftler
2	2	kayenta
1	0	kayenta
1	1	kayenta
3	3	kayenta
1	1	kayenta
1	1	kayenta
1	1	kayenta
2	2	kayenta

--dce0a25--2017-07-24--Matt Duftler
1	1	kayenta
3	3	kayenta
1	1	kayenta
1	1	kayenta
1	1	kayenta
1	1	kayenta
1	1	kayenta
1	1	kayenta

--343ed3d--2017-07-24--Michael Graff
2	2	kayenta
2	1	kayenta
1	1	kayenta
1	1	kayenta

--b253810--2017-07-20--Michael Graff
1	1	kayenta

--23e81f9--2017-07-20--Michael Graff
5	5	kayenta

--a7628bb--2017-07-20--Michael Graff
1	0	kayenta
39	0	kayenta

--f81a287--2017-07-20--Daniel Peach
33	1	kayenta

--126f30d--2017-07-19--Danny Thomas
6	4	kayenta

--371fd0c--2017-07-19--Daniel Peach
1	1	kayenta

--37a1fa6--2017-07-19--Michael Graff
10	0	kayenta
1	1	kayenta

--1928d2b--2017-07-19--Michael Graff
1	1	kayenta

--73fec42--2017-07-18--Matt Duftler
5	5	kayenta
2	2	kayenta
3	2	kayenta
6	9	kayenta
2	2	kayenta
7	5	kayenta
4	4	kayenta

--11d156f--2017-06-29--Michael Graff
59	0	kayenta

--e13bb5e--2017-06-28--Michael Graff
3	11	kayenta
41	0	kayenta
3	2	kayenta
8	0	kayenta
30	0	kayenta

--900deb9--2017-06-27--Michael Graff
13	8	kayenta
20	5	kayenta
36	8	kayenta
11	3	kayenta
11	3	kayenta
3	1	kayenta
9	3	kayenta
8	3	kayenta
15	4	kayenta
11	5	kayenta

--d7c4aef--2017-06-26--Michael Graff
2	2	kayenta

--6f53140--2017-06-26--Michael Graff
2	0	kayenta
1	1	kayenta

--fdd26aa--2017-06-26--Michael Graff
2	2	kayenta

--c5e5ba3--2017-06-26--Michael Graff
1	1	kayenta

--32d3917--2017-06-26--Michael Graff
--1807f9f--2017-06-26--Michael Graff
2	2	kayenta

--4532dfc--2017-06-26--Michael Graff
4	0	kayenta
9	1	kayenta

--a4659d4--2017-06-23--Michael Graff
17	1	kayenta
1	1	kayenta
39	0	kayenta
1	2	kayenta
0	45	kayenta

--67c9c32--2017-06-23--Michael Graff
2	2	kayenta

--8f6d8c5--2017-06-23--Matt Duftler
17	21	kayenta

--3a44a39--2017-06-23--Matt Duftler
0	48	kayenta
0	37	kayenta
0	50	kayenta
0	42	kayenta
0	45	kayenta
0	21	kayenta
48	0	kayenta
37	0	kayenta
49	0	kayenta
42	0	kayenta
45	0	kayenta
21	0	kayenta

--2a62e2b--2017-06-22--Michael Graff
1	0	kayenta

--1f1f607--2017-06-22--Michael Graff
1	0	kayenta

--8c7caf2--2017-06-22--Michael Graff
--6ac272b--2017-06-22--Michael Graff
1	1	kayenta

--eff2bbb--2017-06-22--Cameron Fieber
4	0	kayenta

--f1f25d8--2017-06-22--Michael Graff
48	0	kayenta
37	0	kayenta
50	0	kayenta
42	0	kayenta
45	0	kayenta
21	0	kayenta

--996876f--2017-06-21--Matt Duftler
1	0	kayenta
3	4	kayenta
14	12	kayenta

--06b3c86--2017-06-21--Matt Duftler
0	1	kayenta

--f492a09--2017-06-15--Matt Duftler
3	2	kayenta
8	8	kayenta
0	1	kayenta
15	11	kayenta
27	12	kayenta
3	2	kayenta
7	7	kayenta
3	0	kayenta
2	2	kayenta
2	2	kayenta
2	2	kayenta

--63000f4--2017-06-14--Matt Duftler
16	17	kayenta
1	0	kayenta
9	12	kayenta
10	18	kayenta
14	15	kayenta
22	24	kayenta
31	35	kayenta
22	24	kayenta
22	24	kayenta

--ec656c0--2017-06-14--Matt Duftler
4	0	kayenta
51	0	kayenta
2	2	kayenta
1	1	kayenta
1	1	kayenta
0	37	kayenta
2	0	kayenta
30	0	kayenta
0	42	kayenta
38	0	kayenta
43	0	kayenta
0	6	kayenta
53	0	kayenta
3	3	kayenta
4	5	kayenta
2	1	kayenta
1	0	kayenta
217	0	kayenta
6	6	kayenta

--077dfcd--2017-06-02--Matt Duftler
31	32	kayenta
3	2	kayenta
5	4	kayenta
2	2	kayenta
14	13	kayenta
92	90	kayenta

--d0f36fb--2017-06-02--Matt Duftler
1	1	kayenta
37	14	kayenta
47	11	kayenta
0	68	kayenta
0	106	kayenta
33	0	kayenta
43	0	kayenta
89	0	kayenta
2	1	kayenta
0	1	kayenta
73	0	kayenta
48	16	kayenta
55	11	kayenta
0	71	kayenta
0	119	kayenta
57	0	kayenta
25	13	kayenta
38	0	kayenta
23	13	kayenta

--4700a12--2017-06-02--Matt Duftler
1	0	kayenta
17	72	kayenta
2	2	kayenta
43	0	kayenta
69	0	kayenta
68	0	kayenta
106	0	kayenta
11	4	kayenta
4	0	kayenta
37	0	kayenta
1	2	kayenta
27	0	kayenta
42	0	kayenta
7	2	kayenta
0	37	kayenta
18	2	kayenta
10	0	kayenta
0	27	kayenta
0	42	kayenta
43	0	kayenta
95	0	kayenta
56	0	kayenta
3	1	kayenta
9	2	kayenta
-	-	kayenta-orca/libs/orca-queue-1.369.0-SNAPSHOT-test.jar
81	0	kayenta
116	0	kayenta
0	2	kayenta
1	0	kayenta
18	82	kayenta
2	2	kayenta
43	0	kayenta
69	0	kayenta
71	0	kayenta
119	0	kayenta
5	0	kayenta
0	2	kayenta
122	0	kayenta
61	0	kayenta
61	0	kayenta

--553f8c0--2017-06-02--Michael Graff
6	0	kayenta
84	0	kayenta
27	0	kayenta
33	0	kayenta
33	0	kayenta
47	0	kayenta
147	0	kayenta
3	0	kayenta
1	0	kayenta
2	0	kayenta
1	1	kayenta

--4ad0641--2017-05-29--Matt Duftler
3	3	kayenta
2	2	kayenta
6	6	kayenta
2	2	kayenta
3	35	kayenta
2	2	kayenta
3	1	kayenta

--79155d1--2017-05-23--Matt Duftler
2	4	kayenta
2	0	kayenta
33	0	kayenta
10	0	kayenta
-	-	kayenta-orca/libs/orca-queue-1.369.0-SNAPSHOT-test.jar
225	0	kayenta
1	0	kayenta
1	1	kayenta

--e2fb9c1--2017-05-23--Matt Duftler
1	1	kayenta
3	3	kayenta
3	1	kayenta

--3a6cbcd--2017-05-23--Matt Duftler
61	0	kayenta
4	1	kayenta

--0bfdeac--2017-05-23--Matt Duftler
2	3	kayenta

--4fe3b65--2017-05-23--Matt Duftler
46	4	kayenta
1	0	kayenta
44	0	kayenta
120	0	kayenta
19	10	kayenta
5	1	kayenta
2	1	kayenta
10	3	kayenta
16	22	kayenta
23	11	kayenta
4	1	kayenta
6	27	kayenta
4	0	kayenta
37	0	kayenta
27	0	kayenta
5	4	kayenta
42	0	kayenta
40	0	kayenta
1	0	kayenta
36	0	kayenta
132	0	kayenta
33	23	kayenta
17	0	kayenta
0	40	kayenta
0	90	kayenta
1	0	kayenta

--02dfe9c--2017-05-22--Matt Duftler
2	1	kayenta

--7a04678--2017-05-18--Michael Graff
67	0	kayenta

--bd536a3--2017-05-18--Matt Duftler
1	1	kayenta

--8094fb1--2017-05-18--Matt Duftler
1	1	kayenta
1	1	kayenta

--d19884a--2017-05-18--Michael Graff
2	2	kayenta
7	0	kayenta
45	10	kayenta
45	0	kayenta
10	10	kayenta
135	0	kayenta
57	0	kayenta

--325d1b2--2017-05-18--Matt Duftler
2	1	kayenta

--a06b514--2017-05-18--Matt Duftler
1	0	kayenta

--aaf448c--2017-05-18--Michael Graff
1	1	kayenta
26	0	kayenta

--6ed9a5f--2017-05-17--Michael Graff
0	1	kayenta

--a8a724a--2017-05-17--Matt Duftler
8	7	kayenta

--9e67042--2017-05-17--Michael Graff
10	0	kayenta

--192281a--2017-05-17--Matt Duftler
43	43	kayenta
47	47	kayenta

--e0de8d1--2017-05-17--Matt Duftler
6	2	kayenta
120	0	kayenta
27	24	kayenta
5	0	kayenta
4	1	kayenta
3	1	kayenta
0	560	kayenta
13	6	kayenta
1	0	kayenta

--a827b54--2017-05-17--Michael Graff
7	7	kayenta
1	1	kayenta
2	2	kayenta
10	10	kayenta

--e4678fd--2017-05-17--Michael Graff
1	1	kayenta

--b7bd270--2017-05-17--Michael Graff
30	6	kayenta
2	0	kayenta

--6ed889d--2017-05-17--Matt Duftler
1	24	kayenta
2	9	kayenta
41	8	kayenta
82	0	kayenta
43	0	kayenta
0	66	kayenta
178	0	kayenta
0	70	kayenta

--60e1bf8--2017-05-17--Michael Graff
16	0	kayenta
4	0	kayenta
6	0	kayenta
22	0	kayenta

--e998b57--2017-05-16--Michael Graff
7	3	kayenta
19	11	kayenta

--dde723b--2017-05-16--Michael Graff
25	0	kayenta
62	0	kayenta
62	0	kayenta

--e993ff9--2017-05-16--Matt Duftler
1	1	kayenta
5	0	kayenta
78	2	kayenta
38	0	kayenta
2	0	kayenta
37	1	kayenta

--07905c6--2017-05-16--Matt Duftler
2	0	kayenta
1	1	kayenta
1	1	kayenta
28	6	kayenta
1	1	kayenta

--d2e8f5a--2017-05-16--Matt Duftler
4	0	kayenta
6	3	kayenta
5	3	kayenta
1	0	kayenta
6	3	kayenta
9	8	kayenta
84	0	kayenta

--a23af0b--2017-05-16--Matt Duftler
6	27	kayenta
40	0	kayenta
3	14	kayenta

--6b5d465--2017-05-16--Matt Duftler
68	0	kayenta
57	0	kayenta
48	0	kayenta
9	6	kayenta
1	0	kayenta
34	2	kayenta
2	1	kayenta
102	0	kayenta

--d763ffe--2017-04-26--Matt Duftler
10	6	kayenta
27	0	kayenta
67	3	kayenta
6	6	kayenta
237	0	kayenta
0	162	kayenta
92	0	kayenta
40	35	kayenta
14	11	kayenta

--2491355--2017-04-19--Matt Duftler
3	2	kayenta
1	0	kayenta
7	0	kayenta
76	0	kayenta
45	0	kayenta
162	0	kayenta
4	2	kayenta
2	2	kayenta

--5cde992--2017-04-13--Matt Duftler
39	4	kayenta
57	0	kayenta
5	5	kayenta
1	1	kayenta
74	8	kayenta
10	10	kayenta

--e9cd8f7--2017-03-23--Matt Duftler
8	0	kayenta
103	0	kayenta
36	0	kayenta
34	0	kayenta
65	0	kayenta
38	0	kayenta
33	0	kayenta
55	0	kayenta
27	0	kayenta
51	0	kayenta
560	0	kayenta
2	0	kayenta
4	0	kayenta
2	0	kayenta
32	0	kayenta
48	0	kayenta
59	0	kayenta
2	0	kayenta
7	9	kayenta
2	1	kayenta
5	0	kayenta
8	12	kayenta
1	0	kayenta
19	3	kayenta
2	1	kayenta
4	2	kayenta
2	2	kayenta
1	1	kayenta

--326dfa8--2017-03-20--Michael Graff
2	2	kayenta

--0501a65--2017-03-20--Michael Graff
2	2	kayenta

--ab4de6e--2017-03-20--Michael Graff
2	2	kayenta

--6b24065--2017-03-20--Michael Graff
7	11	kayenta

--7aa9c54--2017-03-20--Michael Graff
84	0	kayenta

--1486f0c--2017-03-15--Matt Duftler
1	1	kayenta
47	0	kayenta
37	0	kayenta
29	0	kayenta
23	0	kayenta
77	0	kayenta
44	0	kayenta
35	0	kayenta
30	0	kayenta
52	0	kayenta
37	0	kayenta
34	0	kayenta
22	0	kayenta
23	0	kayenta
0	47	kayenta
0	37	kayenta
0	29	kayenta
0	23	kayenta
0	77	kayenta
0	44	kayenta
0	35	kayenta
0	30	kayenta
0	52	kayenta
0	37	kayenta
0	34	kayenta
0	25	kayenta
0	23	kayenta
60	0	kayenta
133	0	kayenta
0	61	kayenta
0	133	kayenta
97	0	kayenta
28	0	kayenta
67	0	kayenta
103	0	kayenta
52	0	kayenta
56	0	kayenta
0	98	kayenta
0	28	kayenta
0	67	kayenta
0	106	kayenta
0	56	kayenta
0	56	kayenta
62	0	kayenta
77	0	kayenta
0	62	kayenta
0	77	kayenta
73	0	kayenta
25	0	kayenta
39	0	kayenta
97	0	kayenta
0	73	kayenta
0	25	kayenta
0	39	kayenta
0	97	kayenta

--113868c--2017-03-02--Matt Duftler
2	1	kayenta
77	0	kayenta
44	0	kayenta
2	0	kayenta
2	0	kayenta

--d024f9e--2017-03-01--Matt Duftler
--d152a42--2017-02-28--duftler
1	0	kayenta
8	0	kayenta
9	10	kayenta
5	4	kayenta
3	1	kayenta
3	2	kayenta
12	13	kayenta
37	0	kayenta
34	0	kayenta
25	0	kayenta
23	0	kayenta
7	0	kayenta
61	0	kayenta
133	0	kayenta
14	3	kayenta
9	0	kayenta
35	6	kayenta
5	3	kayenta
8	0	kayenta
11	8	kayenta
2	0	kayenta
2	0	kayenta
2	0	kayenta
39	13	kayenta
1	1	kayenta

--57c732a--2017-02-20--Matt Duftler
1	0	kayenta

--0ea0f23--2017-02-18--Matt Duftler
--2ec1ee3--2017-02-16--duftler
4	0	kayenta
39	0	kayenta
38	0	kayenta
28	0	kayenta
21	0	kayenta
35	0	kayenta
29	0	kayenta
53	0	kayenta
8	0	kayenta
87	0	kayenta
28	0	kayenta
58	0	kayenta
77	0	kayenta
54	0	kayenta
48	0	kayenta
9	0	kayenta
62	0	kayenta
74	0	kayenta
23	0	kayenta
5	0	kayenta
10	1	kayenta
25	0	kayenta
39	0	kayenta
71	0	kayenta
2	0	kayenta
1	1	kayenta

--bda95a0--2017-01-27--Lars Wander
11	0	kayenta
203	0	kayenta
1	0	kayenta
55	0	kayenta
26	0	kayenta
19	0	kayenta
4	0	kayenta
-	-	gradle/wrapper/gradle-wrapper.jar
6	0	kayenta
160	0	kayenta
90	0	kayenta
0	0	kayenta
9	0	kayenta
8	0	kayenta
23	0	kayenta
14	0	kayenta
3	0	kayenta
60	0	kayenta
5	0	kayenta
31	0	kayenta

--9d9d65a--2017-01-27--Lars Wander
8	0	kayenta
