--6083789--2022-12-06--Sergejs Visockis
0	9	metadata-graphql-app
0	107	metadata-graphql-app
0	12	metadata-graphql-app
0	34	metadata-graphql-app
0	91	metadata-graphql-app
0	67	metadata-graphql-app
0	6	metadata-graphql-app
0	6	metadata-graphql-app
0	6	metadata-graphql-app
0	6	metadata-graphql-app
0	6	metadata-graphql-app
0	6	metadata-graphql-app
0	6	metadata-graphql-app
0	6	metadata-graphql-app
0	6	metadata-graphql-app
0	6	metadata-graphql-app
0	6	metadata-graphql-app
0	6	metadata-graphql-app
0	6	metadata-graphql-app
0	43	metadata-graphql-app
0	50	metadata-graphql-app
0	76	metadata-graphql-app
0	39	metadata-graphql-app
0	47	metadata-graphql-app
0	40	metadata-graphql-app
0	38	metadata-graphql-app
0	40	metadata-graphql-app
0	60	metadata-graphql-app
0	66	metadata-graphql-app
0	50	metadata-graphql-app
0	9	metadata-graphql-app
0	12	metadata-graphql-app
0	22	metadata-graphql-app
0	22	metadata-graphql-app
0	23	metadata-graphql-app
0	74	metadata-graphql-app
0	11	metadata-graphql-app
0	12	metadata-graphql-app
0	12	metadata-graphql-app
0	29	metadata-graphql-app
0	27	metadata-graphql-app
0	13	metadata-graphql-app
0	64	metadata-graphql-app
0	43	metadata-graphql-app
0	14	metadata-graphql-app
0	13	metadata-graphql-app
0	11	metadata-graphql-app
0	3	metadata-graphql-app
0	60	metadata-graphql-app
0	17	metadata-graphql-app
9	0	metadata-graphql-app
107	0	metadata-graphql-app
12	0	metadata-graphql-app
34	0	metadata-graphql-app
91	0	metadata-graphql-app
67	0	metadata-graphql-app
6	0	metadata-graphql-app
6	0	metadata-graphql-app
6	0	metadata-graphql-app
6	0	metadata-graphql-app
6	0	metadata-graphql-app
6	0	metadata-graphql-app
6	0	metadata-graphql-app
6	0	metadata-graphql-app
6	0	metadata-graphql-app
6	0	metadata-graphql-app
6	0	metadata-graphql-app
6	0	metadata-graphql-app
6	0	metadata-graphql-app
43	0	metadata-graphql-app
50	0	metadata-graphql-app
76	0	metadata-graphql-app
39	0	metadata-graphql-app
47	0	metadata-graphql-app
40	0	metadata-graphql-app
38	0	metadata-graphql-app
40	0	metadata-graphql-app
60	0	metadata-graphql-app
66	0	metadata-graphql-app
50	0	metadata-graphql-app
9	0	metadata-graphql-app
12	0	metadata-graphql-app
22	0	metadata-graphql-app
22	0	metadata-graphql-app
23	0	metadata-graphql-app
74	0	metadata-graphql-app
11	0	metadata-graphql-app
12	0	metadata-graphql-app
12	0	metadata-graphql-app
29	0	metadata-graphql-app
27	0	metadata-graphql-app
13	0	metadata-graphql-app
64	0	metadata-graphql-app
43	0	metadata-graphql-app
14	0	metadata-graphql-app
13	0	metadata-graphql-app
11	0	metadata-graphql-app
3	0	metadata-graphql-app
60	0	metadata-graphql-app
17	0	metadata-graphql-app

--8aae88f--2022-07-02--Sergejs Visockis
11	18	metadata-graphql-app
0	21	metadata-graphql-app
9	0	metadata-graphql-app

--f86ee0a--2022-07-02--Sergejs Visockis

--5eeaa62--2022-07-02--Sergejs Visockis

--b3103e0--2022-06-15--Sergejs Visockis

--47da960--2022-06-12--Sergejs Visockis
--3001359--2022-06-12--Sergejs Visockis
6	4	metadata-graphql-app
0	1	metadata-graphql-app
0	99	metadata-graphql-app
74	0	metadata-graphql-app
29	0	metadata-graphql-app
1	1	metadata-graphql-app

--7dbbaff--2022-06-12--Sergejs Visockis
--f735a1e--2022-06-11--Sergejs Visockis

--70ab067--2022-06-11--Sergejs Visockis
1	1	metadata-graphql-app

--a13dc37--2022-06-11--Sergejs Visockis
1	1	metadata-graphql-app

--cde4673--2022-06-11--Sergejs Visockis
--5bafc7d--2022-06-11--Sergejs Visockis

--2b5426e--2022-06-11--Sergejs Visockis

--cc11f7a--2022-06-11--Sergejs Visockis
--8e738e9--2022-06-11--Sergejs Visockis

--2572d89--2022-05-22--Sergejs Visockis
3	3	metadata-graphql-app
5	5	metadata-graphql-app

--a3c4ef0--2022-05-21--Sergejs Visockis

--39d2b06--2022-05-20--Sergejs Visockis
3	0	metadata-graphql-app
9	0	metadata-graphql-app
99	0	metadata-graphql-app
1	0	metadata-graphql-app
17	0	metadata-graphql-app

--50930f6--2022-05-20--Sergejs Visockis
1	1	metadata-graphql-app

--63ba72f--2022-05-07--Sergejs Visockis
7	1	metadata-graphql-app
0	7	metadata-graphql-app

--225fdc5--2022-05-04--Sergejs Visockis
1	2	metadata-graphql-app

--8991349--2022-04-02--Sergejs Visockis
3	2	metadata-graphql-app
3	2	metadata-graphql-app
4	3	metadata-graphql-app
3	2	metadata-graphql-app
3	2	metadata-graphql-app
3	2	metadata-graphql-app
3	2	metadata-graphql-app
3	2	metadata-graphql-app
4	3	metadata-graphql-app
3	2	metadata-graphql-app
3	2	metadata-graphql-app

--dd10ac5--2022-03-05--Sergei Visotsky

--0900f85--2022-03-05--Sergei Visotsky

--2ae61f0--2022-03-05--Sergei Visotsky
0	10	metadata-graphql-app
0	2	metadata-graphql-app

--289affe--2022-01-29--Sergei Visotsky
-	-	.mvn/wrapper/maven-wrapper.jar
3	0	metadata-graphql-app
104	0	metadata-graphql-app
12	0	metadata-graphql-app
34	0	metadata-graphql-app
98	0	metadata-graphql-app
56	0	metadata-graphql-app
6	0	metadata-graphql-app
6	0	metadata-graphql-app
6	0	metadata-graphql-app
6	0	metadata-graphql-app
6	0	metadata-graphql-app
6	0	metadata-graphql-app
6	0	metadata-graphql-app
6	0	metadata-graphql-app
6	0	metadata-graphql-app
6	0	metadata-graphql-app
6	0	metadata-graphql-app
6	0	metadata-graphql-app
16	0	metadata-graphql-app
42	0	metadata-graphql-app
49	0	metadata-graphql-app
75	0	metadata-graphql-app
38	0	metadata-graphql-app
46	0	metadata-graphql-app
21	0	metadata-graphql-app
39	0	metadata-graphql-app
37	0	metadata-graphql-app
39	0	metadata-graphql-app
59	0	metadata-graphql-app
65	0	metadata-graphql-app
52	0	metadata-graphql-app
12	0	metadata-graphql-app
22	0	metadata-graphql-app
22	0	metadata-graphql-app
24	0	metadata-graphql-app
11	0	metadata-graphql-app
12	0	metadata-graphql-app
12	0	metadata-graphql-app
34	0	metadata-graphql-app
13	0	metadata-graphql-app
64	0	metadata-graphql-app
43	0	metadata-graphql-app
14	0	metadata-graphql-app
13	0	metadata-graphql-app
10	0	metadata-graphql-app
3	0	metadata-graphql-app
60	0	metadata-graphql-app

--e538b4d--2022-01-29--Sergei Visotsky
