--d2f0a6e--2022-12-06--Sergejs Visockis
9	9	rest/docker/docker-compose.yml
12	12	rest/docker/startup.bat
12	12	rest/docker/startup.sh
0	9	rest/metadata-app/Dockerfile
0	48	rest/metadata-app/pom.xml
0	12	rest/metadata-app/src/main/java/io/github/sergeivisotsky/metadata/preconfig/app/MetadataApp.java
0	34	rest/metadata-app/src/main/java/io/github/sergeivisotsky/metadata/preconfig/app/config/AppConfig.java
0	91	rest/metadata-app/src/main/java/io/github/sergeivisotsky/metadata/preconfig/app/config/MapperConfig.java
0	6	rest/metadata-app/src/main/java/io/github/sergeivisotsky/metadata/preconfig/app/domain/ExtendedChartMetadata.java
0	6	rest/metadata-app/src/main/java/io/github/sergeivisotsky/metadata/preconfig/app/domain/ExtendedComboBox.java
0	6	rest/metadata-app/src/main/java/io/github/sergeivisotsky/metadata/preconfig/app/domain/ExtendedFormField.java
0	6	rest/metadata-app/src/main/java/io/github/sergeivisotsky/metadata/preconfig/app/domain/ExtendedFormMetadata.java
0	6	rest/metadata-app/src/main/java/io/github/sergeivisotsky/metadata/preconfig/app/domain/ExtendedFormSection.java
0	6	rest/metadata-app/src/main/java/io/github/sergeivisotsky/metadata/preconfig/app/domain/ExtendedLayout.java
0	6	rest/metadata-app/src/main/java/io/github/sergeivisotsky/metadata/preconfig/app/domain/ExtendedLookupHolder.java
0	6	rest/metadata-app/src/main/java/io/github/sergeivisotsky/metadata/preconfig/app/domain/ExtendedLookupInfo.java
0	6	rest/metadata-app/src/main/java/io/github/sergeivisotsky/metadata/preconfig/app/domain/ExtendedLookupMetadata.java
0	6	rest/metadata-app/src/main/java/io/github/sergeivisotsky/metadata/preconfig/app/domain/ExtendedNavigation.java
0	6	rest/metadata-app/src/main/java/io/github/sergeivisotsky/metadata/preconfig/app/domain/ExtendedNavigationElement.java
0	6	rest/metadata-app/src/main/java/io/github/sergeivisotsky/metadata/preconfig/app/domain/ExtendedViewField.java
0	6	rest/metadata-app/src/main/java/io/github/sergeivisotsky/metadata/preconfig/app/domain/ExtendedViewMetadata.java
0	43	rest/metadata-app/src/main/java/io/github/sergeivisotsky/metadata/preconfig/app/mapper/ChartMetadataMapper.java
0	50	rest/metadata-app/src/main/java/io/github/sergeivisotsky/metadata/preconfig/app/mapper/ComboBoxMapper.java
0	76	rest/metadata-app/src/main/java/io/github/sergeivisotsky/metadata/preconfig/app/mapper/FormFieldMapper.java
0	39	rest/metadata-app/src/main/java/io/github/sergeivisotsky/metadata/preconfig/app/mapper/FormMetadataMapper.java
0	47	rest/metadata-app/src/main/java/io/github/sergeivisotsky/metadata/preconfig/app/mapper/FormSectionMapper.java
0	40	rest/metadata-app/src/main/java/io/github/sergeivisotsky/metadata/preconfig/app/mapper/LayoutMapper.java
0	38	rest/metadata-app/src/main/java/io/github/sergeivisotsky/metadata/preconfig/app/mapper/LookupHolderMapper.java
0	40	rest/metadata-app/src/main/java/io/github/sergeivisotsky/metadata/preconfig/app/mapper/LookupMetadataMapper.java
0	60	rest/metadata-app/src/main/java/io/github/sergeivisotsky/metadata/preconfig/app/mapper/NavigationMapper.java
0	66	rest/metadata-app/src/main/java/io/github/sergeivisotsky/metadata/preconfig/app/mapper/ViewFieldMapper.java
0	50	rest/metadata-app/src/main/java/io/github/sergeivisotsky/metadata/preconfig/app/mapper/ViewMetadataMapper.java
0	9	rest/metadata-app/src/main/java/io/github/sergeivisotsky/metadata/preconfig/app/mapper/model/FormSectionModelMapper.java
0	23	rest/metadata-app/src/main/resources/application.yml
0	9	rest/metadata-deployer/Dockerfile
0	55	rest/metadata-deployer/pom.xml
0	12	rest/metadata-deployer/src/main/java/io/github/sergeivisotsky/metadata/preconfig/deployer/DeployerApp.java
0	3	rest/metadata-deployer/src/main/resources/application.yml
0	227	rest/metadata-deployer/src/main/resources/db/db.changelog-custom-data.xml
0	41	rest/metadata-deployer/src/main/resources/db/db.changelog-custom-schema.xml
0	14	rest/metadata-deployer/src/main/resources/db/db.changelog-master.xml
9	0	rest/metadata-rest-app/Dockerfile
48	0	rest/metadata-rest-app/pom.xml
12	0	rest/metadata-rest-app/src/main/java/io/github/sergeivisotsky/metadata/preconfig/app/MetadataApp.java
34	0	rest/metadata-rest-app/src/main/java/io/github/sergeivisotsky/metadata/preconfig/app/config/AppConfig.java
91	0	rest/metadata-rest-app/src/main/java/io/github/sergeivisotsky/metadata/preconfig/app/config/MapperConfig.java
6	0	rest/metadata-rest-app/src/main/java/io/github/sergeivisotsky/metadata/preconfig/app/domain/ExtendedChartMetadata.java
6	0	rest/metadata-rest-app/src/main/java/io/github/sergeivisotsky/metadata/preconfig/app/domain/ExtendedComboBox.java
6	0	rest/metadata-rest-app/src/main/java/io/github/sergeivisotsky/metadata/preconfig/app/domain/ExtendedFormField.java
6	0	rest/metadata-rest-app/src/main/java/io/github/sergeivisotsky/metadata/preconfig/app/domain/ExtendedFormMetadata.java
6	0	rest/metadata-rest-app/src/main/java/io/github/sergeivisotsky/metadata/preconfig/app/domain/ExtendedFormSection.java
6	0	rest/metadata-rest-app/src/main/java/io/github/sergeivisotsky/metadata/preconfig/app/domain/ExtendedLayout.java
6	0	rest/metadata-rest-app/src/main/java/io/github/sergeivisotsky/metadata/preconfig/app/domain/ExtendedLookupHolder.java
6	0	rest/metadata-rest-app/src/main/java/io/github/sergeivisotsky/metadata/preconfig/app/domain/ExtendedLookupInfo.java
6	0	rest/metadata-rest-app/src/main/java/io/github/sergeivisotsky/metadata/preconfig/app/domain/ExtendedLookupMetadata.java
6	0	rest/metadata-rest-app/src/main/java/io/github/sergeivisotsky/metadata/preconfig/app/domain/ExtendedNavigation.java
6	0	rest/metadata-rest-app/src/main/java/io/github/sergeivisotsky/metadata/preconfig/app/domain/ExtendedNavigationElement.java
6	0	rest/metadata-rest-app/src/main/java/io/github/sergeivisotsky/metadata/preconfig/app/domain/ExtendedViewField.java
6	0	rest/metadata-rest-app/src/main/java/io/github/sergeivisotsky/metadata/preconfig/app/domain/ExtendedViewMetadata.java
43	0	rest/metadata-rest-app/src/main/java/io/github/sergeivisotsky/metadata/preconfig/app/mapper/ChartMetadataMapper.java
50	0	rest/metadata-rest-app/src/main/java/io/github/sergeivisotsky/metadata/preconfig/app/mapper/ComboBoxMapper.java
76	0	rest/metadata-rest-app/src/main/java/io/github/sergeivisotsky/metadata/preconfig/app/mapper/FormFieldMapper.java
39	0	rest/metadata-rest-app/src/main/java/io/github/sergeivisotsky/metadata/preconfig/app/mapper/FormMetadataMapper.java
47	0	rest/metadata-rest-app/src/main/java/io/github/sergeivisotsky/metadata/preconfig/app/mapper/FormSectionMapper.java
40	0	rest/metadata-rest-app/src/main/java/io/github/sergeivisotsky/metadata/preconfig/app/mapper/LayoutMapper.java
38	0	rest/metadata-rest-app/src/main/java/io/github/sergeivisotsky/metadata/preconfig/app/mapper/LookupHolderMapper.java
40	0	rest/metadata-rest-app/src/main/java/io/github/sergeivisotsky/metadata/preconfig/app/mapper/LookupMetadataMapper.java
60	0	rest/metadata-rest-app/src/main/java/io/github/sergeivisotsky/metadata/preconfig/app/mapper/NavigationMapper.java
66	0	rest/metadata-rest-app/src/main/java/io/github/sergeivisotsky/metadata/preconfig/app/mapper/ViewFieldMapper.java
50	0	rest/metadata-rest-app/src/main/java/io/github/sergeivisotsky/metadata/preconfig/app/mapper/ViewMetadataMapper.java
9	0	rest/metadata-rest-app/src/main/java/io/github/sergeivisotsky/metadata/preconfig/app/mapper/model/FormSectionModelMapper.java
23	0	rest/metadata-rest-app/src/main/resources/application.yml
9	0	rest/metadata-rest-deployer/Dockerfile
55	0	rest/metadata-rest-deployer/pom.xml
12	0	rest/metadata-rest-deployer/src/main/java/io/github/sergeivisotsky/metadata/preconfig/deployer/DeployerApp.java
3	0	rest/metadata-rest-deployer/src/main/resources/application.yml
227	0	rest/metadata-rest-deployer/src/main/resources/db/db.changelog-custom-data.xml
41	0	rest/metadata-rest-deployer/src/main/resources/db/db.changelog-custom-schema.xml
14	0	rest/metadata-rest-deployer/src/main/resources/db/db.changelog-master.xml
2	2	rest/pom.xml

--989f907--2022-07-02--Sergejs Visockis
35	0	rest/README.md

--292f648--2022-06-15--Sergejs Visockis
1	1	rest/pom.xml

--8f6c829--2022-06-15--Sergejs Visockis
11	18	rest/metadata-app/src/main/java/io/github/sergeivisotsky/metadata/preconfig/app/config/MapperConfig.java
0	21	rest/metadata-app/src/main/java/io/github/sergeivisotsky/metadata/preconfig/app/mapper/FormSectionModelMapper.java
9	0	rest/metadata-app/src/main/java/io/github/sergeivisotsky/metadata/preconfig/app/mapper/model/FormSectionModelMapper.java

--743c84d--2022-06-11--Sergejs Visockis
1	1	rest/pom.xml

--8f8d059--2022-06-11--Sergejs Visockis
1	1	rest/metadata-app/src/main/java/io/github/sergeivisotsky/metadata/preconfig/app/mapper/ComboBoxMapper.java

--a93dbfd--2022-06-11--Sergejs Visockis
1	1	rest/metadata-app/src/main/java/io/github/sergeivisotsky/metadata/preconfig/app/mapper/ComboBoxMapper.java

--45a510f--2022-06-11--Sergejs Visockis
1	1	rest/pom.xml

--77d067b--2022-06-11--Sergejs Visockis
29	49	rest/metadata-deployer/src/main/resources/db/db.changelog-custom-data.xml

--0a0b809--2022-06-11--Sergejs Visockis
29	49	rest/metadata-deployer/src/main/resources/db/db.changelog-custom-data.xml

--64dd906--2022-05-20--Sergejs Visockis
1	1	rest/metadata-app/Dockerfile

--f8ee13f--2022-05-07--Sergejs Visockis
2	0	rest/docker/.env
2	0	rest/docker/docker-compose.yml
7	1	rest/metadata-app/Dockerfile
0	7	rest/metadata-app/src/main/resources/application.yml
7	1	rest/metadata-deployer/Dockerfile
1	9	rest/metadata-deployer/src/main/resources/application.yml

--1ff5e3e--2022-05-04--Sergejs Visockis
1	2	rest/metadata-app/src/main/java/io/github/sergeivisotsky/metadata/preconfig/app/mapper/ViewMetadataMapper.java

--eba92e9--2022-04-02--Sergejs Visockis
24	2	rest/docker/startup.bat
26	2	rest/docker/startup.sh
2	1	rest/metadata-app/src/main/java/io/github/sergeivisotsky/metadata/preconfig/app/mapper/ChartMetadataMapper.java
2	1	rest/metadata-app/src/main/java/io/github/sergeivisotsky/metadata/preconfig/app/mapper/ComboBoxMapper.java
2	1	rest/metadata-app/src/main/java/io/github/sergeivisotsky/metadata/preconfig/app/mapper/FormFieldMapper.java
2	1	rest/metadata-app/src/main/java/io/github/sergeivisotsky/metadata/preconfig/app/mapper/FormMetadataMapper.java
2	1	rest/metadata-app/src/main/java/io/github/sergeivisotsky/metadata/preconfig/app/mapper/FormSectionMapper.java
2	1	rest/metadata-app/src/main/java/io/github/sergeivisotsky/metadata/preconfig/app/mapper/LayoutMapper.java
2	1	rest/metadata-app/src/main/java/io/github/sergeivisotsky/metadata/preconfig/app/mapper/LookupHolderMapper.java
2	1	rest/metadata-app/src/main/java/io/github/sergeivisotsky/metadata/preconfig/app/mapper/LookupMetadataMapper.java
2	1	rest/metadata-app/src/main/java/io/github/sergeivisotsky/metadata/preconfig/app/mapper/NavigationMapper.java
2	1	rest/metadata-app/src/main/java/io/github/sergeivisotsky/metadata/preconfig/app/mapper/ViewFieldMapper.java
2	1	rest/metadata-app/src/main/java/io/github/sergeivisotsky/metadata/preconfig/app/mapper/ViewMetadataMapper.java

--f22f7f1--2022-03-05--Sergei Visotsky
1	1	rest/pom.xml

--db5c4da--2022-03-05--Sergei Visotsky
1	1	rest/pom.xml

--9451023--2022-03-05--Sergei Visotsky
0	10	rest/metadata-app/src/main/java/io/github/sergeivisotsky/metadata/preconfig/app/domain/ExtendedViewMetadata.java
0	2	rest/metadata-app/src/main/java/io/github/sergeivisotsky/metadata/preconfig/app/mapper/ViewMetadataMapper.java
0	17	rest/metadata-deployer/src/main/resources/db/db.changelog-24-08-2021.xml
0	1	rest/metadata-deployer/src/main/resources/db/db.changelog-master.xml

--eeed707--2022-02-20--Sergei Visotsky
2	2	rest/README.md
2	2	rest/metadata-app/pom.xml
1	1	rest/metadata-deployer/pom.xml
1	1	rest/pom.xml

--a3e00bb--2022-02-05--Sergei Visotsky
-	-	.mvn/wrapper/maven-wrapper.jar
18	0	rest/.mvn/wrapper/maven-wrapper.properties
316	0	rest/mvnw
188	0	rest/mvnw.cmd

--b6706fc--2022-01-29--Sergei Visotsky
1	1	rest/docker/docker-compose.yml

--8db9bf7--2022-01-23--Sergei Visotsky
1	1	rest/README.md

--640c9d4--2022-01-23--Sergei Visotsky
1	1	rest/README.md
4	4	rest/docker/docker-compose.yml
4	4	rest/docker/startup.bat
4	4	rest/docker/startup.sh
3	0	rest/metadata-app/Dockerfile
58	0	rest/metadata-app/pom.xml
28	0	rest/metadata-app/src/main/java/io/github/sergeivisotsky/metadata/preconfig/app/MetadataApp.java
34	0	rest/metadata-app/src/main/java/io/github/sergeivisotsky/metadata/preconfig/app/config/AppConfig.java
98	0	rest/metadata-app/src/main/java/io/github/sergeivisotsky/metadata/preconfig/app/config/MapperConfig.java
6	0	rest/metadata-app/src/main/java/io/github/sergeivisotsky/metadata/preconfig/app/domain/ExtendedChartMetadata.java
6	0	rest/metadata-app/src/main/java/io/github/sergeivisotsky/metadata/preconfig/app/domain/ExtendedComboBox.java
6	0	rest/metadata-app/src/main/java/io/github/sergeivisotsky/metadata/preconfig/app/domain/ExtendedFormField.java
6	0	rest/metadata-app/src/main/java/io/github/sergeivisotsky/metadata/preconfig/app/domain/ExtendedFormMetadata.java
6	0	rest/metadata-app/src/main/java/io/github/sergeivisotsky/metadata/preconfig/app/domain/ExtendedFormSection.java
22	0	rest/metadata-app/src/main/java/io/github/sergeivisotsky/metadata/preconfig/app/domain/ExtendedLayout.java
22	0	rest/metadata-app/src/main/java/io/github/sergeivisotsky/metadata/preconfig/app/domain/ExtendedLookupHolder.java
6	0	rest/metadata-app/src/main/java/io/github/sergeivisotsky/metadata/preconfig/app/domain/ExtendedLookupInfo.java
22	0	rest/metadata-app/src/main/java/io/github/sergeivisotsky/metadata/preconfig/app/domain/ExtendedLookupMetadata.java
6	0	rest/metadata-app/src/main/java/io/github/sergeivisotsky/metadata/preconfig/app/domain/ExtendedNavigation.java
6	0	rest/metadata-app/src/main/java/io/github/sergeivisotsky/metadata/preconfig/app/domain/ExtendedNavigationElement.java
6	0	rest/metadata-app/src/main/java/io/github/sergeivisotsky/metadata/preconfig/app/domain/ExtendedViewField.java
32	0	rest/metadata-app/src/main/java/io/github/sergeivisotsky/metadata/preconfig/app/domain/ExtendedViewMetadata.java
42	0	rest/metadata-app/src/main/java/io/github/sergeivisotsky/metadata/preconfig/app/mapper/ChartMetadataMapper.java
49	0	rest/metadata-app/src/main/java/io/github/sergeivisotsky/metadata/preconfig/app/mapper/ComboBoxMapper.java
75	0	rest/metadata-app/src/main/java/io/github/sergeivisotsky/metadata/preconfig/app/mapper/FormFieldMapper.java
38	0	rest/metadata-app/src/main/java/io/github/sergeivisotsky/metadata/preconfig/app/mapper/FormMetadataMapper.java
46	0	rest/metadata-app/src/main/java/io/github/sergeivisotsky/metadata/preconfig/app/mapper/FormSectionMapper.java
21	0	rest/metadata-app/src/main/java/io/github/sergeivisotsky/metadata/preconfig/app/mapper/FormSectionModelMapper.java
55	0	rest/metadata-app/src/main/java/io/github/sergeivisotsky/metadata/preconfig/app/mapper/LayoutMapper.java
53	0	rest/metadata-app/src/main/java/io/github/sergeivisotsky/metadata/preconfig/app/mapper/LookupHolderMapper.java
55	0	rest/metadata-app/src/main/java/io/github/sergeivisotsky/metadata/preconfig/app/mapper/LookupMetadataMapper.java
59	0	rest/metadata-app/src/main/java/io/github/sergeivisotsky/metadata/preconfig/app/mapper/NavigationMapper.java
65	0	rest/metadata-app/src/main/java/io/github/sergeivisotsky/metadata/preconfig/app/mapper/ViewFieldMapper.java
68	0	rest/metadata-app/src/main/java/io/github/sergeivisotsky/metadata/preconfig/app/mapper/ViewMetadataMapper.java
19	0	rest/metadata-app/src/main/resources/application.yml
0	3	rest/metadata-provider-app/Dockerfile
0	58	rest/metadata-provider-app/pom.xml
0	28	rest/metadata-provider-app/src/main/java/io/github/sergeivisotsky/metadata/preconfig/app/MetadataApp.java
0	34	rest/metadata-provider-app/src/main/java/io/github/sergeivisotsky/metadata/preconfig/app/config/AppConfig.java
0	98	rest/metadata-provider-app/src/main/java/io/github/sergeivisotsky/metadata/preconfig/app/config/MapperConfig.java
0	6	rest/metadata-provider-app/src/main/java/io/github/sergeivisotsky/metadata/preconfig/app/domain/ExtendedChartMetadata.java
0	6	rest/metadata-provider-app/src/main/java/io/github/sergeivisotsky/metadata/preconfig/app/domain/ExtendedComboBox.java
0	6	rest/metadata-provider-app/src/main/java/io/github/sergeivisotsky/metadata/preconfig/app/domain/ExtendedFormField.java
0	6	rest/metadata-provider-app/src/main/java/io/github/sergeivisotsky/metadata/preconfig/app/domain/ExtendedFormMetadata.java
0	6	rest/metadata-provider-app/src/main/java/io/github/sergeivisotsky/metadata/preconfig/app/domain/ExtendedFormSection.java
0	22	rest/metadata-provider-app/src/main/java/io/github/sergeivisotsky/metadata/preconfig/app/domain/ExtendedLayout.java
0	22	rest/metadata-provider-app/src/main/java/io/github/sergeivisotsky/metadata/preconfig/app/domain/ExtendedLookupHolder.java
0	6	rest/metadata-provider-app/src/main/java/io/github/sergeivisotsky/metadata/preconfig/app/domain/ExtendedLookupInfo.java
0	22	rest/metadata-provider-app/src/main/java/io/github/sergeivisotsky/metadata/preconfig/app/domain/ExtendedLookupMetadata.java
0	6	rest/metadata-provider-app/src/main/java/io/github/sergeivisotsky/metadata/preconfig/app/domain/ExtendedNavigation.java
0	6	rest/metadata-provider-app/src/main/java/io/github/sergeivisotsky/metadata/preconfig/app/domain/ExtendedNavigationElement.java
0	6	rest/metadata-provider-app/src/main/java/io/github/sergeivisotsky/metadata/preconfig/app/domain/ExtendedViewField.java
0	32	rest/metadata-provider-app/src/main/java/io/github/sergeivisotsky/metadata/preconfig/app/domain/ExtendedViewMetadata.java
0	42	rest/metadata-provider-app/src/main/java/io/github/sergeivisotsky/metadata/preconfig/app/mapper/ChartMetadataMapper.java
0	49	rest/metadata-provider-app/src/main/java/io/github/sergeivisotsky/metadata/preconfig/app/mapper/ComboBoxMapper.java
0	75	rest/metadata-provider-app/src/main/java/io/github/sergeivisotsky/metadata/preconfig/app/mapper/FormFieldMapper.java
0	38	rest/metadata-provider-app/src/main/java/io/github/sergeivisotsky/metadata/preconfig/app/mapper/FormMetadataMapper.java
0	46	rest/metadata-provider-app/src/main/java/io/github/sergeivisotsky/metadata/preconfig/app/mapper/FormSectionMapper.java
0	21	rest/metadata-provider-app/src/main/java/io/github/sergeivisotsky/metadata/preconfig/app/mapper/FormSectionModelMapper.java
0	55	rest/metadata-provider-app/src/main/java/io/github/sergeivisotsky/metadata/preconfig/app/mapper/LayoutMapper.java
0	53	rest/metadata-provider-app/src/main/java/io/github/sergeivisotsky/metadata/preconfig/app/mapper/LookupHolderMapper.java
0	55	rest/metadata-provider-app/src/main/java/io/github/sergeivisotsky/metadata/preconfig/app/mapper/LookupMetadataMapper.java
0	59	rest/metadata-provider-app/src/main/java/io/github/sergeivisotsky/metadata/preconfig/app/mapper/NavigationMapper.java
0	65	rest/metadata-provider-app/src/main/java/io/github/sergeivisotsky/metadata/preconfig/app/mapper/ViewFieldMapper.java
0	68	rest/metadata-provider-app/src/main/java/io/github/sergeivisotsky/metadata/preconfig/app/mapper/ViewMetadataMapper.java
0	19	rest/metadata-provider-app/src/main/resources/application.yml
4	4	rest/pom.xml

--c09e148--2022-01-23--Sergei Visotsky
2	2	rest/README.md
4	4	rest/docker/docker-compose.yml
4	4	rest/docker/startup.bat
4	4	rest/docker/startup.sh
3	0	rest/metadata-app/Dockerfile
48	0	rest/metadata-app/pom.xml
12	0	rest/metadata-app/src/main/java/io/github/sergeivisotsky/metadata/preconfig/app/MetadataApp.java
34	0	rest/metadata-app/src/main/java/io/github/sergeivisotsky/metadata/preconfig/app/config/AppConfig.java
98	0	rest/metadata-app/src/main/java/io/github/sergeivisotsky/metadata/preconfig/app/config/MapperConfig.java
6	0	rest/metadata-app/src/main/java/io/github/sergeivisotsky/metadata/preconfig/app/domain/ExtendedChartMetadata.java
6	0	rest/metadata-app/src/main/java/io/github/sergeivisotsky/metadata/preconfig/app/domain/ExtendedComboBox.java
6	0	rest/metadata-app/src/main/java/io/github/sergeivisotsky/metadata/preconfig/app/domain/ExtendedFormField.java
6	0	rest/metadata-app/src/main/java/io/github/sergeivisotsky/metadata/preconfig/app/domain/ExtendedFormMetadata.java
6	0	rest/metadata-app/src/main/java/io/github/sergeivisotsky/metadata/preconfig/app/domain/ExtendedFormSection.java
6	0	rest/metadata-app/src/main/java/io/github/sergeivisotsky/metadata/preconfig/app/domain/ExtendedLayout.java
6	0	rest/metadata-app/src/main/java/io/github/sergeivisotsky/metadata/preconfig/app/domain/ExtendedLookupHolder.java
6	0	rest/metadata-app/src/main/java/io/github/sergeivisotsky/metadata/preconfig/app/domain/ExtendedLookupInfo.java
6	0	rest/metadata-app/src/main/java/io/github/sergeivisotsky/metadata/preconfig/app/domain/ExtendedLookupMetadata.java
6	0	rest/metadata-app/src/main/java/io/github/sergeivisotsky/metadata/preconfig/app/domain/ExtendedNavigation.java
6	0	rest/metadata-app/src/main/java/io/github/sergeivisotsky/metadata/preconfig/app/domain/ExtendedNavigationElement.java
6	0	rest/metadata-app/src/main/java/io/github/sergeivisotsky/metadata/preconfig/app/domain/ExtendedViewField.java
16	0	rest/metadata-app/src/main/java/io/github/sergeivisotsky/metadata/preconfig/app/domain/ExtendedViewMetadata.java
42	0	rest/metadata-app/src/main/java/io/github/sergeivisotsky/metadata/preconfig/app/mapper/ChartMetadataMapper.java
49	0	rest/metadata-app/src/main/java/io/github/sergeivisotsky/metadata/preconfig/app/mapper/ComboBoxMapper.java
75	0	rest/metadata-app/src/main/java/io/github/sergeivisotsky/metadata/preconfig/app/mapper/FormFieldMapper.java
38	0	rest/metadata-app/src/main/java/io/github/sergeivisotsky/metadata/preconfig/app/mapper/FormMetadataMapper.java
46	0	rest/metadata-app/src/main/java/io/github/sergeivisotsky/metadata/preconfig/app/mapper/FormSectionMapper.java
21	0	rest/metadata-app/src/main/java/io/github/sergeivisotsky/metadata/preconfig/app/mapper/FormSectionModelMapper.java
39	0	rest/metadata-app/src/main/java/io/github/sergeivisotsky/metadata/preconfig/app/mapper/LayoutMapper.java
37	0	rest/metadata-app/src/main/java/io/github/sergeivisotsky/metadata/preconfig/app/mapper/LookupHolderMapper.java
39	0	rest/metadata-app/src/main/java/io/github/sergeivisotsky/metadata/preconfig/app/mapper/LookupMetadataMapper.java
59	0	rest/metadata-app/src/main/java/io/github/sergeivisotsky/metadata/preconfig/app/mapper/NavigationMapper.java
65	0	rest/metadata-app/src/main/java/io/github/sergeivisotsky/metadata/preconfig/app/mapper/ViewFieldMapper.java
52	0	rest/metadata-app/src/main/java/io/github/sergeivisotsky/metadata/preconfig/app/mapper/ViewMetadataMapper.java
30	0	rest/metadata-app/src/main/resources/application.yml
0	3	rest/metadata-provider-app/Dockerfile
0	48	rest/metadata-provider-app/pom.xml
0	12	rest/metadata-provider-app/src/main/java/io/github/sergeivisotsky/metadata/preconfig/app/MetadataApp.java
0	34	rest/metadata-provider-app/src/main/java/io/github/sergeivisotsky/metadata/preconfig/app/config/AppConfig.java
0	98	rest/metadata-provider-app/src/main/java/io/github/sergeivisotsky/metadata/preconfig/app/config/MapperConfig.java
0	6	rest/metadata-provider-app/src/main/java/io/github/sergeivisotsky/metadata/preconfig/app/domain/ExtendedChartMetadata.java
0	6	rest/metadata-provider-app/src/main/java/io/github/sergeivisotsky/metadata/preconfig/app/domain/ExtendedComboBox.java
0	6	rest/metadata-provider-app/src/main/java/io/github/sergeivisotsky/metadata/preconfig/app/domain/ExtendedFormField.java
0	6	rest/metadata-provider-app/src/main/java/io/github/sergeivisotsky/metadata/preconfig/app/domain/ExtendedFormMetadata.java
0	6	rest/metadata-provider-app/src/main/java/io/github/sergeivisotsky/metadata/preconfig/app/domain/ExtendedFormSection.java
0	6	rest/metadata-provider-app/src/main/java/io/github/sergeivisotsky/metadata/preconfig/app/domain/ExtendedLayout.java
0	6	rest/metadata-provider-app/src/main/java/io/github/sergeivisotsky/metadata/preconfig/app/domain/ExtendedLookupHolder.java
0	6	rest/metadata-provider-app/src/main/java/io/github/sergeivisotsky/metadata/preconfig/app/domain/ExtendedLookupInfo.java
0	6	rest/metadata-provider-app/src/main/java/io/github/sergeivisotsky/metadata/preconfig/app/domain/ExtendedLookupMetadata.java
0	6	rest/metadata-provider-app/src/main/java/io/github/sergeivisotsky/metadata/preconfig/app/domain/ExtendedNavigation.java
0	6	rest/metadata-provider-app/src/main/java/io/github/sergeivisotsky/metadata/preconfig/app/domain/ExtendedNavigationElement.java
0	6	rest/metadata-provider-app/src/main/java/io/github/sergeivisotsky/metadata/preconfig/app/domain/ExtendedViewField.java
0	16	rest/metadata-provider-app/src/main/java/io/github/sergeivisotsky/metadata/preconfig/app/domain/ExtendedViewMetadata.java
0	42	rest/metadata-provider-app/src/main/java/io/github/sergeivisotsky/metadata/preconfig/app/mapper/ChartMetadataMapper.java
0	49	rest/metadata-provider-app/src/main/java/io/github/sergeivisotsky/metadata/preconfig/app/mapper/ComboBoxMapper.java
0	75	rest/metadata-provider-app/src/main/java/io/github/sergeivisotsky/metadata/preconfig/app/mapper/FormFieldMapper.java
0	38	rest/metadata-provider-app/src/main/java/io/github/sergeivisotsky/metadata/preconfig/app/mapper/FormMetadataMapper.java
0	46	rest/metadata-provider-app/src/main/java/io/github/sergeivisotsky/metadata/preconfig/app/mapper/FormSectionMapper.java
0	21	rest/metadata-provider-app/src/main/java/io/github/sergeivisotsky/metadata/preconfig/app/mapper/FormSectionModelMapper.java
0	39	rest/metadata-provider-app/src/main/java/io/github/sergeivisotsky/metadata/preconfig/app/mapper/LayoutMapper.java
0	37	rest/metadata-provider-app/src/main/java/io/github/sergeivisotsky/metadata/preconfig/app/mapper/LookupHolderMapper.java
0	39	rest/metadata-provider-app/src/main/java/io/github/sergeivisotsky/metadata/preconfig/app/mapper/LookupMetadataMapper.java
0	59	rest/metadata-provider-app/src/main/java/io/github/sergeivisotsky/metadata/preconfig/app/mapper/NavigationMapper.java
0	65	rest/metadata-provider-app/src/main/java/io/github/sergeivisotsky/metadata/preconfig/app/mapper/ViewFieldMapper.java
0	52	rest/metadata-provider-app/src/main/java/io/github/sergeivisotsky/metadata/preconfig/app/mapper/ViewMetadataMapper.java
0	30	rest/metadata-provider-app/src/main/resources/application.yml
4	4	rest/pom.xml

--5750d06--2022-01-23--Sergei Visotsky
0	16	rest/metadata-deployer/src/main/java/io/github/sergeivisotsky/metadata/preconfig/deployer/DeployerApp.java
0	10	rest/metadata-provider-app/pom.xml
0	16	rest/metadata-provider-app/src/main/java/io/github/sergeivisotsky/metadata/preconfig/app/MetadataApp.java
0	16	rest/metadata-provider-app/src/main/java/io/github/sergeivisotsky/metadata/preconfig/app/domain/ExtendedLayout.java
0	16	rest/metadata-provider-app/src/main/java/io/github/sergeivisotsky/metadata/preconfig/app/domain/ExtendedLookupHolder.java
0	16	rest/metadata-provider-app/src/main/java/io/github/sergeivisotsky/metadata/preconfig/app/domain/ExtendedLookupMetadata.java
0	16	rest/metadata-provider-app/src/main/java/io/github/sergeivisotsky/metadata/preconfig/app/domain/ExtendedViewMetadata.java
0	16	rest/metadata-provider-app/src/main/java/io/github/sergeivisotsky/metadata/preconfig/app/mapper/LayoutMapper.java
0	16	rest/metadata-provider-app/src/main/java/io/github/sergeivisotsky/metadata/preconfig/app/mapper/LookupHolderMapper.java
0	16	rest/metadata-provider-app/src/main/java/io/github/sergeivisotsky/metadata/preconfig/app/mapper/LookupMetadataMapper.java
0	16	rest/metadata-provider-app/src/main/java/io/github/sergeivisotsky/metadata/preconfig/app/mapper/ViewMetadataMapper.java

--e300bbb--2022-01-23--Sergei Visotsky
15	4	rest/metadata-provider-app/src/main/resources/application.yml

--b480151--2022-01-19--Sergei Visotsky
1	1	rest/pom.xml

--24b2558--2022-01-19--Sergei Visotsky
1	1	rest/pom.xml

--2e845be--2022-01-19--Sergei Visotsky
23	0	rest/pom.xml

--618cb10--2022-01-19--Sergei Visotsky
23	0	rest/pom.xml

--a2cf746--2022-01-19--Sergei Visotsky
0	4	rest/metadata-provider-app/pom.xml
5	1	rest/metadata-provider-app/src/main/resources/application.yml
0	6	rest/pom.xml

--daad411--2022-01-19--Sergei Visotsky
4	0	rest/metadata-provider-app/pom.xml
6	0	rest/pom.xml

--8a89460--2022-01-19--Sergei Visotsky
4	0	rest/metadata-provider-app/pom.xml
6	0	rest/pom.xml

--6450541--2022-01-16--Sergei Visotsky
3	2	rest/metadata-deployer/src/main/resources/db/db.changelog-master.xml

--976ce57--2022-01-14--Sergei Visotsky
1	1	rest/metadata-provider-app/src/main/resources/application.yml

--08d8f94--2022-01-09--Sergei Visotsky
0	34	rest/metadata-provider-app/src/main/java/io/github/sergeivisotsky/metadata/preconfig/app/config/ChartMetadataConfig.java
3	0	rest/metadata-provider-app/src/main/java/io/github/sergeivisotsky/metadata/preconfig/app/config/MapperConfig.java

--41ba3fe--2022-01-09--Sergei Visotsky
0	7	rest/metadata-provider-app/src/main/java/io/github/sergeivisotsky/metadata/preconfig/app/config/AppConfig.java
1	0	rest/metadata-provider-app/src/main/resources/application.yml

--281b99f--2022-01-09--Sergei Visotsky
1	1	rest/metadata-deployer/Dockerfile
4	4	rest/metadata-deployer/src/main/resources/db/db.changelog-master.xml
1	1	rest/metadata-provider-app/Dockerfile
3	3	rest/pom.xml

--70e8f7f--2022-01-09--Sergei Visotsky
18	0	rest/docker/startup.sh

--3f772e8--2022-01-09--Sergei Visotsky
18	0	rest/docker/startup.sh

--a42de34--2021-11-09--Sergei Visotsky
4	0	rest/docker/.env
41	0	rest/docker/docker-compose.yml
16	3	rest/docker/startup.bat
3	0	rest/metadata-deployer/Dockerfile
4	4	rest/metadata-deployer/src/main/resources/application.yml
3	0	rest/metadata-provider-app/Dockerfile
4	4	rest/metadata-provider-app/src/main/resources/application.yml

--ca9995e--2022-01-09--Sergei Visotsky
1	1	rest/pom.xml

--dafa053--2022-01-02--Sergei Visotsky
1	1	rest/pom.xml

--60a6699--2021-12-12--Sergei Visotsky
0	8	rest/metadata-provider-app/pom.xml

--3c4f39d--2021-11-16--Sergei Visotsky
1	1	rest/pom.xml

--e1aad06--2021-11-09--Sergei Visotsky
4	0	rest/docker/.env
41	0	rest/docker/docker-compose.yml
16	3	rest/docker/startup.bat
3	0	rest/metadata-deployer/Dockerfile
4	4	rest/metadata-deployer/src/main/resources/application.yml
3	0	rest/metadata-provider-app/Dockerfile
4	4	rest/metadata-provider-app/src/main/resources/application.yml

--9ed42c7--2021-11-02--Sergei Visotsky
1	1	rest/pom.xml

--fff15e2--2021-10-23--Sergei Visotsky
1	1	rest/pom.xml

--66b51cb--2021-10-23--Sergei Visotsky
1	1	rest/pom.xml

--55d4e12--2021-10-20--Sergei Visotsky
2	2	rest/metadata-provider-app/src/main/java/io/github/sergeivisotsky/metadata/preconfig/app/config/AppConfig.java

--87ab76f--2021-10-13--Sergei Visotsky
247	0	rest/metadata-deployer/src/main/resources/db/db.changelog-custom-data.xml
41	0	rest/metadata-deployer/src/main/resources/db/db.changelog-custom-schema.xml
4	0	rest/metadata-deployer/src/main/resources/db/db.changelog-master.xml
7	0	rest/metadata-provider-app/src/main/java/io/github/sergeivisotsky/metadata/preconfig/app/config/AppConfig.java
1	1	rest/metadata-provider-app/src/main/java/io/github/sergeivisotsky/metadata/preconfig/app/mapper/FormFieldMapper.java
2	0	rest/metadata-provider-app/src/main/java/io/github/sergeivisotsky/metadata/preconfig/app/mapper/ViewMetadataMapper.java

--07c2cb6--2021-10-11--Sergei Visotsky
34	0	rest/metadata-provider-app/src/main/java/io/github/sergeivisotsky/metadata/preconfig/app/config/ChartMetadataConfig.java

--451e89b--2021-10-09--Sergei Visotsky
7	0	rest/metadata-provider-app/src/main/java/io/github/sergeivisotsky/metadata/preconfig/app/config/MapperConfig.java
6	0	rest/metadata-provider-app/src/main/java/io/github/sergeivisotsky/metadata/preconfig/app/domain/ExtendedViewField.java
65	0	rest/metadata-provider-app/src/main/java/io/github/sergeivisotsky/metadata/preconfig/app/mapper/ViewFieldMapper.java
2	10	rest/metadata-provider-app/src/main/java/io/github/sergeivisotsky/metadata/preconfig/app/mapper/ViewMetadataMapper.java

--9632e29--2021-10-08--Sergei Visotsky
0	1	rest/metadata-provider-app/src/main/java/io/github/sergeivisotsky/metadata/preconfig/app/mapper/ViewMetadataMapper.java

--7e18933--2021-10-05--Sergei Visotsky
7	0	rest/metadata-provider-app/src/main/java/io/github/sergeivisotsky/metadata/preconfig/app/config/MapperConfig.java
6	0	rest/metadata-provider-app/src/main/java/io/github/sergeivisotsky/metadata/preconfig/app/domain/ExtendedChartMetadata.java
42	0	rest/metadata-provider-app/src/main/java/io/github/sergeivisotsky/metadata/preconfig/app/mapper/ChartMetadataMapper.java

--d414832--2021-10-03--Sergei Visotsky
1	1	rest/pom.xml

--dc4166f--2021-10-03--Sergei Visotsky
1	1	rest/pom.xml

--d6d91da--2021-10-03--Sergei Visotsky
9	9	rest/metadata-provider-app/src/main/java/io/github/sergeivisotsky/metadata/preconfig/app/config/MapperConfig.java
1	1	rest/metadata-provider-app/src/main/java/io/github/sergeivisotsky/metadata/preconfig/app/domain/ExtendedComboBox.java
1	1	rest/metadata-provider-app/src/main/java/io/github/sergeivisotsky/metadata/preconfig/app/domain/ExtendedFormField.java
1	1	rest/metadata-provider-app/src/main/java/io/github/sergeivisotsky/metadata/preconfig/app/domain/ExtendedFormMetadata.java
1	1	rest/metadata-provider-app/src/main/java/io/github/sergeivisotsky/metadata/preconfig/app/domain/ExtendedFormSection.java
1	1	rest/metadata-provider-app/src/main/java/io/github/sergeivisotsky/metadata/preconfig/app/domain/ExtendedLayout.java
1	1	rest/metadata-provider-app/src/main/java/io/github/sergeivisotsky/metadata/preconfig/app/domain/ExtendedLookupHolder.java
1	1	rest/metadata-provider-app/src/main/java/io/github/sergeivisotsky/metadata/preconfig/app/domain/ExtendedLookupInfo.java
1	1	rest/metadata-provider-app/src/main/java/io/github/sergeivisotsky/metadata/preconfig/app/domain/ExtendedLookupMetadata.java
1	1	rest/metadata-provider-app/src/main/java/io/github/sergeivisotsky/metadata/preconfig/app/domain/ExtendedNavigation.java
1	1	rest/metadata-provider-app/src/main/java/io/github/sergeivisotsky/metadata/preconfig/app/domain/ExtendedNavigationElement.java
1	1	rest/metadata-provider-app/src/main/java/io/github/sergeivisotsky/metadata/preconfig/app/domain/ExtendedViewMetadata.java
1	1	rest/metadata-provider-app/src/main/java/io/github/sergeivisotsky/metadata/preconfig/app/mapper/ComboBoxMapper.java
4	4	rest/metadata-provider-app/src/main/java/io/github/sergeivisotsky/metadata/preconfig/app/mapper/FormFieldMapper.java
1	1	rest/metadata-provider-app/src/main/java/io/github/sergeivisotsky/metadata/preconfig/app/mapper/FormMetadataMapper.java
2	2	rest/metadata-provider-app/src/main/java/io/github/sergeivisotsky/metadata/preconfig/app/mapper/FormSectionMapper.java
1	1	rest/metadata-provider-app/src/main/java/io/github/sergeivisotsky/metadata/preconfig/app/mapper/FormSectionModelMapper.java
2	2	rest/metadata-provider-app/src/main/java/io/github/sergeivisotsky/metadata/preconfig/app/mapper/LayoutMapper.java
1	1	rest/metadata-provider-app/src/main/java/io/github/sergeivisotsky/metadata/preconfig/app/mapper/LookupHolderMapper.java
1	1	rest/metadata-provider-app/src/main/java/io/github/sergeivisotsky/metadata/preconfig/app/mapper/LookupMetadataMapper.java
3	3	rest/metadata-provider-app/src/main/java/io/github/sergeivisotsky/metadata/preconfig/app/mapper/NavigationMapper.java
3	3	rest/metadata-provider-app/src/main/java/io/github/sergeivisotsky/metadata/preconfig/app/mapper/ViewMetadataMapper.java

--6dc2565--2021-10-02--Sergei Visotsky
6	0	rest/metadata-provider-app/src/main/java/io/github/sergeivisotsky/metadata/preconfig/app/domain/ExtendedComboBox.java
6	0	rest/metadata-provider-app/src/main/java/io/github/sergeivisotsky/metadata/preconfig/app/domain/ExtendedFormField.java
6	0	rest/metadata-provider-app/src/main/java/io/github/sergeivisotsky/metadata/preconfig/app/domain/ExtendedFormMetadata.java
6	0	rest/metadata-provider-app/src/main/java/io/github/sergeivisotsky/metadata/preconfig/app/domain/ExtendedFormSection.java
22	0	rest/metadata-provider-app/src/main/java/io/github/sergeivisotsky/metadata/preconfig/app/domain/ExtendedLayout.java
22	0	rest/metadata-provider-app/src/main/java/io/github/sergeivisotsky/metadata/preconfig/app/domain/ExtendedLookupHolder.java
6	0	rest/metadata-provider-app/src/main/java/io/github/sergeivisotsky/metadata/preconfig/app/domain/ExtendedLookupInfo.java
22	0	rest/metadata-provider-app/src/main/java/io/github/sergeivisotsky/metadata/preconfig/app/domain/ExtendedLookupMetadata.java
6	0	rest/metadata-provider-app/src/main/java/io/github/sergeivisotsky/metadata/preconfig/app/domain/ExtendedNavigation.java
6	0	rest/metadata-provider-app/src/main/java/io/github/sergeivisotsky/metadata/preconfig/app/domain/ExtendedNavigationElement.java
32	0	rest/metadata-provider-app/src/main/java/io/github/sergeivisotsky/metadata/preconfig/app/domain/ExtendedViewMetadata.java
0	6	rest/metadata-provider-app/src/main/java/io/github/sergeivisotsky/metadata/preconfig/app/dto/ExtendedComboBox.java
0	6	rest/metadata-provider-app/src/main/java/io/github/sergeivisotsky/metadata/preconfig/app/dto/ExtendedFormField.java
0	6	rest/metadata-provider-app/src/main/java/io/github/sergeivisotsky/metadata/preconfig/app/dto/ExtendedFormMetadata.java
0	6	rest/metadata-provider-app/src/main/java/io/github/sergeivisotsky/metadata/preconfig/app/dto/ExtendedFormSection.java
0	22	rest/metadata-provider-app/src/main/java/io/github/sergeivisotsky/metadata/preconfig/app/dto/ExtendedLayout.java
0	22	rest/metadata-provider-app/src/main/java/io/github/sergeivisotsky/metadata/preconfig/app/dto/ExtendedLookupHolder.java
0	6	rest/metadata-provider-app/src/main/java/io/github/sergeivisotsky/metadata/preconfig/app/dto/ExtendedLookupInfo.java
0	22	rest/metadata-provider-app/src/main/java/io/github/sergeivisotsky/metadata/preconfig/app/dto/ExtendedLookupMetadata.java
0	6	rest/metadata-provider-app/src/main/java/io/github/sergeivisotsky/metadata/preconfig/app/dto/ExtendedNavigation.java
0	6	rest/metadata-provider-app/src/main/java/io/github/sergeivisotsky/metadata/preconfig/app/dto/ExtendedNavigationElement.java
0	32	rest/metadata-provider-app/src/main/java/io/github/sergeivisotsky/metadata/preconfig/app/dto/ExtendedViewMetadata.java
1	1	rest/metadata-provider-app/src/main/java/io/github/sergeivisotsky/metadata/preconfig/app/mapper/ComboBoxMapper.java
2	2	rest/metadata-provider-app/src/main/java/io/github/sergeivisotsky/metadata/preconfig/app/mapper/FormFieldMapper.java
1	1	rest/metadata-provider-app/src/main/java/io/github/sergeivisotsky/metadata/preconfig/app/mapper/FormMetadataMapper.java
1	1	rest/metadata-provider-app/src/main/java/io/github/sergeivisotsky/metadata/preconfig/app/mapper/FormSectionMapper.java
1	1	rest/metadata-provider-app/src/main/java/io/github/sergeivisotsky/metadata/preconfig/app/mapper/FormSectionModelMapper.java
1	1	rest/metadata-provider-app/src/main/java/io/github/sergeivisotsky/metadata/preconfig/app/mapper/LayoutMapper.java
1	1	rest/metadata-provider-app/src/main/java/io/github/sergeivisotsky/metadata/preconfig/app/mapper/LookupHolderMapper.java
1	1	rest/metadata-provider-app/src/main/java/io/github/sergeivisotsky/metadata/preconfig/app/mapper/LookupMetadataMapper.java
2	2	rest/metadata-provider-app/src/main/java/io/github/sergeivisotsky/metadata/preconfig/app/mapper/NavigationMapper.java
1	1	rest/metadata-provider-app/src/main/java/io/github/sergeivisotsky/metadata/preconfig/app/mapper/ViewMetadataMapper.java

--0b26a14--2021-10-02--Sergei Visotsky
1	1	rest/pom.xml

--0204225--2021-10-02--Sergei Visotsky
0	3	rest/metadata-deployer/src/main/java/io/github/sergeivisotsky/metadata/preconfig/deployer/DeployerApp.java
0	3	rest/metadata-provider-app/src/main/java/io/github/sergeivisotsky/metadata/preconfig/app/MetadataApp.java
0	3	rest/metadata-provider-app/src/main/java/io/github/sergeivisotsky/metadata/preconfig/app/config/AppConfig.java
0	3	rest/metadata-provider-app/src/main/java/io/github/sergeivisotsky/metadata/preconfig/app/config/MapperConfig.java
0	3	rest/metadata-provider-app/src/main/java/io/github/sergeivisotsky/metadata/preconfig/app/dto/ExtendedComboBox.java
0	3	rest/metadata-provider-app/src/main/java/io/github/sergeivisotsky/metadata/preconfig/app/dto/ExtendedLayout.java
0	3	rest/metadata-provider-app/src/main/java/io/github/sergeivisotsky/metadata/preconfig/app/dto/ExtendedLookupHolder.java
0	3	rest/metadata-provider-app/src/main/java/io/github/sergeivisotsky/metadata/preconfig/app/dto/ExtendedLookupMetadata.java
0	3	rest/metadata-provider-app/src/main/java/io/github/sergeivisotsky/metadata/preconfig/app/dto/ExtendedNavigation.java
0	3	rest/metadata-provider-app/src/main/java/io/github/sergeivisotsky/metadata/preconfig/app/dto/ExtendedNavigationElement.java
0	3	rest/metadata-provider-app/src/main/java/io/github/sergeivisotsky/metadata/preconfig/app/dto/ExtendedViewMetadata.java
0	3	rest/metadata-provider-app/src/main/java/io/github/sergeivisotsky/metadata/preconfig/app/mapper/ComboBoxMapper.java
0	3	rest/metadata-provider-app/src/main/java/io/github/sergeivisotsky/metadata/preconfig/app/mapper/LayoutMapper.java
0	3	rest/metadata-provider-app/src/main/java/io/github/sergeivisotsky/metadata/preconfig/app/mapper/LookupHolderMapper.java
0	3	rest/metadata-provider-app/src/main/java/io/github/sergeivisotsky/metadata/preconfig/app/mapper/LookupMetadataMapper.java
0	3	rest/metadata-provider-app/src/main/java/io/github/sergeivisotsky/metadata/preconfig/app/mapper/ViewMetadataMapper.java

--4e19204--2021-10-02--Sergei Visotsky
6	0	rest/metadata-provider-app/src/main/java/io/github/sergeivisotsky/metadata/preconfig/app/config/MapperConfig.java
4	0	rest/metadata-provider-app/src/main/java/io/github/sergeivisotsky/metadata/preconfig/app/mapper/FormSectionMapper.java
21	0	rest/metadata-provider-app/src/main/java/io/github/sergeivisotsky/metadata/preconfig/app/mapper/FormSectionModelMapper.java

--d2ac229--2021-09-29--Sergei Visotsky
21	0	rest/metadata-provider-app/src/main/java/io/github/sergeivisotsky/metadata/preconfig/app/config/MapperConfig.java
6	0	rest/metadata-provider-app/src/main/java/io/github/sergeivisotsky/metadata/preconfig/app/dto/ExtendedFormField.java
6	0	rest/metadata-provider-app/src/main/java/io/github/sergeivisotsky/metadata/preconfig/app/dto/ExtendedFormMetadata.java
6	0	rest/metadata-provider-app/src/main/java/io/github/sergeivisotsky/metadata/preconfig/app/dto/ExtendedFormSection.java
6	0	rest/metadata-provider-app/src/main/java/io/github/sergeivisotsky/metadata/preconfig/app/dto/ExtendedLookupInfo.java
75	0	rest/metadata-provider-app/src/main/java/io/github/sergeivisotsky/metadata/preconfig/app/mapper/FormFieldMapper.java
38	0	rest/metadata-provider-app/src/main/java/io/github/sergeivisotsky/metadata/preconfig/app/mapper/FormMetadataMapper.java
42	0	rest/metadata-provider-app/src/main/java/io/github/sergeivisotsky/metadata/preconfig/app/mapper/FormSectionMapper.java

--4a0f12a--2021-09-25--Sergei Visotsky
57	0	rest/metadata-provider-app/src/main/java/io/github/sergeivisotsky/metadata/preconfig/app/config/MapperConfig.java
0	2	rest/metadata-provider-app/src/main/java/io/github/sergeivisotsky/metadata/preconfig/app/mapper/ComboBoxMapper.java
0	2	rest/metadata-provider-app/src/main/java/io/github/sergeivisotsky/metadata/preconfig/app/mapper/LayoutMapper.java
0	2	rest/metadata-provider-app/src/main/java/io/github/sergeivisotsky/metadata/preconfig/app/mapper/LookupHolderMapper.java
0	2	rest/metadata-provider-app/src/main/java/io/github/sergeivisotsky/metadata/preconfig/app/mapper/LookupMetadataMapper.java
5	22	rest/metadata-provider-app/src/main/java/io/github/sergeivisotsky/metadata/preconfig/app/mapper/NavigationMapper.java
1	3	rest/metadata-provider-app/src/main/java/io/github/sergeivisotsky/metadata/preconfig/app/mapper/ViewMetadataMapper.java
1	1	rest/pom.xml

--9e439ba--2021-09-23--Sergei Visotsky
1	1	rest/pom.xml

--64d4932--2021-09-23--Sergei Visotsky
2	2	rest/metadata-deployer/src/main/resources/db/db.changelog-24-08-2021.xml
0	35	rest/metadata-provider-app/src/main/java/io/github/sergeivisotsky/metadata/preconfig/app/dto/ExtendedFormMetadata.java
35	0	rest/metadata-provider-app/src/main/java/io/github/sergeivisotsky/metadata/preconfig/app/dto/ExtendedViewMetadata.java
2	2	rest/metadata-provider-app/src/main/java/io/github/sergeivisotsky/metadata/preconfig/app/mapper/ComboBoxMapper.java
0	80	rest/metadata-provider-app/src/main/java/io/github/sergeivisotsky/metadata/preconfig/app/mapper/FormMetadataMapper.java
1	1	rest/metadata-provider-app/src/main/java/io/github/sergeivisotsky/metadata/preconfig/app/mapper/LayoutMapper.java
80	0	rest/metadata-provider-app/src/main/java/io/github/sergeivisotsky/metadata/preconfig/app/mapper/ViewMetadataMapper.java

--e5e2541--2021-09-23--Sergei Visotsky
9	0	rest/metadata-provider-app/src/main/java/io/github/sergeivisotsky/metadata/preconfig/app/dto/ExtendedNavigation.java
9	0	rest/metadata-provider-app/src/main/java/io/github/sergeivisotsky/metadata/preconfig/app/dto/ExtendedNavigationElement.java
76	0	rest/metadata-provider-app/src/main/java/io/github/sergeivisotsky/metadata/preconfig/app/mapper/NavigationMapper.java
1	1	rest/pom.xml

--fb70de4--2021-09-13--Sergei Visotsky
3	3	rest/metadata-provider-app/src/main/java/io/github/sergeivisotsky/metadata/preconfig/app/mapper/ComboBoxMapper.java
3	3	rest/metadata-provider-app/src/main/java/io/github/sergeivisotsky/metadata/preconfig/app/mapper/FormMetadataMapper.java
3	3	rest/metadata-provider-app/src/main/java/io/github/sergeivisotsky/metadata/preconfig/app/mapper/LayoutMapper.java
3	3	rest/metadata-provider-app/src/main/java/io/github/sergeivisotsky/metadata/preconfig/app/mapper/LookupHolderMapper.java
3	3	rest/metadata-provider-app/src/main/java/io/github/sergeivisotsky/metadata/preconfig/app/mapper/LookupMetadataMapper.java

--ab1affd--2021-09-12--Sergei Visotsky
1	1	rest/pom.xml

--50e8160--2021-09-11--Sergei Visotsky
1	1	rest/pom.xml

--2a92be4--2021-09-10--Sergei Visotsky
2	2	rest/README.md
3	3	rest/metadata-deployer/pom.xml
0	31	rest/metadata-deployer/src/main/java/io/github/sergeivisotsky/metadata/deployer/DeployerApp.java
31	0	rest/metadata-deployer/src/main/java/io/github/sergeivisotsky/metadata/preconfig/deployer/DeployerApp.java
3	3	rest/metadata-provider-app/pom.xml
0	32	rest/metadata-provider-app/src/main/java/io/github/sergeivisotsky/metadata/app/MetadataApp.java
0	37	rest/metadata-provider-app/src/main/java/io/github/sergeivisotsky/metadata/app/config/AppConfig.java
0	9	rest/metadata-provider-app/src/main/java/io/github/sergeivisotsky/metadata/app/dto/ExtendedComboBox.java
0	35	rest/metadata-provider-app/src/main/java/io/github/sergeivisotsky/metadata/app/dto/ExtendedFormMetadata.java
0	25	rest/metadata-provider-app/src/main/java/io/github/sergeivisotsky/metadata/app/dto/ExtendedLayout.java
0	25	rest/metadata-provider-app/src/main/java/io/github/sergeivisotsky/metadata/app/dto/ExtendedLookupHolder.java
0	25	rest/metadata-provider-app/src/main/java/io/github/sergeivisotsky/metadata/app/dto/ExtendedLookupMetadata.java
0	54	rest/metadata-provider-app/src/main/java/io/github/sergeivisotsky/metadata/app/mapper/ComboBoxMapper.java
0	80	rest/metadata-provider-app/src/main/java/io/github/sergeivisotsky/metadata/app/mapper/FormMetadataMapper.java
0	60	rest/metadata-provider-app/src/main/java/io/github/sergeivisotsky/metadata/app/mapper/LayoutMapper.java
0	58	rest/metadata-provider-app/src/main/java/io/github/sergeivisotsky/metadata/app/mapper/LookupHolderMapper.java
0	60	rest/metadata-provider-app/src/main/java/io/github/sergeivisotsky/metadata/app/mapper/LookupMetadataMapper.java
31	0	rest/metadata-provider-app/src/main/java/io/github/sergeivisotsky/metadata/preconfig/app/MetadataApp.java
37	0	rest/metadata-provider-app/src/main/java/io/github/sergeivisotsky/metadata/preconfig/app/config/AppConfig.java
9	0	rest/metadata-provider-app/src/main/java/io/github/sergeivisotsky/metadata/preconfig/app/dto/ExtendedComboBox.java
35	0	rest/metadata-provider-app/src/main/java/io/github/sergeivisotsky/metadata/preconfig/app/dto/ExtendedFormMetadata.java
25	0	rest/metadata-provider-app/src/main/java/io/github/sergeivisotsky/metadata/preconfig/app/dto/ExtendedLayout.java
25	0	rest/metadata-provider-app/src/main/java/io/github/sergeivisotsky/metadata/preconfig/app/dto/ExtendedLookupHolder.java
25	0	rest/metadata-provider-app/src/main/java/io/github/sergeivisotsky/metadata/preconfig/app/dto/ExtendedLookupMetadata.java
54	0	rest/metadata-provider-app/src/main/java/io/github/sergeivisotsky/metadata/preconfig/app/mapper/ComboBoxMapper.java
80	0	rest/metadata-provider-app/src/main/java/io/github/sergeivisotsky/metadata/preconfig/app/mapper/FormMetadataMapper.java
60	0	rest/metadata-provider-app/src/main/java/io/github/sergeivisotsky/metadata/preconfig/app/mapper/LayoutMapper.java
58	0	rest/metadata-provider-app/src/main/java/io/github/sergeivisotsky/metadata/preconfig/app/mapper/LookupHolderMapper.java
60	0	rest/metadata-provider-app/src/main/java/io/github/sergeivisotsky/metadata/preconfig/app/mapper/LookupMetadataMapper.java
2	2	rest/pom.xml

--e0e7932--2021-09-07--Sergei Visotsky
9	0	rest/metadata-provider-app/src/main/java/io/github/sergeivisotsky/metadata/app/dto/ExtendedComboBox.java
54	0	rest/metadata-provider-app/src/main/java/io/github/sergeivisotsky/metadata/app/mapper/ComboBoxMapper.java
2	1	rest/metadata-provider-app/src/main/java/io/github/sergeivisotsky/metadata/app/mapper/FormMetadataMapper.java
1	1	rest/pom.xml

--7fb8183--2021-09-05--Sergei Visotsky
1	1	rest/pom.xml

--c35bab4--2021-09-04--Sergei Visotsky
0	1	rest/metadata-deployer/pom.xml
0	1	rest/metadata-provider-app/pom.xml

--65c16b3--2021-09-03--Sergei Visotsky
1	1	rest/pom.xml

--4c13f7c--2021-09-03--Sergei Visotsky
2	2	rest/pom.xml

--248f63e--2021-09-02--Sergei Visotsky
1	1	rest/pom.xml

--85ae67a--2021-09-02--Sergei Visotsky
83	0	rest/.gitignore
23	0	rest/docker/docker-compose.yml
5	0	rest/docker/startup.bat
56	0	rest/metadata-deployer/pom.xml
31	0	rest/metadata-deployer/src/main/java/io/github/sergeivisotsky/metadata/deployer/DeployerApp.java
11	0	rest/metadata-deployer/src/main/resources/application.yml
17	0	rest/metadata-deployer/src/main/resources/db/db.changelog-24-08-2021.xml
10	0	rest/metadata-deployer/src/main/resources/db/db.changelog-master.xml
67	0	rest/metadata-provider-app/pom.xml
32	0	rest/metadata-provider-app/src/main/java/io/github/sergeivisotsky/metadata/app/MetadataApp.java
37	0	rest/metadata-provider-app/src/main/java/io/github/sergeivisotsky/metadata/app/config/AppConfig.java
35	0	rest/metadata-provider-app/src/main/java/io/github/sergeivisotsky/metadata/app/dto/ExtendedFormMetadata.java
25	0	rest/metadata-provider-app/src/main/java/io/github/sergeivisotsky/metadata/app/dto/ExtendedLayout.java
25	0	rest/metadata-provider-app/src/main/java/io/github/sergeivisotsky/metadata/app/dto/ExtendedLookupHolder.java
25	0	rest/metadata-provider-app/src/main/java/io/github/sergeivisotsky/metadata/app/dto/ExtendedLookupMetadata.java
79	0	rest/metadata-provider-app/src/main/java/io/github/sergeivisotsky/metadata/app/mapper/FormMetadataMapper.java
60	0	rest/metadata-provider-app/src/main/java/io/github/sergeivisotsky/metadata/app/mapper/LayoutMapper.java
58	0	rest/metadata-provider-app/src/main/java/io/github/sergeivisotsky/metadata/app/mapper/LookupHolderMapper.java
60	0	rest/metadata-provider-app/src/main/java/io/github/sergeivisotsky/metadata/app/mapper/LookupMetadataMapper.java
14	0	rest/metadata-provider-app/src/main/resources/application.yml
55	0	rest/pom.xml

--a22b110--2021-09-02--Sergei Visotsky
2	0	rest/README.md
