--d2f0a6e--2022-12-06--Sergejs Visockis
0	9	metadata-rest-app
0	48	metadata-rest-app
0	12	metadata-rest-app
0	34	metadata-rest-app
0	91	metadata-rest-app
0	6	metadata-rest-app
0	6	metadata-rest-app
0	6	metadata-rest-app
0	6	metadata-rest-app
0	6	metadata-rest-app
0	6	metadata-rest-app
0	6	metadata-rest-app
0	6	metadata-rest-app
0	6	metadata-rest-app
0	6	metadata-rest-app
0	6	metadata-rest-app
0	6	metadata-rest-app
0	6	metadata-rest-app
0	43	metadata-rest-app
0	50	metadata-rest-app
0	76	metadata-rest-app
0	39	metadata-rest-app
0	47	metadata-rest-app
0	40	metadata-rest-app
0	38	metadata-rest-app
0	40	metadata-rest-app
0	60	metadata-rest-app
0	66	metadata-rest-app
0	50	metadata-rest-app
0	9	metadata-rest-app
0	23	metadata-rest-app
9	0	metadata-rest-app
48	0	metadata-rest-app
12	0	metadata-rest-app
34	0	metadata-rest-app
91	0	metadata-rest-app
6	0	metadata-rest-app
6	0	metadata-rest-app
6	0	metadata-rest-app
6	0	metadata-rest-app
6	0	metadata-rest-app
6	0	metadata-rest-app
6	0	metadata-rest-app
6	0	metadata-rest-app
6	0	metadata-rest-app
6	0	metadata-rest-app
6	0	metadata-rest-app
6	0	metadata-rest-app
6	0	metadata-rest-app
43	0	metadata-rest-app
50	0	metadata-rest-app
76	0	metadata-rest-app
39	0	metadata-rest-app
47	0	metadata-rest-app
40	0	metadata-rest-app
38	0	metadata-rest-app
40	0	metadata-rest-app
60	0	metadata-rest-app
66	0	metadata-rest-app
50	0	metadata-rest-app
9	0	metadata-rest-app
23	0	metadata-rest-app

--989f907--2022-07-02--Sergejs Visockis

--292f648--2022-06-15--Sergejs Visockis

--8f6c829--2022-06-15--Sergejs Visockis
11	18	metadata-rest-app
0	21	metadata-rest-app
9	0	metadata-rest-app

--743c84d--2022-06-11--Sergejs Visockis

--8f8d059--2022-06-11--Sergejs Visockis
1	1	metadata-rest-app

--a93dbfd--2022-06-11--Sergejs Visockis
1	1	metadata-rest-app

--45a510f--2022-06-11--Sergejs Visockis

--77d067b--2022-06-11--Sergejs Visockis

--0a0b809--2022-06-11--Sergejs Visockis

--64dd906--2022-05-20--Sergejs Visockis
1	1	metadata-rest-app

--f8ee13f--2022-05-07--Sergejs Visockis
7	1	metadata-rest-app
0	7	metadata-rest-app

--1ff5e3e--2022-05-04--Sergejs Visockis
1	2	metadata-rest-app

--eba92e9--2022-04-02--Sergejs Visockis
2	1	metadata-rest-app
2	1	metadata-rest-app
2	1	metadata-rest-app
2	1	metadata-rest-app
2	1	metadata-rest-app
2	1	metadata-rest-app
2	1	metadata-rest-app
2	1	metadata-rest-app
2	1	metadata-rest-app
2	1	metadata-rest-app
2	1	metadata-rest-app

--f22f7f1--2022-03-05--Sergei Visotsky

--db5c4da--2022-03-05--Sergei Visotsky

--9451023--2022-03-05--Sergei Visotsky
0	10	metadata-rest-app
0	2	metadata-rest-app

--eeed707--2022-02-20--Sergei Visotsky
2	2	metadata-rest-app

--a3e00bb--2022-02-05--Sergei Visotsky
-	-	.mvn/wrapper/maven-wrapper.jar

--b6706fc--2022-01-29--Sergei Visotsky

--8db9bf7--2022-01-23--Sergei Visotsky

--640c9d4--2022-01-23--Sergei Visotsky
3	0	metadata-rest-app
58	0	metadata-rest-app
28	0	metadata-rest-app
34	0	metadata-rest-app
98	0	metadata-rest-app
6	0	metadata-rest-app
6	0	metadata-rest-app
6	0	metadata-rest-app
6	0	metadata-rest-app
6	0	metadata-rest-app
22	0	metadata-rest-app
22	0	metadata-rest-app
6	0	metadata-rest-app
22	0	metadata-rest-app
6	0	metadata-rest-app
6	0	metadata-rest-app
6	0	metadata-rest-app
32	0	metadata-rest-app
42	0	metadata-rest-app
49	0	metadata-rest-app
75	0	metadata-rest-app
38	0	metadata-rest-app
46	0	metadata-rest-app
21	0	metadata-rest-app
55	0	metadata-rest-app
53	0	metadata-rest-app
55	0	metadata-rest-app
59	0	metadata-rest-app
65	0	metadata-rest-app
68	0	metadata-rest-app
19	0	metadata-rest-app
0	3	metadata-rest-app
0	58	metadata-rest-app
0	28	metadata-rest-app
0	34	metadata-rest-app
0	98	metadata-rest-app
0	6	metadata-rest-app
0	6	metadata-rest-app
0	6	metadata-rest-app
0	6	metadata-rest-app
0	6	metadata-rest-app
0	22	metadata-rest-app
0	22	metadata-rest-app
0	6	metadata-rest-app
0	22	metadata-rest-app
0	6	metadata-rest-app
0	6	metadata-rest-app
0	6	metadata-rest-app
0	32	metadata-rest-app
0	42	metadata-rest-app
0	49	metadata-rest-app
0	75	metadata-rest-app
0	38	metadata-rest-app
0	46	metadata-rest-app
0	21	metadata-rest-app
0	55	metadata-rest-app
0	53	metadata-rest-app
0	55	metadata-rest-app
0	59	metadata-rest-app
0	65	metadata-rest-app
0	68	metadata-rest-app
0	19	metadata-rest-app

--c09e148--2022-01-23--Sergei Visotsky
3	0	metadata-rest-app
48	0	metadata-rest-app
12	0	metadata-rest-app
34	0	metadata-rest-app
98	0	metadata-rest-app
6	0	metadata-rest-app
6	0	metadata-rest-app
6	0	metadata-rest-app
6	0	metadata-rest-app
6	0	metadata-rest-app
6	0	metadata-rest-app
6	0	metadata-rest-app
6	0	metadata-rest-app
6	0	metadata-rest-app
6	0	metadata-rest-app
6	0	metadata-rest-app
6	0	metadata-rest-app
16	0	metadata-rest-app
42	0	metadata-rest-app
49	0	metadata-rest-app
75	0	metadata-rest-app
38	0	metadata-rest-app
46	0	metadata-rest-app
21	0	metadata-rest-app
39	0	metadata-rest-app
37	0	metadata-rest-app
39	0	metadata-rest-app
59	0	metadata-rest-app
65	0	metadata-rest-app
52	0	metadata-rest-app
30	0	metadata-rest-app
0	3	metadata-rest-app
0	48	metadata-rest-app
0	12	metadata-rest-app
0	34	metadata-rest-app
0	98	metadata-rest-app
0	6	metadata-rest-app
0	6	metadata-rest-app
0	6	metadata-rest-app
0	6	metadata-rest-app
0	6	metadata-rest-app
0	6	metadata-rest-app
0	6	metadata-rest-app
0	6	metadata-rest-app
0	6	metadata-rest-app
0	6	metadata-rest-app
0	6	metadata-rest-app
0	6	metadata-rest-app
0	16	metadata-rest-app
0	42	metadata-rest-app
0	49	metadata-rest-app
0	75	metadata-rest-app
0	38	metadata-rest-app
0	46	metadata-rest-app
0	21	metadata-rest-app
0	39	metadata-rest-app
0	37	metadata-rest-app
0	39	metadata-rest-app
0	59	metadata-rest-app
0	65	metadata-rest-app
0	52	metadata-rest-app
0	30	metadata-rest-app

--5750d06--2022-01-23--Sergei Visotsky
0	10	metadata-rest-app
0	16	metadata-rest-app
0	16	metadata-rest-app
0	16	metadata-rest-app
0	16	metadata-rest-app
0	16	metadata-rest-app
0	16	metadata-rest-app
0	16	metadata-rest-app
0	16	metadata-rest-app
0	16	metadata-rest-app

--e300bbb--2022-01-23--Sergei Visotsky
15	4	metadata-rest-app

--b480151--2022-01-19--Sergei Visotsky

--24b2558--2022-01-19--Sergei Visotsky

--2e845be--2022-01-19--Sergei Visotsky

--618cb10--2022-01-19--Sergei Visotsky

--a2cf746--2022-01-19--Sergei Visotsky
0	4	metadata-rest-app
5	1	metadata-rest-app

--daad411--2022-01-19--Sergei Visotsky
4	0	metadata-rest-app

--8a89460--2022-01-19--Sergei Visotsky
4	0	metadata-rest-app

--6450541--2022-01-16--Sergei Visotsky

--976ce57--2022-01-14--Sergei Visotsky
1	1	metadata-rest-app

--08d8f94--2022-01-09--Sergei Visotsky
0	34	metadata-rest-app
3	0	metadata-rest-app

--41ba3fe--2022-01-09--Sergei Visotsky
0	7	metadata-rest-app
1	0	metadata-rest-app

--281b99f--2022-01-09--Sergei Visotsky
1	1	metadata-rest-app

--70e8f7f--2022-01-09--Sergei Visotsky

--3f772e8--2022-01-09--Sergei Visotsky

--a42de34--2021-11-09--Sergei Visotsky
3	0	metadata-rest-app
4	4	metadata-rest-app

--ca9995e--2022-01-09--Sergei Visotsky

--dafa053--2022-01-02--Sergei Visotsky

--60a6699--2021-12-12--Sergei Visotsky
0	8	metadata-rest-app

--3c4f39d--2021-11-16--Sergei Visotsky

--e1aad06--2021-11-09--Sergei Visotsky
3	0	metadata-rest-app
4	4	metadata-rest-app

--9ed42c7--2021-11-02--Sergei Visotsky

--fff15e2--2021-10-23--Sergei Visotsky

--66b51cb--2021-10-23--Sergei Visotsky

--55d4e12--2021-10-20--Sergei Visotsky
2	2	metadata-rest-app

--87ab76f--2021-10-13--Sergei Visotsky
7	0	metadata-rest-app
1	1	metadata-rest-app
2	0	metadata-rest-app

--07c2cb6--2021-10-11--Sergei Visotsky
34	0	metadata-rest-app

--451e89b--2021-10-09--Sergei Visotsky
7	0	metadata-rest-app
6	0	metadata-rest-app
65	0	metadata-rest-app
2	10	metadata-rest-app

--9632e29--2021-10-08--Sergei Visotsky
0	1	metadata-rest-app

--7e18933--2021-10-05--Sergei Visotsky
7	0	metadata-rest-app
6	0	metadata-rest-app
42	0	metadata-rest-app

--d414832--2021-10-03--Sergei Visotsky

--dc4166f--2021-10-03--Sergei Visotsky

--d6d91da--2021-10-03--Sergei Visotsky
9	9	metadata-rest-app
1	1	metadata-rest-app
1	1	metadata-rest-app
1	1	metadata-rest-app
1	1	metadata-rest-app
1	1	metadata-rest-app
1	1	metadata-rest-app
1	1	metadata-rest-app
1	1	metadata-rest-app
1	1	metadata-rest-app
1	1	metadata-rest-app
1	1	metadata-rest-app
1	1	metadata-rest-app
4	4	metadata-rest-app
1	1	metadata-rest-app
2	2	metadata-rest-app
1	1	metadata-rest-app
2	2	metadata-rest-app
1	1	metadata-rest-app
1	1	metadata-rest-app
3	3	metadata-rest-app
3	3	metadata-rest-app

--6dc2565--2021-10-02--Sergei Visotsky
6	0	metadata-rest-app
6	0	metadata-rest-app
6	0	metadata-rest-app
6	0	metadata-rest-app
22	0	metadata-rest-app
22	0	metadata-rest-app
6	0	metadata-rest-app
22	0	metadata-rest-app
6	0	metadata-rest-app
6	0	metadata-rest-app
32	0	metadata-rest-app
0	6	metadata-rest-app
0	6	metadata-rest-app
0	6	metadata-rest-app
0	6	metadata-rest-app
0	22	metadata-rest-app
0	22	metadata-rest-app
0	6	metadata-rest-app
0	22	metadata-rest-app
0	6	metadata-rest-app
0	6	metadata-rest-app
0	32	metadata-rest-app
1	1	metadata-rest-app
2	2	metadata-rest-app
1	1	metadata-rest-app
1	1	metadata-rest-app
1	1	metadata-rest-app
1	1	metadata-rest-app
1	1	metadata-rest-app
1	1	metadata-rest-app
2	2	metadata-rest-app
1	1	metadata-rest-app

--0b26a14--2021-10-02--Sergei Visotsky

--0204225--2021-10-02--Sergei Visotsky
0	3	metadata-rest-app
0	3	metadata-rest-app
0	3	metadata-rest-app
0	3	metadata-rest-app
0	3	metadata-rest-app
0	3	metadata-rest-app
0	3	metadata-rest-app
0	3	metadata-rest-app
0	3	metadata-rest-app
0	3	metadata-rest-app
0	3	metadata-rest-app
0	3	metadata-rest-app
0	3	metadata-rest-app
0	3	metadata-rest-app
0	3	metadata-rest-app

--4e19204--2021-10-02--Sergei Visotsky
6	0	metadata-rest-app
4	0	metadata-rest-app
21	0	metadata-rest-app

--d2ac229--2021-09-29--Sergei Visotsky
21	0	metadata-rest-app
6	0	metadata-rest-app
6	0	metadata-rest-app
6	0	metadata-rest-app
6	0	metadata-rest-app
75	0	metadata-rest-app
38	0	metadata-rest-app
42	0	metadata-rest-app

--4a0f12a--2021-09-25--Sergei Visotsky
57	0	metadata-rest-app
0	2	metadata-rest-app
0	2	metadata-rest-app
0	2	metadata-rest-app
0	2	metadata-rest-app
5	22	metadata-rest-app
1	3	metadata-rest-app

--9e439ba--2021-09-23--Sergei Visotsky

--64d4932--2021-09-23--Sergei Visotsky
0	35	metadata-rest-app
35	0	metadata-rest-app
2	2	metadata-rest-app
0	80	metadata-rest-app
1	1	metadata-rest-app
80	0	metadata-rest-app

--e5e2541--2021-09-23--Sergei Visotsky
9	0	metadata-rest-app
9	0	metadata-rest-app
76	0	metadata-rest-app

--fb70de4--2021-09-13--Sergei Visotsky
3	3	metadata-rest-app
3	3	metadata-rest-app
3	3	metadata-rest-app
3	3	metadata-rest-app
3	3	metadata-rest-app

--ab1affd--2021-09-12--Sergei Visotsky

--50e8160--2021-09-11--Sergei Visotsky

--2a92be4--2021-09-10--Sergei Visotsky
3	3	metadata-rest-app
0	32	metadata-rest-app
0	37	metadata-rest-app
0	9	metadata-rest-app
0	35	metadata-rest-app
0	25	metadata-rest-app
0	25	metadata-rest-app
0	25	metadata-rest-app
0	54	metadata-rest-app
0	80	metadata-rest-app
0	60	metadata-rest-app
0	58	metadata-rest-app
0	60	metadata-rest-app
31	0	metadata-rest-app
37	0	metadata-rest-app
9	0	metadata-rest-app
35	0	metadata-rest-app
25	0	metadata-rest-app
25	0	metadata-rest-app
25	0	metadata-rest-app
54	0	metadata-rest-app
80	0	metadata-rest-app
60	0	metadata-rest-app
58	0	metadata-rest-app
60	0	metadata-rest-app

--e0e7932--2021-09-07--Sergei Visotsky
9	0	metadata-rest-app
54	0	metadata-rest-app
2	1	metadata-rest-app

--7fb8183--2021-09-05--Sergei Visotsky

--c35bab4--2021-09-04--Sergei Visotsky
0	1	metadata-rest-app

--65c16b3--2021-09-03--Sergei Visotsky

--4c13f7c--2021-09-03--Sergei Visotsky

--248f63e--2021-09-02--Sergei Visotsky

--85ae67a--2021-09-02--Sergei Visotsky
67	0	metadata-rest-app
32	0	metadata-rest-app
37	0	metadata-rest-app
35	0	metadata-rest-app
25	0	metadata-rest-app
25	0	metadata-rest-app
25	0	metadata-rest-app
79	0	metadata-rest-app
60	0	metadata-rest-app
58	0	metadata-rest-app
60	0	metadata-rest-app
14	0	metadata-rest-app

--a22b110--2021-09-02--Sergei Visotsky
