--6357d68--2021-08-29--Sergei Visotsky

--e89e909--2021-08-29--Sergei Visotsky

--f6dc6e6--2021-08-29--Sergei Visotsky
3	0	core

--be5c541--2021-08-29--Sergei Visotsky
64	0	core
4	2	core
9	6	core
2	1	core
7	1	ref-impl

--5914665--2021-08-29--Sergei Visotsky
1	0	core
86	0	core
11	0	core
36	0	core
64	0	core
62	0	core
60	0	core
44	0	core
25	0	ref-impl
25	0	ref-impl
58	0	ref-impl
60	0	ref-impl

--96a1fb6--2021-08-29--Sergei Visotsky

--ff3247d--2021-08-25--Sergei Visotsky
4	0	core
65	0	core
7	17	core
1	1	core
4	1	core

--67ae73d--2021-08-25--Sergei Visotsky
31	0	core
1	0	core
1	0	ref-impl
1	0	ref-impl
3	6	ref-impl

--6728fca--2021-08-25--Sergei Visotsky

--38fb062--2021-08-25--Sergei Visotsky

--a29693b--2021-08-24--Sergei Visotsky

--08b3454--2021-08-24--Sergei Visotsky
1	1	core
1	1	core
0	50	core
0	64	core
0	47	core
0	39	core
0	72	core
0	64	core
0	28	core
0	116	core
0	27	core
0	69	core
0	42	core
0	39	core
0	44	core
50	0	core
64	0	core
47	0	core
39	0	core
72	0	core
64	0	core
28	0	core
116	0	core
27	0	core
69	0	core
42	0	core
39	0	core
44	0	core
2	2	core
1	1	core
3	3	ref-impl
0	31	ref-impl
31	0	ref-impl
3	3	ref-impl
0	34	ref-impl
0	37	ref-impl
0	35	ref-impl
0	25	ref-impl
0	79	ref-impl
0	60	ref-impl
34	0	ref-impl
37	0	ref-impl
35	0	ref-impl
25	0	ref-impl
79	0	ref-impl
60	0	ref-impl
3	3	ref-impl

--e0cb098--2021-08-24--Sergei Visotsky
1	1	core
1	1	core
50	0	core
64	0	core
47	0	core
39	0	core
72	0	core
64	0	core
28	0	core
116	0	core
27	0	core
69	0	core
42	0	core
39	0	core
44	0	core
0	50	core
0	64	core
0	47	core
0	39	core
0	72	core
0	64	core
0	28	core
0	116	core
0	27	core
0	69	core
0	42	core
0	39	core
0	44	core
2	2	core
1	1	core
3	3	ref-impl
31	0	ref-impl
0	31	ref-impl
3	3	ref-impl
34	0	ref-impl
37	0	ref-impl
35	0	ref-impl
25	0	ref-impl
79	0	ref-impl
60	0	ref-impl
0	34	ref-impl
0	37	ref-impl
0	35	ref-impl
0	25	ref-impl
0	79	ref-impl
0	60	ref-impl
3	3	ref-impl

--f1c45e8--2021-08-24--Sergei Visotsky

--4bf2842--2021-08-24--Sergei Visotsky

--41ecdde--2021-08-24--Sergei Visotsky
1	1	core
1	1	core
1	1	core
1	1	ref-impl
1	1	ref-impl
1	1	ref-impl

--24fb5a4--2021-08-24--Sergei Visotsky

--22d4452--2021-08-24--Sergei Visotsky
10	12	core
10	12	core
10	12	core
10	12	core
10	12	core
10	12	core
10	12	core
10	12	core
10	12	core
10	12	core
10	12	core
10	12	core
10	12	core
10	12	ref-impl
10	12	ref-impl
10	12	ref-impl
10	12	ref-impl
10	12	ref-impl
10	12	ref-impl
10	12	ref-impl

--23eb3e7--2021-08-24--Sergei Visotsky
--510584a--2021-08-24--Sergei Visotsky
18	0	core
18	0	core
18	0	core
18	0	core
18	0	core
18	0	core
18	0	core
18	0	core
18	0	core
18	0	core
18	0	core
18	0	core
18	0	core
18	0	ref-impl
18	0	ref-impl
18	0	ref-impl
18	0	ref-impl
18	0	ref-impl
18	0	ref-impl
18	0	ref-impl

--bf5a455--2021-08-24--Sergei Visotsky

--84da3ed--2021-08-24--Sergei Visotsky
22	0	core
9	0	core
107	0	core
44	0	core
34	0	core
48	0	core
31	0	core
23	0	core
56	0	core
48	0	core
12	0	core
100	0	core
11	0	core
53	0	core
26	0	core
23	0	core
28	0	core
3	0	core
21	0	core
23	0	ref-impl
5	0	ref-impl
55	0	ref-impl
15	0	ref-impl
11	0	ref-impl
17	0	ref-impl
10	0	ref-impl
58	0	ref-impl
18	0	ref-impl
21	0	ref-impl
19	0	ref-impl
9	0	ref-impl
63	0	ref-impl
44	0	ref-impl
8	0	ref-impl
36	0	ref-impl

--7919857--2021-08-21--Sergei Visotsky

--702cea8--2021-08-21--Sergei Visotsky

--3e4118b--2021-08-16--Sergei Visotsky
